#
# There is insufficient memory for the Java Runtime Environment to continue.
# Native memory allocation (mmap) failed to map 525336576 bytes for committing reserved memory.
# Possible reasons:
#   The system is out of physical RAM or swap space
#   The process is running with CompressedOops enabled, and the Java Heap may be blocking the growth of the native heap
# Possible solutions:
#   Reduce memory load on the system
#   Increase physical memory or swap space
#   Check if swap backing store is full
#   Decrease Java heap size (-Xmx/-Xms)
#   Decrease number of Java threads
#   Decrease Java thread stack sizes (-Xss)
#   Set larger code cache with -XX:ReservedCodeCacheSize=
#   JVM is running with Zero Based Compressed Oops mode in which the Java heap is
#     placed in the first 32GB address space. The Java Heap base address is the
#     maximum limit for the native heap growth. Please use -XX:HeapBaseMinAddress
#     to set the Java Heap base and to place the Java Heap above 32GB virtual address.
# This output file may be truncated or incomplete.
#
#  Out of Memory Error (os_linux.cpp:2798), pid=5335, tid=0x00007f0816bb6700
#
# JRE version: OpenJDK Runtime Environment (8.0_292-b10) (build 1.8.0_292-8u292-b10-0ubuntu1~16.04.1-b10)
# Java VM: OpenJDK 64-Bit Server VM (25.292-b10 mixed mode linux-amd64 compressed oops)
# Failed to write core dump. Core dumps have been disabled. To enable core dumping, try "ulimit -c unlimited" before starting Java again
#

---------------  T H R E A D  ---------------

Current thread (0x00007f08501c8800):  VMThread [stack: 0x00007f0816ab6000,0x00007f0816bb7000] [id=5399]

Stack: [0x00007f0816ab6000,0x00007f0816bb7000],  sp=0x00007f0816bb5360,  free space=1020k
Native frames: (J=compiled Java code, j=interpreted, Vv=VM code, C=native code)
V  [libjvm.so+0xb1e67b]
V  [libjvm.so+0x4e01dc]
V  [libjvm.so+0x95bc48]
V  [libjvm.so+0x953b3e]
V  [libjvm.so+0x9d4ad6]
V  [libjvm.so+0x9d5e03]
V  [libjvm.so+0x9d2204]
V  [libjvm.so+0x9d249c]
V  [libjvm.so+0x983953]
V  [libjvm.so+0xb20372]
V  [libjvm.so+0xb26067]
V  [libjvm.so+0xb23b43]
V  [libjvm.so+0xb23ee5]
V  [libjvm.so+0xb244b2]
V  [libjvm.so+0x958fe2]

VM_Operation (0x00007f08594d41c0): ParallelGCFailedAllocation, mode: safepoint, requested by thread 0x00007f085000a800


---------------  P R O C E S S  ---------------

Java Threads: ( => current thread )
  0x00007f085021d800 JavaThread "Service Thread" daemon [_thread_blocked, id=5407, stack(0x00007f0815e58000,0x00007f0815f59000)]
  0x00007f0850212000 JavaThread "C1 CompilerThread3" daemon [_thread_blocked, id=5406, stack(0x00007f0815f59000,0x00007f081605a000)]
  0x00007f0850210000 JavaThread "C2 CompilerThread2" daemon [_thread_blocked, id=5405, stack(0x00007f081605a000,0x00007f081615b000)]
  0x00007f085020e000 JavaThread "C2 CompilerThread1" daemon [_thread_in_native, id=5404, stack(0x00007f081615b000,0x00007f081625c000)]
  0x00007f085020b000 JavaThread "C2 CompilerThread0" daemon [_thread_blocked, id=5403, stack(0x00007f081625c000,0x00007f081635d000)]
  0x00007f0850208000 JavaThread "Signal Dispatcher" daemon [_thread_blocked, id=5402, stack(0x00007f081635d000,0x00007f081645e000)]
  0x00007f08501d7000 JavaThread "Finalizer" daemon [_thread_blocked, id=5401, stack(0x00007f08168b4000,0x00007f08169b5000)]
  0x00007f08501d2800 JavaThread "Reference Handler" daemon [_thread_blocked, id=5400, stack(0x00007f08169b5000,0x00007f0816ab6000)]
  0x00007f085000a800 JavaThread "main" [_thread_blocked, id=5336, stack(0x00007f08593d6000,0x00007f08594d7000)]

Other Threads:
=>0x00007f08501c8800 VMThread [stack: 0x00007f0816ab6000,0x00007f0816bb7000] [id=5399]
  0x00007f085021f800 WatcherThread [stack: 0x00007f0815d57000,0x00007f0815e58000] [id=5408]

VM state:at safepoint (normal execution)

VM Mutex/Monitor currently owned by a thread:  ([mutex/lock_event])
[0x00007f0850006ff0] Threads_lock - owner thread: 0x00007f08501c8800
[0x00007f08500074f0] Heap_lock - owner thread: 0x00007f085000a800

heap address: 0x00000006c9a00000, size: 3942 MB, Compressed Oops mode: Zero based, Oop shift amount: 3
Narrow klass base: 0x0000000000000000, Narrow klass shift: 3
Compressed class space size: 1073741824 Address: 0x00000007c0000000

Heap:
 PSYoungGen      total 530432K, used 8065K [0x000000076de00000, 0x000000078f600000, 0x00000007c0000000)
  eden space 512000K, 0% used [0x000000076de00000,0x000000076de00000,0x000000078d200000)
  from space 18432K, 43% used [0x000000078d200000,0x000000078d9e0710,0x000000078e400000)
  to   space 17920K, 0% used [0x000000078e480000,0x000000078e480000,0x000000078f600000)
 ParOldGen       total 169472K, used 25031K [0x00000006c9a00000, 0x00000006d3f80000, 0x000000076de00000)
  object space 169472K, 14% used [0x00000006c9a00000,0x00000006cb271d70,0x00000006d3f80000)
 Metaspace       used 11208K, capacity 11280K, committed 11392K, reserved 1058816K
  class space    used 1132K, capacity 1138K, committed 1152K, reserved 1048576K

Card table byte_map: [0x00007f0855209000,0x00007f08559bd000] byte_map_base: 0x00007f0851bbc000

Marking Bits: (ParMarkBitMap*) 0x00007f08586a68a0
 Begin Bits: [0x00007f08184d0000, 0x00007f081c268000)
 End Bits:   [0x00007f081c268000, 0x00007f0820000000)

Polling page: 0x00007f08594fa000

CodeCache: size=245760Kb used=19133Kb max_used=19149Kb free=226626Kb
 bounds [0x00007f0841000000, 0x00007f08422f0000, 0x00007f0850000000]
 total_blobs=3121 nmethods=2819 adapters=214
 compilation: enabled

Compilation events (10 events):
Event: 3,775 Thread 0x00007f0850210000 3039       4       com.strobel.assembler.metadata.MetadataHelper$SameTypeVisitor::visitClassType (179 bytes)
Event: 3,793 Thread 0x00007f0850210000 nmethod 3039 0x00007f0842276750 code [0x00007f0842276a80, 0x00007f0842277ad0]
Event: 3,793 Thread 0x00007f0850210000 3040       4       com.strobel.assembler.metadata.DefaultTypeVisitor::visit (7 bytes)
Event: 3,793 Thread 0x00007f0850210000 nmethod 3040 0x00007f0841131650 code [0x00007f08411317a0, 0x00007f0841131818]
Event: 3,800 Thread 0x00007f0850210000 3041       4       com.strobel.assembler.metadata.MetadataHelper$SameTypeVisitor::visitClassType (10 bytes)
Event: 3,801 Thread 0x00007f0850210000 nmethod 3041 0x00007f08411a8150 code [0x00007f08411a82a0, 0x00007f08411a8368]
Event: 3,814 Thread 0x00007f085020b000 nmethod 3019% 0x00007f08422d6a10 code [0x00007f08422d70a0, 0x00007f08422dbf30]
Event: 3,816 Thread 0x00007f0850210000 3042       4       com.strobel.decompiler.ast.TypeAnalysis::inferTypesForVariables (674 bytes)
Event: 3,828 Thread 0x00007f0850212000 3043       3       com.strobel.decompiler.ast.TypeAnalysis::getFieldType (32 bytes)
Event: 3,829 Thread 0x00007f0850212000 nmethod 3043 0x00007f08422d2990 code [0x00007f08422d2d80, 0x00007f08422d5058]

GC Heap History (10 events):
Event: 0,877 GC heap after
Heap after GC invocations=2 (full 0):
 PSYoungGen      total 138240K, used 10240K [0x000000076de00000, 0x0000000776f00000, 0x00000007c0000000)
  eden space 128000K, 0% used [0x000000076de00000,0x000000076de00000,0x0000000775b00000)
  from space 10240K, 100% used [0x0000000776500000,0x0000000776f00000,0x0000000776f00000)
  to   space 10240K, 0% used [0x0000000775b00000,0x0000000775b00000,0x0000000776500000)
 ParOldGen       total 169472K, used 9249K [0x00000006c9a00000, 0x00000006d3f80000, 0x000000076de00000)
  object space 169472K, 5% used [0x00000006c9a00000,0x00000006ca3086f0,0x00000006d3f80000)
 Metaspace       used 8752K, capacity 8848K, committed 8960K, reserved 1056768K
  class space    used 929K, capacity 946K, committed 1024K, reserved 1048576K
}
Event: 1,177 GC heap before
{Heap before GC invocations=3 (full 0):
 PSYoungGen      total 138240K, used 138240K [0x000000076de00000, 0x0000000776f00000, 0x00000007c0000000)
  eden space 128000K, 100% used [0x000000076de00000,0x0000000775b00000,0x0000000775b00000)
  from space 10240K, 100% used [0x0000000776500000,0x0000000776f00000,0x0000000776f00000)
  to   space 10240K, 0% used [0x0000000775b00000,0x0000000775b00000,0x0000000776500000)
 ParOldGen       total 169472K, used 9249K [0x00000006c9a00000, 0x00000006d3f80000, 0x000000076de00000)
  object space 169472K, 5% used [0x00000006c9a00000,0x00000006ca3086f0,0x00000006d3f80000)
 Metaspace       used 9528K, capacity 9616K, committed 9728K, reserved 1058816K
  class space    used 980K, capacity 1010K, committed 1024K, reserved 1048576K
Event: 1,191 GC heap after
Heap after GC invocations=3 (full 0):
 PSYoungGen      total 138240K, used 10227K [0x000000076de00000, 0x000000077ec00000, 0x00000007c0000000)
  eden space 128000K, 0% used [0x000000076de00000,0x000000076de00000,0x0000000775b00000)
  from space 10240K, 99% used [0x0000000775b00000,0x00000007764fcf08,0x0000000776500000)
  to   space 10240K, 0% used [0x000000077e200000,0x000000077e200000,0x000000077ec00000)
 ParOldGen       total 169472K, used 12345K [0x00000006c9a00000, 0x00000006d3f80000, 0x000000076de00000)
  object space 169472K, 7% used [0x00000006c9a00000,0x00000006ca60e570,0x00000006d3f80000)
 Metaspace       used 9528K, capacity 9616K, committed 9728K, reserved 1058816K
  class space    used 980K, capacity 1010K, committed 1024K, reserved 1048576K
}
Event: 1,878 GC heap before
{Heap before GC invocations=4 (full 0):
 PSYoungGen      total 138240K, used 138227K [0x000000076de00000, 0x000000077ec00000, 0x00000007c0000000)
  eden space 128000K, 100% used [0x000000076de00000,0x0000000775b00000,0x0000000775b00000)
  from space 10240K, 99% used [0x0000000775b00000,0x00000007764fcf08,0x0000000776500000)
  to   space 10240K, 0% used [0x000000077e200000,0x000000077e200000,0x000000077ec00000)
 ParOldGen       total 169472K, used 12345K [0x00000006c9a00000, 0x00000006d3f80000, 0x000000076de00000)
  object space 169472K, 7% used [0x00000006c9a00000,0x00000006ca60e570,0x00000006d3f80000)
 Metaspace       used 10953K, capacity 11024K, committed 11136K, reserved 1058816K
  class space    used 1125K, capacity 1138K, committed 1152K, reserved 1048576K
Event: 1,895 GC heap after
Heap after GC invocations=4 (full 0):
 PSYoungGen      total 266240K, used 10226K [0x000000076de00000, 0x000000077ec00000, 0x00000007c0000000)
  eden space 256000K, 0% used [0x000000076de00000,0x000000076de00000,0x000000077d800000)
  from space 10240K, 99% used [0x000000077e200000,0x000000077ebfcbe8,0x000000077ec00000)
  to   space 10240K, 0% used [0x000000077d800000,0x000000077d800000,0x000000077e200000)
 ParOldGen       total 169472K, used 17339K [0x00000006c9a00000, 0x00000006d3f80000, 0x000000076de00000)
  object space 169472K, 10% used [0x00000006c9a00000,0x00000006caaeefa0,0x00000006d3f80000)
 Metaspace       used 10953K, capacity 11024K, committed 11136K, reserved 1058816K
  class space    used 1125K, capacity 1138K, committed 1152K, reserved 1048576K
}
Event: 2,584 GC heap before
{Heap before GC invocations=5 (full 0):
 PSYoungGen      total 266240K, used 266226K [0x000000076de00000, 0x000000077ec00000, 0x00000007c0000000)
  eden space 256000K, 100% used [0x000000076de00000,0x000000077d800000,0x000000077d800000)
  from space 10240K, 99% used [0x000000077e200000,0x000000077ebfcbe8,0x000000077ec00000)
  to   space 10240K, 0% used [0x000000077d800000,0x000000077d800000,0x000000077e200000)
 ParOldGen       total 169472K, used 17339K [0x00000006c9a00000, 0x00000006d3f80000, 0x000000076de00000)
  object space 169472K, 10% used [0x00000006c9a00000,0x00000006caaeefa0,0x00000006d3f80000)
 Metaspace       used 11171K, capacity 11280K, committed 11392K, reserved 1058816K
  class space    used 1132K, capacity 1138K, committed 1152K, reserved 1048576K
Event: 2,594 GC heap after
Heap after GC invocations=5 (full 0):
 PSYoungGen      total 266240K, used 10216K [0x000000076de00000, 0x000000078f700000, 0x00000007c0000000)
  eden space 256000K, 0% used [0x000000076de00000,0x000000076de00000,0x000000077d800000)
  from space 10240K, 99% used [0x000000077d800000,0x000000077e1fa388,0x000000077e200000)
  to   space 18944K, 0% used [0x000000078e480000,0x000000078e480000,0x000000078f700000)
 ParOldGen       total 169472K, used 18481K [0x00000006c9a00000, 0x00000006d3f80000, 0x000000076de00000)
  object space 169472K, 10% used [0x00000006c9a00000,0x00000006cac0c4d8,0x00000006d3f80000)
 Metaspace       used 11171K, capacity 11280K, committed 11392K, reserved 1058816K
  class space    used 1132K, capacity 1138K, committed 1152K, reserved 1048576K
}
Event: 2,898 GC heap before
{Heap before GC invocations=6 (full 0):
 PSYoungGen      total 266240K, used 266216K [0x000000076de00000, 0x000000078f700000, 0x00000007c0000000)
  eden space 256000K, 100% used [0x000000076de00000,0x000000077d800000,0x000000077d800000)
  from space 10240K, 99% used [0x000000077d800000,0x000000077e1fa388,0x000000077e200000)
  to   space 18944K, 0% used [0x000000078e480000,0x000000078e480000,0x000000078f700000)
 ParOldGen       total 169472K, used 18481K [0x00000006c9a00000, 0x00000006d3f80000, 0x000000076de00000)
  object space 169472K, 10% used [0x00000006c9a00000,0x00000006cac0c4d8,0x00000006d3f80000)
 Metaspace       used 11199K, capacity 11280K, committed 11392K, reserved 1058816K
  class space    used 1132K, capacity 1138K, committed 1152K, reserved 1048576K
Event: 2,913 GC heap after
Heap after GC invocations=6 (full 0):
 PSYoungGen      total 529920K, used 11928K [0x000000076de00000, 0x000000078f600000, 0x00000007c0000000)
  eden space 512000K, 0% used [0x000000076de00000,0x000000076de00000,0x000000078d200000)
  from space 17920K, 66% used [0x000000078e480000,0x000000078f0260d0,0x000000078f600000)
  to   space 18432K, 0% used [0x000000078d200000,0x000000078d200000,0x000000078e400000)
 ParOldGen       total 169472K, used 18481K [0x00000006c9a00000, 0x00000006d3f80000, 0x000000076de00000)
  object space 169472K, 10% used [0x00000006c9a00000,0x00000006cac0c4d8,0x00000006d3f80000)
 Metaspace       used 11199K, capacity 11280K, committed 11392K, reserved 1058816K
  class space    used 1132K, capacity 1138K, committed 1152K, reserved 1048576K
}
Event: 3,838 GC heap before
{Heap before GC invocations=7 (full 0):
 PSYoungGen      total 529920K, used 523928K [0x000000076de00000, 0x000000078f600000, 0x00000007c0000000)
  eden space 512000K, 100% used [0x000000076de00000,0x000000078d200000,0x000000078d200000)
  from space 17920K, 66% used [0x000000078e480000,0x000000078f0260d0,0x000000078f600000)
  to   space 18432K, 0% used [0x000000078d200000,0x000000078d200000,0x000000078e400000)
 ParOldGen       total 169472K, used 18481K [0x00000006c9a00000, 0x00000006d3f80000, 0x000000076de00000)
  object space 169472K, 10% used [0x00000006c9a00000,0x00000006cac0c4d8,0x00000006d3f80000)
 Metaspace       used 11208K, capacity 11280K, committed 11392K, reserved 1058816K
  class space    used 1132K, capacity 1138K, committed 1152K, reserved 1048576K

Deoptimization events (10 events):
Event: 2,035 Thread 0x00007f085000a800 Uncommon trap: reason=class_check action=maybe_recompile pc=0x00007f0841d0143c method=com.strobel.decompiler.languages.java.analysis.ControlFlowGraphBuilder$NodeCreationVisitor.visitBlockStatement(Lcom/strobel/decompiler/languages/java/ast/BlockStatement;
Event: 2,035 Thread 0x00007f085000a800 Uncommon trap: reason=class_check action=maybe_recompile pc=0x00007f0841cff3dc method=com.strobel.decompiler.languages.java.analysis.ControlFlowGraphBuilder.annotateLeaveEdgesWithTryFinallyBlocks()V @ 23
Event: 2,035 Thread 0x00007f085000a800 Uncommon trap: reason=class_check action=maybe_recompile pc=0x00007f0841d0143c method=com.strobel.decompiler.languages.java.analysis.ControlFlowGraphBuilder$NodeCreationVisitor.visitBlockStatement(Lcom/strobel/decompiler/languages/java/ast/BlockStatement;
Event: 2,035 Thread 0x00007f085000a800 Uncommon trap: reason=class_check action=maybe_recompile pc=0x00007f0841cff3dc method=com.strobel.decompiler.languages.java.analysis.ControlFlowGraphBuilder.annotateLeaveEdgesWithTryFinallyBlocks()V @ 23
Event: 2,035 Thread 0x00007f085000a800 Uncommon trap: reason=unstable_if action=reinterpret pc=0x00007f0842018d2c method=com.strobel.decompiler.languages.java.ast.transforms.DeclareVariablesTransform.usesVariable(Lcom/strobel/decompiler/languages/java/ast/AstNode;Ljava/lang/String;)Z @ 216
Event: 2,650 Thread 0x00007f085000a800 Uncommon trap: reason=unstable_if action=reinterpret pc=0x00007f08419d5ad0 method=com.strobel.decompiler.ast.TypeAnalysis.runInference(Lcom/strobel/decompiler/ast/Expression;I)V @ 103
Event: 2,678 Thread 0x00007f085000a800 Uncommon trap: reason=unstable_if action=reinterpret pc=0x00007f0841c00470 method=java.util.ArrayDeque.addLast(Ljava/lang/Object;)V @ 45
Event: 3,534 Thread 0x00007f085000a800 Uncommon trap: reason=unstable_if action=reinterpret pc=0x00007f08419def18 method=com.strobel.decompiler.ast.TypeAnalysis.invalidateDependentExpressions(Lcom/strobel/decompiler/ast/Expression;Lcom/strobel/decompiler/ast/Variable;)V @ 182
Event: 3,560 Thread 0x00007f085000a800 Uncommon trap: reason=unstable_if action=reinterpret pc=0x00007f084226cd58 method=com.strobel.decompiler.ast.TypeAnalysis.inferTypesForVariables(Z)V @ 92
Event: 3,561 Thread 0x00007f085000a800 Uncommon trap: reason=unstable_if action=reinterpret pc=0x00007f084222a6bc method=com.strobel.decompiler.ast.TypeAnalysis.inferTypesForVariables(Z)V @ 92

Classes redefined (0 events):
No events

Internal exceptions (10 events):
Event: 0,152 Thread 0x00007f085000a800 Exception <a 'java/lang/ArrayIndexOutOfBoundsException'> (0x000000076e6c3930) thrown at [/build/openjdk-8-RKFhH1/openjdk-8-8u292-b10/src/hotspot/src/share/vm/runtime/sharedRuntime.cpp, line 609]
Event: 0,152 Thread 0x00007f085000a800 Exception <a 'java/lang/ArrayIndexOutOfBoundsException'> (0x000000076e6c4f00) thrown at [/build/openjdk-8-RKFhH1/openjdk-8-8u292-b10/src/hotspot/src/share/vm/runtime/sharedRuntime.cpp, line 609]
Event: 0,152 Thread 0x00007f085000a800 Exception <a 'java/lang/ArrayIndexOutOfBoundsException'> (0x000000076e6c61d8) thrown at [/build/openjdk-8-RKFhH1/openjdk-8-8u292-b10/src/hotspot/src/share/vm/runtime/sharedRuntime.cpp, line 609]
Event: 0,152 Thread 0x00007f085000a800 Exception <a 'java/lang/ArrayIndexOutOfBoundsException'> (0x000000076e6c6d50) thrown at [/build/openjdk-8-RKFhH1/openjdk-8-8u292-b10/src/hotspot/src/share/vm/runtime/sharedRuntime.cpp, line 609]
Event: 0,152 Thread 0x00007f085000a800 Exception <a 'java/lang/ArrayIndexOutOfBoundsException'> (0x000000076e6c78a0) thrown at [/build/openjdk-8-RKFhH1/openjdk-8-8u292-b10/src/hotspot/src/share/vm/runtime/sharedRuntime.cpp, line 609]
Event: 0,152 Thread 0x00007f085000a800 Exception <a 'java/lang/ArrayIndexOutOfBoundsException'> (0x000000076e6c8718) thrown at [/build/openjdk-8-RKFhH1/openjdk-8-8u292-b10/src/hotspot/src/share/vm/runtime/sharedRuntime.cpp, line 609]
Event: 0,152 Thread 0x00007f085000a800 Exception <a 'java/lang/ArrayIndexOutOfBoundsException'> (0x000000076e6c9488) thrown at [/build/openjdk-8-RKFhH1/openjdk-8-8u292-b10/src/hotspot/src/share/vm/runtime/sharedRuntime.cpp, line 609]
Event: 0,152 Thread 0x00007f085000a800 Exception <a 'java/lang/ArrayIndexOutOfBoundsException'> (0x000000076e6ca028) thrown at [/build/openjdk-8-RKFhH1/openjdk-8-8u292-b10/src/hotspot/src/share/vm/runtime/sharedRuntime.cpp, line 609]
Event: 1,115 Thread 0x00007f085000a800 Implicit null exception at 0x00007f0841794485 to 0x00007f084179500b
Event: 1,130 Thread 0x00007f085000a800 Implicit null exception at 0x00007f08418847cc to 0x00007f0841884e8d

Events (10 events):
Event: 3,534 Thread 0x00007f085000a800 DEOPT UNPACKING pc=0x00007f084104547a sp=0x00007f08594d4c38 mode 2
Event: 3,560 Thread 0x00007f085000a800 Uncommon trap: trap_request=0xffffff65 fr.pc=0x00007f084226cd58
Event: 3,560 Thread 0x00007f085000a800 DEOPT PACKING pc=0x00007f084226cd58 sp=0x00007f08594d4e80
Event: 3,560 Thread 0x00007f085000a800 DEOPT UNPACKING pc=0x00007f084104547a sp=0x00007f08594d4e98 mode 2
Event: 3,561 Thread 0x00007f085000a800 Uncommon trap: trap_request=0xffffff65 fr.pc=0x00007f084222a6bc
Event: 3,561 Thread 0x00007f085000a800 DEOPT PACKING pc=0x00007f084222a6bc sp=0x00007f08594d4e90
Event: 3,561 Thread 0x00007f085000a800 DEOPT UNPACKING pc=0x00007f084104547a sp=0x00007f08594d4e98 mode 2
Event: 3,816 Thread 0x00007f085000a800 DEOPT PACKING pc=0x00007f08422bfedf sp=0x00007f08594d4dc0
Event: 3,816 Thread 0x00007f085000a800 DEOPT UNPACKING pc=0x00007f08410474c4 sp=0x00007f08594d4c10 mode 0
Event: 3,838 Executing VM operation: ParallelGCFailedAllocation


Dynamic libraries:
6c9a00000-6d3f80000 rw-p 00000000 00:00 0 
6d3f80000-76de00000 ---p 00000000 00:00 0 
76de00000-78f600000 rw-p 00000000 00:00 0 
7aeb00000-7c0000000 ---p 00000000 00:00 0 
7c0000000-7c0120000 rw-p 00000000 00:00 0 
7c0120000-800000000 ---p 00000000 00:00 0 
55dce6597000-55dce6598000 r-xp 00000000 103:06 1841257                   /usr/lib/jvm/java-8-openjdk-amd64/jre/bin/java
55dce6797000-55dce6798000 r--p 00000000 103:06 1841257                   /usr/lib/jvm/java-8-openjdk-amd64/jre/bin/java
55dce6798000-55dce6799000 rw-p 00001000 103:06 1841257                   /usr/lib/jvm/java-8-openjdk-amd64/jre/bin/java
55dce71a3000-55dce71c4000 rw-p 00000000 00:00 0                          [heap]
7f07e8000000-7f07e8021000 rw-p 00000000 00:00 0 
7f07e8021000-7f07ec000000 ---p 00000000 00:00 0 
7f07f0000000-7f07f190d000 rw-p 00000000 00:00 0 
7f07f190d000-7f07f4000000 ---p 00000000 00:00 0 
7f07f4000000-7f07f4021000 rw-p 00000000 00:00 0 
7f07f4021000-7f07f8000000 ---p 00000000 00:00 0 
7f07f8000000-7f07f9167000 rw-p 00000000 00:00 0 
7f07f9167000-7f07fc000000 ---p 00000000 00:00 0 
7f07fc000000-7f07fd486000 rw-p 00000000 00:00 0 
7f07fd486000-7f0800000000 ---p 00000000 00:00 0 
7f0800000000-7f0800021000 rw-p 00000000 00:00 0 
7f0800021000-7f0804000000 ---p 00000000 00:00 0 
7f0804000000-7f0805480000 rw-p 00000000 00:00 0 
7f0805480000-7f0808000000 ---p 00000000 00:00 0 
7f0808000000-7f0808021000 rw-p 00000000 00:00 0 
7f0808021000-7f080c000000 ---p 00000000 00:00 0 
7f080c000000-7f080c021000 rw-p 00000000 00:00 0 
7f080c021000-7f0810000000 ---p 00000000 00:00 0 
7f0810000000-7f0810021000 rw-p 00000000 00:00 0 
7f0810021000-7f0814000000 ---p 00000000 00:00 0 
7f081572b000-7f081592b000 rw-p 00000000 00:00 0 
7f081592b000-7f0815943000 r-xp 00000000 103:06 1840354                   /usr/lib/jvm/java-8-openjdk-amd64/jre/lib/amd64/libnet.so
7f0815943000-7f0815b42000 ---p 00018000 103:06 1840354                   /usr/lib/jvm/java-8-openjdk-amd64/jre/lib/amd64/libnet.so
7f0815b42000-7f0815b43000 r--p 00017000 103:06 1840354                   /usr/lib/jvm/java-8-openjdk-amd64/jre/lib/amd64/libnet.so
7f0815b43000-7f0815b44000 rw-p 00018000 103:06 1840354                   /usr/lib/jvm/java-8-openjdk-amd64/jre/lib/amd64/libnet.so
7f0815b44000-7f0815b56000 r-xp 00000000 103:06 1840350                   /usr/lib/jvm/java-8-openjdk-amd64/jre/lib/amd64/libnio.so
7f0815b56000-7f0815d55000 ---p 00012000 103:06 1840350                   /usr/lib/jvm/java-8-openjdk-amd64/jre/lib/amd64/libnio.so
7f0815d55000-7f0815d56000 r--p 00011000 103:06 1840350                   /usr/lib/jvm/java-8-openjdk-amd64/jre/lib/amd64/libnio.so
7f0815d56000-7f0815d57000 rw-p 00012000 103:06 1840350                   /usr/lib/jvm/java-8-openjdk-amd64/jre/lib/amd64/libnio.so
7f0815d57000-7f0815d58000 ---p 00000000 00:00 0 
7f0815d58000-7f0815e58000 rw-p 00000000 00:00 0 
7f0815e58000-7f0815e5b000 ---p 00000000 00:00 0 
7f0815e5b000-7f0815f59000 rw-p 00000000 00:00 0 
7f0815f59000-7f0815f5c000 ---p 00000000 00:00 0 
7f0815f5c000-7f081605a000 rw-p 00000000 00:00 0 
7f081605a000-7f081605d000 ---p 00000000 00:00 0 
7f081605d000-7f081615b000 rw-p 00000000 00:00 0 
7f081615b000-7f081615e000 ---p 00000000 00:00 0 
7f081615e000-7f081625c000 rw-p 00000000 00:00 0 
7f081625c000-7f081625f000 ---p 00000000 00:00 0 
7f081625f000-7f081635d000 rw-p 00000000 00:00 0 
7f081635d000-7f0816360000 ---p 00000000 00:00 0 
7f0816360000-7f081645e000 rw-p 00000000 00:00 0 
7f081645e000-7f08168b4000 r--p 00000000 103:06 1850669                   /usr/lib/locale/locale-archive
7f08168b4000-7f08168b7000 ---p 00000000 00:00 0 
7f08168b7000-7f08169b5000 rw-p 00000000 00:00 0 
7f08169b5000-7f08169b8000 ---p 00000000 00:00 0 
7f08169b8000-7f0816ab6000 rw-p 00000000 00:00 0 
7f0816ab6000-7f0816ab7000 ---p 00000000 00:00 0 
7f0816ab7000-7f0820000000 rw-p 00000000 00:00 0 
7f0820000000-7f0820021000 rw-p 00000000 00:00 0 
7f0820021000-7f0824000000 ---p 00000000 00:00 0 
7f0824000000-7f0824021000 rw-p 00000000 00:00 0 
7f0824021000-7f0828000000 ---p 00000000 00:00 0 
7f0828000000-7f0828021000 rw-p 00000000 00:00 0 
7f0828021000-7f082c000000 ---p 00000000 00:00 0 
7f082c000000-7f082c021000 rw-p 00000000 00:00 0 
7f082c021000-7f0830000000 ---p 00000000 00:00 0 
7f0830000000-7f0830021000 rw-p 00000000 00:00 0 
7f0830021000-7f0834000000 ---p 00000000 00:00 0 
7f0834000000-7f0834021000 rw-p 00000000 00:00 0 
7f0834021000-7f0838000000 ---p 00000000 00:00 0 
7f0838000000-7f0838021000 rw-p 00000000 00:00 0 
7f0838021000-7f083c000000 ---p 00000000 00:00 0 
7f083c000000-7f083c021000 rw-p 00000000 00:00 0 
7f083c021000-7f0840000000 ---p 00000000 00:00 0 
7f084003a000-7f084004d000 r--s 0034b000 103:06 1840383                   /usr/lib/jvm/java-8-openjdk-amd64/jre/lib/resources.jar
7f084004d000-7f0841000000 rw-p 00000000 00:00 0 
7f0841000000-7f08422f0000 rwxp 00000000 00:00 0 
7f08422f0000-7f0850000000 ---p 00000000 00:00 0 
7f0850000000-7f0850852000 rw-p 00000000 00:00 0 
7f0850852000-7f0854000000 ---p 00000000 00:00 0 
7f0854011000-7f085402d000 r--s 00194000 103:06 1055495                   /home/khuebc/malware/Interprocedural-CFG/ICFGCreator/decompiler.jar
7f085402d000-7f0854048000 r--s 001d6000 103:06 1840331                   /usr/lib/jvm/java-8-openjdk-amd64/jre/lib/ext/nashorn.jar
7f0854048000-7f0854298000 rw-p 00000000 00:00 0 
7f0854298000-7f0854469000 r--s 03ca5000 103:06 1840307                   /usr/lib/jvm/java-8-openjdk-amd64/jre/lib/rt.jar
7f0854469000-7f08544df000 rw-p 00000000 00:00 0 
7f08544df000-7f08544e0000 ---p 00000000 00:00 0 
7f08544e0000-7f08545e0000 rw-p 00000000 00:00 0 
7f08545e0000-7f08545e1000 ---p 00000000 00:00 0 
7f08545e1000-7f08546e1000 rw-p 00000000 00:00 0 
7f08546e1000-7f08546e2000 ---p 00000000 00:00 0 
7f08546e2000-7f08547e2000 rw-p 00000000 00:00 0 
7f08547e2000-7f08547e3000 ---p 00000000 00:00 0 
7f08547e3000-7f08548e3000 rw-p 00000000 00:00 0 
7f08548e3000-7f08548e4000 ---p 00000000 00:00 0 
7f08548e4000-7f08549e4000 rw-p 00000000 00:00 0 
7f08549e4000-7f08549e5000 ---p 00000000 00:00 0 
7f08549e5000-7f0854ae5000 rw-p 00000000 00:00 0 
7f0854ae5000-7f0854ae6000 ---p 00000000 00:00 0 
7f0854ae6000-7f0854be6000 rw-p 00000000 00:00 0 
7f0854be6000-7f0854be7000 ---p 00000000 00:00 0 
7f0854be7000-7f0854d3a000 rw-p 00000000 00:00 0 
7f0854d3a000-7f0855209000 ---p 00000000 00:00 0 
7f0855209000-7f085525c000 rw-p 00000000 00:00 0 
7f085525c000-7f085572b000 ---p 00000000 00:00 0 
7f085572b000-7f0855837000 rw-p 00000000 00:00 0 
7f0855837000-7f08559bc000 ---p 00000000 00:00 0 
7f08559bc000-7f0855a09000 rw-p 00000000 00:00 0 
7f0855a09000-7f0855d7d000 ---p 00000000 00:00 0 
7f0855d7d000-7f0855d85000 r-xp 00000000 103:06 1840353                   /usr/lib/jvm/java-8-openjdk-amd64/jre/lib/amd64/libzip.so
7f0855d85000-7f0855f84000 ---p 00008000 103:06 1840353                   /usr/lib/jvm/java-8-openjdk-amd64/jre/lib/amd64/libzip.so
7f0855f84000-7f0855f85000 r--p 00007000 103:06 1840353                   /usr/lib/jvm/java-8-openjdk-amd64/jre/lib/amd64/libzip.so
7f0855f85000-7f0855f86000 rw-p 00008000 103:06 1840353                   /usr/lib/jvm/java-8-openjdk-amd64/jre/lib/amd64/libzip.so
7f0855f86000-7f0855f91000 r-xp 00000000 103:06 2883680                   /lib/x86_64-linux-gnu/libnss_files-2.23.so
7f0855f91000-7f0856190000 ---p 0000b000 103:06 2883680                   /lib/x86_64-linux-gnu/libnss_files-2.23.so
7f0856190000-7f0856191000 r--p 0000a000 103:06 2883680                   /lib/x86_64-linux-gnu/libnss_files-2.23.so
7f0856191000-7f0856192000 rw-p 0000b000 103:06 2883680                   /lib/x86_64-linux-gnu/libnss_files-2.23.so
7f0856192000-7f0856198000 rw-p 00000000 00:00 0 
7f0856198000-7f08561a3000 r-xp 00000000 103:06 2888850                   /lib/x86_64-linux-gnu/libnss_nis-2.23.so
7f08561a3000-7f08563a2000 ---p 0000b000 103:06 2888850                   /lib/x86_64-linux-gnu/libnss_nis-2.23.so
7f08563a2000-7f08563a3000 r--p 0000a000 103:06 2888850                   /lib/x86_64-linux-gnu/libnss_nis-2.23.so
7f08563a3000-7f08563a4000 rw-p 0000b000 103:06 2888850                   /lib/x86_64-linux-gnu/libnss_nis-2.23.so
7f08563a4000-7f08563ba000 r-xp 00000000 103:06 2888851                   /lib/x86_64-linux-gnu/libnsl-2.23.so
7f08563ba000-7f08565b9000 ---p 00016000 103:06 2888851                   /lib/x86_64-linux-gnu/libnsl-2.23.so
7f08565b9000-7f08565ba000 r--p 00015000 103:06 2888851                   /lib/x86_64-linux-gnu/libnsl-2.23.so
7f08565ba000-7f08565bb000 rw-p 00016000 103:06 2888851                   /lib/x86_64-linux-gnu/libnsl-2.23.so
7f08565bb000-7f08565bd000 rw-p 00000000 00:00 0 
7f08565bd000-7f08565c5000 r-xp 00000000 103:06 2888853                   /lib/x86_64-linux-gnu/libnss_compat-2.23.so
7f08565c5000-7f08567c4000 ---p 00008000 103:06 2888853                   /lib/x86_64-linux-gnu/libnss_compat-2.23.so
7f08567c4000-7f08567c5000 r--p 00007000 103:06 2888853                   /lib/x86_64-linux-gnu/libnss_compat-2.23.so
7f08567c5000-7f08567c6000 rw-p 00008000 103:06 2888853                   /lib/x86_64-linux-gnu/libnss_compat-2.23.so
7f08567c6000-7f08567f0000 r-xp 00000000 103:06 1840360                   /usr/lib/jvm/java-8-openjdk-amd64/jre/lib/amd64/libjava.so
7f08567f0000-7f08569ef000 ---p 0002a000 103:06 1840360                   /usr/lib/jvm/java-8-openjdk-amd64/jre/lib/amd64/libjava.so
7f08569ef000-7f08569f0000 r--p 00029000 103:06 1840360                   /usr/lib/jvm/java-8-openjdk-amd64/jre/lib/amd64/libjava.so
7f08569f0000-7f08569f2000 rw-p 0002a000 103:06 1840360                   /usr/lib/jvm/java-8-openjdk-amd64/jre/lib/amd64/libjava.so
7f08569f2000-7f0856a01000 r-xp 00000000 103:06 1840358                   /usr/lib/jvm/java-8-openjdk-amd64/jre/lib/amd64/libverify.so
7f0856a01000-7f0856c00000 ---p 0000f000 103:06 1840358                   /usr/lib/jvm/java-8-openjdk-amd64/jre/lib/amd64/libverify.so
7f0856c00000-7f0856c02000 r--p 0000e000 103:06 1840358                   /usr/lib/jvm/java-8-openjdk-amd64/jre/lib/amd64/libverify.so
7f0856c02000-7f0856c03000 rw-p 00010000 103:06 1840358                   /usr/lib/jvm/java-8-openjdk-amd64/jre/lib/amd64/libverify.so
7f0856c03000-7f0856c0a000 r-xp 00000000 103:06 2883679                   /lib/x86_64-linux-gnu/librt-2.23.so
7f0856c0a000-7f0856e09000 ---p 00007000 103:06 2883679                   /lib/x86_64-linux-gnu/librt-2.23.so
7f0856e09000-7f0856e0a000 r--p 00006000 103:06 2883679                   /lib/x86_64-linux-gnu/librt-2.23.so
7f0856e0a000-7f0856e0b000 rw-p 00007000 103:06 2883679                   /lib/x86_64-linux-gnu/librt-2.23.so
7f0856e0b000-7f0856e21000 r-xp 00000000 103:06 2889166                   /lib/x86_64-linux-gnu/libgcc_s.so.1
7f0856e21000-7f0857020000 ---p 00016000 103:06 2889166                   /lib/x86_64-linux-gnu/libgcc_s.so.1
7f0857020000-7f0857021000 rw-p 00015000 103:06 2889166                   /lib/x86_64-linux-gnu/libgcc_s.so.1
7f0857021000-7f0857129000 r-xp 00000000 103:06 2888805                   /lib/x86_64-linux-gnu/libm-2.23.so
7f0857129000-7f0857328000 ---p 00108000 103:06 2888805                   /lib/x86_64-linux-gnu/libm-2.23.so
7f0857328000-7f0857329000 r--p 00107000 103:06 2888805                   /lib/x86_64-linux-gnu/libm-2.23.so
7f0857329000-7f085732a000 rw-p 00108000 103:06 2888805                   /lib/x86_64-linux-gnu/libm-2.23.so
7f085732a000-7f085749c000 r-xp 00000000 103:06 1846201                   /usr/lib/x86_64-linux-gnu/libstdc++.so.6.0.21
7f085749c000-7f085769c000 ---p 00172000 103:06 1846201                   /usr/lib/x86_64-linux-gnu/libstdc++.so.6.0.21
7f085769c000-7f08576a6000 r--p 00172000 103:06 1846201                   /usr/lib/x86_64-linux-gnu/libstdc++.so.6.0.21
7f08576a6000-7f08576a8000 rw-p 0017c000 103:06 1846201                   /usr/lib/x86_64-linux-gnu/libstdc++.so.6.0.21
7f08576a8000-7f08576ac000 rw-p 00000000 00:00 0 
7f08576ac000-7f08583d2000 r-xp 00000000 103:06 1840377                   /usr/lib/jvm/java-8-openjdk-amd64/jre/lib/amd64/server/libjvm.so
7f08583d2000-7f08585d1000 ---p 00d26000 103:06 1840377                   /usr/lib/jvm/java-8-openjdk-amd64/jre/lib/amd64/server/libjvm.so
7f08585d1000-7f0858667000 r--p 00d25000 103:06 1840377                   /usr/lib/jvm/java-8-openjdk-amd64/jre/lib/amd64/server/libjvm.so
7f0858667000-7f0858690000 rw-p 00dbb000 103:06 1840377                   /usr/lib/jvm/java-8-openjdk-amd64/jre/lib/amd64/server/libjvm.so
7f0858690000-7f08586c3000 rw-p 00000000 00:00 0 
7f08586c3000-7f08586db000 r-xp 00000000 103:06 2883671                   /lib/x86_64-linux-gnu/libpthread-2.23.so
7f08586db000-7f08588da000 ---p 00018000 103:06 2883671                   /lib/x86_64-linux-gnu/libpthread-2.23.so
7f08588da000-7f08588db000 r--p 00017000 103:06 2883671                   /lib/x86_64-linux-gnu/libpthread-2.23.so
7f08588db000-7f08588dc000 rw-p 00018000 103:06 2883671                   /lib/x86_64-linux-gnu/libpthread-2.23.so
7f08588dc000-7f08588e0000 rw-p 00000000 00:00 0 
7f08588e0000-7f08588e3000 r-xp 00000000 103:06 2883676                   /lib/x86_64-linux-gnu/libdl-2.23.so
7f08588e3000-7f0858ae2000 ---p 00003000 103:06 2883676                   /lib/x86_64-linux-gnu/libdl-2.23.so
7f0858ae2000-7f0858ae3000 r--p 00002000 103:06 2883676                   /lib/x86_64-linux-gnu/libdl-2.23.so
7f0858ae3000-7f0858ae4000 rw-p 00003000 103:06 2883676                   /lib/x86_64-linux-gnu/libdl-2.23.so
7f0858ae4000-7f0858afd000 r-xp 00000000 103:06 2889319                   /lib/x86_64-linux-gnu/libz.so.1.2.8
7f0858afd000-7f0858cfc000 ---p 00019000 103:06 2889319                   /lib/x86_64-linux-gnu/libz.so.1.2.8
7f0858cfc000-7f0858cfd000 r--p 00018000 103:06 2889319                   /lib/x86_64-linux-gnu/libz.so.1.2.8
7f0858cfd000-7f0858cfe000 rw-p 00019000 103:06 2889319                   /lib/x86_64-linux-gnu/libz.so.1.2.8
7f0858cfe000-7f0858ebe000 r-xp 00000000 103:06 2888852                   /lib/x86_64-linux-gnu/libc-2.23.so
7f0858ebe000-7f08590be000 ---p 001c0000 103:06 2888852                   /lib/x86_64-linux-gnu/libc-2.23.so
7f08590be000-7f08590c2000 r--p 001c0000 103:06 2888852                   /lib/x86_64-linux-gnu/libc-2.23.so
7f08590c2000-7f08590c4000 rw-p 001c4000 103:06 2888852                   /lib/x86_64-linux-gnu/libc-2.23.so
7f08590c4000-7f08590c8000 rw-p 00000000 00:00 0 
7f08590c8000-7f08590d6000 r-xp 00000000 103:06 1840366                   /usr/lib/jvm/java-8-openjdk-amd64/jre/lib/amd64/jli/libjli.so
7f08590d6000-7f08592d5000 ---p 0000e000 103:06 1840366                   /usr/lib/jvm/java-8-openjdk-amd64/jre/lib/amd64/jli/libjli.so
7f08592d5000-7f08592d6000 r--p 0000d000 103:06 1840366                   /usr/lib/jvm/java-8-openjdk-amd64/jre/lib/amd64/jli/libjli.so
7f08592d6000-7f08592d7000 rw-p 0000e000 103:06 1840366                   /usr/lib/jvm/java-8-openjdk-amd64/jre/lib/amd64/jli/libjli.so
7f08592d7000-7f08592fd000 r-xp 00000000 103:06 2883681                   /lib/x86_64-linux-gnu/ld-2.23.so
7f0859302000-7f0859308000 r--s 0003d000 103:06 1840337                   /usr/lib/jvm/java-8-openjdk-amd64/jre/lib/ext/sunjce_provider.jar
7f0859308000-7f0859313000 r--s 00116000 103:06 1840333                   /usr/lib/jvm/java-8-openjdk-amd64/jre/lib/ext/localedata.jar
7f0859313000-7f085932e000 r--s 00394000 103:06 1840329                   /usr/lib/jvm/java-8-openjdk-amd64/jre/lib/ext/cldrdata.jar
7f085932e000-7f08593d6000 rw-p 00000000 00:00 0 
7f08593d6000-7f08593d9000 ---p 00000000 00:00 0 
7f08593d9000-7f08594db000 rw-p 00000000 00:00 0 
7f08594dc000-7f08594dd000 r--s 0000b000 103:06 1055563                   /home/khuebc/malware/Interprocedural-CFG/ICFGCreator/GeneratedDotFiles/VirusShare_0022e2feb9d292dd675e57563bf1d02c.jar
7f08594dd000-7f08594e0000 r--s 0000f000 103:06 1840335                   /usr/lib/jvm/java-8-openjdk-amd64/jre/lib/ext/icedtea-sound.jar
7f08594e0000-7f08594e2000 r--s 00001000 103:06 1840336                   /usr/lib/jvm/java-8-openjdk-amd64/jre/lib/ext/dnsns.jar
7f08594e2000-7f08594e6000 r--s 00040000 103:06 1840334                   /usr/lib/jvm/java-8-openjdk-amd64/jre/lib/ext/sunpkcs11.jar
7f08594e6000-7f08594e8000 r--s 00008000 103:06 1840328                   /usr/lib/jvm/java-8-openjdk-amd64/jre/lib/ext/sunec.jar
7f08594e8000-7f08594e9000 r--s 0000a000 103:06 1840332                   /usr/lib/jvm/java-8-openjdk-amd64/jre/lib/ext/jaccess.jar
7f08594e9000-7f08594eb000 r--s 00010000 103:06 1840330                   /usr/lib/jvm/java-8-openjdk-amd64/jre/lib/ext/zipfs.jar
7f08594eb000-7f08594f1000 r--s 000d3000 103:06 1840315                   /usr/lib/jvm/java-8-openjdk-amd64/jre/lib/jfr.jar
7f08594f1000-7f08594f9000 rw-s 00000000 103:06 3289908                   /tmp/hsperfdata_khuebc/5335
7f08594f9000-7f08594fa000 rw-p 00000000 00:00 0 
7f08594fa000-7f08594fb000 ---p 00000000 00:00 0 
7f08594fb000-7f08594fc000 rw-p 00000000 00:00 0 
7f08594fc000-7f08594fd000 r--p 00025000 103:06 2883681                   /lib/x86_64-linux-gnu/ld-2.23.so
7f08594fd000-7f08594fe000 rw-p 00026000 103:06 2883681                   /lib/x86_64-linux-gnu/ld-2.23.so
7f08594fe000-7f08594ff000 rw-p 00000000 00:00 0 
7ffd455bf000-7ffd455e1000 rw-p 00000000 00:00 0                          [stack]
7ffd455fb000-7ffd455fe000 r--p 00000000 00:00 0                          [vvar]
7ffd455fe000-7ffd45600000 r-xp 00000000 00:00 0                          [vdso]
ffffffffff600000-ffffffffff601000 r-xp 00000000 00:00 0                  [vsyscall]

VM Arguments:
java_command: decompiler.jar /home/khuebc/malware/Interprocedural-CFG/ICFGCreator/GeneratedDotFiles/VirusShare_0022e2feb9d292dd675e57563bf1d02c.jar -o TempDecompiledJar/
java_class_path (initial): decompiler.jar
Launcher Type: SUN_STANDARD

Environment Variables:
JAVA_HOME=/usr/lib/jvm/java-8-openjdk-amd64
PATH=/home/khuebc/bin:/home/khuebc/.local/bin:/usr/local/sbin:/usr/local/bin:/usr/sbin:/usr/bin:/sbin:/bin:/usr/games:/usr/local/games:/snap/bin:/home/khuebc/bin:/usr/lib/jvm/java-1.8.0-openjdk-amd64/bin
SHELL=/bin/bash
DISPLAY=:0

Signal Handlers:
SIGSEGV: [libjvm.so+0xb1f1b0], sa_mask[0]=11111111011111111101111111111110, sa_flags=SA_RESTART|SA_SIGINFO
SIGBUS: [libjvm.so+0xb1f1b0], sa_mask[0]=11111111011111111101111111111110, sa_flags=SA_RESTART|SA_SIGINFO
SIGFPE: [libjvm.so+0x956cf0], sa_mask[0]=11111111011111111101111111111110, sa_flags=SA_RESTART|SA_SIGINFO
SIGPIPE: [libjvm.so+0x956cf0], sa_mask[0]=11111111011111111101111111111110, sa_flags=SA_RESTART|SA_SIGINFO
SIGXFSZ: [libjvm.so+0x956cf0], sa_mask[0]=11111111011111111101111111111110, sa_flags=SA_RESTART|SA_SIGINFO
SIGILL: [libjvm.so+0x956cf0], sa_mask[0]=11111111011111111101111111111110, sa_flags=SA_RESTART|SA_SIGINFO
SIGUSR1: SIG_DFL, sa_mask[0]=00000000000000000000000000000000, sa_flags=none
SIGUSR2: [libjvm.so+0x956ba0], sa_mask[0]=00000000000000000000000000000000, sa_flags=SA_RESTART|SA_SIGINFO
SIGHUP: [libjvm.so+0x957230], sa_mask[0]=11111111011111111101111111111110, sa_flags=SA_RESTART|SA_SIGINFO
SIGINT: [libjvm.so+0x957230], sa_mask[0]=11111111011111111101111111111110, sa_flags=SA_RESTART|SA_SIGINFO
SIGTERM: [libjvm.so+0x957230], sa_mask[0]=11111111011111111101111111111110, sa_flags=SA_RESTART|SA_SIGINFO
SIGQUIT: [libjvm.so+0x957230], sa_mask[0]=11111111011111111101111111111110, sa_flags=SA_RESTART|SA_SIGINFO


---------------  S Y S T E M  ---------------

OS:DISTRIB_ID=Ubuntu
DISTRIB_RELEASE=16.04
DISTRIB_CODENAME=xenial
DISTRIB_DESCRIPTION="Ubuntu 16.04.7 LTS"

uname:Linux 4.15.0-142-generic #146~16.04.1-Ubuntu SMP Tue Apr 13 09:27:15 UTC 2021 x86_64
libc:glibc 2.23 NPTL 2.23 
rlimit: STACK 8192k, CORE 0k, NPROC 62276, NOFILE 1048576, AS infinity
load average:2,26 2,54 2,43

/proc/meminfo:
MemTotal:       16139036 kB
MemFree:          153804 kB
MemAvailable:     189740 kB
Buffers:            5516 kB
Cached:          2207012 kB
SwapCached:            0 kB
Active:         13417112 kB
Inactive:        2065356 kB
Active(anon):   13308488 kB
Inactive(anon):  1941196 kB
Active(file):     108624 kB
Inactive(file):   124160 kB
Unevictable:         144 kB
Mlocked:             144 kB
SwapTotal:             0 kB
SwapFree:              0 kB
Dirty:              1124 kB
Writeback:          5572 kB
AnonPages:      13270460 kB
Mapped:           724500 kB
Shmem:           1978960 kB
Slab:             235884 kB
SReclaimable:     120972 kB
SUnreclaim:       114912 kB
KernelStack:       26080 kB
PageTables:       129520 kB
NFS_Unstable:          0 kB
Bounce:                0 kB
WritebackTmp:          0 kB
CommitLimit:     8069516 kB
Committed_AS:   30463784 kB
VmallocTotal:   34359738367 kB
VmallocUsed:           0 kB
VmallocChunk:          0 kB
HardwareCorrupted:     0 kB
AnonHugePages:         0 kB
ShmemHugePages:        0 kB
ShmemPmdMapped:        0 kB
CmaTotal:              0 kB
CmaFree:               0 kB
HugePages_Total:       0
HugePages_Free:        0
HugePages_Rsvd:        0
HugePages_Surp:        0
Hugepagesize:       2048 kB
DirectMap4k:      480084 kB
DirectMap2M:    15943680 kB
DirectMap1G:           0 kB

container (cgroup) information:
container_type: cgroupv1
cpu_cpuset_cpus: 0-7
cpu_memory_nodes: 0
active_processor_count: 8
cpu_quota: -1
cpu_period: 100000
cpu_shares: -1
memory_limit_in_bytes: -1
memory_and_swap_limit_in_bytes: -2
memory_soft_limit_in_bytes: -1
memory_usage_in_bytes: 15854395392
memory_max_usage_in_bytes: 2093056


CPU:total 8 (initial active 8) (4 cores per cpu, 2 threads per core) family 6 model 142 stepping 12, cmov, cx8, fxsr, mmx, sse, sse2, sse3, ssse3, sse4.1, sse4.2, popcnt, avx, avx2, aes, clmul, erms, 3dnowpref, lzcnt, ht, tsc, tscinvbit, bmi1, bmi2, adx

/proc/cpuinfo:
processor	: 0
vendor_id	: GenuineIntel
cpu family	: 6
model		: 142
model name	: Intel(R) Core(TM) i7-8565U CPU @ 1.80GHz
stepping	: 12
microcode	: 0xea
cpu MHz		: 3847.005
cache size	: 8192 KB
physical id	: 0
siblings	: 8
core id		: 0
cpu cores	: 4
apicid		: 0
initial apicid	: 0
fpu		: yes
fpu_exception	: yes
cpuid level	: 22
wp		: yes
flags		: fpu vme de pse tsc msr pae mce cx8 apic sep mtrr pge mca cmov pat pse36 clflush dts acpi mmx fxsr sse sse2 ss ht tm pbe syscall nx pdpe1gb rdtscp lm constant_tsc art arch_perfmon pebs bts rep_good nopl xtopology nonstop_tsc cpuid aperfmperf pni pclmulqdq dtes64 monitor ds_cpl vmx est tm2 ssse3 sdbg fma cx16 xtpr pdcm pcid sse4_1 sse4_2 x2apic movbe popcnt tsc_deadline_timer aes xsave avx f16c rdrand lahf_lm abm 3dnowprefetch cpuid_fault epb invpcid_single ssbd ibrs ibpb stibp ibrs_enhanced tpr_shadow vnmi flexpriority ept vpid fsgsbase tsc_adjust bmi1 avx2 smep bmi2 erms invpcid mpx rdseed adx smap clflushopt intel_pt xsaveopt xsavec xgetbv1 xsaves dtherm ida arat pln pts hwp hwp_notify hwp_act_window hwp_epp md_clear flush_l1d arch_capabilities
bugs		: spectre_v1 spectre_v2 spec_store_bypass swapgs itlb_multihit srbds
bogomips	: 3999.93
clflush size	: 64
cache_alignment	: 64
address sizes	: 39 bits physical, 48 bits virtual
power management:

processor	: 1
vendor_id	: GenuineIntel
cpu family	: 6
model		: 142
model name	: Intel(R) Core(TM) i7-8565U CPU @ 1.80GHz
stepping	: 12
microcode	: 0xea
cpu MHz		: 3813.202
cache size	: 8192 KB
physical id	: 0
siblings	: 8
core id		: 1
cpu cores	: 4
apicid		: 2
initial apicid	: 2
fpu		: yes
fpu_exception	: yes
cpuid level	: 22
wp		: yes
flags		: fpu vme de pse tsc msr pae mce cx8 apic sep mtrr pge mca cmov pat pse36 clflush dts acpi mmx fxsr sse sse2 ss ht tm pbe syscall nx pdpe1gb rdtscp lm constant_tsc art arch_perfmon pebs bts rep_good nopl xtopology nonstop_tsc cpuid aperfmperf pni pclmulqdq dtes64 monitor ds_cpl vmx est tm2 ssse3 sdbg fma cx16 xtpr pdcm pcid sse4_1 sse4_2 x2apic movbe popcnt tsc_deadline_timer aes xsave avx f16c rdrand lahf_lm abm 3dnowprefetch cpuid_fault epb invpcid_single ssbd ibrs ibpb stibp ibrs_enhanced tpr_shadow vnmi flexpriority ept vpid fsgsbase tsc_adjust bmi1 avx2 smep bmi2 erms invpcid mpx rdseed adx smap clflushopt intel_pt xsaveopt xsavec xgetbv1 xsaves dtherm ida arat pln pts hwp hwp_notify hwp_act_window hwp_epp md_clear flush_l1d arch_capabilities
bugs		: spectre_v1 spectre_v2 spec_store_bypass swapgs itlb_multihit srbds
bogomips	: 3999.93
clflush size	: 64
cache_alignment	: 64
address sizes	: 39 bits physical, 48 bits virtual
power management:

processor	: 2
vendor_id	: GenuineIntel
cpu family	: 6
model		: 142
model name	: Intel(R) Core(TM) i7-8565U CPU @ 1.80GHz
stepping	: 12
microcode	: 0xea
cpu MHz		: 3784.901
cache size	: 8192 KB
physical id	: 0
siblings	: 8
core id		: 2
cpu cores	: 4
apicid		: 4
initial apicid	: 4
fpu		: yes
fpu_exception	: yes
cpuid level	: 22
wp		: yes
flags		: fpu vme de pse tsc msr pae mce cx8 apic sep mtrr pge mca cmov pat pse36 clflush dts acpi mmx fxsr sse sse2 ss ht tm pbe syscall nx pdpe1gb rdtscp lm constant_tsc art arch_perfmon pebs bts rep_good nopl xtopology nonstop_tsc cpuid aperfmperf pni pclmulqdq dtes64 monitor ds_cpl vmx est tm2 ssse3 sdbg fma cx16 xtpr pdcm pcid sse4_1 sse4_2 x2apic movbe popcnt tsc_deadline_timer aes xsave avx f16c rdrand lahf_lm abm 3dnowprefetch cpuid_fault epb invpcid_single ssbd ibrs ibpb stibp ibrs_enhanced tpr_shadow vnmi flexpriority ept vpid fsgsbase tsc_adjust bmi1 avx2 smep bmi2 erms invpcid mpx rdseed adx smap clflushopt intel_pt xsaveopt xsavec xgetbv1 xsaves dtherm ida arat pln pts hwp hwp_notify hwp_act_window hwp_epp md_clear flush_l1d arch_capabilities
bugs		: spectre_v1 spectre_v2 spec_store_bypass swapgs itlb_multihit srbds
bogomips	: 3999.93
clflush size	: 64
cache_alignment	: 64
address sizes	: 39 bits physical, 48 bits virtual
power management:

processor	: 3
vendor_id	: GenuineIntel
cpu family	: 6
model		: 142
model name	: Intel(R) Core(TM) i7-8565U CPU @ 1.80GHz
stepping	: 12
microcode	: 0xea
cpu MHz		: 3809.560
cache size	: 8192 KB
physical id	: 0
siblings	: 8
core id		: 3
cpu cores	: 4
apicid		: 6
initial apicid	: 6
fpu		: yes
fpu_exception	: yes
cpuid level	: 22
wp		: yes
flags		: fpu vme de pse tsc msr pae mce cx8 apic sep mtrr pge mca cmov pat pse36 clflush dts acpi mmx fxsr sse sse2 ss ht tm pbe syscall nx pdpe1gb rdtscp lm constant_tsc art arch_perfmon pebs bts rep_good nopl xtopology nonstop_tsc cpuid aperfmperf pni pclmulqdq dtes64 monitor ds_cpl vmx est tm2 ssse3 sdbg fma cx16 xtpr pdcm pcid sse4_1 sse4_2 x2apic movbe popcnt tsc_deadline_timer aes xsave avx f16c rdrand lahf_lm abm 3dnowprefetch cpuid_fault epb invpcid_single ssbd ibrs ibpb stibp ibrs_enhanced tpr_shadow vnmi flexpriority ept vpid fsgsbase tsc_adjust bmi1 avx2 smep bmi2 erms invpcid mpx rdseed adx smap clflushopt intel_pt xsaveopt xsavec xgetbv1 xsaves dtherm ida arat pln pts hwp hwp_notify hwp_act_window hwp_epp md_clear flush_l1d arch_capabilities
bugs		: spectre_v1 spectre_v2 spec_store_bypass swapgs itlb_multihit srbds
bogomips	: 3999.93
clflush size	: 64
cache_alignment	: 64
address sizes	: 39 bits physical, 48 bits virtual
power management:

processor	: 4
vendor_id	: GenuineIntel
cpu family	: 6
model		: 142
model name	: Intel(R) Core(TM) i7-8565U CPU @ 1.80GHz
stepping	: 12
microcode	: 0xea
cpu MHz		: 3809.244
cache size	: 8192 KB
physical id	: 0
siblings	: 8
core id		: 0
cpu cores	: 4
apicid		: 1
initial apicid	: 1
fpu		: yes
fpu_exception	: yes
cpuid level	: 22
wp		: yes
flags		: fpu vme de pse tsc msr pae mce cx8 apic sep mtrr pge mca cmov pat pse36 clflush dts acpi mmx fxsr sse sse2 ss ht tm pbe syscall nx pdpe1gb rdtscp lm constant_tsc art arch_perfmon pebs bts rep_good nopl xtopology nonstop_tsc cpuid aperfmperf pni pclmulqdq dtes64 monitor ds_cpl vmx est tm2 ssse3 sdbg fma cx16 xtpr pdcm pcid sse4_1 sse4_2 x2apic movbe popcnt tsc_deadline_timer aes xsave avx f16c rdrand lahf_lm abm 3dnowprefetch cpuid_fault epb invpcid_single ssbd ibrs ibpb stibp ibrs_enhanced tpr_shadow vnmi flexpriority ept vpid fsgsbase tsc_adjust bmi1 avx2 smep bmi2 erms invpcid mpx rdseed adx smap clflushopt intel_pt xsaveopt xsavec xgetbv1 xsaves dtherm ida arat pln pts hwp hwp_notify hwp_act_window hwp_epp md_clear flush_l1d arch_capabilities
bugs		: spectre_v1 spectre_v2 spec_store_bypass swapgs itlb_multihit srbds
bogomips	: 3999.93
clflush size	: 64
cache_alignment	: 64
address sizes	: 39 bits physical, 48 bits virtual
power management:

processor	: 5
vendor_id	: GenuineIntel
cpu family	: 6
model		: 142
model name	: Intel(R) Core(TM) i7-8565U CPU @ 1.80GHz
stepping	: 12
microcode	: 0xea
cpu MHz		: 3923.071
cache size	: 8192 KB
physical id	: 0
siblings	: 8
core id		: 1
cpu cores	: 4
apicid		: 3
initial apicid	: 3
fpu		: yes
fpu_exception	: yes
cpuid level	: 22
wp		: yes
flags		: fpu vme de pse tsc msr pae mce cx8 apic sep mtrr pge mca cmov pat pse36 clflush dts acpi mmx fxsr sse sse2 ss ht tm pbe syscall nx pdpe1gb rdtscp lm constant_tsc art arch_perfmon pebs bts rep_good nopl xtopology nonstop_tsc cpuid aperfmperf pni pclmulqdq dtes64 monitor ds_cpl vmx est tm2 ssse3 sdbg fma cx16 xtpr pdcm pcid sse4_1 sse4_2 x2apic movbe popcnt tsc_deadline_timer aes xsave avx f16c rdrand lahf_lm abm 3dnowprefetch cpuid_fault epb invpcid_single ssbd ibrs ibpb stibp ibrs_enhanced tpr_shadow vnmi flexpriority ept vpid fsgsbase tsc_adjust bmi1 avx2 smep bmi2 erms invpcid mpx rdseed adx smap clflushopt intel_pt xsaveopt xsavec xgetbv1 xsaves dtherm ida arat pln pts hwp hwp_notify hwp_act_window hwp_epp md_clear flush_l1d arch_capabilities
bugs		: spectre_v1 spectre_v2 spec_store_bypass swapgs itlb_multihit srbds
bogomips	: 3999.93
clflush size	: 64
cache_alignment	: 64
address sizes	: 39 bits physical, 48 bits virtual
power management:

processor	: 6
vendor_id	: GenuineIntel
cpu family	: 6
model		: 142
model name	: Intel(R) Core(TM) i7-8565U CPU @ 1.80GHz
stepping	: 12
microcode	: 0xea
cpu MHz		: 3812.519
cache size	: 8192 KB
physical id	: 0
siblings	: 8
core id		: 2
cpu cores	: 4
apicid		: 5
initial apicid	: 5
fpu		: yes
fpu_exception	: yes
cpuid level	: 22
wp		: yes
flags		: fpu vme de pse tsc msr pae mce cx8 apic sep mtrr pge mca cmov pat pse36 clflush dts acpi mmx fxsr sse sse2 ss ht tm pbe syscall nx pdpe1gb rdtscp lm constant_tsc art arch_perfmon pebs bts rep_good nopl xtopology nonstop_tsc cpuid aperfmperf pni pclmulqdq dtes64 monitor ds_cpl vmx est tm2 ssse3 sdbg fma cx16 xtpr pdcm pcid sse4_1 sse4_2 x2apic movbe popcnt tsc_deadline_timer aes xsave avx f16c rdrand lahf_lm abm 3dnowprefetch cpuid_fault epb invpcid_single ssbd ibrs ibpb stibp ibrs_enhanced tpr_shadow vnmi flexpriority ept vpid fsgsbase tsc_adjust bmi1 avx2 smep bmi2 erms invpcid mpx rdseed adx smap clflushopt intel_pt xsaveopt xsavec xgetbv1 xsaves dtherm ida arat pln pts hwp hwp_notify hwp_act_window hwp_epp md_clear flush_l1d arch_capabilities
bugs		: spectre_v1 spectre_v2 spec_store_bypass swapgs itlb_multihit srbds
bogomips	: 3999.93
clflush size	: 64
cache_alignment	: 64
address sizes	: 39 bits physical, 48 bits virtual
power management:

processor	: 7
vendor_id	: GenuineIntel
cpu family	: 6
model		: 142
model name	: Intel(R) Core(TM) i7-8565U CPU @ 1.80GHz
stepping	: 12
microcode	: 0xea
cpu MHz		: 3979.895
cache size	: 8192 KB
physical id	: 0
siblings	: 8
core id		: 3
cpu cores	: 4
apicid		: 7
initial apicid	: 7
fpu		: yes
fpu_exception	: yes
cpuid level	: 22
wp		: yes
flags		: fpu vme de pse tsc msr pae mce cx8 apic sep mtrr pge mca cmov pat pse36 clflush dts acpi mmx fxsr sse sse2 ss ht tm pbe syscall nx pdpe1gb rdtscp lm constant_tsc art arch_perfmon pebs bts rep_good nopl xtopology nonstop_tsc cpuid aperfmperf pni pclmulqdq dtes64 monitor ds_cpl vmx est tm2 ssse3 sdbg fma cx16 xtpr pdcm pcid sse4_1 sse4_2 x2apic movbe popcnt tsc_deadline_timer aes xsave avx f16c rdrand lahf_lm abm 3dnowprefetch cpuid_fault epb invpcid_single ssbd ibrs ibpb stibp ibrs_enhanced tpr_shadow vnmi flexpriority ept vpid fsgsbase tsc_adjust bmi1 avx2 smep bmi2 erms invpcid mpx rdseed adx smap clflushopt intel_pt xsaveopt xsavec xgetbv1 xsaves dtherm ida arat pln pts hwp hwp_notify hwp_act_window hwp_epp md_clear flush_l1d arch_capabilities
bugs		: spectre_v1 spectre_v2 spec_store_bypass swapgs itlb_multihit srbds
bogomips	: 3999.93
clflush size	: 64
cache_alignment	: 64
address sizes	: 39 bits physical, 48 bits virtual
power management:



Memory: 4k page, physical 16139036k(159164k free), swap 0k(0k free)

vm_info: OpenJDK 64-Bit Server VM (25.292-b10) for linux-amd64 JRE (1.8.0_292-8u292-b10-0ubuntu1~16.04.1-b10), built on Apr 21 2021 12:47:35 by "buildd" with gcc 5.4.0 20160609

time: Tue Jun 29 11:39:34 2021
timezone: +07
elapsed time: 3.877816 seconds (0d 0h 0m 3s)

