#
# There is insufficient memory for the Java Runtime Environment to continue.
# Native memory allocation (mmap) failed to map 281018368 bytes for committing reserved memory.
# Possible reasons:
#   The system is out of physical RAM or swap space
#   The process is running with CompressedOops enabled, and the Java Heap may be blocking the growth of the native heap
# Possible solutions:
#   Reduce memory load on the system
#   Increase physical memory or swap space
#   Check if swap backing store is full
#   Decrease Java heap size (-Xmx/-Xms)
#   Decrease number of Java threads
#   Decrease Java thread stack sizes (-Xss)
#   Set larger code cache with -XX:ReservedCodeCacheSize=
#   JVM is running with Zero Based Compressed Oops mode in which the Java heap is
#     placed in the first 32GB address space. The Java Heap base address is the
#     maximum limit for the native heap growth. Please use -XX:HeapBaseMinAddress
#     to set the Java Heap base and to place the Java Heap above 32GB virtual address.
# This output file may be truncated or incomplete.
#
#  Out of Memory Error (os_linux.cpp:2798), pid=13238, tid=0x00007faa1cdbe700
#
# JRE version: OpenJDK Runtime Environment (8.0_292-b10) (build 1.8.0_292-8u292-b10-0ubuntu1~16.04.1-b10)
# Java VM: OpenJDK 64-Bit Server VM (25.292-b10 mixed mode linux-amd64 compressed oops)
# Failed to write core dump. Core dumps have been disabled. To enable core dumping, try "ulimit -c unlimited" before starting Java again
#

---------------  T H R E A D  ---------------

Current thread (0x00007faa301c8800):  VMThread [stack: 0x00007faa1ccbe000,0x00007faa1cdbf000] [id=13248]

Stack: [0x00007faa1ccbe000,0x00007faa1cdbf000],  sp=0x00007faa1cdbd360,  free space=1020k
Native frames: (J=compiled Java code, j=interpreted, Vv=VM code, C=native code)
V  [libjvm.so+0xb1e67b]
V  [libjvm.so+0x4e01dc]
V  [libjvm.so+0x95bc48]
V  [libjvm.so+0x953b3e]
V  [libjvm.so+0x9d4ad6]
V  [libjvm.so+0x9d5e03]
V  [libjvm.so+0x9d2204]
V  [libjvm.so+0x9d249c]
V  [libjvm.so+0x983953]
V  [libjvm.so+0xb20372]
V  [libjvm.so+0xb26067]
V  [libjvm.so+0xb23b43]
V  [libjvm.so+0xb23ee5]
V  [libjvm.so+0xb244b2]
V  [libjvm.so+0x958fe2]

VM_Operation (0x00007faa37b20460): ParallelGCFailedAllocation, mode: safepoint, requested by thread 0x00007faa3000a800


---------------  P R O C E S S  ---------------

Java Threads: ( => current thread )
  0x00007faa3021d800 JavaThread "Service Thread" daemon [_thread_blocked, id=13256, stack(0x00007faa1c060000,0x00007faa1c161000)]
  0x00007faa30212000 JavaThread "C1 CompilerThread3" daemon [_thread_blocked, id=13255, stack(0x00007faa1c161000,0x00007faa1c262000)]
  0x00007faa30210000 JavaThread "C2 CompilerThread2" daemon [_thread_blocked, id=13254, stack(0x00007faa1c262000,0x00007faa1c363000)]
  0x00007faa3020e000 JavaThread "C2 CompilerThread1" daemon [_thread_blocked, id=13253, stack(0x00007faa1c363000,0x00007faa1c464000)]
  0x00007faa3020b000 JavaThread "C2 CompilerThread0" daemon [_thread_blocked, id=13252, stack(0x00007faa1c464000,0x00007faa1c565000)]
  0x00007faa30208000 JavaThread "Signal Dispatcher" daemon [_thread_blocked, id=13251, stack(0x00007faa1c565000,0x00007faa1c666000)]
  0x00007faa301d7000 JavaThread "Finalizer" daemon [_thread_blocked, id=13250, stack(0x00007faa1cabc000,0x00007faa1cbbd000)]
  0x00007faa301d2800 JavaThread "Reference Handler" daemon [_thread_blocked, id=13249, stack(0x00007faa1cbbd000,0x00007faa1ccbe000)]
  0x00007faa3000a800 JavaThread "main" [_thread_blocked, id=13239, stack(0x00007faa37a22000,0x00007faa37b23000)]

Other Threads:
=>0x00007faa301c8800 VMThread [stack: 0x00007faa1ccbe000,0x00007faa1cdbf000] [id=13248]
  0x00007faa30220000 WatcherThread [stack: 0x00007faa17eff000,0x00007faa18000000] [id=13257]

VM state:at safepoint (normal execution)

VM Mutex/Monitor currently owned by a thread:  ([mutex/lock_event])
[0x00007faa30006fd0] Threads_lock - owner thread: 0x00007faa301c8800
[0x00007faa300074d0] Heap_lock - owner thread: 0x00007faa3000a800

heap address: 0x00000006c9a00000, size: 3942 MB, Compressed Oops mode: Zero based, Oop shift amount: 3
Narrow klass base: 0x0000000000000000, Narrow klass shift: 3
Compressed class space size: 1073741824 Address: 0x00000007c0000000

Heap:
 PSYoungGen      total 266240K, used 10236K [0x000000076de00000, 0x000000077ec00000, 0x00000007c0000000)
  eden space 256000K, 0% used [0x000000076de00000,0x000000076de00000,0x000000077d800000)
  from space 10240K, 99% used [0x000000077d800000,0x000000077e1ff1c0,0x000000077e200000)
  to   space 10240K, 0% used [0x000000077e200000,0x000000077e200000,0x000000077ec00000)
 ParOldGen       total 169472K, used 29054K [0x00000006c9a00000, 0x00000006d3f80000, 0x000000076de00000)
  object space 169472K, 17% used [0x00000006c9a00000,0x00000006cb65fb90,0x00000006d3f80000)
 Metaspace       used 11597K, capacity 11696K, committed 12032K, reserved 1060864K
  class space    used 1143K, capacity 1170K, committed 1280K, reserved 1048576K

Card table byte_map: [0x00007faa2084c000,0x00007faa21000000] byte_map_base: 0x00007faa1d1ff000

Marking Bits: (ParMarkBitMap*) 0x00007faa36cf28a0
 Begin Bits: [0x00007fa9e04d0000, 0x00007fa9e4268000)
 End Bits:   [0x00007fa9e4268000, 0x00007fa9e8000000)

Polling page: 0x00007faa37b46000

CodeCache: size=245760Kb used=18128Kb max_used=18128Kb free=227631Kb
 bounds [0x00007faa21000000, 0x00007faa221d0000, 0x00007faa30000000]
 total_blobs=3381 nmethods=3078 adapters=214
 compilation: enabled

Compilation events (10 events):
Event: 6,342 Thread 0x00007faa30212000 3166       3       com.strobel.assembler.metadata.RawMethod::<init> (165 bytes)
Event: 6,354 Thread 0x00007faa30212000 nmethod 3166 0x00007faa221b3050 code [0x00007faa221b3660, 0x00007faa221b7d08]
Event: 6,354 Thread 0x00007faa30212000 3169       3       com.strobel.decompiler.languages.java.ast.NameVariables::getAlternativeName (252 bytes)
Event: 6,357 Thread 0x00007faa30212000 nmethod 3169 0x00007faa221ba3d0 code [0x00007faa221ba800, 0x00007faa221bcf78]
Event: 6,363 Thread 0x00007faa30210000 nmethod 3133 0x00007faa221ac590 code [0x00007faa221ac700, 0x00007faa221acb98]
Event: 6,363 Thread 0x00007faa30210000 3161       4       java.util.HashMap::clear (50 bytes)
Event: 6,373 Thread 0x00007faa30210000 nmethod 3161 0x00007faa221ac290 code [0x00007faa221ac3e0, 0x00007faa221ac4d8]
Event: 6,373 Thread 0x00007faa30210000 3165   !   4       com.strobel.assembler.metadata.MetadataHelper::asMemberOf (173 bytes)
Event: 6,441 Thread 0x00007faa30212000 3171       3       com.strobel.assembler.flowanalysis.ControlFlowNode::<init> (120 bytes)
Event: 6,456 Thread 0x00007faa30212000 nmethod 3171 0x00007faa221c0050 code [0x00007faa221c0400, 0x00007faa221c2548]

GC Heap History (9 events):
Event: 1,082 GC heap before
{Heap before GC invocations=1 (full 0):
 PSYoungGen      total 74240K, used 64000K [0x000000076de00000, 0x0000000773080000, 0x00000007c0000000)
  eden space 64000K, 100% used [0x000000076de00000,0x0000000771c80000,0x0000000771c80000)
  from space 10240K, 0% used [0x0000000772680000,0x0000000772680000,0x0000000773080000)
  to   space 10240K, 0% used [0x0000000771c80000,0x0000000771c80000,0x0000000772680000)
 ParOldGen       total 169472K, used 0K [0x00000006c9a00000, 0x00000006d3f80000, 0x000000076de00000)
  object space 169472K, 0% used [0x00000006c9a00000,0x00000006c9a00000,0x00000006d3f80000)
 Metaspace       used 8155K, capacity 8272K, committed 8448K, reserved 1056768K
  class space    used 911K, capacity 946K, committed 1024K, reserved 1048576K
Event: 1,145 GC heap after
Heap after GC invocations=1 (full 0):
 PSYoungGen      total 74240K, used 10235K [0x000000076de00000, 0x0000000776f00000, 0x00000007c0000000)
  eden space 64000K, 0% used [0x000000076de00000,0x000000076de00000,0x0000000771c80000)
  from space 10240K, 99% used [0x0000000771c80000,0x000000077267ed08,0x0000000772680000)
  to   space 10240K, 0% used [0x0000000776500000,0x0000000776500000,0x0000000776f00000)
 ParOldGen       total 169472K, used 8858K [0x00000006c9a00000, 0x00000006d3f80000, 0x000000076de00000)
  object space 169472K, 5% used [0x00000006c9a00000,0x00000006ca2a6898,0x00000006d3f80000)
 Metaspace       used 8155K, capacity 8272K, committed 8448K, reserved 1056768K
  class space    used 911K, capacity 946K, committed 1024K, reserved 1048576K
}
Event: 1,870 GC heap before
{Heap before GC invocations=2 (full 0):
 PSYoungGen      total 74240K, used 74235K [0x000000076de00000, 0x0000000776f00000, 0x00000007c0000000)
  eden space 64000K, 100% used [0x000000076de00000,0x0000000771c80000,0x0000000771c80000)
  from space 10240K, 99% used [0x0000000771c80000,0x000000077267ed08,0x0000000772680000)
  to   space 10240K, 0% used [0x0000000776500000,0x0000000776500000,0x0000000776f00000)
 ParOldGen       total 169472K, used 8858K [0x00000006c9a00000, 0x00000006d3f80000, 0x000000076de00000)
  object space 169472K, 5% used [0x00000006c9a00000,0x00000006ca2a6898,0x00000006d3f80000)
 Metaspace       used 9355K, capacity 9424K, committed 9472K, reserved 1058816K
  class space    used 978K, capacity 1010K, committed 1024K, reserved 1048576K
Event: 1,912 GC heap after
Heap after GC invocations=2 (full 0):
 PSYoungGen      total 138240K, used 10237K [0x000000076de00000, 0x0000000776f00000, 0x00000007c0000000)
  eden space 128000K, 0% used [0x000000076de00000,0x000000076de00000,0x0000000775b00000)
  from space 10240K, 99% used [0x0000000776500000,0x0000000776eff420,0x0000000776f00000)
  to   space 10240K, 0% used [0x0000000775b00000,0x0000000775b00000,0x0000000776500000)
 ParOldGen       total 169472K, used 12804K [0x00000006c9a00000, 0x00000006d3f80000, 0x000000076de00000)
  object space 169472K, 7% used [0x00000006c9a00000,0x00000006ca681070,0x00000006d3f80000)
 Metaspace       used 9355K, capacity 9424K, committed 9472K, reserved 1058816K
  class space    used 978K, capacity 1010K, committed 1024K, reserved 1048576K
}
Event: 2,905 GC heap before
{Heap before GC invocations=3 (full 0):
 PSYoungGen      total 138240K, used 138237K [0x000000076de00000, 0x0000000776f00000, 0x00000007c0000000)
  eden space 128000K, 100% used [0x000000076de00000,0x0000000775b00000,0x0000000775b00000)
  from space 10240K, 99% used [0x0000000776500000,0x0000000776eff420,0x0000000776f00000)
  to   space 10240K, 0% used [0x0000000775b00000,0x0000000775b00000,0x0000000776500000)
 ParOldGen       total 169472K, used 12804K [0x00000006c9a00000, 0x00000006d3f80000, 0x000000076de00000)
  object space 169472K, 7% used [0x00000006c9a00000,0x00000006ca681070,0x00000006d3f80000)
 Metaspace       used 9796K, capacity 9936K, committed 9984K, reserved 1058816K
  class space    used 987K, capacity 1010K, committed 1024K, reserved 1048576K
Event: 2,946 GC heap after
Heap after GC invocations=3 (full 0):
 PSYoungGen      total 138240K, used 10235K [0x000000076de00000, 0x000000077ec00000, 0x00000007c0000000)
  eden space 128000K, 0% used [0x000000076de00000,0x000000076de00000,0x0000000775b00000)
  from space 10240K, 99% used [0x0000000775b00000,0x00000007764fee30,0x0000000776500000)
  to   space 10240K, 0% used [0x000000077e200000,0x000000077e200000,0x000000077ec00000)
 ParOldGen       total 169472K, used 16989K [0x00000006c9a00000, 0x00000006d3f80000, 0x000000076de00000)
  object space 169472K, 10% used [0x00000006c9a00000,0x00000006caa97418,0x00000006d3f80000)
 Metaspace       used 9796K, capacity 9936K, committed 9984K, reserved 1058816K
  class space    used 987K, capacity 1010K, committed 1024K, reserved 1048576K
}
Event: 3,894 GC heap before
{Heap before GC invocations=4 (full 0):
 PSYoungGen      total 138240K, used 138235K [0x000000076de00000, 0x000000077ec00000, 0x00000007c0000000)
  eden space 128000K, 100% used [0x000000076de00000,0x0000000775b00000,0x0000000775b00000)
  from space 10240K, 99% used [0x0000000775b00000,0x00000007764fee30,0x0000000776500000)
  to   space 10240K, 0% used [0x000000077e200000,0x000000077e200000,0x000000077ec00000)
 ParOldGen       total 169472K, used 16989K [0x00000006c9a00000, 0x00000006d3f80000, 0x000000076de00000)
  object space 169472K, 10% used [0x00000006c9a00000,0x00000006caa97418,0x00000006d3f80000)
 Metaspace       used 11438K, capacity 11504K, committed 11776K, reserved 1060864K
  class space    used 1143K, capacity 1170K, committed 1280K, reserved 1048576K
Event: 3,943 GC heap after
Heap after GC invocations=4 (full 0):
 PSYoungGen      total 266240K, used 10228K [0x000000076de00000, 0x000000077ec00000, 0x00000007c0000000)
  eden space 256000K, 0% used [0x000000076de00000,0x000000076de00000,0x000000077d800000)
  from space 10240K, 99% used [0x000000077e200000,0x000000077ebfd068,0x000000077ec00000)
  to   space 10240K, 0% used [0x000000077d800000,0x000000077d800000,0x000000077e200000)
 ParOldGen       total 169472K, used 22203K [0x00000006c9a00000, 0x00000006d3f80000, 0x000000076de00000)
  object space 169472K, 13% used [0x00000006c9a00000,0x00000006cafaec98,0x00000006d3f80000)
 Metaspace       used 11438K, capacity 11504K, committed 11776K, reserved 1060864K
  class space    used 1143K, capacity 1170K, committed 1280K, reserved 1048576K
}
Event: 6,505 GC heap before
{Heap before GC invocations=5 (full 0):
 PSYoungGen      total 266240K, used 266228K [0x000000076de00000, 0x000000077ec00000, 0x00000007c0000000)
  eden space 256000K, 100% used [0x000000076de00000,0x000000077d800000,0x000000077d800000)
  from space 10240K, 99% used [0x000000077e200000,0x000000077ebfd068,0x000000077ec00000)
  to   space 10240K, 0% used [0x000000077d800000,0x000000077d800000,0x000000077e200000)
 ParOldGen       total 169472K, used 22203K [0x00000006c9a00000, 0x00000006d3f80000, 0x000000076de00000)
  object space 169472K, 13% used [0x00000006c9a00000,0x00000006cafaec98,0x00000006d3f80000)
 Metaspace       used 11597K, capacity 11696K, committed 12032K, reserved 1060864K
  class space    used 1143K, capacity 1170K, committed 1280K, reserved 1048576K

Deoptimization events (10 events):
Event: 3,670 Thread 0x00007faa3000a800 Uncommon trap: reason=class_check action=maybe_recompile pc=0x00007faa2178a7c4 method=com.strobel.assembler.metadata.MetadataSystem.resolveCore(Lcom/strobel/assembler/metadata/TypeReference;)Lcom/strobel/assembler/metadata/TypeDefinition; @ 13
Event: 3,670 Thread 0x00007faa3000a800 Uncommon trap: reason=class_check action=maybe_recompile pc=0x00007faa21828c18 method=com.strobel.assembler.metadata.CoreMetadataFactory$UnresolvedType.resolve()Lcom/strobel/assembler/metadata/TypeDefinition; @ 8
Event: 3,671 Thread 0x00007faa3000a800 Uncommon trap: reason=class_check action=maybe_recompile pc=0x00007faa2178a7c4 method=com.strobel.assembler.metadata.MetadataSystem.resolveCore(Lcom/strobel/assembler/metadata/TypeReference;)Lcom/strobel/assembler/metadata/TypeDefinition; @ 13
Event: 3,671 Thread 0x00007faa3000a800 Uncommon trap: reason=class_check action=maybe_recompile pc=0x00007faa2178a7c4 method=com.strobel.assembler.metadata.MetadataSystem.resolveCore(Lcom/strobel/assembler/metadata/TypeReference;)Lcom/strobel/assembler/metadata/TypeDefinition; @ 13
Event: 3,876 Thread 0x00007faa3000a800 Uncommon trap: reason=unstable_if action=reinterpret pc=0x00007faa2161e260 method=java.util.regex.Matcher.search(I)Z @ 91
Event: 4,130 Thread 0x00007faa3000a800 Uncommon trap: reason=unstable_if action=reinterpret pc=0x00007faa21e11cc0 method=com.strobel.decompiler.ast.TypeAnalysis.doInferTypeForExpression(Lcom/strobel/decompiler/ast/Expression;Lcom/strobel/assembler/metadata/TypeReference;ZI)Lcom/strobel/assembl
Event: 4,239 Thread 0x00007faa3000a800 Uncommon trap: reason=null_check action=make_not_entrant pc=0x00007faa21f69e00 method=com.strobel.core.VerifyArgument.notInstanceOf(Ljava/lang/Class;Ljava/lang/Object;Ljava/lang/String;)Ljava/lang/Object; @ 15
Event: 4,239 Thread 0x00007faa3000a800 Uncommon trap: reason=null_check action=make_not_entrant pc=0x00007faa21f68cb4 method=com.strobel.core.VerifyArgument.notInstanceOf(Ljava/lang/Class;Ljava/lang/Object;Ljava/lang/String;)Ljava/lang/Object; @ 15
Event: 5,007 Thread 0x00007faa3000a800 Uncommon trap: reason=class_check action=maybe_recompile pc=0x00007faa21f69674 method=com.strobel.decompiler.ast.PatternMatching.matchEmptyReturn(Lcom/strobel/decompiler/ast/Node;)Z @ 65
Event: 5,075 Thread 0x00007faa3000a800 Uncommon trap: reason=class_check action=maybe_recompile pc=0x00007faa21f69674 method=com.strobel.decompiler.ast.PatternMatching.matchEmptyReturn(Lcom/strobel/decompiler/ast/Node;)Z @ 65

Classes redefined (0 events):
No events

Internal exceptions (10 events):
Event: 0,279 Thread 0x00007faa3000a800 Exception <a 'java/lang/ArrayIndexOutOfBoundsException'> (0x000000076e6d93e8) thrown at [/build/openjdk-8-RKFhH1/openjdk-8-8u292-b10/src/hotspot/src/share/vm/runtime/sharedRuntime.cpp, line 609]
Event: 0,279 Thread 0x00007faa3000a800 Exception <a 'java/lang/ArrayIndexOutOfBoundsException'> (0x000000076e6da158) thrown at [/build/openjdk-8-RKFhH1/openjdk-8-8u292-b10/src/hotspot/src/share/vm/runtime/sharedRuntime.cpp, line 609]
Event: 0,279 Thread 0x00007faa3000a800 Exception <a 'java/lang/ArrayIndexOutOfBoundsException'> (0x000000076e6dacf8) thrown at [/build/openjdk-8-RKFhH1/openjdk-8-8u292-b10/src/hotspot/src/share/vm/runtime/sharedRuntime.cpp, line 609]
Event: 0,279 Thread 0x00007faa3000a800 Exception <a 'java/lang/ArrayIndexOutOfBoundsException'> (0x000000076e6dbb10) thrown at [/build/openjdk-8-RKFhH1/openjdk-8-8u292-b10/src/hotspot/src/share/vm/runtime/sharedRuntime.cpp, line 609]
Event: 0,506 Thread 0x00007faa3000a800 Exception <a 'java/security/PrivilegedActionException'> (0x000000076f5c7b08) thrown at [/build/openjdk-8-RKFhH1/openjdk-8-8u292-b10/src/hotspot/src/share/vm/prims/jvm.cpp, line 1523]
Event: 0,506 Thread 0x00007faa3000a800 Exception <a 'java/security/PrivilegedActionException'> (0x000000076f5c7f00) thrown at [/build/openjdk-8-RKFhH1/openjdk-8-8u292-b10/src/hotspot/src/share/vm/prims/jvm.cpp, line 1523]
Event: 0,507 Thread 0x00007faa3000a800 Exception <a 'java/security/PrivilegedActionException'> (0x000000076f5ca9f0) thrown at [/build/openjdk-8-RKFhH1/openjdk-8-8u292-b10/src/hotspot/src/share/vm/prims/jvm.cpp, line 1523]
Event: 0,507 Thread 0x00007faa3000a800 Exception <a 'java/security/PrivilegedActionException'> (0x000000076f5cade8) thrown at [/build/openjdk-8-RKFhH1/openjdk-8-8u292-b10/src/hotspot/src/share/vm/prims/jvm.cpp, line 1523]
Event: 4,239 Thread 0x00007faa3000a800 Implicit null exception at 0x00007faa21f69c55 to 0x00007faa21f69ded
Event: 4,239 Thread 0x00007faa3000a800 Implicit null exception at 0x00007faa21f68bfb to 0x00007faa21f68ca1

Events (10 events):
Event: 5,283 Thread 0x00007faa3000a800 DEOPT UNPACKING pc=0x00007faa210474c4 sp=0x00007faa37b20590 mode 0
Event: 5,287 Thread 0x00007faa3000a800 DEOPT PACKING pc=0x00007faa21b14f55 sp=0x00007faa37b207a0
Event: 5,287 Thread 0x00007faa3000a800 DEOPT UNPACKING pc=0x00007faa210474c4 sp=0x00007faa37b20590 mode 0
Event: 5,532 Thread 0x00007faa3000a800 DEOPT PACKING pc=0x00007faa219250f2 sp=0x00007faa37b207a0
Event: 5,532 Thread 0x00007faa3000a800 DEOPT UNPACKING pc=0x00007faa210474c4 sp=0x00007faa37b20590 mode 0
Event: 5,536 Thread 0x00007faa3000a800 DEOPT PACKING pc=0x00007faa21b14f55 sp=0x00007faa37b20600
Event: 5,536 Thread 0x00007faa3000a800 DEOPT UNPACKING pc=0x00007faa210474c4 sp=0x00007faa37b203f0 mode 0
Event: 5,920 Thread 0x00007faa3000a800 DEOPT PACKING pc=0x00007faa21b14f55 sp=0x00007faa37b20600
Event: 5,920 Thread 0x00007faa3000a800 DEOPT UNPACKING pc=0x00007faa210474c4 sp=0x00007faa37b203f0 mode 0
Event: 6,504 Executing VM operation: ParallelGCFailedAllocation


Dynamic libraries:
6c9a00000-6d3f80000 rw-p 00000000 00:00 0 
6d3f80000-76de00000 ---p 00000000 00:00 0 
76de00000-77ec00000 rw-p 00000000 00:00 0 
78f800000-7c0000000 ---p 00000000 00:00 0 
7c0000000-7c0140000 rw-p 00000000 00:00 0 
7c0140000-800000000 ---p 00000000 00:00 0 
5632ef17e000-5632ef17f000 r-xp 00000000 103:06 1841257                   /usr/lib/jvm/java-8-openjdk-amd64/jre/bin/java
5632ef37e000-5632ef37f000 r--p 00000000 103:06 1841257                   /usr/lib/jvm/java-8-openjdk-amd64/jre/bin/java
5632ef37f000-5632ef380000 rw-p 00001000 103:06 1841257                   /usr/lib/jvm/java-8-openjdk-amd64/jre/bin/java
5632f11d6000-5632f11f7000 rw-p 00000000 00:00 0                          [heap]
7fa9b4000000-7fa9b4021000 rw-p 00000000 00:00 0 
7fa9b4021000-7fa9b8000000 ---p 00000000 00:00 0 
7fa9bc000000-7fa9bd883000 rw-p 00000000 00:00 0 
7fa9bd883000-7fa9c0000000 ---p 00000000 00:00 0 
7fa9c0000000-7fa9c0021000 rw-p 00000000 00:00 0 
7fa9c0021000-7fa9c4000000 ---p 00000000 00:00 0 
7fa9c4000000-7fa9c4dd3000 rw-p 00000000 00:00 0 
7fa9c4dd3000-7fa9c8000000 ---p 00000000 00:00 0 
7fa9c8000000-7fa9c8edb000 rw-p 00000000 00:00 0 
7fa9c8edb000-7fa9cc000000 ---p 00000000 00:00 0 
7fa9cc000000-7fa9cc021000 rw-p 00000000 00:00 0 
7fa9cc021000-7fa9d0000000 ---p 00000000 00:00 0 
7fa9d0000000-7fa9d12cc000 rw-p 00000000 00:00 0 
7fa9d12cc000-7fa9d4000000 ---p 00000000 00:00 0 
7fa9d4000000-7fa9d4021000 rw-p 00000000 00:00 0 
7fa9d4021000-7fa9d8000000 ---p 00000000 00:00 0 
7fa9d8000000-7fa9d8021000 rw-p 00000000 00:00 0 
7fa9d8021000-7fa9dc000000 ---p 00000000 00:00 0 
7fa9dc000000-7fa9dc021000 rw-p 00000000 00:00 0 
7fa9dc021000-7fa9e0000000 ---p 00000000 00:00 0 
7fa9e04d0000-7fa9e8000000 rw-p 00000000 00:00 0 
7fa9e8000000-7fa9e8021000 rw-p 00000000 00:00 0 
7fa9e8021000-7fa9ec000000 ---p 00000000 00:00 0 
7fa9ec000000-7fa9ec021000 rw-p 00000000 00:00 0 
7fa9ec021000-7fa9f0000000 ---p 00000000 00:00 0 
7fa9f0000000-7fa9f0021000 rw-p 00000000 00:00 0 
7fa9f0021000-7fa9f4000000 ---p 00000000 00:00 0 
7fa9f8000000-7fa9f8021000 rw-p 00000000 00:00 0 
7fa9f8021000-7fa9fc000000 ---p 00000000 00:00 0 
7faa00000000-7faa00021000 rw-p 00000000 00:00 0 
7faa00021000-7faa04000000 ---p 00000000 00:00 0 
7faa08000000-7faa08021000 rw-p 00000000 00:00 0 
7faa08021000-7faa0c000000 ---p 00000000 00:00 0 
7faa10000000-7faa10021000 rw-p 00000000 00:00 0 
7faa10021000-7faa14000000 ---p 00000000 00:00 0 
7faa1755a000-7faa175da000 rw-p 00000000 00:00 0 
7faa175da000-7faa1775a000 ---p 00000000 00:00 0 
7faa178d3000-7faa17ad3000 rw-p 00000000 00:00 0 
7faa17ad3000-7faa17aeb000 r-xp 00000000 103:06 1840354                   /usr/lib/jvm/java-8-openjdk-amd64/jre/lib/amd64/libnet.so
7faa17aeb000-7faa17cea000 ---p 00018000 103:06 1840354                   /usr/lib/jvm/java-8-openjdk-amd64/jre/lib/amd64/libnet.so
7faa17cea000-7faa17ceb000 r--p 00017000 103:06 1840354                   /usr/lib/jvm/java-8-openjdk-amd64/jre/lib/amd64/libnet.so
7faa17ceb000-7faa17cec000 rw-p 00018000 103:06 1840354                   /usr/lib/jvm/java-8-openjdk-amd64/jre/lib/amd64/libnet.so
7faa17cec000-7faa17cfe000 r-xp 00000000 103:06 1840350                   /usr/lib/jvm/java-8-openjdk-amd64/jre/lib/amd64/libnio.so
7faa17cfe000-7faa17efd000 ---p 00012000 103:06 1840350                   /usr/lib/jvm/java-8-openjdk-amd64/jre/lib/amd64/libnio.so
7faa17efd000-7faa17efe000 r--p 00011000 103:06 1840350                   /usr/lib/jvm/java-8-openjdk-amd64/jre/lib/amd64/libnio.so
7faa17efe000-7faa17eff000 rw-p 00012000 103:06 1840350                   /usr/lib/jvm/java-8-openjdk-amd64/jre/lib/amd64/libnio.so
7faa17eff000-7faa17f00000 ---p 00000000 00:00 0 
7faa17f00000-7faa18000000 rw-p 00000000 00:00 0 
7faa18000000-7faa18021000 rw-p 00000000 00:00 0 
7faa18021000-7faa1c000000 ---p 00000000 00:00 0 
7faa1c016000-7faa1c029000 r--s 0034b000 103:06 1840383                   /usr/lib/jvm/java-8-openjdk-amd64/jre/lib/resources.jar
7faa1c029000-7faa1c045000 r--s 00194000 103:06 1853800                   /home/khuebc/malware/Interprocedural-CFG/ICFGCreator_duplicated/decompiler.jar
7faa1c045000-7faa1c060000 r--s 001d6000 103:06 1840331                   /usr/lib/jvm/java-8-openjdk-amd64/jre/lib/ext/nashorn.jar
7faa1c060000-7faa1c063000 ---p 00000000 00:00 0 
7faa1c063000-7faa1c161000 rw-p 00000000 00:00 0 
7faa1c161000-7faa1c164000 ---p 00000000 00:00 0 
7faa1c164000-7faa1c262000 rw-p 00000000 00:00 0 
7faa1c262000-7faa1c265000 ---p 00000000 00:00 0 
7faa1c265000-7faa1c363000 rw-p 00000000 00:00 0 
7faa1c363000-7faa1c366000 ---p 00000000 00:00 0 
7faa1c366000-7faa1c464000 rw-p 00000000 00:00 0 
7faa1c464000-7faa1c467000 ---p 00000000 00:00 0 
7faa1c467000-7faa1c565000 rw-p 00000000 00:00 0 
7faa1c565000-7faa1c568000 ---p 00000000 00:00 0 
7faa1c568000-7faa1c666000 rw-p 00000000 00:00 0 
7faa1c666000-7faa1cabc000 r--p 00000000 103:06 1850669                   /usr/lib/locale/locale-archive
7faa1cabc000-7faa1cabf000 ---p 00000000 00:00 0 
7faa1cabf000-7faa1cbbd000 rw-p 00000000 00:00 0 
7faa1cbbd000-7faa1cbc0000 ---p 00000000 00:00 0 
7faa1cbc0000-7faa1ccbe000 rw-p 00000000 00:00 0 
7faa1ccbe000-7faa1ccbf000 ---p 00000000 00:00 0 
7faa1ccbf000-7faa1e928000 rw-p 00000000 00:00 0 
7faa1e928000-7faa1eaf9000 r--s 03ca5000 103:06 1840307                   /usr/lib/jvm/java-8-openjdk-amd64/jre/lib/rt.jar
7faa1eaf9000-7faa1fb22000 rw-p 00000000 00:00 0 
7faa1fb22000-7faa1fb23000 ---p 00000000 00:00 0 
7faa1fb23000-7faa1fc23000 rw-p 00000000 00:00 0 
7faa1fc23000-7faa1fc24000 ---p 00000000 00:00 0 
7faa1fc24000-7faa1fd24000 rw-p 00000000 00:00 0 
7faa1fd24000-7faa1fd25000 ---p 00000000 00:00 0 
7faa1fd25000-7faa1fe25000 rw-p 00000000 00:00 0 
7faa1fe25000-7faa1fe26000 ---p 00000000 00:00 0 
7faa1fe26000-7faa1ff26000 rw-p 00000000 00:00 0 
7faa1ff26000-7faa1ff27000 ---p 00000000 00:00 0 
7faa1ff27000-7faa20027000 rw-p 00000000 00:00 0 
7faa20027000-7faa20028000 ---p 00000000 00:00 0 
7faa20028000-7faa20128000 rw-p 00000000 00:00 0 
7faa20128000-7faa20129000 ---p 00000000 00:00 0 
7faa20129000-7faa20229000 rw-p 00000000 00:00 0 
7faa20229000-7faa2022a000 ---p 00000000 00:00 0 
7faa2022a000-7faa2037d000 rw-p 00000000 00:00 0 
7faa2037d000-7faa2084c000 ---p 00000000 00:00 0 
7faa2084c000-7faa2089f000 rw-p 00000000 00:00 0 
7faa2089f000-7faa20d6e000 ---p 00000000 00:00 0 
7faa20d6e000-7faa20df5000 rw-p 00000000 00:00 0 
7faa20df5000-7faa20fff000 ---p 00000000 00:00 0 
7faa20fff000-7faa21000000 rw-p 00000000 00:00 0 
7faa21000000-7faa221d0000 rwxp 00000000 00:00 0 
7faa221d0000-7faa30000000 ---p 00000000 00:00 0 
7faa30000000-7faa31305000 rw-p 00000000 00:00 0 
7faa31305000-7faa34000000 ---p 00000000 00:00 0 
7faa34009000-7faa34051000 rw-p 00000000 00:00 0 
7faa34051000-7faa343c9000 ---p 00000000 00:00 0 
7faa343c9000-7faa343d1000 r-xp 00000000 103:06 1840353                   /usr/lib/jvm/java-8-openjdk-amd64/jre/lib/amd64/libzip.so
7faa343d1000-7faa345d0000 ---p 00008000 103:06 1840353                   /usr/lib/jvm/java-8-openjdk-amd64/jre/lib/amd64/libzip.so
7faa345d0000-7faa345d1000 r--p 00007000 103:06 1840353                   /usr/lib/jvm/java-8-openjdk-amd64/jre/lib/amd64/libzip.so
7faa345d1000-7faa345d2000 rw-p 00008000 103:06 1840353                   /usr/lib/jvm/java-8-openjdk-amd64/jre/lib/amd64/libzip.so
7faa345d2000-7faa345dd000 r-xp 00000000 103:06 2883680                   /lib/x86_64-linux-gnu/libnss_files-2.23.so
7faa345dd000-7faa347dc000 ---p 0000b000 103:06 2883680                   /lib/x86_64-linux-gnu/libnss_files-2.23.so
7faa347dc000-7faa347dd000 r--p 0000a000 103:06 2883680                   /lib/x86_64-linux-gnu/libnss_files-2.23.so
7faa347dd000-7faa347de000 rw-p 0000b000 103:06 2883680                   /lib/x86_64-linux-gnu/libnss_files-2.23.so
7faa347de000-7faa347e4000 rw-p 00000000 00:00 0 
7faa347e4000-7faa347ef000 r-xp 00000000 103:06 2888850                   /lib/x86_64-linux-gnu/libnss_nis-2.23.so
7faa347ef000-7faa349ee000 ---p 0000b000 103:06 2888850                   /lib/x86_64-linux-gnu/libnss_nis-2.23.so
7faa349ee000-7faa349ef000 r--p 0000a000 103:06 2888850                   /lib/x86_64-linux-gnu/libnss_nis-2.23.so
7faa349ef000-7faa349f0000 rw-p 0000b000 103:06 2888850                   /lib/x86_64-linux-gnu/libnss_nis-2.23.so
7faa349f0000-7faa34a06000 r-xp 00000000 103:06 2888851                   /lib/x86_64-linux-gnu/libnsl-2.23.so
7faa34a06000-7faa34c05000 ---p 00016000 103:06 2888851                   /lib/x86_64-linux-gnu/libnsl-2.23.so
7faa34c05000-7faa34c06000 r--p 00015000 103:06 2888851                   /lib/x86_64-linux-gnu/libnsl-2.23.so
7faa34c06000-7faa34c07000 rw-p 00016000 103:06 2888851                   /lib/x86_64-linux-gnu/libnsl-2.23.so
7faa34c07000-7faa34c09000 rw-p 00000000 00:00 0 
7faa34c09000-7faa34c11000 r-xp 00000000 103:06 2888853                   /lib/x86_64-linux-gnu/libnss_compat-2.23.so
7faa34c11000-7faa34e10000 ---p 00008000 103:06 2888853                   /lib/x86_64-linux-gnu/libnss_compat-2.23.so
7faa34e10000-7faa34e11000 r--p 00007000 103:06 2888853                   /lib/x86_64-linux-gnu/libnss_compat-2.23.so
7faa34e11000-7faa34e12000 rw-p 00008000 103:06 2888853                   /lib/x86_64-linux-gnu/libnss_compat-2.23.so
7faa34e12000-7faa34e3c000 r-xp 00000000 103:06 1840360                   /usr/lib/jvm/java-8-openjdk-amd64/jre/lib/amd64/libjava.so
7faa34e3c000-7faa3503b000 ---p 0002a000 103:06 1840360                   /usr/lib/jvm/java-8-openjdk-amd64/jre/lib/amd64/libjava.so
7faa3503b000-7faa3503c000 r--p 00029000 103:06 1840360                   /usr/lib/jvm/java-8-openjdk-amd64/jre/lib/amd64/libjava.so
7faa3503c000-7faa3503e000 rw-p 0002a000 103:06 1840360                   /usr/lib/jvm/java-8-openjdk-amd64/jre/lib/amd64/libjava.so
7faa3503e000-7faa3504d000 r-xp 00000000 103:06 1840358                   /usr/lib/jvm/java-8-openjdk-amd64/jre/lib/amd64/libverify.so
7faa3504d000-7faa3524c000 ---p 0000f000 103:06 1840358                   /usr/lib/jvm/java-8-openjdk-amd64/jre/lib/amd64/libverify.so
7faa3524c000-7faa3524e000 r--p 0000e000 103:06 1840358                   /usr/lib/jvm/java-8-openjdk-amd64/jre/lib/amd64/libverify.so
7faa3524e000-7faa3524f000 rw-p 00010000 103:06 1840358                   /usr/lib/jvm/java-8-openjdk-amd64/jre/lib/amd64/libverify.so
7faa3524f000-7faa35256000 r-xp 00000000 103:06 2883679                   /lib/x86_64-linux-gnu/librt-2.23.so
7faa35256000-7faa35455000 ---p 00007000 103:06 2883679                   /lib/x86_64-linux-gnu/librt-2.23.so
7faa35455000-7faa35456000 r--p 00006000 103:06 2883679                   /lib/x86_64-linux-gnu/librt-2.23.so
7faa35456000-7faa35457000 rw-p 00007000 103:06 2883679                   /lib/x86_64-linux-gnu/librt-2.23.so
7faa35457000-7faa3546d000 r-xp 00000000 103:06 2889166                   /lib/x86_64-linux-gnu/libgcc_s.so.1
7faa3546d000-7faa3566c000 ---p 00016000 103:06 2889166                   /lib/x86_64-linux-gnu/libgcc_s.so.1
7faa3566c000-7faa3566d000 rw-p 00015000 103:06 2889166                   /lib/x86_64-linux-gnu/libgcc_s.so.1
7faa3566d000-7faa35775000 r-xp 00000000 103:06 2888805                   /lib/x86_64-linux-gnu/libm-2.23.so
7faa35775000-7faa35974000 ---p 00108000 103:06 2888805                   /lib/x86_64-linux-gnu/libm-2.23.so
7faa35974000-7faa35975000 r--p 00107000 103:06 2888805                   /lib/x86_64-linux-gnu/libm-2.23.so
7faa35975000-7faa35976000 rw-p 00108000 103:06 2888805                   /lib/x86_64-linux-gnu/libm-2.23.so
7faa35976000-7faa35ae8000 r-xp 00000000 103:06 1846201                   /usr/lib/x86_64-linux-gnu/libstdc++.so.6.0.21
7faa35ae8000-7faa35ce8000 ---p 00172000 103:06 1846201                   /usr/lib/x86_64-linux-gnu/libstdc++.so.6.0.21
7faa35ce8000-7faa35cf2000 r--p 00172000 103:06 1846201                   /usr/lib/x86_64-linux-gnu/libstdc++.so.6.0.21
7faa35cf2000-7faa35cf4000 rw-p 0017c000 103:06 1846201                   /usr/lib/x86_64-linux-gnu/libstdc++.so.6.0.21
7faa35cf4000-7faa35cf8000 rw-p 00000000 00:00 0 
7faa35cf8000-7faa36a1e000 r-xp 00000000 103:06 1840377                   /usr/lib/jvm/java-8-openjdk-amd64/jre/lib/amd64/server/libjvm.so
7faa36a1e000-7faa36c1d000 ---p 00d26000 103:06 1840377                   /usr/lib/jvm/java-8-openjdk-amd64/jre/lib/amd64/server/libjvm.so
7faa36c1d000-7faa36cb3000 r--p 00d25000 103:06 1840377                   /usr/lib/jvm/java-8-openjdk-amd64/jre/lib/amd64/server/libjvm.so
7faa36cb3000-7faa36cdc000 rw-p 00dbb000 103:06 1840377                   /usr/lib/jvm/java-8-openjdk-amd64/jre/lib/amd64/server/libjvm.so
7faa36cdc000-7faa36d0f000 rw-p 00000000 00:00 0 
7faa36d0f000-7faa36d27000 r-xp 00000000 103:06 2883671                   /lib/x86_64-linux-gnu/libpthread-2.23.so
7faa36d27000-7faa36f26000 ---p 00018000 103:06 2883671                   /lib/x86_64-linux-gnu/libpthread-2.23.so
7faa36f26000-7faa36f27000 r--p 00017000 103:06 2883671                   /lib/x86_64-linux-gnu/libpthread-2.23.so
7faa36f27000-7faa36f28000 rw-p 00018000 103:06 2883671                   /lib/x86_64-linux-gnu/libpthread-2.23.so
7faa36f28000-7faa36f2c000 rw-p 00000000 00:00 0 
7faa36f2c000-7faa36f2f000 r-xp 00000000 103:06 2883676                   /lib/x86_64-linux-gnu/libdl-2.23.so
7faa36f2f000-7faa3712e000 ---p 00003000 103:06 2883676                   /lib/x86_64-linux-gnu/libdl-2.23.so
7faa3712e000-7faa3712f000 r--p 00002000 103:06 2883676                   /lib/x86_64-linux-gnu/libdl-2.23.so
7faa3712f000-7faa37130000 rw-p 00003000 103:06 2883676                   /lib/x86_64-linux-gnu/libdl-2.23.so
7faa37130000-7faa37149000 r-xp 00000000 103:06 2889319                   /lib/x86_64-linux-gnu/libz.so.1.2.8
7faa37149000-7faa37348000 ---p 00019000 103:06 2889319                   /lib/x86_64-linux-gnu/libz.so.1.2.8
7faa37348000-7faa37349000 r--p 00018000 103:06 2889319                   /lib/x86_64-linux-gnu/libz.so.1.2.8
7faa37349000-7faa3734a000 rw-p 00019000 103:06 2889319                   /lib/x86_64-linux-gnu/libz.so.1.2.8
7faa3734a000-7faa3750a000 r-xp 00000000 103:06 2888852                   /lib/x86_64-linux-gnu/libc-2.23.so
7faa3750a000-7faa3770a000 ---p 001c0000 103:06 2888852                   /lib/x86_64-linux-gnu/libc-2.23.so
7faa3770a000-7faa3770e000 r--p 001c0000 103:06 2888852                   /lib/x86_64-linux-gnu/libc-2.23.so
7faa3770e000-7faa37710000 rw-p 001c4000 103:06 2888852                   /lib/x86_64-linux-gnu/libc-2.23.so
7faa37710000-7faa37714000 rw-p 00000000 00:00 0 
7faa37714000-7faa37722000 r-xp 00000000 103:06 1840366                   /usr/lib/jvm/java-8-openjdk-amd64/jre/lib/amd64/jli/libjli.so
7faa37722000-7faa37921000 ---p 0000e000 103:06 1840366                   /usr/lib/jvm/java-8-openjdk-amd64/jre/lib/amd64/jli/libjli.so
7faa37921000-7faa37922000 r--p 0000d000 103:06 1840366                   /usr/lib/jvm/java-8-openjdk-amd64/jre/lib/amd64/jli/libjli.so
7faa37922000-7faa37923000 rw-p 0000e000 103:06 1840366                   /usr/lib/jvm/java-8-openjdk-amd64/jre/lib/amd64/jli/libjli.so
7faa37923000-7faa37949000 r-xp 00000000 103:06 2883681                   /lib/x86_64-linux-gnu/ld-2.23.so
7faa3794b000-7faa3794e000 r--s 00014000 103:06 1851110                   /home/khuebc/malware/Interprocedural-CFG/ICFGCreator_duplicated/GeneratedDotFiles/antcommonsnet.jar
7faa3794e000-7faa37954000 r--s 0003d000 103:06 1840337                   /usr/lib/jvm/java-8-openjdk-amd64/jre/lib/ext/sunjce_provider.jar
7faa37954000-7faa3795f000 r--s 00116000 103:06 1840333                   /usr/lib/jvm/java-8-openjdk-amd64/jre/lib/ext/localedata.jar
7faa3795f000-7faa3797a000 r--s 00394000 103:06 1840329                   /usr/lib/jvm/java-8-openjdk-amd64/jre/lib/ext/cldrdata.jar
7faa3797a000-7faa37a22000 rw-p 00000000 00:00 0 
7faa37a22000-7faa37a25000 ---p 00000000 00:00 0 
7faa37a25000-7faa37b27000 rw-p 00000000 00:00 0 
7faa37b29000-7faa37b2c000 r--s 0000f000 103:06 1840335                   /usr/lib/jvm/java-8-openjdk-amd64/jre/lib/ext/icedtea-sound.jar
7faa37b2c000-7faa37b2e000 r--s 00001000 103:06 1840336                   /usr/lib/jvm/java-8-openjdk-amd64/jre/lib/ext/dnsns.jar
7faa37b2e000-7faa37b32000 r--s 00040000 103:06 1840334                   /usr/lib/jvm/java-8-openjdk-amd64/jre/lib/ext/sunpkcs11.jar
7faa37b32000-7faa37b34000 r--s 00008000 103:06 1840328                   /usr/lib/jvm/java-8-openjdk-amd64/jre/lib/ext/sunec.jar
7faa37b34000-7faa37b35000 r--s 0000a000 103:06 1840332                   /usr/lib/jvm/java-8-openjdk-amd64/jre/lib/ext/jaccess.jar
7faa37b35000-7faa37b37000 r--s 00010000 103:06 1840330                   /usr/lib/jvm/java-8-openjdk-amd64/jre/lib/ext/zipfs.jar
7faa37b37000-7faa37b3d000 r--s 000d3000 103:06 1840315                   /usr/lib/jvm/java-8-openjdk-amd64/jre/lib/jfr.jar
7faa37b3d000-7faa37b45000 rw-s 00000000 103:06 3290836                   /tmp/hsperfdata_khuebc/13238
7faa37b45000-7faa37b46000 rw-p 00000000 00:00 0 
7faa37b46000-7faa37b47000 ---p 00000000 00:00 0 
7faa37b47000-7faa37b48000 rw-p 00000000 00:00 0 
7faa37b48000-7faa37b49000 r--p 00025000 103:06 2883681                   /lib/x86_64-linux-gnu/ld-2.23.so
7faa37b49000-7faa37b4a000 rw-p 00026000 103:06 2883681                   /lib/x86_64-linux-gnu/ld-2.23.so
7faa37b4a000-7faa37b4b000 rw-p 00000000 00:00 0 
7fff1fd44000-7fff1fd66000 rw-p 00000000 00:00 0                          [stack]
7fff1fdcd000-7fff1fdd0000 r--p 00000000 00:00 0                          [vvar]
7fff1fdd0000-7fff1fdd2000 r-xp 00000000 00:00 0                          [vdso]
ffffffffff600000-ffffffffff601000 r-xp 00000000 00:00 0                  [vsyscall]

VM Arguments:
java_command: decompiler.jar /home/khuebc/malware/Interprocedural-CFG/ICFGCreator_duplicated/GeneratedDotFiles/antcommonsnet.jar -o TempDecompiledJar/
java_class_path (initial): decompiler.jar
Launcher Type: SUN_STANDARD

Environment Variables:
JAVA_HOME=/usr/lib/jvm/java-8-openjdk-amd64
PATH=/home/khuebc/bin:/home/khuebc/.local/bin:/usr/local/sbin:/usr/local/bin:/usr/sbin:/usr/bin:/sbin:/bin:/usr/games:/usr/local/games:/snap/bin:/home/khuebc/bin:/usr/lib/jvm/java-1.8.0-openjdk-amd64/bin
SHELL=/bin/bash
DISPLAY=:0

Signal Handlers:
SIGSEGV: [libjvm.so+0xb1f1b0], sa_mask[0]=11111111011111111101111111111110, sa_flags=SA_RESTART|SA_SIGINFO
SIGBUS: [libjvm.so+0xb1f1b0], sa_mask[0]=11111111011111111101111111111110, sa_flags=SA_RESTART|SA_SIGINFO
SIGFPE: [libjvm.so+0x956cf0], sa_mask[0]=11111111011111111101111111111110, sa_flags=SA_RESTART|SA_SIGINFO
SIGPIPE: [libjvm.so+0x956cf0], sa_mask[0]=11111111011111111101111111111110, sa_flags=SA_RESTART|SA_SIGINFO
SIGXFSZ: [libjvm.so+0x956cf0], sa_mask[0]=11111111011111111101111111111110, sa_flags=SA_RESTART|SA_SIGINFO
SIGILL: [libjvm.so+0x956cf0], sa_mask[0]=11111111011111111101111111111110, sa_flags=SA_RESTART|SA_SIGINFO
SIGUSR1: SIG_DFL, sa_mask[0]=00000000000000000000000000000000, sa_flags=none
SIGUSR2: [libjvm.so+0x956ba0], sa_mask[0]=00000000000000000000000000000000, sa_flags=SA_RESTART|SA_SIGINFO
SIGHUP: [libjvm.so+0x957230], sa_mask[0]=11111111011111111101111111111110, sa_flags=SA_RESTART|SA_SIGINFO
SIGINT: [libjvm.so+0x957230], sa_mask[0]=11111111011111111101111111111110, sa_flags=SA_RESTART|SA_SIGINFO
SIGTERM: [libjvm.so+0x957230], sa_mask[0]=11111111011111111101111111111110, sa_flags=SA_RESTART|SA_SIGINFO
SIGQUIT: [libjvm.so+0x957230], sa_mask[0]=11111111011111111101111111111110, sa_flags=SA_RESTART|SA_SIGINFO


---------------  S Y S T E M  ---------------

OS:DISTRIB_ID=Ubuntu
DISTRIB_RELEASE=16.04
DISTRIB_CODENAME=xenial
DISTRIB_DESCRIPTION="Ubuntu 16.04.7 LTS"

uname:Linux 4.15.0-142-generic #146~16.04.1-Ubuntu SMP Tue Apr 13 09:27:15 UTC 2021 x86_64
libc:glibc 2.23 NPTL 2.23 
rlimit: STACK 8192k, CORE 0k, NPROC 62276, NOFILE 1048576, AS infinity
load average:85,74 30,53 17,86

/proc/meminfo:
MemTotal:       16139036 kB
MemFree:          243868 kB
MemAvailable:     152656 kB
Buffers:            4708 kB
Cached:          1976640 kB
SwapCached:            0 kB
Active:         13613524 kB
Inactive:        1786540 kB
Active(anon):   13594276 kB
Inactive(anon):  1735044 kB
Active(file):      19248 kB
Inactive(file):    51496 kB
Unevictable:         144 kB
Mlocked:             144 kB
SwapTotal:             0 kB
SwapFree:              0 kB
Dirty:                 0 kB
Writeback:         11432 kB
AnonPages:      13421624 kB
Mapped:           624900 kB
Shmem:           1907944 kB
Slab:             209484 kB
SReclaimable:      93236 kB
SUnreclaim:       116248 kB
KernelStack:       27056 kB
PageTables:       141604 kB
NFS_Unstable:          0 kB
Bounce:                0 kB
WritebackTmp:          0 kB
CommitLimit:     8069516 kB
Committed_AS:   32491372 kB
VmallocTotal:   34359738367 kB
VmallocUsed:           0 kB
VmallocChunk:          0 kB
HardwareCorrupted:     0 kB
AnonHugePages:         0 kB
ShmemHugePages:        0 kB
ShmemPmdMapped:        0 kB
CmaTotal:              0 kB
CmaFree:               0 kB
HugePages_Total:       0
HugePages_Free:        0
HugePages_Rsvd:        0
HugePages_Surp:        0
Hugepagesize:       2048 kB
DirectMap4k:      617300 kB
DirectMap2M:    15806464 kB
DirectMap1G:           0 kB

container (cgroup) information:
container_type: cgroupv1
cpu_cpuset_cpus: 0-7
cpu_memory_nodes: 0
active_processor_count: 8
cpu_quota: -1
cpu_period: 100000
cpu_shares: -1
memory_limit_in_bytes: -1
memory_and_swap_limit_in_bytes: -2
memory_soft_limit_in_bytes: -1
memory_usage_in_bytes: 15773110272
memory_max_usage_in_bytes: 12021760


CPU:total 8 (initial active 8) (4 cores per cpu, 2 threads per core) family 6 model 142 stepping 12, cmov, cx8, fxsr, mmx, sse, sse2, sse3, ssse3, sse4.1, sse4.2, popcnt, avx, avx2, aes, clmul, erms, 3dnowpref, lzcnt, ht, tsc, tscinvbit, bmi1, bmi2, adx

/proc/cpuinfo:
processor	: 0
vendor_id	: GenuineIntel
cpu family	: 6
model		: 142
model name	: Intel(R) Core(TM) i7-8565U CPU @ 1.80GHz
stepping	: 12
microcode	: 0xea
cpu MHz		: 3027.285
cache size	: 8192 KB
physical id	: 0
siblings	: 8
core id		: 0
cpu cores	: 4
apicid		: 0
initial apicid	: 0
fpu		: yes
fpu_exception	: yes
cpuid level	: 22
wp		: yes
flags		: fpu vme de pse tsc msr pae mce cx8 apic sep mtrr pge mca cmov pat pse36 clflush dts acpi mmx fxsr sse sse2 ss ht tm pbe syscall nx pdpe1gb rdtscp lm constant_tsc art arch_perfmon pebs bts rep_good nopl xtopology nonstop_tsc cpuid aperfmperf pni pclmulqdq dtes64 monitor ds_cpl vmx est tm2 ssse3 sdbg fma cx16 xtpr pdcm pcid sse4_1 sse4_2 x2apic movbe popcnt tsc_deadline_timer aes xsave avx f16c rdrand lahf_lm abm 3dnowprefetch cpuid_fault epb invpcid_single ssbd ibrs ibpb stibp ibrs_enhanced tpr_shadow vnmi flexpriority ept vpid fsgsbase tsc_adjust bmi1 avx2 smep bmi2 erms invpcid mpx rdseed adx smap clflushopt intel_pt xsaveopt xsavec xgetbv1 xsaves dtherm ida arat pln pts hwp hwp_notify hwp_act_window hwp_epp md_clear flush_l1d arch_capabilities
bugs		: spectre_v1 spectre_v2 spec_store_bypass swapgs itlb_multihit srbds
bogomips	: 3999.93
clflush size	: 64
cache_alignment	: 64
address sizes	: 39 bits physical, 48 bits virtual
power management:

processor	: 1
vendor_id	: GenuineIntel
cpu family	: 6
model		: 142
model name	: Intel(R) Core(TM) i7-8565U CPU @ 1.80GHz
stepping	: 12
microcode	: 0xea
cpu MHz		: 3027.206
cache size	: 8192 KB
physical id	: 0
siblings	: 8
core id		: 1
cpu cores	: 4
apicid		: 2
initial apicid	: 2
fpu		: yes
fpu_exception	: yes
cpuid level	: 22
wp		: yes
flags		: fpu vme de pse tsc msr pae mce cx8 apic sep mtrr pge mca cmov pat pse36 clflush dts acpi mmx fxsr sse sse2 ss ht tm pbe syscall nx pdpe1gb rdtscp lm constant_tsc art arch_perfmon pebs bts rep_good nopl xtopology nonstop_tsc cpuid aperfmperf pni pclmulqdq dtes64 monitor ds_cpl vmx est tm2 ssse3 sdbg fma cx16 xtpr pdcm pcid sse4_1 sse4_2 x2apic movbe popcnt tsc_deadline_timer aes xsave avx f16c rdrand lahf_lm abm 3dnowprefetch cpuid_fault epb invpcid_single ssbd ibrs ibpb stibp ibrs_enhanced tpr_shadow vnmi flexpriority ept vpid fsgsbase tsc_adjust bmi1 avx2 smep bmi2 erms invpcid mpx rdseed adx smap clflushopt intel_pt xsaveopt xsavec xgetbv1 xsaves dtherm ida arat pln pts hwp hwp_notify hwp_act_window hwp_epp md_clear flush_l1d arch_capabilities
bugs		: spectre_v1 spectre_v2 spec_store_bypass swapgs itlb_multihit srbds
bogomips	: 3999.93
clflush size	: 64
cache_alignment	: 64
address sizes	: 39 bits physical, 48 bits virtual
power management:

processor	: 2
vendor_id	: GenuineIntel
cpu family	: 6
model		: 142
model name	: Intel(R) Core(TM) i7-8565U CPU @ 1.80GHz
stepping	: 12
microcode	: 0xea
cpu MHz		: 3027.018
cache size	: 8192 KB
physical id	: 0
siblings	: 8
core id		: 2
cpu cores	: 4
apicid		: 4
initial apicid	: 4
fpu		: yes
fpu_exception	: yes
cpuid level	: 22
wp		: yes
flags		: fpu vme de pse tsc msr pae mce cx8 apic sep mtrr pge mca cmov pat pse36 clflush dts acpi mmx fxsr sse sse2 ss ht tm pbe syscall nx pdpe1gb rdtscp lm constant_tsc art arch_perfmon pebs bts rep_good nopl xtopology nonstop_tsc cpuid aperfmperf pni pclmulqdq dtes64 monitor ds_cpl vmx est tm2 ssse3 sdbg fma cx16 xtpr pdcm pcid sse4_1 sse4_2 x2apic movbe popcnt tsc_deadline_timer aes xsave avx f16c rdrand lahf_lm abm 3dnowprefetch cpuid_fault epb invpcid_single ssbd ibrs ibpb stibp ibrs_enhanced tpr_shadow vnmi flexpriority ept vpid fsgsbase tsc_adjust bmi1 avx2 smep bmi2 erms invpcid mpx rdseed adx smap clflushopt intel_pt xsaveopt xsavec xgetbv1 xsaves dtherm ida arat pln pts hwp hwp_notify hwp_act_window hwp_epp md_clear flush_l1d arch_capabilities
bugs		: spectre_v1 spectre_v2 spec_store_bypass swapgs itlb_multihit srbds
bogomips	: 3999.93
clflush size	: 64
cache_alignment	: 64
address sizes	: 39 bits physical, 48 bits virtual
power management:

processor	: 3
vendor_id	: GenuineIntel
cpu family	: 6
model		: 142
model name	: Intel(R) Core(TM) i7-8565U CPU @ 1.80GHz
stepping	: 12
microcode	: 0xea
cpu MHz		: 3026.821
cache size	: 8192 KB
physical id	: 0
siblings	: 8
core id		: 3
cpu cores	: 4
apicid		: 6
initial apicid	: 6
fpu		: yes
fpu_exception	: yes
cpuid level	: 22
wp		: yes
flags		: fpu vme de pse tsc msr pae mce cx8 apic sep mtrr pge mca cmov pat pse36 clflush dts acpi mmx fxsr sse sse2 ss ht tm pbe syscall nx pdpe1gb rdtscp lm constant_tsc art arch_perfmon pebs bts rep_good nopl xtopology nonstop_tsc cpuid aperfmperf pni pclmulqdq dtes64 monitor ds_cpl vmx est tm2 ssse3 sdbg fma cx16 xtpr pdcm pcid sse4_1 sse4_2 x2apic movbe popcnt tsc_deadline_timer aes xsave avx f16c rdrand lahf_lm abm 3dnowprefetch cpuid_fault epb invpcid_single ssbd ibrs ibpb stibp ibrs_enhanced tpr_shadow vnmi flexpriority ept vpid fsgsbase tsc_adjust bmi1 avx2 smep bmi2 erms invpcid mpx rdseed adx smap clflushopt intel_pt xsaveopt xsavec xgetbv1 xsaves dtherm ida arat pln pts hwp hwp_notify hwp_act_window hwp_epp md_clear flush_l1d arch_capabilities
bugs		: spectre_v1 spectre_v2 spec_store_bypass swapgs itlb_multihit srbds
bogomips	: 3999.93
clflush size	: 64
cache_alignment	: 64
address sizes	: 39 bits physical, 48 bits virtual
power management:

processor	: 4
vendor_id	: GenuineIntel
cpu family	: 6
model		: 142
model name	: Intel(R) Core(TM) i7-8565U CPU @ 1.80GHz
stepping	: 12
microcode	: 0xea
cpu MHz		: 3026.640
cache size	: 8192 KB
physical id	: 0
siblings	: 8
core id		: 0
cpu cores	: 4
apicid		: 1
initial apicid	: 1
fpu		: yes
fpu_exception	: yes
cpuid level	: 22
wp		: yes
flags		: fpu vme de pse tsc msr pae mce cx8 apic sep mtrr pge mca cmov pat pse36 clflush dts acpi mmx fxsr sse sse2 ss ht tm pbe syscall nx pdpe1gb rdtscp lm constant_tsc art arch_perfmon pebs bts rep_good nopl xtopology nonstop_tsc cpuid aperfmperf pni pclmulqdq dtes64 monitor ds_cpl vmx est tm2 ssse3 sdbg fma cx16 xtpr pdcm pcid sse4_1 sse4_2 x2apic movbe popcnt tsc_deadline_timer aes xsave avx f16c rdrand lahf_lm abm 3dnowprefetch cpuid_fault epb invpcid_single ssbd ibrs ibpb stibp ibrs_enhanced tpr_shadow vnmi flexpriority ept vpid fsgsbase tsc_adjust bmi1 avx2 smep bmi2 erms invpcid mpx rdseed adx smap clflushopt intel_pt xsaveopt xsavec xgetbv1 xsaves dtherm ida arat pln pts hwp hwp_notify hwp_act_window hwp_epp md_clear flush_l1d arch_capabilities
bugs		: spectre_v1 spectre_v2 spec_store_bypass swapgs itlb_multihit srbds
bogomips	: 3999.93
clflush size	: 64
cache_alignment	: 64
address sizes	: 39 bits physical, 48 bits virtual
power management:

processor	: 5
vendor_id	: GenuineIntel
cpu family	: 6
model		: 142
model name	: Intel(R) Core(TM) i7-8565U CPU @ 1.80GHz
stepping	: 12
microcode	: 0xea
cpu MHz		: 3026.462
cache size	: 8192 KB
physical id	: 0
siblings	: 8
core id		: 1
cpu cores	: 4
apicid		: 3
initial apicid	: 3
fpu		: yes
fpu_exception	: yes
cpuid level	: 22
wp		: yes
flags		: fpu vme de pse tsc msr pae mce cx8 apic sep mtrr pge mca cmov pat pse36 clflush dts acpi mmx fxsr sse sse2 ss ht tm pbe syscall nx pdpe1gb rdtscp lm constant_tsc art arch_perfmon pebs bts rep_good nopl xtopology nonstop_tsc cpuid aperfmperf pni pclmulqdq dtes64 monitor ds_cpl vmx est tm2 ssse3 sdbg fma cx16 xtpr pdcm pcid sse4_1 sse4_2 x2apic movbe popcnt tsc_deadline_timer aes xsave avx f16c rdrand lahf_lm abm 3dnowprefetch cpuid_fault epb invpcid_single ssbd ibrs ibpb stibp ibrs_enhanced tpr_shadow vnmi flexpriority ept vpid fsgsbase tsc_adjust bmi1 avx2 smep bmi2 erms invpcid mpx rdseed adx smap clflushopt intel_pt xsaveopt xsavec xgetbv1 xsaves dtherm ida arat pln pts hwp hwp_notify hwp_act_window hwp_epp md_clear flush_l1d arch_capabilities
bugs		: spectre_v1 spectre_v2 spec_store_bypass swapgs itlb_multihit srbds
bogomips	: 3999.93
clflush size	: 64
cache_alignment	: 64
address sizes	: 39 bits physical, 48 bits virtual
power management:

processor	: 6
vendor_id	: GenuineIntel
cpu family	: 6
model		: 142
model name	: Intel(R) Core(TM) i7-8565U CPU @ 1.80GHz
stepping	: 12
microcode	: 0xea
cpu MHz		: 3026.285
cache size	: 8192 KB
physical id	: 0
siblings	: 8
core id		: 2
cpu cores	: 4
apicid		: 5
initial apicid	: 5
fpu		: yes
fpu_exception	: yes
cpuid level	: 22
wp		: yes
flags		: fpu vme de pse tsc msr pae mce cx8 apic sep mtrr pge mca cmov pat pse36 clflush dts acpi mmx fxsr sse sse2 ss ht tm pbe syscall nx pdpe1gb rdtscp lm constant_tsc art arch_perfmon pebs bts rep_good nopl xtopology nonstop_tsc cpuid aperfmperf pni pclmulqdq dtes64 monitor ds_cpl vmx est tm2 ssse3 sdbg fma cx16 xtpr pdcm pcid sse4_1 sse4_2 x2apic movbe popcnt tsc_deadline_timer aes xsave avx f16c rdrand lahf_lm abm 3dnowprefetch cpuid_fault epb invpcid_single ssbd ibrs ibpb stibp ibrs_enhanced tpr_shadow vnmi flexpriority ept vpid fsgsbase tsc_adjust bmi1 avx2 smep bmi2 erms invpcid mpx rdseed adx smap clflushopt intel_pt xsaveopt xsavec xgetbv1 xsaves dtherm ida arat pln pts hwp hwp_notify hwp_act_window hwp_epp md_clear flush_l1d arch_capabilities
bugs		: spectre_v1 spectre_v2 spec_store_bypass swapgs itlb_multihit srbds
bogomips	: 3999.93
clflush size	: 64
cache_alignment	: 64
address sizes	: 39 bits physical, 48 bits virtual
power management:

processor	: 7
vendor_id	: GenuineIntel
cpu family	: 6
model		: 142
model name	: Intel(R) Core(TM) i7-8565U CPU @ 1.80GHz
stepping	: 12
microcode	: 0xea
cpu MHz		: 3026.104
cache size	: 8192 KB
physical id	: 0
siblings	: 8
core id		: 3
cpu cores	: 4
apicid		: 7
initial apicid	: 7
fpu		: yes
fpu_exception	: yes
cpuid level	: 22
wp		: yes
flags		: fpu vme de pse tsc msr pae mce cx8 apic sep mtrr pge mca cmov pat pse36 clflush dts acpi mmx fxsr sse sse2 ss ht tm pbe syscall nx pdpe1gb rdtscp lm constant_tsc art arch_perfmon pebs bts rep_good nopl xtopology nonstop_tsc cpuid aperfmperf pni pclmulqdq dtes64 monitor ds_cpl vmx est tm2 ssse3 sdbg fma cx16 xtpr pdcm pcid sse4_1 sse4_2 x2apic movbe popcnt tsc_deadline_timer aes xsave avx f16c rdrand lahf_lm abm 3dnowprefetch cpuid_fault epb invpcid_single ssbd ibrs ibpb stibp ibrs_enhanced tpr_shadow vnmi flexpriority ept vpid fsgsbase tsc_adjust bmi1 avx2 smep bmi2 erms invpcid mpx rdseed adx smap clflushopt intel_pt xsaveopt xsavec xgetbv1 xsaves dtherm ida arat pln pts hwp hwp_notify hwp_act_window hwp_epp md_clear flush_l1d arch_capabilities
bugs		: spectre_v1 spectre_v2 spec_store_bypass swapgs itlb_multihit srbds
bogomips	: 3999.93
clflush size	: 64
cache_alignment	: 64
address sizes	: 39 bits physical, 48 bits virtual
power management:



Memory: 4k page, physical 16139036k(235188k free), swap 0k(0k free)

vm_info: OpenJDK 64-Bit Server VM (25.292-b10) for linux-amd64 JRE (1.8.0_292-8u292-b10-0ubuntu1~16.04.1-b10), built on Apr 21 2021 12:47:35 by "buildd" with gcc 5.4.0 20160609

time: Tue Jun 29 17:04:55 2021
timezone: +07
elapsed time: 47.717033 seconds (0d 0h 0m 47s)

