#
# There is insufficient memory for the Java Runtime Environment to continue.
# Native memory allocation (mmap) failed to map 527433728 bytes for committing reserved memory.
# Possible reasons:
#   The system is out of physical RAM or swap space
#   The process is running with CompressedOops enabled, and the Java Heap may be blocking the growth of the native heap
# Possible solutions:
#   Reduce memory load on the system
#   Increase physical memory or swap space
#   Check if swap backing store is full
#   Decrease Java heap size (-Xmx/-Xms)
#   Decrease number of Java threads
#   Decrease Java thread stack sizes (-Xss)
#   Set larger code cache with -XX:ReservedCodeCacheSize=
#   JVM is running with Zero Based Compressed Oops mode in which the Java heap is
#     placed in the first 32GB address space. The Java Heap base address is the
#     maximum limit for the native heap growth. Please use -XX:HeapBaseMinAddress
#     to set the Java Heap base and to place the Java Heap above 32GB virtual address.
# This output file may be truncated or incomplete.
#
#  Out of Memory Error (os_linux.cpp:2798), pid=6287, tid=0x00007f85428e8700
#
# JRE version: OpenJDK Runtime Environment (8.0_292-b10) (build 1.8.0_292-8u292-b10-0ubuntu1~16.04.1-b10)
# Java VM: OpenJDK 64-Bit Server VM (25.292-b10 mixed mode linux-amd64 compressed oops)
# Failed to write core dump. Core dumps have been disabled. To enable core dumping, try "ulimit -c unlimited" before starting Java again
#

---------------  T H R E A D  ---------------

Current thread (0x00007f856c1c8800):  VMThread [stack: 0x00007f85427e8000,0x00007f85428e9000] [id=6308]

Stack: [0x00007f85427e8000,0x00007f85428e9000],  sp=0x00007f85428e7360,  free space=1020k
Native frames: (J=compiled Java code, j=interpreted, Vv=VM code, C=native code)
V  [libjvm.so+0xb1e67b]
V  [libjvm.so+0x4e01dc]
V  [libjvm.so+0x95bc48]
V  [libjvm.so+0x953b3e]
V  [libjvm.so+0x9d4ad6]
V  [libjvm.so+0x9d5e03]
V  [libjvm.so+0x9d2204]
V  [libjvm.so+0x9d249c]
V  [libjvm.so+0x983953]
V  [libjvm.so+0xb20372]
V  [libjvm.so+0xb26067]
V  [libjvm.so+0xb23b43]
V  [libjvm.so+0xb23ee5]
V  [libjvm.so+0xb244b2]
V  [libjvm.so+0x958fe2]

VM_Operation (0x00007f85756d9a00): ParallelGCFailedAllocation, mode: safepoint, requested by thread 0x00007f856c00a800


---------------  P R O C E S S  ---------------

Java Threads: ( => current thread )
  0x00007f856c237800 JavaThread "Service Thread" daemon [_thread_blocked, id=6316, stack(0x00007f8541b8a000,0x00007f8541c8b000)]
  0x00007f856c212000 JavaThread "C1 CompilerThread3" daemon [_thread_blocked, id=6315, stack(0x00007f8541c8b000,0x00007f8541d8c000)]
  0x00007f856c210000 JavaThread "C2 CompilerThread2" daemon [_thread_blocked, id=6314, stack(0x00007f8541d8c000,0x00007f8541e8d000)]
  0x00007f856c20e000 JavaThread "C2 CompilerThread1" daemon [_thread_blocked, id=6313, stack(0x00007f8541e8d000,0x00007f8541f8e000)]
  0x00007f856c20b000 JavaThread "C2 CompilerThread0" daemon [_thread_in_native, id=6312, stack(0x00007f8541f8e000,0x00007f854208f000)]
  0x00007f856c208000 JavaThread "Signal Dispatcher" daemon [_thread_blocked, id=6311, stack(0x00007f854208f000,0x00007f8542190000)]
  0x00007f856c1d7000 JavaThread "Finalizer" daemon [_thread_blocked, id=6310, stack(0x00007f85425e6000,0x00007f85426e7000)]
  0x00007f856c1d2800 JavaThread "Reference Handler" daemon [_thread_blocked, id=6309, stack(0x00007f85426e7000,0x00007f85427e8000)]
  0x00007f856c00a800 JavaThread "main" [_thread_blocked, id=6288, stack(0x00007f85755db000,0x00007f85756dc000)]

Other Threads:
=>0x00007f856c1c8800 VMThread [stack: 0x00007f85427e8000,0x00007f85428e9000] [id=6308]
  0x00007f856c23a000 WatcherThread [stack: 0x00007f8541a89000,0x00007f8541b8a000] [id=6317]

VM state:at safepoint (normal execution)

VM Mutex/Monitor currently owned by a thread:  ([mutex/lock_event])
[0x00007f856c006ff0] Threads_lock - owner thread: 0x00007f856c1c8800
[0x00007f856c0074f0] Heap_lock - owner thread: 0x00007f856c00a800

heap address: 0x00000006c9a00000, size: 3942 MB, Compressed Oops mode: Zero based, Oop shift amount: 3
Narrow klass base: 0x0000000000000000, Narrow klass shift: 3
Compressed class space size: 1073741824 Address: 0x00000007c0000000

Heap:
 PSYoungGen      total 528896K, used 3243K [0x000000076de00000, 0x000000078f400000, 0x00000007c0000000)
  eden space 511488K, 0% used [0x000000076de00000,0x000000076de00000,0x000000078d180000)
  from space 17408K, 18% used [0x000000078d180000,0x000000078d4aafb8,0x000000078e280000)
  to   space 16896K, 0% used [0x000000078e280000,0x000000078e280000,0x000000078f300000)
 ParOldGen       total 169472K, used 26735K [0x00000006c9a00000, 0x00000006d3f80000, 0x000000076de00000)
  object space 169472K, 15% used [0x00000006c9a00000,0x00000006cb41be78,0x00000006d3f80000)
 Metaspace       used 11339K, capacity 11408K, committed 11648K, reserved 1060864K
  class space    used 1135K, capacity 1138K, committed 1152K, reserved 1048576K

Card table byte_map: [0x00007f857140e000,0x00007f8571bc2000] byte_map_base: 0x00007f856ddc1000

Marking Bits: (ParMarkBitMap*) 0x00007f85748ab8a0
 Begin Bits: [0x00007f852c4d0000, 0x00007f8530268000)
 End Bits:   [0x00007f8530268000, 0x00007f8534000000)

Polling page: 0x00007f85756ff000

CodeCache: size=245760Kb used=22582Kb max_used=22588Kb free=223177Kb
 bounds [0x00007f855d000000, 0x00007f855e620000, 0x00007f856c000000]
 total_blobs=3132 nmethods=2830 adapters=214
 compilation: enabled

Compilation events (10 events):
Event: 5,451 Thread 0x00007f856c212000 nmethod 2995 0x00007f855e55a810 code [0x00007f855e55aa60, 0x00007f855e55b9b8]
Event: 5,454 Thread 0x00007f856c20e000 nmethod 2990 0x00007f855e610f10 code [0x00007f855e611320, 0x00007f855e613c60]
Event: 5,457 Thread 0x00007f856c210000 2997 %     4       com.strobel.decompiler.languages.java.ast.NameVariables::generateNameForVariable @ 281 (543 bytes)
Event: 5,488 Thread 0x00007f856c210000 nmethod 2997% 0x00007f855e5e8890 code [0x00007f855e5e8c20, 0x00007f855e5ea098]
Event: 5,489 Thread 0x00007f856c20e000 2998 %     4       com.strobel.decompiler.languages.java.ast.NameVariables::generateNameForVariable @ 429 (543 bytes)
Event: 5,507 Thread 0x00007f856c20e000 nmethod 2998% 0x00007f855e5e5610 code [0x00007f855e5e5920, 0x00007f855e5e6db0]
Event: 5,509 Thread 0x00007f856c210000 2999       4       com.strobel.decompiler.languages.java.ast.NameVariables::generateNameForVariable (543 bytes)
Event: 5,544 Thread 0x00007f856c210000 nmethod 2999 0x00007f855e61a110 code [0x00007f855e61a580, 0x00007f855e61c418]
Event: 5,628 Thread 0x00007f856c212000 3000       3       com.strobel.decompiler.languages.java.ast.NameVariables::getNameForType (221 bytes)
Event: 5,633 Thread 0x00007f856c212000 nmethod 3000 0x00007f855e616a10 code [0x00007f855e616e80, 0x00007f855e6191a8]

GC Heap History (10 events):
Event: 1,222 GC heap after
Heap after GC invocations=2 (full 0):
 PSYoungGen      total 138240K, used 10224K [0x000000076de00000, 0x0000000776f00000, 0x00000007c0000000)
  eden space 128000K, 0% used [0x000000076de00000,0x000000076de00000,0x0000000775b00000)
  from space 10240K, 99% used [0x0000000776500000,0x0000000776efc010,0x0000000776f00000)
  to   space 10240K, 0% used [0x0000000775b00000,0x0000000775b00000,0x0000000776500000)
 ParOldGen       total 169472K, used 10624K [0x00000006c9a00000, 0x00000006d3f80000, 0x000000076de00000)
  object space 169472K, 6% used [0x00000006c9a00000,0x00000006ca460170,0x00000006d3f80000)
 Metaspace       used 10689K, capacity 10704K, committed 10880K, reserved 1058816K
  class space    used 1133K, capacity 1138K, committed 1152K, reserved 1048576K
}
Event: 1,920 GC heap before
{Heap before GC invocations=3 (full 0):
 PSYoungGen      total 138240K, used 138224K [0x000000076de00000, 0x0000000776f00000, 0x00000007c0000000)
  eden space 128000K, 100% used [0x000000076de00000,0x0000000775b00000,0x0000000775b00000)
  from space 10240K, 99% used [0x0000000776500000,0x0000000776efc010,0x0000000776f00000)
  to   space 10240K, 0% used [0x0000000775b00000,0x0000000775b00000,0x0000000776500000)
 ParOldGen       total 169472K, used 10624K [0x00000006c9a00000, 0x00000006d3f80000, 0x000000076de00000)
  object space 169472K, 6% used [0x00000006c9a00000,0x00000006ca460170,0x00000006d3f80000)
 Metaspace       used 11069K, capacity 11152K, committed 11392K, reserved 1058816K
  class space    used 1135K, capacity 1138K, committed 1152K, reserved 1048576K
Event: 1,935 GC heap after
Heap after GC invocations=3 (full 0):
 PSYoungGen      total 138240K, used 10212K [0x000000076de00000, 0x000000077ec00000, 0x00000007c0000000)
  eden space 128000K, 0% used [0x000000076de00000,0x000000076de00000,0x0000000775b00000)
  from space 10240K, 99% used [0x0000000775b00000,0x00000007764f93a8,0x0000000776500000)
  to   space 10240K, 0% used [0x000000077e200000,0x000000077e200000,0x000000077ec00000)
 ParOldGen       total 169472K, used 13963K [0x00000006c9a00000, 0x00000006d3f80000, 0x000000076de00000)
  object space 169472K, 8% used [0x00000006c9a00000,0x00000006ca7a2d58,0x00000006d3f80000)
 Metaspace       used 11069K, capacity 11152K, committed 11392K, reserved 1058816K
  class space    used 1135K, capacity 1138K, committed 1152K, reserved 1048576K
}
Event: 2,315 GC heap before
{Heap before GC invocations=4 (full 0):
 PSYoungGen      total 138240K, used 138212K [0x000000076de00000, 0x000000077ec00000, 0x00000007c0000000)
  eden space 128000K, 100% used [0x000000076de00000,0x0000000775b00000,0x0000000775b00000)
  from space 10240K, 99% used [0x0000000775b00000,0x00000007764f93a8,0x0000000776500000)
  to   space 10240K, 0% used [0x000000077e200000,0x000000077e200000,0x000000077ec00000)
 ParOldGen       total 169472K, used 13963K [0x00000006c9a00000, 0x00000006d3f80000, 0x000000076de00000)
  object space 169472K, 8% used [0x00000006c9a00000,0x00000006ca7a2d58,0x00000006d3f80000)
 Metaspace       used 11282K, capacity 11344K, committed 11392K, reserved 1058816K
  class space    used 1135K, capacity 1138K, committed 1152K, reserved 1048576K
Event: 2,332 GC heap after
Heap after GC invocations=4 (full 0):
 PSYoungGen      total 266240K, used 10232K [0x000000076de00000, 0x000000077ec00000, 0x00000007c0000000)
  eden space 256000K, 0% used [0x000000076de00000,0x000000076de00000,0x000000077d800000)
  from space 10240K, 99% used [0x000000077e200000,0x000000077ebfe248,0x000000077ec00000)
  to   space 10240K, 0% used [0x000000077d800000,0x000000077d800000,0x000000077e200000)
 ParOldGen       total 169472K, used 15827K [0x00000006c9a00000, 0x00000006d3f80000, 0x000000076de00000)
  object space 169472K, 9% used [0x00000006c9a00000,0x00000006ca974f58,0x00000006d3f80000)
 Metaspace       used 11282K, capacity 11344K, committed 11392K, reserved 1058816K
  class space    used 1135K, capacity 1138K, committed 1152K, reserved 1048576K
}
Event: 3,540 GC heap before
{Heap before GC invocations=5 (full 0):
 PSYoungGen      total 266240K, used 266232K [0x000000076de00000, 0x000000077ec00000, 0x00000007c0000000)
  eden space 256000K, 100% used [0x000000076de00000,0x000000077d800000,0x000000077d800000)
  from space 10240K, 99% used [0x000000077e200000,0x000000077ebfe248,0x000000077ec00000)
  to   space 10240K, 0% used [0x000000077d800000,0x000000077d800000,0x000000077e200000)
 ParOldGen       total 169472K, used 15827K [0x00000006c9a00000, 0x00000006d3f80000, 0x000000076de00000)
  object space 169472K, 9% used [0x00000006c9a00000,0x00000006ca974f58,0x00000006d3f80000)
 Metaspace       used 11300K, capacity 11344K, committed 11392K, reserved 1058816K
  class space    used 1135K, capacity 1138K, committed 1152K, reserved 1048576K
Event: 3,551 GC heap after
Heap after GC invocations=5 (full 0):
 PSYoungGen      total 266240K, used 10210K [0x000000076de00000, 0x000000078f300000, 0x00000007c0000000)
  eden space 256000K, 0% used [0x000000076de00000,0x000000076de00000,0x000000077d800000)
  from space 10240K, 99% used [0x000000077d800000,0x000000077e1f8998,0x000000077e200000)
  to   space 16896K, 0% used [0x000000078e280000,0x000000078e280000,0x000000078f300000)
 ParOldGen       total 169472K, used 19252K [0x00000006c9a00000, 0x00000006d3f80000, 0x000000076de00000)
  object space 169472K, 11% used [0x00000006c9a00000,0x00000006caccd2e8,0x00000006d3f80000)
 Metaspace       used 11300K, capacity 11344K, committed 11392K, reserved 1058816K
  class space    used 1135K, capacity 1138K, committed 1152K, reserved 1048576K
}
Event: 3,777 GC heap before
{Heap before GC invocations=6 (full 0):
 PSYoungGen      total 266240K, used 266210K [0x000000076de00000, 0x000000078f300000, 0x00000007c0000000)
  eden space 256000K, 100% used [0x000000076de00000,0x000000077d800000,0x000000077d800000)
  from space 10240K, 99% used [0x000000077d800000,0x000000077e1f8998,0x000000077e200000)
  to   space 16896K, 0% used [0x000000078e280000,0x000000078e280000,0x000000078f300000)
 ParOldGen       total 169472K, used 19252K [0x00000006c9a00000, 0x00000006d3f80000, 0x000000076de00000)
  object space 169472K, 11% used [0x00000006c9a00000,0x00000006caccd2e8,0x00000006d3f80000)
 Metaspace       used 11300K, capacity 11344K, committed 11392K, reserved 1058816K
  class space    used 1135K, capacity 1138K, committed 1152K, reserved 1048576K
Event: 3,788 GC heap after
Heap after GC invocations=6 (full 0):
 PSYoungGen      total 528384K, used 10306K [0x000000076de00000, 0x000000078f400000, 0x00000007c0000000)
  eden space 511488K, 0% used [0x000000076de00000,0x000000076de00000,0x000000078d180000)
  from space 16896K, 60% used [0x000000078e280000,0x000000078ec90998,0x000000078f300000)
  to   space 17408K, 0% used [0x000000078d180000,0x000000078d180000,0x000000078e280000)
 ParOldGen       total 169472K, used 19252K [0x00000006c9a00000, 0x00000006d3f80000, 0x000000076de00000)
  object space 169472K, 11% used [0x00000006c9a00000,0x00000006caccd2e8,0x00000006d3f80000)
 Metaspace       used 11300K, capacity 11344K, committed 11392K, reserved 1058816K
  class space    used 1135K, capacity 1138K, committed 1152K, reserved 1048576K
}
Event: 5,681 GC heap before
{Heap before GC invocations=7 (full 0):
 PSYoungGen      total 528384K, used 521794K [0x000000076de00000, 0x000000078f400000, 0x00000007c0000000)
  eden space 511488K, 100% used [0x000000076de00000,0x000000078d180000,0x000000078d180000)
  from space 16896K, 60% used [0x000000078e280000,0x000000078ec90998,0x000000078f300000)
  to   space 17408K, 0% used [0x000000078d180000,0x000000078d180000,0x000000078e280000)
 ParOldGen       total 169472K, used 19252K [0x00000006c9a00000, 0x00000006d3f80000, 0x000000076de00000)
  object space 169472K, 11% used [0x00000006c9a00000,0x00000006caccd2e8,0x00000006d3f80000)
 Metaspace       used 11339K, capacity 11408K, committed 11648K, reserved 1060864K
  class space    used 1135K, capacity 1138K, committed 1152K, reserved 1048576K

Deoptimization events (10 events):
Event: 2,145 Thread 0x00007f856c00a800 Uncommon trap: reason=unstable_if action=reinterpret pc=0x00007f855d99ab1c method=com.strobel.assembler.metadata.CoreMetadataFactory.makeNamedType(Ljava/lang/String;)Lcom/strobel/assembler/metadata/TypeReference; @ 91
Event: 2,145 Thread 0x00007f856c00a800 Uncommon trap: reason=class_check action=maybe_recompile pc=0x00007f855e04cd7c method=com.strobel.assembler.metadata.MetadataResolver.resolve(Lcom/strobel/assembler/metadata/TypeReference;)Lcom/strobel/assembler/metadata/TypeDefinition; @ 95
Event: 2,146 Thread 0x00007f856c00a800 Uncommon trap: reason=unstable_if action=reinterpret pc=0x00007f855d7664a0 method=com.strobel.assembler.metadata.CoreMetadataFactory.makeNamedType(Ljava/lang/String;)Lcom/strobel/assembler/metadata/TypeReference; @ 91
Event: 2,148 Thread 0x00007f856c00a800 Uncommon trap: reason=class_check action=maybe_recompile pc=0x00007f855e04cd7c method=com.strobel.assembler.metadata.MetadataResolver.resolve(Lcom/strobel/assembler/metadata/TypeReference;)Lcom/strobel/assembler/metadata/TypeDefinition; @ 95
Event: 2,148 Thread 0x00007f856c00a800 Uncommon trap: reason=class_check action=maybe_recompile pc=0x00007f855e04cd7c method=com.strobel.assembler.metadata.MetadataResolver.resolve(Lcom/strobel/assembler/metadata/TypeReference;)Lcom/strobel/assembler/metadata/TypeDefinition; @ 95
Event: 2,148 Thread 0x00007f856c00a800 Uncommon trap: reason=class_check action=maybe_recompile pc=0x00007f855e04cd7c method=com.strobel.assembler.metadata.MetadataResolver.resolve(Lcom/strobel/assembler/metadata/TypeReference;)Lcom/strobel/assembler/metadata/TypeDefinition; @ 95
Event: 2,148 Thread 0x00007f856c00a800 Uncommon trap: reason=class_check action=maybe_recompile pc=0x00007f855e011338 method=com.strobel.assembler.metadata.MetadataResolver.resolve(Lcom/strobel/assembler/metadata/TypeReference;)Lcom/strobel/assembler/metadata/TypeDefinition; @ 95
Event: 2,253 Thread 0x00007f856c00a800 Uncommon trap: reason=unstable_if action=reinterpret pc=0x00007f855d21ac70 method=com.strobel.assembler.metadata.Buffer.readUtf8()Ljava/lang/String; @ 47
Event: 2,354 Thread 0x00007f856c00a800 Uncommon trap: reason=class_check action=maybe_recompile pc=0x00007f855d9932d8 method=java.util.AbstractList.rangeCheckForAdd(I)V @ 6
Event: 3,299 Thread 0x00007f856c00a800 Uncommon trap: reason=null_check action=make_not_entrant pc=0x00007f855e2b17f4 method=com.strobel.core.VerifyArgument.notInstanceOf(Ljava/lang/Class;Ljava/lang/Object;Ljava/lang/String;)Ljava/lang/Object; @ 15

Classes redefined (0 events):
No events

Internal exceptions (10 events):
Event: 0,180 Thread 0x00007f856c00a800 Exception <a 'java/lang/ArrayIndexOutOfBoundsException'> (0x000000076e6c85d8) thrown at [/build/openjdk-8-RKFhH1/openjdk-8-8u292-b10/src/hotspot/src/share/vm/runtime/sharedRuntime.cpp, line 609]
Event: 0,180 Thread 0x00007f856c00a800 Exception <a 'java/lang/ArrayIndexOutOfBoundsException'> (0x000000076e6c9348) thrown at [/build/openjdk-8-RKFhH1/openjdk-8-8u292-b10/src/hotspot/src/share/vm/runtime/sharedRuntime.cpp, line 609]
Event: 0,180 Thread 0x00007f856c00a800 Exception <a 'java/lang/ArrayIndexOutOfBoundsException'> (0x000000076e6c9ee8) thrown at [/build/openjdk-8-RKFhH1/openjdk-8-8u292-b10/src/hotspot/src/share/vm/runtime/sharedRuntime.cpp, line 609]
Event: 0,180 Thread 0x00007f856c00a800 Exception <a 'java/lang/ArrayIndexOutOfBoundsException'> (0x000000076e6cad00) thrown at [/build/openjdk-8-RKFhH1/openjdk-8-8u292-b10/src/hotspot/src/share/vm/runtime/sharedRuntime.cpp, line 609]
Event: 0,294 Thread 0x00007f856c00a800 Exception <a 'java/security/PrivilegedActionException'> (0x000000076f726950) thrown at [/build/openjdk-8-RKFhH1/openjdk-8-8u292-b10/src/hotspot/src/share/vm/prims/jvm.cpp, line 1523]
Event: 0,294 Thread 0x00007f856c00a800 Exception <a 'java/security/PrivilegedActionException'> (0x000000076f726d48) thrown at [/build/openjdk-8-RKFhH1/openjdk-8-8u292-b10/src/hotspot/src/share/vm/prims/jvm.cpp, line 1523]
Event: 0,294 Thread 0x00007f856c00a800 Exception <a 'java/security/PrivilegedActionException'> (0x000000076f729650) thrown at [/build/openjdk-8-RKFhH1/openjdk-8-8u292-b10/src/hotspot/src/share/vm/prims/jvm.cpp, line 1523]
Event: 0,294 Thread 0x00007f856c00a800 Exception <a 'java/security/PrivilegedActionException'> (0x000000076f729a48) thrown at [/build/openjdk-8-RKFhH1/openjdk-8-8u292-b10/src/hotspot/src/share/vm/prims/jvm.cpp, line 1523]
Event: 1,161 Thread 0x00007f856c00a800 Implicit null exception at 0x00007f855da3ca14 to 0x00007f855da3f6b1
Event: 3,299 Thread 0x00007f856c00a800 Implicit null exception at 0x00007f855e2b173b to 0x00007f855e2b17e1

Events (10 events):
Event: 5,520 Thread 0x00007f856c00a800 DEOPT UNPACKING pc=0x00007f855d0474c4 sp=0x00007f85756d9df0 mode 0
Event: 5,526 Thread 0x00007f856c00a800 DEOPT PACKING pc=0x00007f855e11860d sp=0x00007f85756d9fc0
Event: 5,526 Thread 0x00007f856c00a800 DEOPT UNPACKING pc=0x00007f855d0474c4 sp=0x00007f85756d9df0 mode 0
Event: 5,532 Thread 0x00007f856c00a800 DEOPT PACKING pc=0x00007f855e11860d sp=0x00007f85756d9fc0
Event: 5,532 Thread 0x00007f856c00a800 DEOPT UNPACKING pc=0x00007f855d0474c4 sp=0x00007f85756d9df0 mode 0
Event: 5,538 Thread 0x00007f856c00a800 DEOPT PACKING pc=0x00007f855e11860d sp=0x00007f85756d9fc0
Event: 5,538 Thread 0x00007f856c00a800 DEOPT UNPACKING pc=0x00007f855d0474c4 sp=0x00007f85756d9df0 mode 0
Event: 5,544 Thread 0x00007f856c00a800 DEOPT PACKING pc=0x00007f855e11860d sp=0x00007f85756d9fc0
Event: 5,544 Thread 0x00007f856c00a800 DEOPT UNPACKING pc=0x00007f855d0474c4 sp=0x00007f85756d9df0 mode 0
Event: 5,681 Executing VM operation: ParallelGCFailedAllocation


Dynamic libraries:
6c9a00000-6d3f80000 rw-p 00000000 00:00 0 
6d3f80000-76de00000 ---p 00000000 00:00 0 
76de00000-78f400000 rw-p 00000000 00:00 0 
7aeb00000-7c0000000 ---p 00000000 00:00 0 
7c0000000-7c0120000 rw-p 00000000 00:00 0 
7c0120000-800000000 ---p 00000000 00:00 0 
55c93916f000-55c939170000 r-xp 00000000 103:06 1841257                   /usr/lib/jvm/java-8-openjdk-amd64/jre/bin/java
55c93936f000-55c939370000 r--p 00000000 103:06 1841257                   /usr/lib/jvm/java-8-openjdk-amd64/jre/bin/java
55c939370000-55c939371000 rw-p 00001000 103:06 1841257                   /usr/lib/jvm/java-8-openjdk-amd64/jre/bin/java
55c93accb000-55c93acec000 rw-p 00000000 00:00 0                          [heap]
7f8508000000-7f8508021000 rw-p 00000000 00:00 0 
7f8508021000-7f850c000000 ---p 00000000 00:00 0 
7f850c000000-7f850c021000 rw-p 00000000 00:00 0 
7f850c021000-7f8510000000 ---p 00000000 00:00 0 
7f8510000000-7f8511ac3000 rw-p 00000000 00:00 0 
7f8511ac3000-7f8514000000 ---p 00000000 00:00 0 
7f8514000000-7f8516f85000 rw-p 00000000 00:00 0 
7f8516f85000-7f8518000000 ---p 00000000 00:00 0 
7f8518000000-7f8518fc1000 rw-p 00000000 00:00 0 
7f8518fc1000-7f851c000000 ---p 00000000 00:00 0 
7f851c000000-7f851dd28000 rw-p 00000000 00:00 0 
7f851dd28000-7f8520000000 ---p 00000000 00:00 0 
7f8520000000-7f8520021000 rw-p 00000000 00:00 0 
7f8520021000-7f8524000000 ---p 00000000 00:00 0 
7f8524000000-7f8524021000 rw-p 00000000 00:00 0 
7f8524021000-7f8528000000 ---p 00000000 00:00 0 
7f8528000000-7f8528021000 rw-p 00000000 00:00 0 
7f8528021000-7f852c000000 ---p 00000000 00:00 0 
7f852c4d0000-7f8534000000 rw-p 00000000 00:00 0 
7f8534000000-7f8534021000 rw-p 00000000 00:00 0 
7f8534021000-7f8538000000 ---p 00000000 00:00 0 
7f8538000000-7f8538021000 rw-p 00000000 00:00 0 
7f8538021000-7f853c000000 ---p 00000000 00:00 0 
7f853c000000-7f853c021000 rw-p 00000000 00:00 0 
7f853c021000-7f8540000000 ---p 00000000 00:00 0 
7f8540f57000-7f8540f97000 rw-p 00000000 00:00 0 
7f8540f97000-7f8541157000 ---p 00000000 00:00 0 
7f854145d000-7f854165d000 rw-p 00000000 00:00 0 
7f854165d000-7f8541675000 r-xp 00000000 103:06 1840354                   /usr/lib/jvm/java-8-openjdk-amd64/jre/lib/amd64/libnet.so
7f8541675000-7f8541874000 ---p 00018000 103:06 1840354                   /usr/lib/jvm/java-8-openjdk-amd64/jre/lib/amd64/libnet.so
7f8541874000-7f8541875000 r--p 00017000 103:06 1840354                   /usr/lib/jvm/java-8-openjdk-amd64/jre/lib/amd64/libnet.so
7f8541875000-7f8541876000 rw-p 00018000 103:06 1840354                   /usr/lib/jvm/java-8-openjdk-amd64/jre/lib/amd64/libnet.so
7f8541876000-7f8541888000 r-xp 00000000 103:06 1840350                   /usr/lib/jvm/java-8-openjdk-amd64/jre/lib/amd64/libnio.so
7f8541888000-7f8541a87000 ---p 00012000 103:06 1840350                   /usr/lib/jvm/java-8-openjdk-amd64/jre/lib/amd64/libnio.so
7f8541a87000-7f8541a88000 r--p 00011000 103:06 1840350                   /usr/lib/jvm/java-8-openjdk-amd64/jre/lib/amd64/libnio.so
7f8541a88000-7f8541a89000 rw-p 00012000 103:06 1840350                   /usr/lib/jvm/java-8-openjdk-amd64/jre/lib/amd64/libnio.so
7f8541a89000-7f8541a8a000 ---p 00000000 00:00 0 
7f8541a8a000-7f8541b8a000 rw-p 00000000 00:00 0 
7f8541b8a000-7f8541b8d000 ---p 00000000 00:00 0 
7f8541b8d000-7f8541c8b000 rw-p 00000000 00:00 0 
7f8541c8b000-7f8541c8e000 ---p 00000000 00:00 0 
7f8541c8e000-7f8541d8c000 rw-p 00000000 00:00 0 
7f8541d8c000-7f8541d8f000 ---p 00000000 00:00 0 
7f8541d8f000-7f8541e8d000 rw-p 00000000 00:00 0 
7f8541e8d000-7f8541e90000 ---p 00000000 00:00 0 
7f8541e90000-7f8541f8e000 rw-p 00000000 00:00 0 
7f8541f8e000-7f8541f91000 ---p 00000000 00:00 0 
7f8541f91000-7f854208f000 rw-p 00000000 00:00 0 
7f854208f000-7f8542092000 ---p 00000000 00:00 0 
7f8542092000-7f8542190000 rw-p 00000000 00:00 0 
7f8542190000-7f85425e6000 r--p 00000000 103:06 1850669                   /usr/lib/locale/locale-archive
7f85425e6000-7f85425e9000 ---p 00000000 00:00 0 
7f85425e9000-7f85426e7000 rw-p 00000000 00:00 0 
7f85426e7000-7f85426ea000 ---p 00000000 00:00 0 
7f85426ea000-7f85427e8000 rw-p 00000000 00:00 0 
7f85427e8000-7f85427e9000 ---p 00000000 00:00 0 
7f85427e9000-7f8544000000 rw-p 00000000 00:00 0 
7f8544000000-7f8544021000 rw-p 00000000 00:00 0 
7f8544021000-7f8548000000 ---p 00000000 00:00 0 
7f8548000000-7f8548021000 rw-p 00000000 00:00 0 
7f8548021000-7f854c000000 ---p 00000000 00:00 0 
7f854c000000-7f854c021000 rw-p 00000000 00:00 0 
7f854c021000-7f8550000000 ---p 00000000 00:00 0 
7f8550000000-7f8550021000 rw-p 00000000 00:00 0 
7f8550021000-7f8554000000 ---p 00000000 00:00 0 
7f8554000000-7f8554021000 rw-p 00000000 00:00 0 
7f8554021000-7f8558000000 ---p 00000000 00:00 0 
7f8558000000-7f8558021000 rw-p 00000000 00:00 0 
7f8558021000-7f855c000000 ---p 00000000 00:00 0 
7f855c04d000-7f855d000000 rw-p 00000000 00:00 0 
7f855d000000-7f855e620000 rwxp 00000000 00:00 0 
7f855e620000-7f856c000000 ---p 00000000 00:00 0 
7f856c000000-7f856cb0b000 rw-p 00000000 00:00 0 
7f856cb0b000-7f8570000000 ---p 00000000 00:00 0 
7f8570001000-7f8570014000 r--s 0034b000 103:06 1840383                   /usr/lib/jvm/java-8-openjdk-amd64/jre/lib/resources.jar
7f8570014000-7f8570030000 r--s 00194000 103:06 1055495                   /home/khuebc/malware/Interprocedural-CFG/ICFGCreator/decompiler.jar
7f8570030000-7f857004b000 r--s 001d6000 103:06 1840331                   /usr/lib/jvm/java-8-openjdk-amd64/jre/lib/ext/nashorn.jar
7f857004b000-7f857049d000 rw-p 00000000 00:00 0 
7f857049d000-7f857066e000 r--s 03ca5000 103:06 1840307                   /usr/lib/jvm/java-8-openjdk-amd64/jre/lib/rt.jar
7f857066e000-7f85706e4000 rw-p 00000000 00:00 0 
7f85706e4000-7f85706e5000 ---p 00000000 00:00 0 
7f85706e5000-7f85707e5000 rw-p 00000000 00:00 0 
7f85707e5000-7f85707e6000 ---p 00000000 00:00 0 
7f85707e6000-7f85708e6000 rw-p 00000000 00:00 0 
7f85708e6000-7f85708e7000 ---p 00000000 00:00 0 
7f85708e7000-7f85709e7000 rw-p 00000000 00:00 0 
7f85709e7000-7f85709e8000 ---p 00000000 00:00 0 
7f85709e8000-7f8570ae8000 rw-p 00000000 00:00 0 
7f8570ae8000-7f8570ae9000 ---p 00000000 00:00 0 
7f8570ae9000-7f8570be9000 rw-p 00000000 00:00 0 
7f8570be9000-7f8570bea000 ---p 00000000 00:00 0 
7f8570bea000-7f8570cea000 rw-p 00000000 00:00 0 
7f8570cea000-7f8570ceb000 ---p 00000000 00:00 0 
7f8570ceb000-7f8570deb000 rw-p 00000000 00:00 0 
7f8570deb000-7f8570dec000 ---p 00000000 00:00 0 
7f8570dec000-7f8570f3f000 rw-p 00000000 00:00 0 
7f8570f3f000-7f857140e000 ---p 00000000 00:00 0 
7f857140e000-7f8571461000 rw-p 00000000 00:00 0 
7f8571461000-7f8571930000 ---p 00000000 00:00 0 
7f8571930000-7f8571a3b000 rw-p 00000000 00:00 0 
7f8571a3b000-7f8571bc1000 ---p 00000000 00:00 0 
7f8571bc1000-7f8571c1b000 rw-p 00000000 00:00 0 
7f8571c1b000-7f8571f82000 ---p 00000000 00:00 0 
7f8571f82000-7f8571f8a000 r-xp 00000000 103:06 1840353                   /usr/lib/jvm/java-8-openjdk-amd64/jre/lib/amd64/libzip.so
7f8571f8a000-7f8572189000 ---p 00008000 103:06 1840353                   /usr/lib/jvm/java-8-openjdk-amd64/jre/lib/amd64/libzip.so
7f8572189000-7f857218a000 r--p 00007000 103:06 1840353                   /usr/lib/jvm/java-8-openjdk-amd64/jre/lib/amd64/libzip.so
7f857218a000-7f857218b000 rw-p 00008000 103:06 1840353                   /usr/lib/jvm/java-8-openjdk-amd64/jre/lib/amd64/libzip.so
7f857218b000-7f8572196000 r-xp 00000000 103:06 2883680                   /lib/x86_64-linux-gnu/libnss_files-2.23.so
7f8572196000-7f8572395000 ---p 0000b000 103:06 2883680                   /lib/x86_64-linux-gnu/libnss_files-2.23.so
7f8572395000-7f8572396000 r--p 0000a000 103:06 2883680                   /lib/x86_64-linux-gnu/libnss_files-2.23.so
7f8572396000-7f8572397000 rw-p 0000b000 103:06 2883680                   /lib/x86_64-linux-gnu/libnss_files-2.23.so
7f8572397000-7f857239d000 rw-p 00000000 00:00 0 
7f857239d000-7f85723a8000 r-xp 00000000 103:06 2888850                   /lib/x86_64-linux-gnu/libnss_nis-2.23.so
7f85723a8000-7f85725a7000 ---p 0000b000 103:06 2888850                   /lib/x86_64-linux-gnu/libnss_nis-2.23.so
7f85725a7000-7f85725a8000 r--p 0000a000 103:06 2888850                   /lib/x86_64-linux-gnu/libnss_nis-2.23.so
7f85725a8000-7f85725a9000 rw-p 0000b000 103:06 2888850                   /lib/x86_64-linux-gnu/libnss_nis-2.23.so
7f85725a9000-7f85725bf000 r-xp 00000000 103:06 2888851                   /lib/x86_64-linux-gnu/libnsl-2.23.so
7f85725bf000-7f85727be000 ---p 00016000 103:06 2888851                   /lib/x86_64-linux-gnu/libnsl-2.23.so
7f85727be000-7f85727bf000 r--p 00015000 103:06 2888851                   /lib/x86_64-linux-gnu/libnsl-2.23.so
7f85727bf000-7f85727c0000 rw-p 00016000 103:06 2888851                   /lib/x86_64-linux-gnu/libnsl-2.23.so
7f85727c0000-7f85727c2000 rw-p 00000000 00:00 0 
7f85727c2000-7f85727ca000 r-xp 00000000 103:06 2888853                   /lib/x86_64-linux-gnu/libnss_compat-2.23.so
7f85727ca000-7f85729c9000 ---p 00008000 103:06 2888853                   /lib/x86_64-linux-gnu/libnss_compat-2.23.so
7f85729c9000-7f85729ca000 r--p 00007000 103:06 2888853                   /lib/x86_64-linux-gnu/libnss_compat-2.23.so
7f85729ca000-7f85729cb000 rw-p 00008000 103:06 2888853                   /lib/x86_64-linux-gnu/libnss_compat-2.23.so
7f85729cb000-7f85729f5000 r-xp 00000000 103:06 1840360                   /usr/lib/jvm/java-8-openjdk-amd64/jre/lib/amd64/libjava.so
7f85729f5000-7f8572bf4000 ---p 0002a000 103:06 1840360                   /usr/lib/jvm/java-8-openjdk-amd64/jre/lib/amd64/libjava.so
7f8572bf4000-7f8572bf5000 r--p 00029000 103:06 1840360                   /usr/lib/jvm/java-8-openjdk-amd64/jre/lib/amd64/libjava.so
7f8572bf5000-7f8572bf7000 rw-p 0002a000 103:06 1840360                   /usr/lib/jvm/java-8-openjdk-amd64/jre/lib/amd64/libjava.so
7f8572bf7000-7f8572c06000 r-xp 00000000 103:06 1840358                   /usr/lib/jvm/java-8-openjdk-amd64/jre/lib/amd64/libverify.so
7f8572c06000-7f8572e05000 ---p 0000f000 103:06 1840358                   /usr/lib/jvm/java-8-openjdk-amd64/jre/lib/amd64/libverify.so
7f8572e05000-7f8572e07000 r--p 0000e000 103:06 1840358                   /usr/lib/jvm/java-8-openjdk-amd64/jre/lib/amd64/libverify.so
7f8572e07000-7f8572e08000 rw-p 00010000 103:06 1840358                   /usr/lib/jvm/java-8-openjdk-amd64/jre/lib/amd64/libverify.so
7f8572e08000-7f8572e0f000 r-xp 00000000 103:06 2883679                   /lib/x86_64-linux-gnu/librt-2.23.so
7f8572e0f000-7f857300e000 ---p 00007000 103:06 2883679                   /lib/x86_64-linux-gnu/librt-2.23.so
7f857300e000-7f857300f000 r--p 00006000 103:06 2883679                   /lib/x86_64-linux-gnu/librt-2.23.so
7f857300f000-7f8573010000 rw-p 00007000 103:06 2883679                   /lib/x86_64-linux-gnu/librt-2.23.so
7f8573010000-7f8573026000 r-xp 00000000 103:06 2889166                   /lib/x86_64-linux-gnu/libgcc_s.so.1
7f8573026000-7f8573225000 ---p 00016000 103:06 2889166                   /lib/x86_64-linux-gnu/libgcc_s.so.1
7f8573225000-7f8573226000 rw-p 00015000 103:06 2889166                   /lib/x86_64-linux-gnu/libgcc_s.so.1
7f8573226000-7f857332e000 r-xp 00000000 103:06 2888805                   /lib/x86_64-linux-gnu/libm-2.23.so
7f857332e000-7f857352d000 ---p 00108000 103:06 2888805                   /lib/x86_64-linux-gnu/libm-2.23.so
7f857352d000-7f857352e000 r--p 00107000 103:06 2888805                   /lib/x86_64-linux-gnu/libm-2.23.so
7f857352e000-7f857352f000 rw-p 00108000 103:06 2888805                   /lib/x86_64-linux-gnu/libm-2.23.so
7f857352f000-7f85736a1000 r-xp 00000000 103:06 1846201                   /usr/lib/x86_64-linux-gnu/libstdc++.so.6.0.21
7f85736a1000-7f85738a1000 ---p 00172000 103:06 1846201                   /usr/lib/x86_64-linux-gnu/libstdc++.so.6.0.21
7f85738a1000-7f85738ab000 r--p 00172000 103:06 1846201                   /usr/lib/x86_64-linux-gnu/libstdc++.so.6.0.21
7f85738ab000-7f85738ad000 rw-p 0017c000 103:06 1846201                   /usr/lib/x86_64-linux-gnu/libstdc++.so.6.0.21
7f85738ad000-7f85738b1000 rw-p 00000000 00:00 0 
7f85738b1000-7f85745d7000 r-xp 00000000 103:06 1840377                   /usr/lib/jvm/java-8-openjdk-amd64/jre/lib/amd64/server/libjvm.so
7f85745d7000-7f85747d6000 ---p 00d26000 103:06 1840377                   /usr/lib/jvm/java-8-openjdk-amd64/jre/lib/amd64/server/libjvm.so
7f85747d6000-7f857486c000 r--p 00d25000 103:06 1840377                   /usr/lib/jvm/java-8-openjdk-amd64/jre/lib/amd64/server/libjvm.so
7f857486c000-7f8574895000 rw-p 00dbb000 103:06 1840377                   /usr/lib/jvm/java-8-openjdk-amd64/jre/lib/amd64/server/libjvm.so
7f8574895000-7f85748c8000 rw-p 00000000 00:00 0 
7f85748c8000-7f85748e0000 r-xp 00000000 103:06 2883671                   /lib/x86_64-linux-gnu/libpthread-2.23.so
7f85748e0000-7f8574adf000 ---p 00018000 103:06 2883671                   /lib/x86_64-linux-gnu/libpthread-2.23.so
7f8574adf000-7f8574ae0000 r--p 00017000 103:06 2883671                   /lib/x86_64-linux-gnu/libpthread-2.23.so
7f8574ae0000-7f8574ae1000 rw-p 00018000 103:06 2883671                   /lib/x86_64-linux-gnu/libpthread-2.23.so
7f8574ae1000-7f8574ae5000 rw-p 00000000 00:00 0 
7f8574ae5000-7f8574ae8000 r-xp 00000000 103:06 2883676                   /lib/x86_64-linux-gnu/libdl-2.23.so
7f8574ae8000-7f8574ce7000 ---p 00003000 103:06 2883676                   /lib/x86_64-linux-gnu/libdl-2.23.so
7f8574ce7000-7f8574ce8000 r--p 00002000 103:06 2883676                   /lib/x86_64-linux-gnu/libdl-2.23.so
7f8574ce8000-7f8574ce9000 rw-p 00003000 103:06 2883676                   /lib/x86_64-linux-gnu/libdl-2.23.so
7f8574ce9000-7f8574d02000 r-xp 00000000 103:06 2889319                   /lib/x86_64-linux-gnu/libz.so.1.2.8
7f8574d02000-7f8574f01000 ---p 00019000 103:06 2889319                   /lib/x86_64-linux-gnu/libz.so.1.2.8
7f8574f01000-7f8574f02000 r--p 00018000 103:06 2889319                   /lib/x86_64-linux-gnu/libz.so.1.2.8
7f8574f02000-7f8574f03000 rw-p 00019000 103:06 2889319                   /lib/x86_64-linux-gnu/libz.so.1.2.8
7f8574f03000-7f85750c3000 r-xp 00000000 103:06 2888852                   /lib/x86_64-linux-gnu/libc-2.23.so
7f85750c3000-7f85752c3000 ---p 001c0000 103:06 2888852                   /lib/x86_64-linux-gnu/libc-2.23.so
7f85752c3000-7f85752c7000 r--p 001c0000 103:06 2888852                   /lib/x86_64-linux-gnu/libc-2.23.so
7f85752c7000-7f85752c9000 rw-p 001c4000 103:06 2888852                   /lib/x86_64-linux-gnu/libc-2.23.so
7f85752c9000-7f85752cd000 rw-p 00000000 00:00 0 
7f85752cd000-7f85752db000 r-xp 00000000 103:06 1840366                   /usr/lib/jvm/java-8-openjdk-amd64/jre/lib/amd64/jli/libjli.so
7f85752db000-7f85754da000 ---p 0000e000 103:06 1840366                   /usr/lib/jvm/java-8-openjdk-amd64/jre/lib/amd64/jli/libjli.so
7f85754da000-7f85754db000 r--p 0000d000 103:06 1840366                   /usr/lib/jvm/java-8-openjdk-amd64/jre/lib/amd64/jli/libjli.so
7f85754db000-7f85754dc000 rw-p 0000e000 103:06 1840366                   /usr/lib/jvm/java-8-openjdk-amd64/jre/lib/amd64/jli/libjli.so
7f85754dc000-7f8575502000 r-xp 00000000 103:06 2883681                   /lib/x86_64-linux-gnu/ld-2.23.so
7f8575507000-7f857550d000 r--s 0003d000 103:06 1840337                   /usr/lib/jvm/java-8-openjdk-amd64/jre/lib/ext/sunjce_provider.jar
7f857550d000-7f8575518000 r--s 00116000 103:06 1840333                   /usr/lib/jvm/java-8-openjdk-amd64/jre/lib/ext/localedata.jar
7f8575518000-7f8575533000 r--s 00394000 103:06 1840329                   /usr/lib/jvm/java-8-openjdk-amd64/jre/lib/ext/cldrdata.jar
7f8575533000-7f85755db000 rw-p 00000000 00:00 0 
7f85755db000-7f85755de000 ---p 00000000 00:00 0 
7f85755de000-7f85756e0000 rw-p 00000000 00:00 0 
7f85756e0000-7f85756e2000 r--s 00019000 103:06 1055563                   /home/khuebc/malware/Interprocedural-CFG/ICFGCreator/GeneratedDotFiles/VirusShare_00808c7b05bb19fa8c6fced4d6c4aae0.jar
7f85756e2000-7f85756e5000 r--s 0000f000 103:06 1840335                   /usr/lib/jvm/java-8-openjdk-amd64/jre/lib/ext/icedtea-sound.jar
7f85756e5000-7f85756e7000 r--s 00001000 103:06 1840336                   /usr/lib/jvm/java-8-openjdk-amd64/jre/lib/ext/dnsns.jar
7f85756e7000-7f85756eb000 r--s 00040000 103:06 1840334                   /usr/lib/jvm/java-8-openjdk-amd64/jre/lib/ext/sunpkcs11.jar
7f85756eb000-7f85756ed000 r--s 00008000 103:06 1840328                   /usr/lib/jvm/java-8-openjdk-amd64/jre/lib/ext/sunec.jar
7f85756ed000-7f85756ee000 r--s 0000a000 103:06 1840332                   /usr/lib/jvm/java-8-openjdk-amd64/jre/lib/ext/jaccess.jar
7f85756ee000-7f85756f0000 r--s 00010000 103:06 1840330                   /usr/lib/jvm/java-8-openjdk-amd64/jre/lib/ext/zipfs.jar
7f85756f0000-7f85756f6000 r--s 000d3000 103:06 1840315                   /usr/lib/jvm/java-8-openjdk-amd64/jre/lib/jfr.jar
7f85756f6000-7f85756fe000 rw-s 00000000 103:06 3289908                   /tmp/hsperfdata_khuebc/6287
7f85756fe000-7f85756ff000 rw-p 00000000 00:00 0 
7f85756ff000-7f8575700000 ---p 00000000 00:00 0 
7f8575700000-7f8575701000 rw-p 00000000 00:00 0 
7f8575701000-7f8575702000 r--p 00025000 103:06 2883681                   /lib/x86_64-linux-gnu/ld-2.23.so
7f8575702000-7f8575703000 rw-p 00026000 103:06 2883681                   /lib/x86_64-linux-gnu/ld-2.23.so
7f8575703000-7f8575704000 rw-p 00000000 00:00 0 
7ffe2fff7000-7ffe30019000 rw-p 00000000 00:00 0                          [stack]
7ffe300c8000-7ffe300cb000 r--p 00000000 00:00 0                          [vvar]
7ffe300cb000-7ffe300cd000 r-xp 00000000 00:00 0                          [vdso]
ffffffffff600000-ffffffffff601000 r-xp 00000000 00:00 0                  [vsyscall]

VM Arguments:
java_command: decompiler.jar /home/khuebc/malware/Interprocedural-CFG/ICFGCreator/GeneratedDotFiles/VirusShare_00808c7b05bb19fa8c6fced4d6c4aae0.jar -o TempDecompiledJar/
java_class_path (initial): decompiler.jar
Launcher Type: SUN_STANDARD

Environment Variables:
JAVA_HOME=/usr/lib/jvm/java-8-openjdk-amd64
PATH=/home/khuebc/bin:/home/khuebc/.local/bin:/usr/local/sbin:/usr/local/bin:/usr/sbin:/usr/bin:/sbin:/bin:/usr/games:/usr/local/games:/snap/bin:/home/khuebc/bin:/usr/lib/jvm/java-1.8.0-openjdk-amd64/bin
SHELL=/bin/bash
DISPLAY=:0

Signal Handlers:
SIGSEGV: [libjvm.so+0xb1f1b0], sa_mask[0]=11111111011111111101111111111110, sa_flags=SA_RESTART|SA_SIGINFO
SIGBUS: [libjvm.so+0xb1f1b0], sa_mask[0]=11111111011111111101111111111110, sa_flags=SA_RESTART|SA_SIGINFO
SIGFPE: [libjvm.so+0x956cf0], sa_mask[0]=11111111011111111101111111111110, sa_flags=SA_RESTART|SA_SIGINFO
SIGPIPE: [libjvm.so+0x956cf0], sa_mask[0]=11111111011111111101111111111110, sa_flags=SA_RESTART|SA_SIGINFO
SIGXFSZ: [libjvm.so+0x956cf0], sa_mask[0]=11111111011111111101111111111110, sa_flags=SA_RESTART|SA_SIGINFO
SIGILL: [libjvm.so+0x956cf0], sa_mask[0]=11111111011111111101111111111110, sa_flags=SA_RESTART|SA_SIGINFO
SIGUSR1: SIG_DFL, sa_mask[0]=00000000000000000000000000000000, sa_flags=none
SIGUSR2: [libjvm.so+0x956ba0], sa_mask[0]=00000000000000000000000000000000, sa_flags=SA_RESTART|SA_SIGINFO
SIGHUP: [libjvm.so+0x957230], sa_mask[0]=11111111011111111101111111111110, sa_flags=SA_RESTART|SA_SIGINFO
SIGINT: [libjvm.so+0x957230], sa_mask[0]=11111111011111111101111111111110, sa_flags=SA_RESTART|SA_SIGINFO
SIGTERM: [libjvm.so+0x957230], sa_mask[0]=11111111011111111101111111111110, sa_flags=SA_RESTART|SA_SIGINFO
SIGQUIT: [libjvm.so+0x957230], sa_mask[0]=11111111011111111101111111111110, sa_flags=SA_RESTART|SA_SIGINFO


---------------  S Y S T E M  ---------------

OS:DISTRIB_ID=Ubuntu
DISTRIB_RELEASE=16.04
DISTRIB_CODENAME=xenial
DISTRIB_DESCRIPTION="Ubuntu 16.04.7 LTS"

uname:Linux 4.15.0-142-generic #146~16.04.1-Ubuntu SMP Tue Apr 13 09:27:15 UTC 2021 x86_64
libc:glibc 2.23 NPTL 2.23 
rlimit: STACK 8192k, CORE 0k, NPROC 62276, NOFILE 1048576, AS infinity
load average:4,49 3,06 2,61

/proc/meminfo:
MemTotal:       16139036 kB
MemFree:          163156 kB
MemAvailable:     208644 kB
Buffers:           36608 kB
Cached:          2190048 kB
SwapCached:            0 kB
Active:         13417196 kB
Inactive:        2077596 kB
Active(anon):   13306216 kB
Inactive(anon):  1936476 kB
Active(file):     110980 kB
Inactive(file):   141120 kB
Unevictable:         144 kB
Mlocked:             144 kB
SwapTotal:             0 kB
SwapFree:              0 kB
Dirty:                28 kB
Writeback:          5572 kB
AnonPages:      13268744 kB
Mapped:           679940 kB
Shmem:           1974296 kB
Slab:             215576 kB
SReclaimable:     102108 kB
SUnreclaim:       113468 kB
KernelStack:       25808 kB
PageTables:       129588 kB
NFS_Unstable:          0 kB
Bounce:                0 kB
WritebackTmp:          0 kB
CommitLimit:     8069516 kB
Committed_AS:   30416340 kB
VmallocTotal:   34359738367 kB
VmallocUsed:           0 kB
VmallocChunk:          0 kB
HardwareCorrupted:     0 kB
AnonHugePages:         0 kB
ShmemHugePages:        0 kB
ShmemPmdMapped:        0 kB
CmaTotal:              0 kB
CmaFree:               0 kB
HugePages_Total:       0
HugePages_Free:        0
HugePages_Rsvd:        0
HugePages_Surp:        0
Hugepagesize:       2048 kB
DirectMap4k:      480084 kB
DirectMap2M:    15943680 kB
DirectMap1G:           0 kB

container (cgroup) information:
container_type: cgroupv1
cpu_cpuset_cpus: 0-7
cpu_memory_nodes: 0
active_processor_count: 8
cpu_quota: -1
cpu_period: 100000
cpu_shares: -1
memory_limit_in_bytes: -1
memory_and_swap_limit_in_bytes: -2
memory_soft_limit_in_bytes: -1
memory_usage_in_bytes: 15866568704
memory_max_usage_in_bytes: 2093056


CPU:total 8 (initial active 8) (4 cores per cpu, 2 threads per core) family 6 model 142 stepping 12, cmov, cx8, fxsr, mmx, sse, sse2, sse3, ssse3, sse4.1, sse4.2, popcnt, avx, avx2, aes, clmul, erms, 3dnowpref, lzcnt, ht, tsc, tscinvbit, bmi1, bmi2, adx

/proc/cpuinfo:
processor	: 0
vendor_id	: GenuineIntel
cpu family	: 6
model		: 142
model name	: Intel(R) Core(TM) i7-8565U CPU @ 1.80GHz
stepping	: 12
microcode	: 0xea
cpu MHz		: 2601.014
cache size	: 8192 KB
physical id	: 0
siblings	: 8
core id		: 0
cpu cores	: 4
apicid		: 0
initial apicid	: 0
fpu		: yes
fpu_exception	: yes
cpuid level	: 22
wp		: yes
flags		: fpu vme de pse tsc msr pae mce cx8 apic sep mtrr pge mca cmov pat pse36 clflush dts acpi mmx fxsr sse sse2 ss ht tm pbe syscall nx pdpe1gb rdtscp lm constant_tsc art arch_perfmon pebs bts rep_good nopl xtopology nonstop_tsc cpuid aperfmperf pni pclmulqdq dtes64 monitor ds_cpl vmx est tm2 ssse3 sdbg fma cx16 xtpr pdcm pcid sse4_1 sse4_2 x2apic movbe popcnt tsc_deadline_timer aes xsave avx f16c rdrand lahf_lm abm 3dnowprefetch cpuid_fault epb invpcid_single ssbd ibrs ibpb stibp ibrs_enhanced tpr_shadow vnmi flexpriority ept vpid fsgsbase tsc_adjust bmi1 avx2 smep bmi2 erms invpcid mpx rdseed adx smap clflushopt intel_pt xsaveopt xsavec xgetbv1 xsaves dtherm ida arat pln pts hwp hwp_notify hwp_act_window hwp_epp md_clear flush_l1d arch_capabilities
bugs		: spectre_v1 spectre_v2 spec_store_bypass swapgs itlb_multihit srbds
bogomips	: 3999.93
clflush size	: 64
cache_alignment	: 64
address sizes	: 39 bits physical, 48 bits virtual
power management:

processor	: 1
vendor_id	: GenuineIntel
cpu family	: 6
model		: 142
model name	: Intel(R) Core(TM) i7-8565U CPU @ 1.80GHz
stepping	: 12
microcode	: 0xea
cpu MHz		: 2604.438
cache size	: 8192 KB
physical id	: 0
siblings	: 8
core id		: 1
cpu cores	: 4
apicid		: 2
initial apicid	: 2
fpu		: yes
fpu_exception	: yes
cpuid level	: 22
wp		: yes
flags		: fpu vme de pse tsc msr pae mce cx8 apic sep mtrr pge mca cmov pat pse36 clflush dts acpi mmx fxsr sse sse2 ss ht tm pbe syscall nx pdpe1gb rdtscp lm constant_tsc art arch_perfmon pebs bts rep_good nopl xtopology nonstop_tsc cpuid aperfmperf pni pclmulqdq dtes64 monitor ds_cpl vmx est tm2 ssse3 sdbg fma cx16 xtpr pdcm pcid sse4_1 sse4_2 x2apic movbe popcnt tsc_deadline_timer aes xsave avx f16c rdrand lahf_lm abm 3dnowprefetch cpuid_fault epb invpcid_single ssbd ibrs ibpb stibp ibrs_enhanced tpr_shadow vnmi flexpriority ept vpid fsgsbase tsc_adjust bmi1 avx2 smep bmi2 erms invpcid mpx rdseed adx smap clflushopt intel_pt xsaveopt xsavec xgetbv1 xsaves dtherm ida arat pln pts hwp hwp_notify hwp_act_window hwp_epp md_clear flush_l1d arch_capabilities
bugs		: spectre_v1 spectre_v2 spec_store_bypass swapgs itlb_multihit srbds
bogomips	: 3999.93
clflush size	: 64
cache_alignment	: 64
address sizes	: 39 bits physical, 48 bits virtual
power management:

processor	: 2
vendor_id	: GenuineIntel
cpu family	: 6
model		: 142
model name	: Intel(R) Core(TM) i7-8565U CPU @ 1.80GHz
stepping	: 12
microcode	: 0xea
cpu MHz		: 2600.300
cache size	: 8192 KB
physical id	: 0
siblings	: 8
core id		: 2
cpu cores	: 4
apicid		: 4
initial apicid	: 4
fpu		: yes
fpu_exception	: yes
cpuid level	: 22
wp		: yes
flags		: fpu vme de pse tsc msr pae mce cx8 apic sep mtrr pge mca cmov pat pse36 clflush dts acpi mmx fxsr sse sse2 ss ht tm pbe syscall nx pdpe1gb rdtscp lm constant_tsc art arch_perfmon pebs bts rep_good nopl xtopology nonstop_tsc cpuid aperfmperf pni pclmulqdq dtes64 monitor ds_cpl vmx est tm2 ssse3 sdbg fma cx16 xtpr pdcm pcid sse4_1 sse4_2 x2apic movbe popcnt tsc_deadline_timer aes xsave avx f16c rdrand lahf_lm abm 3dnowprefetch cpuid_fault epb invpcid_single ssbd ibrs ibpb stibp ibrs_enhanced tpr_shadow vnmi flexpriority ept vpid fsgsbase tsc_adjust bmi1 avx2 smep bmi2 erms invpcid mpx rdseed adx smap clflushopt intel_pt xsaveopt xsavec xgetbv1 xsaves dtherm ida arat pln pts hwp hwp_notify hwp_act_window hwp_epp md_clear flush_l1d arch_capabilities
bugs		: spectre_v1 spectre_v2 spec_store_bypass swapgs itlb_multihit srbds
bogomips	: 3999.93
clflush size	: 64
cache_alignment	: 64
address sizes	: 39 bits physical, 48 bits virtual
power management:

processor	: 3
vendor_id	: GenuineIntel
cpu family	: 6
model		: 142
model name	: Intel(R) Core(TM) i7-8565U CPU @ 1.80GHz
stepping	: 12
microcode	: 0xea
cpu MHz		: 2614.259
cache size	: 8192 KB
physical id	: 0
siblings	: 8
core id		: 3
cpu cores	: 4
apicid		: 6
initial apicid	: 6
fpu		: yes
fpu_exception	: yes
cpuid level	: 22
wp		: yes
flags		: fpu vme de pse tsc msr pae mce cx8 apic sep mtrr pge mca cmov pat pse36 clflush dts acpi mmx fxsr sse sse2 ss ht tm pbe syscall nx pdpe1gb rdtscp lm constant_tsc art arch_perfmon pebs bts rep_good nopl xtopology nonstop_tsc cpuid aperfmperf pni pclmulqdq dtes64 monitor ds_cpl vmx est tm2 ssse3 sdbg fma cx16 xtpr pdcm pcid sse4_1 sse4_2 x2apic movbe popcnt tsc_deadline_timer aes xsave avx f16c rdrand lahf_lm abm 3dnowprefetch cpuid_fault epb invpcid_single ssbd ibrs ibpb stibp ibrs_enhanced tpr_shadow vnmi flexpriority ept vpid fsgsbase tsc_adjust bmi1 avx2 smep bmi2 erms invpcid mpx rdseed adx smap clflushopt intel_pt xsaveopt xsavec xgetbv1 xsaves dtherm ida arat pln pts hwp hwp_notify hwp_act_window hwp_epp md_clear flush_l1d arch_capabilities
bugs		: spectre_v1 spectre_v2 spec_store_bypass swapgs itlb_multihit srbds
bogomips	: 3999.93
clflush size	: 64
cache_alignment	: 64
address sizes	: 39 bits physical, 48 bits virtual
power management:

processor	: 4
vendor_id	: GenuineIntel
cpu family	: 6
model		: 142
model name	: Intel(R) Core(TM) i7-8565U CPU @ 1.80GHz
stepping	: 12
microcode	: 0xea
cpu MHz		: 2601.225
cache size	: 8192 KB
physical id	: 0
siblings	: 8
core id		: 0
cpu cores	: 4
apicid		: 1
initial apicid	: 1
fpu		: yes
fpu_exception	: yes
cpuid level	: 22
wp		: yes
flags		: fpu vme de pse tsc msr pae mce cx8 apic sep mtrr pge mca cmov pat pse36 clflush dts acpi mmx fxsr sse sse2 ss ht tm pbe syscall nx pdpe1gb rdtscp lm constant_tsc art arch_perfmon pebs bts rep_good nopl xtopology nonstop_tsc cpuid aperfmperf pni pclmulqdq dtes64 monitor ds_cpl vmx est tm2 ssse3 sdbg fma cx16 xtpr pdcm pcid sse4_1 sse4_2 x2apic movbe popcnt tsc_deadline_timer aes xsave avx f16c rdrand lahf_lm abm 3dnowprefetch cpuid_fault epb invpcid_single ssbd ibrs ibpb stibp ibrs_enhanced tpr_shadow vnmi flexpriority ept vpid fsgsbase tsc_adjust bmi1 avx2 smep bmi2 erms invpcid mpx rdseed adx smap clflushopt intel_pt xsaveopt xsavec xgetbv1 xsaves dtherm ida arat pln pts hwp hwp_notify hwp_act_window hwp_epp md_clear flush_l1d arch_capabilities
bugs		: spectre_v1 spectre_v2 spec_store_bypass swapgs itlb_multihit srbds
bogomips	: 3999.93
clflush size	: 64
cache_alignment	: 64
address sizes	: 39 bits physical, 48 bits virtual
power management:

processor	: 5
vendor_id	: GenuineIntel
cpu family	: 6
model		: 142
model name	: Intel(R) Core(TM) i7-8565U CPU @ 1.80GHz
stepping	: 12
microcode	: 0xea
cpu MHz		: 2608.472
cache size	: 8192 KB
physical id	: 0
siblings	: 8
core id		: 1
cpu cores	: 4
apicid		: 3
initial apicid	: 3
fpu		: yes
fpu_exception	: yes
cpuid level	: 22
wp		: yes
flags		: fpu vme de pse tsc msr pae mce cx8 apic sep mtrr pge mca cmov pat pse36 clflush dts acpi mmx fxsr sse sse2 ss ht tm pbe syscall nx pdpe1gb rdtscp lm constant_tsc art arch_perfmon pebs bts rep_good nopl xtopology nonstop_tsc cpuid aperfmperf pni pclmulqdq dtes64 monitor ds_cpl vmx est tm2 ssse3 sdbg fma cx16 xtpr pdcm pcid sse4_1 sse4_2 x2apic movbe popcnt tsc_deadline_timer aes xsave avx f16c rdrand lahf_lm abm 3dnowprefetch cpuid_fault epb invpcid_single ssbd ibrs ibpb stibp ibrs_enhanced tpr_shadow vnmi flexpriority ept vpid fsgsbase tsc_adjust bmi1 avx2 smep bmi2 erms invpcid mpx rdseed adx smap clflushopt intel_pt xsaveopt xsavec xgetbv1 xsaves dtherm ida arat pln pts hwp hwp_notify hwp_act_window hwp_epp md_clear flush_l1d arch_capabilities
bugs		: spectre_v1 spectre_v2 spec_store_bypass swapgs itlb_multihit srbds
bogomips	: 3999.93
clflush size	: 64
cache_alignment	: 64
address sizes	: 39 bits physical, 48 bits virtual
power management:

processor	: 6
vendor_id	: GenuineIntel
cpu family	: 6
model		: 142
model name	: Intel(R) Core(TM) i7-8565U CPU @ 1.80GHz
stepping	: 12
microcode	: 0xea
cpu MHz		: 2665.115
cache size	: 8192 KB
physical id	: 0
siblings	: 8
core id		: 2
cpu cores	: 4
apicid		: 5
initial apicid	: 5
fpu		: yes
fpu_exception	: yes
cpuid level	: 22
wp		: yes
flags		: fpu vme de pse tsc msr pae mce cx8 apic sep mtrr pge mca cmov pat pse36 clflush dts acpi mmx fxsr sse sse2 ss ht tm pbe syscall nx pdpe1gb rdtscp lm constant_tsc art arch_perfmon pebs bts rep_good nopl xtopology nonstop_tsc cpuid aperfmperf pni pclmulqdq dtes64 monitor ds_cpl vmx est tm2 ssse3 sdbg fma cx16 xtpr pdcm pcid sse4_1 sse4_2 x2apic movbe popcnt tsc_deadline_timer aes xsave avx f16c rdrand lahf_lm abm 3dnowprefetch cpuid_fault epb invpcid_single ssbd ibrs ibpb stibp ibrs_enhanced tpr_shadow vnmi flexpriority ept vpid fsgsbase tsc_adjust bmi1 avx2 smep bmi2 erms invpcid mpx rdseed adx smap clflushopt intel_pt xsaveopt xsavec xgetbv1 xsaves dtherm ida arat pln pts hwp hwp_notify hwp_act_window hwp_epp md_clear flush_l1d arch_capabilities
bugs		: spectre_v1 spectre_v2 spec_store_bypass swapgs itlb_multihit srbds
bogomips	: 3999.93
clflush size	: 64
cache_alignment	: 64
address sizes	: 39 bits physical, 48 bits virtual
power management:

processor	: 7
vendor_id	: GenuineIntel
cpu family	: 6
model		: 142
model name	: Intel(R) Core(TM) i7-8565U CPU @ 1.80GHz
stepping	: 12
microcode	: 0xea
cpu MHz		: 2618.847
cache size	: 8192 KB
physical id	: 0
siblings	: 8
core id		: 3
cpu cores	: 4
apicid		: 7
initial apicid	: 7
fpu		: yes
fpu_exception	: yes
cpuid level	: 22
wp		: yes
flags		: fpu vme de pse tsc msr pae mce cx8 apic sep mtrr pge mca cmov pat pse36 clflush dts acpi mmx fxsr sse sse2 ss ht tm pbe syscall nx pdpe1gb rdtscp lm constant_tsc art arch_perfmon pebs bts rep_good nopl xtopology nonstop_tsc cpuid aperfmperf pni pclmulqdq dtes64 monitor ds_cpl vmx est tm2 ssse3 sdbg fma cx16 xtpr pdcm pcid sse4_1 sse4_2 x2apic movbe popcnt tsc_deadline_timer aes xsave avx f16c rdrand lahf_lm abm 3dnowprefetch cpuid_fault epb invpcid_single ssbd ibrs ibpb stibp ibrs_enhanced tpr_shadow vnmi flexpriority ept vpid fsgsbase tsc_adjust bmi1 avx2 smep bmi2 erms invpcid mpx rdseed adx smap clflushopt intel_pt xsaveopt xsavec xgetbv1 xsaves dtherm ida arat pln pts hwp hwp_notify hwp_act_window hwp_epp md_clear flush_l1d arch_capabilities
bugs		: spectre_v1 spectre_v2 spec_store_bypass swapgs itlb_multihit srbds
bogomips	: 3999.93
clflush size	: 64
cache_alignment	: 64
address sizes	: 39 bits physical, 48 bits virtual
power management:



Memory: 4k page, physical 16139036k(159556k free), swap 0k(0k free)

vm_info: OpenJDK 64-Bit Server VM (25.292-b10) for linux-amd64 JRE (1.8.0_292-8u292-b10-0ubuntu1~16.04.1-b10), built on Apr 21 2021 12:47:35 by "buildd" with gcc 5.4.0 20160609

time: Tue Jun 29 11:40:23 2021
timezone: +07
elapsed time: 5.722328 seconds (0d 0h 0m 5s)

