#
# There is insufficient memory for the Java Runtime Environment to continue.
# Native memory allocation (mmap) failed to map 218628096 bytes for committing reserved memory.
# Possible reasons:
#   The system is out of physical RAM or swap space
#   The process is running with CompressedOops enabled, and the Java Heap may be blocking the growth of the native heap
# Possible solutions:
#   Reduce memory load on the system
#   Increase physical memory or swap space
#   Check if swap backing store is full
#   Decrease Java heap size (-Xmx/-Xms)
#   Decrease number of Java threads
#   Decrease Java thread stack sizes (-Xss)
#   Set larger code cache with -XX:ReservedCodeCacheSize=
#   JVM is running with Zero Based Compressed Oops mode in which the Java heap is
#     placed in the first 32GB address space. The Java Heap base address is the
#     maximum limit for the native heap growth. Please use -XX:HeapBaseMinAddress
#     to set the Java Heap base and to place the Java Heap above 32GB virtual address.
# This output file may be truncated or incomplete.
#
#  Out of Memory Error (os_linux.cpp:2798), pid=4107, tid=0x00007fccf64e4700
#
# JRE version: OpenJDK Runtime Environment (8.0_292-b10) (build 1.8.0_292-8u292-b10-0ubuntu1~16.04.1-b10)
# Java VM: OpenJDK 64-Bit Server VM (25.292-b10 mixed mode linux-amd64 compressed oops)
# Failed to write core dump. Core dumps have been disabled. To enable core dumping, try "ulimit -c unlimited" before starting Java again
#

---------------  T H R E A D  ---------------

Current thread (0x00007fcd181c8800):  VMThread [stack: 0x00007fccf63e4000,0x00007fccf64e5000] [id=4125]

Stack: [0x00007fccf63e4000,0x00007fccf64e5000],  sp=0x00007fccf64e3360,  free space=1020k
Native frames: (J=compiled Java code, j=interpreted, Vv=VM code, C=native code)
V  [libjvm.so+0xb1e67b]
V  [libjvm.so+0x4e01dc]
V  [libjvm.so+0x95bc48]
V  [libjvm.so+0x953b3e]
V  [libjvm.so+0x9d4ad6]
V  [libjvm.so+0x9c3a7a]
V  [libjvm.so+0x9c3c83]
V  [libjvm.so+0x9c45e8]
V  [libjvm.so+0x9ca9de]
V  [libjvm.so+0x9d265d]
V  [libjvm.so+0x983953]
V  [libjvm.so+0xb20372]
V  [libjvm.so+0xb26067]
V  [libjvm.so+0xb23b43]
V  [libjvm.so+0xb23ee5]
V  [libjvm.so+0xb244b2]
V  [libjvm.so+0x958fe2]

VM_Operation (0x00007fcd212fc440): ParallelGCFailedAllocation, mode: safepoint, requested by thread 0x00007fcd1800b000


---------------  P R O C E S S  ---------------

Java Threads: ( => current thread )
  0x00007fcd18237800 JavaThread "Service Thread" daemon [_thread_blocked, id=4155, stack(0x00007fccf5786000,0x00007fccf5887000)]
  0x00007fcd18212000 JavaThread "C1 CompilerThread3" daemon [_thread_blocked, id=4152, stack(0x00007fccf5887000,0x00007fccf5988000)]
  0x00007fcd18210000 JavaThread "C2 CompilerThread2" daemon [_thread_blocked, id=4149, stack(0x00007fccf5988000,0x00007fccf5a89000)]
  0x00007fcd1820e000 JavaThread "C2 CompilerThread1" daemon [_thread_blocked, id=4142, stack(0x00007fccf5a89000,0x00007fccf5b8a000)]
  0x00007fcd1820b000 JavaThread "C2 CompilerThread0" daemon [_thread_blocked, id=4141, stack(0x00007fccf5b8a000,0x00007fccf5c8b000)]
  0x00007fcd18208000 JavaThread "Signal Dispatcher" daemon [_thread_blocked, id=4133, stack(0x00007fccf5c8b000,0x00007fccf5d8c000)]
  0x00007fcd181d7000 JavaThread "Finalizer" daemon [_thread_blocked, id=4131, stack(0x00007fccf61e2000,0x00007fccf62e3000)]
  0x00007fcd181d2800 JavaThread "Reference Handler" daemon [_thread_blocked, id=4130, stack(0x00007fccf62e3000,0x00007fccf63e4000)]
  0x00007fcd1800b000 JavaThread "main" [_thread_blocked, id=4109, stack(0x00007fcd211fd000,0x00007fcd212fe000)]

Other Threads:
=>0x00007fcd181c8800 VMThread [stack: 0x00007fccf63e4000,0x00007fccf64e5000] [id=4125]
  0x00007fcd1823a000 WatcherThread [stack: 0x00007fccf5685000,0x00007fccf5786000] [id=4157]

VM state:at safepoint (normal execution)

VM Mutex/Monitor currently owned by a thread:  ([mutex/lock_event])
[0x00007fcd18006a30] ExpandHeap_lock - owner thread: 0x00007fcd181c8800
[0x00007fcd180070b0] Threads_lock - owner thread: 0x00007fcd181c8800
[0x00007fcd180075b0] Heap_lock - owner thread: 0x00007fcd1800b000

heap address: 0x00000006c9a00000, size: 3942 MB, Compressed Oops mode: Zero based, Oop shift amount: 3
Narrow klass base: 0x0000000000000000, Narrow klass shift: 3
Compressed class space size: 1073741824 Address: 0x00000007c0000000

Heap:
 PSYoungGen      total 875520K, used 91044K [0x000000076de00000, 0x00000007bf200000, 0x00000007c0000000)
  eden space 477184K, 0% used [0x000000076de00000,0x000000076de00000,0x000000078b000000)
  from space 398336K, 22% used [0x00000007a4480000,0x00000007a9d69030,0x00000007bc980000)
  to   space 414208K, 0% used [0x000000078b000000,0x000000078b000000,0x00000007a4480000)
 ParOldGen       total 314880K, used 314441K [0x00000006c9a00000, 0x00000006dcd80000, 0x000000076de00000)
  object space 314880K, 99% used [0x00000006c9a00000,0x00000006dcd12580,0x00000006dcd80000)
 Metaspace       used 10348K, capacity 10556K, committed 10624K, reserved 1058816K
  class space    used 1125K, capacity 1136K, committed 1152K, reserved 1048576K

Card table byte_map: [0x00007fcd1d030000,0x00007fcd1d7e4000] byte_map_base: 0x00007fcd199e3000

Marking Bits: (ParMarkBitMap*) 0x00007fcd204cd8a0
 Begin Bits: [0x00007fccd04d0000, 0x00007fccd4268000)
 End Bits:   [0x00007fccd4268000, 0x00007fccd8000000)

Polling page: 0x00007fcd21321000

CodeCache: size=245760Kb used=15808Kb max_used=16049Kb free=229951Kb
 bounds [0x00007fcd09000000, 0x00007fcd0a0a0000, 0x00007fcd18000000]
 total_blobs=2942 nmethods=2654 adapters=199
 compilation: enabled

Compilation events (10 events):
Event: 41,176 Thread 0x00007fcd18212000 4142       1       java.lang.StringCoding$StringDecoder::requestedCharsetName (5 bytes)
Event: 41,176 Thread 0x00007fcd18212000 nmethod 4142 0x00007fcd0910c9d0 code [0x00007fcd0910cb20, 0x00007fcd0910cc30]
Event: 41,187 Thread 0x00007fcd18212000 4144       2       soot.jimple.toolkits.ide.icfg.JimpleBasedInterproceduralCFG::initializeUnitToOwner (62 bytes)
Event: 41,187 Thread 0x00007fcd18212000 nmethod 4144 0x00007fcd09195210 code [0x00007fcd091953c0, 0x00007fcd091957c8]
Event: 41,189 Thread 0x00007fcd18212000 4145 %     3       soot.jimple.toolkits.ide.icfg.JimpleBasedInterproceduralCFG::initializeUnitToOwner @ 23 (62 bytes)
Event: 41,190 Thread 0x00007fcd18212000 nmethod 4145% 0x00007fcd0918aad0 code [0x00007fcd0918ace0, 0x00007fcd0918b748]
Event: 41,198 Thread 0x00007fcd18212000 4146       3       soot.jimple.toolkits.ide.icfg.JimpleBasedInterproceduralCFG::initializeUnitToOwner (62 bytes)
Event: 41,198 Thread 0x00007fcd18212000 nmethod 4146 0x00007fcd099de9d0 code [0x00007fcd099debe0, 0x00007fcd099df6e8]
Event: 41,234 Thread 0x00007fcd18210000 nmethod 3962 0x00007fcd09e85090 code [0x00007fcd09e85720, 0x00007fcd09e89f08]
Event: 41,235 Thread 0x00007fcd18210000 4133 %     4       soot.toolkits.graph.UnitGraph::buildUnexceptionalEdges @ 34 (299 bytes)

GC Heap History (10 events):
Event: 32,027 GC heap after
Heap after GC invocations=23 (full 1):
 PSYoungGen      total 744960K, used 250552K [0x000000076de00000, 0x00000007b2800000, 0x00000007c0000000)
  eden space 459264K, 0% used [0x000000076de00000,0x000000076de00000,0x0000000789e80000)
  from space 285696K, 87% used [0x000000079d300000,0x00000007ac7ae260,0x00000007aea00000)
  to   space 315904K, 0% used [0x0000000789e80000,0x0000000789e80000,0x000000079d300000)
 ParOldGen       total 314880K, used 240025K [0x00000006c9a00000, 0x00000006dcd80000, 0x000000076de00000)
  object space 314880K, 76% used [0x00000006c9a00000,0x00000006d8466638,0x00000006dcd80000)
 Metaspace       used 9315K, capacity 9660K, committed 9984K, reserved 1058816K
  class space    used 939K, capacity 944K, committed 1024K, reserved 1048576K
}
Event: 34,924 GC heap before
{Heap before GC invocations=24 (full 1):
 PSYoungGen      total 744960K, used 709816K [0x000000076de00000, 0x00000007b2800000, 0x00000007c0000000)
  eden space 459264K, 100% used [0x000000076de00000,0x0000000789e80000,0x0000000789e80000)
  from space 285696K, 87% used [0x000000079d300000,0x00000007ac7ae260,0x00000007aea00000)
  to   space 315904K, 0% used [0x0000000789e80000,0x0000000789e80000,0x000000079d300000)
 ParOldGen       total 314880K, used 240025K [0x00000006c9a00000, 0x00000006dcd80000, 0x000000076de00000)
  object space 314880K, 76% used [0x00000006c9a00000,0x00000006d8466638,0x00000006dcd80000)
 Metaspace       used 9318K, capacity 9660K, committed 9984K, reserved 1058816K
  class space    used 939K, capacity 944K, committed 1024K, reserved 1048576K
Event: 35,090 GC heap after
Heap after GC invocations=24 (full 1):
 PSYoungGen      total 775168K, used 270808K [0x000000076de00000, 0x00000007b6480000, 0x00000007c0000000)
  eden space 459264K, 0% used [0x000000076de00000,0x000000076de00000,0x0000000789e80000)
  from space 315904K, 85% used [0x0000000789e80000,0x000000079a6f6240,0x000000079d300000)
  to   space 347136K, 0% used [0x00000007a1180000,0x00000007a1180000,0x00000007b6480000)
 ParOldGen       total 314880K, used 240025K [0x00000006c9a00000, 0x00000006dcd80000, 0x000000076de00000)
  object space 314880K, 76% used [0x00000006c9a00000,0x00000006d8466638,0x00000006dcd80000)
 Metaspace       used 9318K, capacity 9660K, committed 9984K, reserved 1058816K
  class space    used 939K, capacity 944K, committed 1024K, reserved 1048576K
}
Event: 37,672 GC heap before
{Heap before GC invocations=25 (full 1):
 PSYoungGen      total 775168K, used 730072K [0x000000076de00000, 0x00000007b6480000, 0x00000007c0000000)
  eden space 459264K, 100% used [0x000000076de00000,0x0000000789e80000,0x0000000789e80000)
  from space 315904K, 85% used [0x0000000789e80000,0x000000079a6f6240,0x000000079d300000)
  to   space 347136K, 0% used [0x00000007a1180000,0x00000007a1180000,0x00000007b6480000)
 ParOldGen       total 314880K, used 240025K [0x00000006c9a00000, 0x00000006dcd80000, 0x000000076de00000)
  object space 314880K, 76% used [0x00000006c9a00000,0x00000006d8466638,0x00000006dcd80000)
 Metaspace       used 9318K, capacity 9660K, committed 9984K, reserved 1058816K
  class space    used 939K, capacity 944K, committed 1024K, reserved 1048576K
Event: 37,918 GC heap after
Heap after GC invocations=25 (full 1):
 PSYoungGen      total 810496K, used 280744K [0x000000076de00000, 0x00000007b9f80000, 0x00000007c0000000)
  eden space 463360K, 0% used [0x000000076de00000,0x000000076de00000,0x000000078a280000)
  from space 347136K, 80% used [0x00000007a1180000,0x00000007b23aa250,0x00000007b6480000)
  to   space 375808K, 0% used [0x000000078a280000,0x000000078a280000,0x00000007a1180000)
 ParOldGen       total 314880K, used 251689K [0x00000006c9a00000, 0x00000006dcd80000, 0x000000076de00000)
  object space 314880K, 79% used [0x00000006c9a00000,0x00000006d8fca638,0x00000006dcd80000)
 Metaspace       used 9318K, capacity 9660K, committed 9984K, reserved 1058816K
  class space    used 939K, capacity 944K, committed 1024K, reserved 1048576K
}
Event: 39,963 GC heap before
{Heap before GC invocations=26 (full 1):
 PSYoungGen      total 810496K, used 744104K [0x000000076de00000, 0x00000007b9f80000, 0x00000007c0000000)
  eden space 463360K, 100% used [0x000000076de00000,0x000000078a280000,0x000000078a280000)
  from space 347136K, 80% used [0x00000007a1180000,0x00000007b23aa250,0x00000007b6480000)
  to   space 375808K, 0% used [0x000000078a280000,0x000000078a280000,0x00000007a1180000)
 ParOldGen       total 314880K, used 251689K [0x00000006c9a00000, 0x00000006dcd80000, 0x000000076de00000)
  object space 314880K, 79% used [0x00000006c9a00000,0x00000006d8fca638,0x00000006dcd80000)
 Metaspace       used 9379K, capacity 9756K, committed 9984K, reserved 1058816K
  class space    used 943K, capacity 976K, committed 1024K, reserved 1048576K
Event: 40,170 GC heap after
Heap after GC invocations=26 (full 1):
 PSYoungGen      total 839168K, used 283421K [0x000000076de00000, 0x00000007bc980000, 0x00000007c0000000)
  eden space 463360K, 0% used [0x000000076de00000,0x000000076de00000,0x000000078a280000)
  from space 375808K, 75% used [0x000000078a280000,0x000000079b7474c8,0x00000007a1180000)
  to   space 398336K, 0% used [0x00000007a4480000,0x00000007a4480000,0x00000007bc980000)
 ParOldGen       total 314880K, used 266461K [0x00000006c9a00000, 0x00000006dcd80000, 0x000000076de00000)
  object space 314880K, 84% used [0x00000006c9a00000,0x00000006d9e376c8,0x00000006dcd80000)
 Metaspace       used 9379K, capacity 9756K, committed 9984K, reserved 1058816K
  class space    used 943K, capacity 976K, committed 1024K, reserved 1048576K
}
Event: 41,252 GC heap before
{Heap before GC invocations=27 (full 1):
 PSYoungGen      total 839168K, used 746781K [0x000000076de00000, 0x00000007bc980000, 0x00000007c0000000)
  eden space 463360K, 100% used [0x000000076de00000,0x000000078a280000,0x000000078a280000)
  from space 375808K, 75% used [0x000000078a280000,0x000000079b7474c8,0x00000007a1180000)
  to   space 398336K, 0% used [0x00000007a4480000,0x00000007a4480000,0x00000007bc980000)
 ParOldGen       total 314880K, used 266461K [0x00000006c9a00000, 0x00000006dcd80000, 0x000000076de00000)
  object space 314880K, 84% used [0x00000006c9a00000,0x00000006d9e376c8,0x00000006dcd80000)
 Metaspace       used 10348K, capacity 10556K, committed 10624K, reserved 1058816K
  class space    used 1125K, capacity 1136K, committed 1152K, reserved 1048576K
Event: 41,531 GC heap after
Heap after GC invocations=27 (full 1):
 PSYoungGen      total 875520K, used 278635K [0x000000076de00000, 0x00000007bf200000, 0x00000007c0000000)
  eden space 477184K, 0% used [0x000000076de00000,0x000000076de00000,0x000000078b000000)
  from space 398336K, 69% used [0x00000007a4480000,0x00000007b549add0,0x00000007bc980000)
  to   space 414208K, 0% used [0x000000078b000000,0x000000078b000000,0x00000007a4480000)
 ParOldGen       total 314880K, used 280037K [0x00000006c9a00000, 0x00000006dcd80000, 0x000000076de00000)
  object space 314880K, 88% used [0x00000006c9a00000,0x00000006dab796c8,0x00000006dcd80000)
 Metaspace       used 10348K, capacity 10556K, committed 10624K, reserved 1058816K
  class space    used 1125K, capacity 1136K, committed 1152K, reserved 1048576K
}
Event: 41,532 GC heap before
{Heap before GC invocations=28 (full 2):
 PSYoungGen      total 875520K, used 278635K [0x000000076de00000, 0x00000007bf200000, 0x00000007c0000000)
  eden space 477184K, 0% used [0x000000076de00000,0x000000076de00000,0x000000078b000000)
  from space 398336K, 69% used [0x00000007a4480000,0x00000007b549add0,0x00000007bc980000)
  to   space 414208K, 0% used [0x000000078b000000,0x000000078b000000,0x00000007a4480000)
 ParOldGen       total 314880K, used 280037K [0x00000006c9a00000, 0x00000006dcd80000, 0x000000076de00000)
  object space 314880K, 88% used [0x00000006c9a00000,0x00000006dab796c8,0x00000006dcd80000)
 Metaspace       used 10348K, capacity 10556K, committed 10624K, reserved 1058816K
  class space    used 1125K, capacity 1136K, committed 1152K, reserved 1048576K

Deoptimization events (10 events):
Event: 41,053 Thread 0x00007fcd18347800 Uncommon trap: reason=class_check action=maybe_recompile pc=0x00007fcd09130674 method=soot.jimple.internal.JNeExpr.apply(Lsoot/util/Switch;)V @ 1
Event: 41,054 Thread 0x00007fcd18347800 Uncommon trap: reason=class_check action=maybe_recompile pc=0x00007fcd09130674 method=soot.jimple.internal.JNeExpr.apply(Lsoot/util/Switch;)V @ 1
Event: 41,058 Thread 0x00007fcd184b7800 Uncommon trap: reason=bimorphic action=maybe_recompile pc=0x00007fcd0919ec58 method=soot.toolkits.scalar.UnusedLocalEliminator.internalTransform(Lsoot/Body;Ljava/lang/String;Ljava/util/Map;)V @ 176
Event: 41,058 Thread 0x00007fcd184b7800 Uncommon trap: reason=bimorphic action=maybe_recompile pc=0x00007fcd0919ec58 method=soot.toolkits.scalar.UnusedLocalEliminator.internalTransform(Lsoot/Body;Ljava/lang/String;Ljava/util/Map;)V @ 176
Event: 41,058 Thread 0x00007fcd184b7800 Uncommon trap: reason=bimorphic action=maybe_recompile pc=0x00007fcd0919ec58 method=soot.toolkits.scalar.UnusedLocalEliminator.internalTransform(Lsoot/Body;Ljava/lang/String;Ljava/util/Map;)V @ 176
Event: 41,100 Thread 0x00007fcd18347800 Uncommon trap: reason=unstable_if action=reinterpret pc=0x00007fcd09352920 method=soot.toolkits.scalar.ArraySparseSet.copy(Lsoot/toolkits/scalar/FlowSet;)V @ 21
Event: 41,158 Thread 0x00007fcd18347800 Uncommon trap: reason=bimorphic action=maybe_recompile pc=0x00007fcd09db03d0 method=soot.toolkits.scalar.UnusedLocalEliminator.internalTransform(Lsoot/Body;Ljava/lang/String;Ljava/util/Map;)V @ 185
Event: 41,173 Thread 0x00007fcd1800b000 Uncommon trap: reason=unstable_if action=reinterpret pc=0x00007fcd099d1f3c method=soot.tagkit.AbstractHost.getTags()Ljava/util/List; @ 4
Event: 41,176 Thread 0x00007fcd1800b000 Uncommon trap: reason=class_check action=maybe_recompile pc=0x00007fcd09a1d8b8 method=java.util.Collections$UnmodifiableMap.get(Ljava/lang/Object;)Ljava/lang/Object; @ 5
Event: 41,230 Thread 0x00007fcd1800b000 Uncommon trap: reason=bimorphic action=maybe_recompile pc=0x00007fcd0930953c method=java.util.HashMap.putVal(ILjava/lang/Object;Ljava/lang/Object;ZZ)Ljava/lang/Object; @ 203

Classes redefined (0 events):
No events

Internal exceptions (10 events):
Event: 10,729 Thread 0x00007fcd1800b000 Implicit null exception at 0x00007fcd0965d344 to 0x00007fcd0965dccd
Event: 11,536 Thread 0x00007fcd1800b000 Implicit null exception at 0x00007fcd098f3f8f to 0x00007fcd098f630d
Event: 11,574 Thread 0x00007fcd1800b000 Implicit null exception at 0x00007fcd098022d0 to 0x00007fcd098043ad
Event: 15,994 Thread 0x00007fcd1800b000 Implicit null exception at 0x00007fcd09c87aeb to 0x00007fcd09c8849d
Event: 20,191 Thread 0x00007fcd1800b000 Implicit null exception at 0x00007fcd09e8ce84 to 0x00007fcd09e8d915
Event: 40,944 Thread 0x00007fcd18347800 Implicit null exception at 0x00007fcd09b17460 to 0x00007fcd09b18bbd
Event: 40,944 Thread 0x00007fcd184ca800 Implicit null exception at 0x00007fcd09b17460 to 0x00007fcd09b18bbd
Event: 40,944 Thread 0x00007fcd1838c000 Implicit null exception at 0x00007fcd09b17460 to 0x00007fcd09b18bbd
Event: 40,944 Thread 0x00007fcd184b6000 Implicit null exception at 0x00007fcd09b17460 to 0x00007fcd09b18bbd
Event: 40,944 Thread 0x00007fcd184b7800 Implicit null exception at 0x00007fcd09b17460 to 0x00007fcd09b18bbd

Events (10 events):
Event: 41,184 loading class soot/jimple/toolkits/ide/icfg/JimpleBasedInterproceduralCFG$1
Event: 41,184 loading class soot/jimple/toolkits/ide/icfg/JimpleBasedInterproceduralCFG$1 done
Event: 41,184 loading class soot/jimple/toolkits/ide/icfg/JimpleBasedInterproceduralCFG$2
Event: 41,184 loading class soot/jimple/toolkits/ide/icfg/JimpleBasedInterproceduralCFG$2 done
Event: 41,194 Thread 0x00007fcd1800b000 DEOPT PACKING pc=0x00007fcd0919568d sp=0x00007fcd212fc690
Event: 41,194 Thread 0x00007fcd1800b000 DEOPT UNPACKING pc=0x00007fcd090474c4 sp=0x00007fcd212fc420 mode 0
Event: 41,230 Thread 0x00007fcd1800b000 Uncommon trap: trap_request=0xffffffc6 fr.pc=0x00007fcd0930953c
Event: 41,230 Thread 0x00007fcd1800b000 DEOPT PACKING pc=0x00007fcd0930953c sp=0x00007fcd212fc5f0
Event: 41,230 Thread 0x00007fcd1800b000 DEOPT UNPACKING pc=0x00007fcd0904547a sp=0x00007fcd212fc588 mode 2
Event: 41,252 Executing VM operation: ParallelGCFailedAllocation


Dynamic libraries:
6c9a00000-6dcd80000 rw-p 00000000 00:00 0 
6e9e00000-76de00000 ---p 00000000 00:00 0 
76de00000-7bf200000 rw-p 00000000 00:00 0 
7bf200000-7c0000000 ---p 00000000 00:00 0 
7c0000000-7c0120000 rw-p 00000000 00:00 0 
7c0120000-800000000 ---p 00000000 00:00 0 
55ac53779000-55ac5377a000 r-xp 00000000 103:06 1841257                   /usr/lib/jvm/java-8-openjdk-amd64/jre/bin/java
55ac53979000-55ac5397a000 r--p 00000000 103:06 1841257                   /usr/lib/jvm/java-8-openjdk-amd64/jre/bin/java
55ac5397a000-55ac5397b000 rw-p 00001000 103:06 1841257                   /usr/lib/jvm/java-8-openjdk-amd64/jre/bin/java
55ac54b20000-55ac54b41000 rw-p 00000000 00:00 0                          [heap]
7fcc8c000000-7fcc8c021000 rw-p 00000000 00:00 0 
7fcc8c021000-7fcc90000000 ---p 00000000 00:00 0 
7fcc90000000-7fcc90021000 rw-p 00000000 00:00 0 
7fcc90021000-7fcc94000000 ---p 00000000 00:00 0 
7fcc94000000-7fcc94021000 rw-p 00000000 00:00 0 
7fcc94021000-7fcc98000000 ---p 00000000 00:00 0 
7fcc98000000-7fcc98021000 rw-p 00000000 00:00 0 
7fcc98021000-7fcc9c000000 ---p 00000000 00:00 0 
7fcc9c000000-7fcc9c029000 rw-p 00000000 00:00 0 
7fcc9c029000-7fcca0000000 ---p 00000000 00:00 0 
7fcca0000000-7fcca0021000 rw-p 00000000 00:00 0 
7fcca0021000-7fcca4000000 ---p 00000000 00:00 0 
7fcca4000000-7fcca4021000 rw-p 00000000 00:00 0 
7fcca4021000-7fcca8000000 ---p 00000000 00:00 0 
7fcca8000000-7fcca8021000 rw-p 00000000 00:00 0 
7fcca8021000-7fccac000000 ---p 00000000 00:00 0 
7fccac000000-7fccac021000 rw-p 00000000 00:00 0 
7fccac021000-7fccb0000000 ---p 00000000 00:00 0 
7fccb0000000-7fccb0021000 rw-p 00000000 00:00 0 
7fccb0021000-7fccb4000000 ---p 00000000 00:00 0 
7fccb4000000-7fccb6834000 rw-p 00000000 00:00 0 
7fccb6834000-7fccb8000000 ---p 00000000 00:00 0 
7fccb8000000-7fccb8b2e000 rw-p 00000000 00:00 0 
7fccb8b2e000-7fccbc000000 ---p 00000000 00:00 0 
7fccbc000000-7fccbe174000 rw-p 00000000 00:00 0 
7fccbe174000-7fccc0000000 ---p 00000000 00:00 0 
7fccc0000000-7fccc2a4b000 rw-p 00000000 00:00 0 
7fccc2a4b000-7fccc4000000 ---p 00000000 00:00 0 
7fccc4000000-7fccc4021000 rw-p 00000000 00:00 0 
7fccc4021000-7fccc8000000 ---p 00000000 00:00 0 
7fccc8000000-7fccc8021000 rw-p 00000000 00:00 0 
7fccc8021000-7fcccc000000 ---p 00000000 00:00 0 
7fcccc000000-7fcccc021000 rw-p 00000000 00:00 0 
7fcccc021000-7fccd0000000 ---p 00000000 00:00 0 
7fccd04d0000-7fccd8000000 rw-p 00000000 00:00 0 
7fccd8000000-7fccd8082000 rw-p 00000000 00:00 0 
7fccd8082000-7fccdc000000 ---p 00000000 00:00 0 
7fccdc000000-7fccdc021000 rw-p 00000000 00:00 0 
7fccdc021000-7fcce0000000 ---p 00000000 00:00 0 
7fcce0000000-7fcce0125000 rw-p 00000000 00:00 0 
7fcce0125000-7fcce4000000 ---p 00000000 00:00 0 
7fcce8000000-7fcce8051000 rw-p 00000000 00:00 0 
7fcce8051000-7fccec000000 ---p 00000000 00:00 0 
7fccf0000000-7fccf0110000 rw-p 00000000 00:00 0 
7fccf0110000-7fccf4000000 ---p 00000000 00:00 0 
7fccf4773000-7fccf4776000 ---p 00000000 00:00 0 
7fccf4776000-7fccf4874000 rw-p 00000000 00:00 0 
7fccf4874000-7fccf4877000 ---p 00000000 00:00 0 
7fccf4877000-7fccf4975000 rw-p 00000000 00:00 0 
7fccf4975000-7fccf4978000 ---p 00000000 00:00 0 
7fccf4978000-7fccf4a76000 rw-p 00000000 00:00 0 
7fccf4a76000-7fccf4a79000 ---p 00000000 00:00 0 
7fccf4a79000-7fccf4b77000 rw-p 00000000 00:00 0 
7fccf4b77000-7fccf4b7a000 ---p 00000000 00:00 0 
7fccf4b7a000-7fccf4c78000 rw-p 00000000 00:00 0 
7fccf4c78000-7fccf4c7b000 ---p 00000000 00:00 0 
7fccf4c7b000-7fccf4d79000 rw-p 00000000 00:00 0 
7fccf4d79000-7fccf4d7c000 ---p 00000000 00:00 0 
7fccf4d7c000-7fccf4e7a000 rw-p 00000000 00:00 0 
7fccf4e7a000-7fccf4e7d000 ---p 00000000 00:00 0 
7fccf4e7d000-7fccf50bb000 rw-p 00000000 00:00 0 
7fccf50bb000-7fccf517b000 ---p 00000000 00:00 0 
7fccf517b000-7fccf5193000 r-xp 00000000 103:06 1840354                   /usr/lib/jvm/java-8-openjdk-amd64/jre/lib/amd64/libnet.so
7fccf5193000-7fccf5392000 ---p 00018000 103:06 1840354                   /usr/lib/jvm/java-8-openjdk-amd64/jre/lib/amd64/libnet.so
7fccf5392000-7fccf5393000 r--p 00017000 103:06 1840354                   /usr/lib/jvm/java-8-openjdk-amd64/jre/lib/amd64/libnet.so
7fccf5393000-7fccf5394000 rw-p 00018000 103:06 1840354                   /usr/lib/jvm/java-8-openjdk-amd64/jre/lib/amd64/libnet.so
7fccf5394000-7fccf53a6000 r-xp 00000000 103:06 1840350                   /usr/lib/jvm/java-8-openjdk-amd64/jre/lib/amd64/libnio.so
7fccf53a6000-7fccf55a5000 ---p 00012000 103:06 1840350                   /usr/lib/jvm/java-8-openjdk-amd64/jre/lib/amd64/libnio.so
7fccf55a5000-7fccf55a6000 r--p 00011000 103:06 1840350                   /usr/lib/jvm/java-8-openjdk-amd64/jre/lib/amd64/libnio.so
7fccf55a6000-7fccf55a7000 rw-p 00012000 103:06 1840350                   /usr/lib/jvm/java-8-openjdk-amd64/jre/lib/amd64/libnio.so
7fccf55a7000-7fccf5685000 r--s 01c3b000 103:06 1055494                   /home/khuebc/malware/Interprocedural-CFG/ICFGCreator/myIcfg.jar
7fccf5685000-7fccf5686000 ---p 00000000 00:00 0 
7fccf5686000-7fccf5786000 rw-p 00000000 00:00 0 
7fccf5786000-7fccf5789000 ---p 00000000 00:00 0 
7fccf5789000-7fccf5887000 rw-p 00000000 00:00 0 
7fccf5887000-7fccf588a000 ---p 00000000 00:00 0 
7fccf588a000-7fccf5988000 rw-p 00000000 00:00 0 
7fccf5988000-7fccf598b000 ---p 00000000 00:00 0 
7fccf598b000-7fccf5a89000 rw-p 00000000 00:00 0 
7fccf5a89000-7fccf5a8c000 ---p 00000000 00:00 0 
7fccf5a8c000-7fccf5b8a000 rw-p 00000000 00:00 0 
7fccf5b8a000-7fccf5b8d000 ---p 00000000 00:00 0 
7fccf5b8d000-7fccf5c8b000 rw-p 00000000 00:00 0 
7fccf5c8b000-7fccf5c8e000 ---p 00000000 00:00 0 
7fccf5c8e000-7fccf5d8c000 rw-p 00000000 00:00 0 
7fccf5d8c000-7fccf61e2000 r--p 00000000 103:06 1850669                   /usr/lib/locale/locale-archive
7fccf61e2000-7fccf61e5000 ---p 00000000 00:00 0 
7fccf61e5000-7fccf62e3000 rw-p 00000000 00:00 0 
7fccf62e3000-7fccf62e6000 ---p 00000000 00:00 0 
7fccf62e6000-7fccf63e4000 rw-p 00000000 00:00 0 
7fccf63e4000-7fccf63e5000 ---p 00000000 00:00 0 
7fccf63e5000-7fccf8000000 rw-p 00000000 00:00 0 
7fccf8000000-7fccf8112000 rw-p 00000000 00:00 0 
7fccf8112000-7fccfc000000 ---p 00000000 00:00 0 
7fccfc000000-7fccfc21c000 rw-p 00000000 00:00 0 
7fccfc21c000-7fcd00000000 ---p 00000000 00:00 0 
7fcd00000000-7fcd00095000 rw-p 00000000 00:00 0 
7fcd00095000-7fcd04000000 ---p 00000000 00:00 0 
7fcd04000000-7fcd04209000 rw-p 00000000 00:00 0 
7fcd04209000-7fcd08000000 ---p 00000000 00:00 0 
7fcd0804d000-7fcd0884d000 rw-p 00000000 00:00 0 
7fcd0884d000-7fcd09000000 rw-p 00000000 00:00 0 
7fcd09000000-7fcd0a0a0000 rwxp 00000000 00:00 0 
7fcd0a0a0000-7fcd18000000 ---p 00000000 00:00 0 
7fcd18000000-7fcd186d9000 rw-p 00000000 00:00 0 
7fcd186d9000-7fcd1c000000 ---p 00000000 00:00 0 
7fcd1c056000-7fcd1c071000 r--s 001d6000 103:06 1840331                   /usr/lib/jvm/java-8-openjdk-amd64/jre/lib/ext/nashorn.jar
7fcd1c071000-7fcd1c0bf000 rw-p 00000000 00:00 0 
7fcd1c0bf000-7fcd1c290000 r--s 03ca5000 103:06 1840307                   /usr/lib/jvm/java-8-openjdk-amd64/jre/lib/rt.jar
7fcd1c290000-7fcd1c306000 rw-p 00000000 00:00 0 
7fcd1c306000-7fcd1c307000 ---p 00000000 00:00 0 
7fcd1c307000-7fcd1c407000 rw-p 00000000 00:00 0 
7fcd1c407000-7fcd1c408000 ---p 00000000 00:00 0 
7fcd1c408000-7fcd1c508000 rw-p 00000000 00:00 0 
7fcd1c508000-7fcd1c509000 ---p 00000000 00:00 0 
7fcd1c509000-7fcd1c609000 rw-p 00000000 00:00 0 
7fcd1c609000-7fcd1c60a000 ---p 00000000 00:00 0 
7fcd1c60a000-7fcd1c70a000 rw-p 00000000 00:00 0 
7fcd1c70a000-7fcd1c70b000 ---p 00000000 00:00 0 
7fcd1c70b000-7fcd1c80b000 rw-p 00000000 00:00 0 
7fcd1c80b000-7fcd1c80c000 ---p 00000000 00:00 0 
7fcd1c80c000-7fcd1c90c000 rw-p 00000000 00:00 0 
7fcd1c90c000-7fcd1c90d000 ---p 00000000 00:00 0 
7fcd1c90d000-7fcd1ca0d000 rw-p 00000000 00:00 0 
7fcd1ca0d000-7fcd1ca0e000 ---p 00000000 00:00 0 
7fcd1ca0e000-7fcd1cba8000 rw-p 00000000 00:00 0 
7fcd1cba8000-7fcd1d030000 ---p 00000000 00:00 0 
7fcd1d030000-7fcd1d0ca000 rw-p 00000000 00:00 0 
7fcd1d0ca000-7fcd1d552000 ---p 00000000 00:00 0 
7fcd1d552000-7fcd1d7dc000 rw-p 00000000 00:00 0 
7fcd1d7dc000-7fcd1d7e3000 ---p 00000000 00:00 0 
7fcd1d7e3000-7fcd1d827000 rw-p 00000000 00:00 0 
7fcd1d827000-7fcd1dba4000 ---p 00000000 00:00 0 
7fcd1dba4000-7fcd1dbac000 r-xp 00000000 103:06 1840353                   /usr/lib/jvm/java-8-openjdk-amd64/jre/lib/amd64/libzip.so
7fcd1dbac000-7fcd1ddab000 ---p 00008000 103:06 1840353                   /usr/lib/jvm/java-8-openjdk-amd64/jre/lib/amd64/libzip.so
7fcd1ddab000-7fcd1ddac000 r--p 00007000 103:06 1840353                   /usr/lib/jvm/java-8-openjdk-amd64/jre/lib/amd64/libzip.so
7fcd1ddac000-7fcd1ddad000 rw-p 00008000 103:06 1840353                   /usr/lib/jvm/java-8-openjdk-amd64/jre/lib/amd64/libzip.so
7fcd1ddad000-7fcd1ddb8000 r-xp 00000000 103:06 2883680                   /lib/x86_64-linux-gnu/libnss_files-2.23.so
7fcd1ddb8000-7fcd1dfb7000 ---p 0000b000 103:06 2883680                   /lib/x86_64-linux-gnu/libnss_files-2.23.so
7fcd1dfb7000-7fcd1dfb8000 r--p 0000a000 103:06 2883680                   /lib/x86_64-linux-gnu/libnss_files-2.23.so
7fcd1dfb8000-7fcd1dfb9000 rw-p 0000b000 103:06 2883680                   /lib/x86_64-linux-gnu/libnss_files-2.23.so
7fcd1dfb9000-7fcd1dfbf000 rw-p 00000000 00:00 0 
7fcd1dfbf000-7fcd1dfca000 r-xp 00000000 103:06 2888850                   /lib/x86_64-linux-gnu/libnss_nis-2.23.so
7fcd1dfca000-7fcd1e1c9000 ---p 0000b000 103:06 2888850                   /lib/x86_64-linux-gnu/libnss_nis-2.23.so
7fcd1e1c9000-7fcd1e1ca000 r--p 0000a000 103:06 2888850                   /lib/x86_64-linux-gnu/libnss_nis-2.23.so
7fcd1e1ca000-7fcd1e1cb000 rw-p 0000b000 103:06 2888850                   /lib/x86_64-linux-gnu/libnss_nis-2.23.so
7fcd1e1cb000-7fcd1e1e1000 r-xp 00000000 103:06 2888851                   /lib/x86_64-linux-gnu/libnsl-2.23.so
7fcd1e1e1000-7fcd1e3e0000 ---p 00016000 103:06 2888851                   /lib/x86_64-linux-gnu/libnsl-2.23.so
7fcd1e3e0000-7fcd1e3e1000 r--p 00015000 103:06 2888851                   /lib/x86_64-linux-gnu/libnsl-2.23.so
7fcd1e3e1000-7fcd1e3e2000 rw-p 00016000 103:06 2888851                   /lib/x86_64-linux-gnu/libnsl-2.23.so
7fcd1e3e2000-7fcd1e3e4000 rw-p 00000000 00:00 0 
7fcd1e3e4000-7fcd1e3ec000 r-xp 00000000 103:06 2888853                   /lib/x86_64-linux-gnu/libnss_compat-2.23.so
7fcd1e3ec000-7fcd1e5eb000 ---p 00008000 103:06 2888853                   /lib/x86_64-linux-gnu/libnss_compat-2.23.so
7fcd1e5eb000-7fcd1e5ec000 r--p 00007000 103:06 2888853                   /lib/x86_64-linux-gnu/libnss_compat-2.23.so
7fcd1e5ec000-7fcd1e5ed000 rw-p 00008000 103:06 2888853                   /lib/x86_64-linux-gnu/libnss_compat-2.23.so
7fcd1e5ed000-7fcd1e617000 r-xp 00000000 103:06 1840360                   /usr/lib/jvm/java-8-openjdk-amd64/jre/lib/amd64/libjava.so
7fcd1e617000-7fcd1e816000 ---p 0002a000 103:06 1840360                   /usr/lib/jvm/java-8-openjdk-amd64/jre/lib/amd64/libjava.so
7fcd1e816000-7fcd1e817000 r--p 00029000 103:06 1840360                   /usr/lib/jvm/java-8-openjdk-amd64/jre/lib/amd64/libjava.so
7fcd1e817000-7fcd1e819000 rw-p 0002a000 103:06 1840360                   /usr/lib/jvm/java-8-openjdk-amd64/jre/lib/amd64/libjava.so
7fcd1e819000-7fcd1e828000 r-xp 00000000 103:06 1840358                   /usr/lib/jvm/java-8-openjdk-amd64/jre/lib/amd64/libverify.so
7fcd1e828000-7fcd1ea27000 ---p 0000f000 103:06 1840358                   /usr/lib/jvm/java-8-openjdk-amd64/jre/lib/amd64/libverify.so
7fcd1ea27000-7fcd1ea29000 r--p 0000e000 103:06 1840358                   /usr/lib/jvm/java-8-openjdk-amd64/jre/lib/amd64/libverify.so
7fcd1ea29000-7fcd1ea2a000 rw-p 00010000 103:06 1840358                   /usr/lib/jvm/java-8-openjdk-amd64/jre/lib/amd64/libverify.so
7fcd1ea2a000-7fcd1ea31000 r-xp 00000000 103:06 2883679                   /lib/x86_64-linux-gnu/librt-2.23.so
7fcd1ea31000-7fcd1ec30000 ---p 00007000 103:06 2883679                   /lib/x86_64-linux-gnu/librt-2.23.so
7fcd1ec30000-7fcd1ec31000 r--p 00006000 103:06 2883679                   /lib/x86_64-linux-gnu/librt-2.23.so
7fcd1ec31000-7fcd1ec32000 rw-p 00007000 103:06 2883679                   /lib/x86_64-linux-gnu/librt-2.23.so
7fcd1ec32000-7fcd1ec48000 r-xp 00000000 103:06 2889166                   /lib/x86_64-linux-gnu/libgcc_s.so.1
7fcd1ec48000-7fcd1ee47000 ---p 00016000 103:06 2889166                   /lib/x86_64-linux-gnu/libgcc_s.so.1
7fcd1ee47000-7fcd1ee48000 rw-p 00015000 103:06 2889166                   /lib/x86_64-linux-gnu/libgcc_s.so.1
7fcd1ee48000-7fcd1ef50000 r-xp 00000000 103:06 2888805                   /lib/x86_64-linux-gnu/libm-2.23.so
7fcd1ef50000-7fcd1f14f000 ---p 00108000 103:06 2888805                   /lib/x86_64-linux-gnu/libm-2.23.so
7fcd1f14f000-7fcd1f150000 r--p 00107000 103:06 2888805                   /lib/x86_64-linux-gnu/libm-2.23.so
7fcd1f150000-7fcd1f151000 rw-p 00108000 103:06 2888805                   /lib/x86_64-linux-gnu/libm-2.23.so
7fcd1f151000-7fcd1f2c3000 r-xp 00000000 103:06 1846201                   /usr/lib/x86_64-linux-gnu/libstdc++.so.6.0.21
7fcd1f2c3000-7fcd1f4c3000 ---p 00172000 103:06 1846201                   /usr/lib/x86_64-linux-gnu/libstdc++.so.6.0.21
7fcd1f4c3000-7fcd1f4cd000 r--p 00172000 103:06 1846201                   /usr/lib/x86_64-linux-gnu/libstdc++.so.6.0.21
7fcd1f4cd000-7fcd1f4cf000 rw-p 0017c000 103:06 1846201                   /usr/lib/x86_64-linux-gnu/libstdc++.so.6.0.21
7fcd1f4cf000-7fcd1f4d3000 rw-p 00000000 00:00 0 
7fcd1f4d3000-7fcd201f9000 r-xp 00000000 103:06 1840377                   /usr/lib/jvm/java-8-openjdk-amd64/jre/lib/amd64/server/libjvm.so
7fcd201f9000-7fcd203f8000 ---p 00d26000 103:06 1840377                   /usr/lib/jvm/java-8-openjdk-amd64/jre/lib/amd64/server/libjvm.so
7fcd203f8000-7fcd2048e000 r--p 00d25000 103:06 1840377                   /usr/lib/jvm/java-8-openjdk-amd64/jre/lib/amd64/server/libjvm.so
7fcd2048e000-7fcd204b7000 rw-p 00dbb000 103:06 1840377                   /usr/lib/jvm/java-8-openjdk-amd64/jre/lib/amd64/server/libjvm.so
7fcd204b7000-7fcd204ea000 rw-p 00000000 00:00 0 
7fcd204ea000-7fcd20502000 r-xp 00000000 103:06 2883671                   /lib/x86_64-linux-gnu/libpthread-2.23.so
7fcd20502000-7fcd20701000 ---p 00018000 103:06 2883671                   /lib/x86_64-linux-gnu/libpthread-2.23.so
7fcd20701000-7fcd20702000 r--p 00017000 103:06 2883671                   /lib/x86_64-linux-gnu/libpthread-2.23.so
7fcd20702000-7fcd20703000 rw-p 00018000 103:06 2883671                   /lib/x86_64-linux-gnu/libpthread-2.23.so
7fcd20703000-7fcd20707000 rw-p 00000000 00:00 0 
7fcd20707000-7fcd2070a000 r-xp 00000000 103:06 2883676                   /lib/x86_64-linux-gnu/libdl-2.23.so
7fcd2070a000-7fcd20909000 ---p 00003000 103:06 2883676                   /lib/x86_64-linux-gnu/libdl-2.23.so
7fcd20909000-7fcd2090a000 r--p 00002000 103:06 2883676                   /lib/x86_64-linux-gnu/libdl-2.23.so
7fcd2090a000-7fcd2090b000 rw-p 00003000 103:06 2883676                   /lib/x86_64-linux-gnu/libdl-2.23.so
7fcd2090b000-7fcd20924000 r-xp 00000000 103:06 2889319                   /lib/x86_64-linux-gnu/libz.so.1.2.8
7fcd20924000-7fcd20b23000 ---p 00019000 103:06 2889319                   /lib/x86_64-linux-gnu/libz.so.1.2.8
7fcd20b23000-7fcd20b24000 r--p 00018000 103:06 2889319                   /lib/x86_64-linux-gnu/libz.so.1.2.8
7fcd20b24000-7fcd20b25000 rw-p 00019000 103:06 2889319                   /lib/x86_64-linux-gnu/libz.so.1.2.8
7fcd20b25000-7fcd20ce5000 r-xp 00000000 103:06 2888852                   /lib/x86_64-linux-gnu/libc-2.23.so
7fcd20ce5000-7fcd20ee5000 ---p 001c0000 103:06 2888852                   /lib/x86_64-linux-gnu/libc-2.23.so
7fcd20ee5000-7fcd20ee9000 r--p 001c0000 103:06 2888852                   /lib/x86_64-linux-gnu/libc-2.23.so
7fcd20ee9000-7fcd20eeb000 rw-p 001c4000 103:06 2888852                   /lib/x86_64-linux-gnu/libc-2.23.so
7fcd20eeb000-7fcd20eef000 rw-p 00000000 00:00 0 
7fcd20eef000-7fcd20efd000 r-xp 00000000 103:06 1840366                   /usr/lib/jvm/java-8-openjdk-amd64/jre/lib/amd64/jli/libjli.so
7fcd20efd000-7fcd210fc000 ---p 0000e000 103:06 1840366                   /usr/lib/jvm/java-8-openjdk-amd64/jre/lib/amd64/jli/libjli.so
7fcd210fc000-7fcd210fd000 r--p 0000d000 103:06 1840366                   /usr/lib/jvm/java-8-openjdk-amd64/jre/lib/amd64/jli/libjli.so
7fcd210fd000-7fcd210fe000 rw-p 0000e000 103:06 1840366                   /usr/lib/jvm/java-8-openjdk-amd64/jre/lib/amd64/jli/libjli.so
7fcd210fe000-7fcd21124000 r-xp 00000000 103:06 2883681                   /lib/x86_64-linux-gnu/ld-2.23.so
7fcd21129000-7fcd2112f000 r--s 0003d000 103:06 1840337                   /usr/lib/jvm/java-8-openjdk-amd64/jre/lib/ext/sunjce_provider.jar
7fcd2112f000-7fcd2113a000 r--s 00116000 103:06 1840333                   /usr/lib/jvm/java-8-openjdk-amd64/jre/lib/ext/localedata.jar
7fcd2113a000-7fcd21155000 r--s 00394000 103:06 1840329                   /usr/lib/jvm/java-8-openjdk-amd64/jre/lib/ext/cldrdata.jar
7fcd21155000-7fcd211fd000 rw-p 00000000 00:00 0 
7fcd211fd000-7fcd21200000 ---p 00000000 00:00 0 
7fcd21200000-7fcd21302000 rw-p 00000000 00:00 0 
7fcd21304000-7fcd21307000 r--s 0000f000 103:06 1840335                   /usr/lib/jvm/java-8-openjdk-amd64/jre/lib/ext/icedtea-sound.jar
7fcd21307000-7fcd21309000 r--s 00001000 103:06 1840336                   /usr/lib/jvm/java-8-openjdk-amd64/jre/lib/ext/dnsns.jar
7fcd21309000-7fcd2130d000 r--s 00040000 103:06 1840334                   /usr/lib/jvm/java-8-openjdk-amd64/jre/lib/ext/sunpkcs11.jar
7fcd2130d000-7fcd2130f000 r--s 00008000 103:06 1840328                   /usr/lib/jvm/java-8-openjdk-amd64/jre/lib/ext/sunec.jar
7fcd2130f000-7fcd21310000 r--s 0000a000 103:06 1840332                   /usr/lib/jvm/java-8-openjdk-amd64/jre/lib/ext/jaccess.jar
7fcd21310000-7fcd21312000 r--s 00010000 103:06 1840330                   /usr/lib/jvm/java-8-openjdk-amd64/jre/lib/ext/zipfs.jar
7fcd21312000-7fcd21318000 r--s 000d3000 103:06 1840315                   /usr/lib/jvm/java-8-openjdk-amd64/jre/lib/jfr.jar
7fcd21318000-7fcd21320000 rw-s 00000000 103:06 3278871                   /tmp/hsperfdata_khuebc/4107
7fcd21320000-7fcd21321000 rw-p 00000000 00:00 0 
7fcd21321000-7fcd21322000 ---p 00000000 00:00 0 
7fcd21322000-7fcd21323000 rw-p 00000000 00:00 0 
7fcd21323000-7fcd21324000 r--p 00025000 103:06 2883681                   /lib/x86_64-linux-gnu/ld-2.23.so
7fcd21324000-7fcd21325000 rw-p 00026000 103:06 2883681                   /lib/x86_64-linux-gnu/ld-2.23.so
7fcd21325000-7fcd21326000 rw-p 00000000 00:00 0 
7ffda76ff000-7ffda7721000 rw-p 00000000 00:00 0                          [stack]
7ffda77f4000-7ffda77f7000 r--p 00000000 00:00 0                          [vvar]
7ffda77f7000-7ffda77f9000 r-xp 00000000 00:00 0                          [vdso]
ffffffffff600000-ffffffffff601000 r-xp 00000000 00:00 0                  [vsyscall]

VM Arguments:
java_command: myIcfg.jar T /home/khuebc/malware/Interprocedural-CFG/ICFGCreator/GeneratedDotFiles/VirusShare_ec098e703ec330faa97a84dc66064ef6.jar.dot /home/khuebc/malware/Interprocedural-CFG/ICFGCreator/GeneratedDotFiles/VirusShare_ec098e703ec330faa97a84dc66064ef6.jar
java_class_path (initial): myIcfg.jar
Launcher Type: SUN_STANDARD

Environment Variables:
JAVA_HOME=/usr/lib/jvm/java-8-openjdk-amd64
PATH=/home/khuebc/bin:/home/khuebc/.local/bin:/usr/local/sbin:/usr/local/bin:/usr/sbin:/usr/bin:/sbin:/bin:/usr/games:/usr/local/games:/snap/bin:/home/khuebc/bin:/usr/lib/jvm/java-1.8.0-openjdk-amd64/bin
SHELL=/bin/bash
DISPLAY=:0

Signal Handlers:
SIGSEGV: [libjvm.so+0xb1f1b0], sa_mask[0]=11111111011111111101111111111110, sa_flags=SA_RESTART|SA_SIGINFO
SIGBUS: [libjvm.so+0xb1f1b0], sa_mask[0]=11111111011111111101111111111110, sa_flags=SA_RESTART|SA_SIGINFO
SIGFPE: [libjvm.so+0x956cf0], sa_mask[0]=11111111011111111101111111111110, sa_flags=SA_RESTART|SA_SIGINFO
SIGPIPE: [libjvm.so+0x956cf0], sa_mask[0]=11111111011111111101111111111110, sa_flags=SA_RESTART|SA_SIGINFO
SIGXFSZ: [libjvm.so+0x956cf0], sa_mask[0]=11111111011111111101111111111110, sa_flags=SA_RESTART|SA_SIGINFO
SIGILL: [libjvm.so+0x956cf0], sa_mask[0]=11111111011111111101111111111110, sa_flags=SA_RESTART|SA_SIGINFO
SIGUSR1: SIG_DFL, sa_mask[0]=00000000000000000000000000000000, sa_flags=none
SIGUSR2: [libjvm.so+0x956ba0], sa_mask[0]=00000000000000000000000000000000, sa_flags=SA_RESTART|SA_SIGINFO
SIGHUP: [libjvm.so+0x957230], sa_mask[0]=11111111011111111101111111111110, sa_flags=SA_RESTART|SA_SIGINFO
SIGINT: [libjvm.so+0x957230], sa_mask[0]=11111111011111111101111111111110, sa_flags=SA_RESTART|SA_SIGINFO
SIGTERM: [libjvm.so+0x957230], sa_mask[0]=11111111011111111101111111111110, sa_flags=SA_RESTART|SA_SIGINFO
SIGQUIT: [libjvm.so+0x957230], sa_mask[0]=11111111011111111101111111111110, sa_flags=SA_RESTART|SA_SIGINFO


---------------  S Y S T E M  ---------------

OS:DISTRIB_ID=Ubuntu
DISTRIB_RELEASE=16.04
DISTRIB_CODENAME=xenial
DISTRIB_DESCRIPTION="Ubuntu 16.04.7 LTS"

uname:Linux 4.15.0-142-generic #146~16.04.1-Ubuntu SMP Tue Apr 13 09:27:15 UTC 2021 x86_64
libc:glibc 2.23 NPTL 2.23 
rlimit: STACK 8192k, CORE 0k, NPROC 62276, NOFILE 1048576, AS infinity
load average:7,76 10,44 8,25

/proc/meminfo:
MemTotal:       16139036 kB
MemFree:          157900 kB
MemAvailable:      90228 kB
Buffers:            8736 kB
Cached:          2199004 kB
SwapCached:            0 kB
Active:         13536288 kB
Inactive:        1993976 kB
Active(anon):   13494972 kB
Inactive(anon):  1917136 kB
Active(file):      41316 kB
Inactive(file):    76840 kB
Unevictable:         160 kB
Mlocked:             160 kB
SwapTotal:             0 kB
SwapFree:              0 kB
Dirty:               600 kB
Writeback:         14056 kB
AnonPages:      13323756 kB
Mapped:          1069732 kB
Shmem:           2088512 kB
Slab:             205300 kB
SReclaimable:      92900 kB
SUnreclaim:       112400 kB
KernelStack:       21120 kB
PageTables:       113032 kB
NFS_Unstable:          0 kB
Bounce:                0 kB
WritebackTmp:          0 kB
CommitLimit:     8069516 kB
Committed_AS:   25344412 kB
VmallocTotal:   34359738367 kB
VmallocUsed:           0 kB
VmallocChunk:          0 kB
HardwareCorrupted:     0 kB
AnonHugePages:         0 kB
ShmemHugePages:        0 kB
ShmemPmdMapped:        0 kB
CmaTotal:              0 kB
CmaFree:               0 kB
HugePages_Total:       0
HugePages_Free:        0
HugePages_Rsvd:        0
HugePages_Surp:        0
Hugepagesize:       2048 kB
DirectMap4k:      867156 kB
DirectMap2M:    15556608 kB
DirectMap1G:           0 kB

container (cgroup) information:
container_type: cgroupv1
cpu_cpuset_cpus: 0-7
cpu_memory_nodes: 0
active_processor_count: 8
cpu_quota: -1
cpu_period: 100000
cpu_shares: -1
memory_limit_in_bytes: -1
memory_and_swap_limit_in_bytes: -2
memory_soft_limit_in_bytes: -1
memory_usage_in_bytes: 15903281152
memory_max_usage_in_bytes: 54460416


CPU:total 8 (initial active 8) (4 cores per cpu, 2 threads per core) family 6 model 142 stepping 12, cmov, cx8, fxsr, mmx, sse, sse2, sse3, ssse3, sse4.1, sse4.2, popcnt, avx, avx2, aes, clmul, erms, 3dnowpref, lzcnt, ht, tsc, tscinvbit, bmi1, bmi2, adx

/proc/cpuinfo:
processor	: 0
vendor_id	: GenuineIntel
cpu family	: 6
model		: 142
model name	: Intel(R) Core(TM) i7-8565U CPU @ 1.80GHz
stepping	: 12
microcode	: 0xea
cpu MHz		: 2500.001
cache size	: 8192 KB
physical id	: 0
siblings	: 8
core id		: 0
cpu cores	: 4
apicid		: 0
initial apicid	: 0
fpu		: yes
fpu_exception	: yes
cpuid level	: 22
wp		: yes
flags		: fpu vme de pse tsc msr pae mce cx8 apic sep mtrr pge mca cmov pat pse36 clflush dts acpi mmx fxsr sse sse2 ss ht tm pbe syscall nx pdpe1gb rdtscp lm constant_tsc art arch_perfmon pebs bts rep_good nopl xtopology nonstop_tsc cpuid aperfmperf pni pclmulqdq dtes64 monitor ds_cpl vmx est tm2 ssse3 sdbg fma cx16 xtpr pdcm pcid sse4_1 sse4_2 x2apic movbe popcnt tsc_deadline_timer aes xsave avx f16c rdrand lahf_lm abm 3dnowprefetch cpuid_fault epb invpcid_single ssbd ibrs ibpb stibp ibrs_enhanced tpr_shadow vnmi flexpriority ept vpid fsgsbase tsc_adjust bmi1 avx2 smep bmi2 erms invpcid mpx rdseed adx smap clflushopt intel_pt xsaveopt xsavec xgetbv1 xsaves dtherm ida arat pln pts hwp hwp_notify hwp_act_window hwp_epp md_clear flush_l1d arch_capabilities
bugs		: spectre_v1 spectre_v2 spec_store_bypass swapgs itlb_multihit srbds
bogomips	: 3999.93
clflush size	: 64
cache_alignment	: 64
address sizes	: 39 bits physical, 48 bits virtual
power management:

processor	: 1
vendor_id	: GenuineIntel
cpu family	: 6
model		: 142
model name	: Intel(R) Core(TM) i7-8565U CPU @ 1.80GHz
stepping	: 12
microcode	: 0xea
cpu MHz		: 2499.999
cache size	: 8192 KB
physical id	: 0
siblings	: 8
core id		: 1
cpu cores	: 4
apicid		: 2
initial apicid	: 2
fpu		: yes
fpu_exception	: yes
cpuid level	: 22
wp		: yes
flags		: fpu vme de pse tsc msr pae mce cx8 apic sep mtrr pge mca cmov pat pse36 clflush dts acpi mmx fxsr sse sse2 ss ht tm pbe syscall nx pdpe1gb rdtscp lm constant_tsc art arch_perfmon pebs bts rep_good nopl xtopology nonstop_tsc cpuid aperfmperf pni pclmulqdq dtes64 monitor ds_cpl vmx est tm2 ssse3 sdbg fma cx16 xtpr pdcm pcid sse4_1 sse4_2 x2apic movbe popcnt tsc_deadline_timer aes xsave avx f16c rdrand lahf_lm abm 3dnowprefetch cpuid_fault epb invpcid_single ssbd ibrs ibpb stibp ibrs_enhanced tpr_shadow vnmi flexpriority ept vpid fsgsbase tsc_adjust bmi1 avx2 smep bmi2 erms invpcid mpx rdseed adx smap clflushopt intel_pt xsaveopt xsavec xgetbv1 xsaves dtherm ida arat pln pts hwp hwp_notify hwp_act_window hwp_epp md_clear flush_l1d arch_capabilities
bugs		: spectre_v1 spectre_v2 spec_store_bypass swapgs itlb_multihit srbds
bogomips	: 3999.93
clflush size	: 64
cache_alignment	: 64
address sizes	: 39 bits physical, 48 bits virtual
power management:

processor	: 2
vendor_id	: GenuineIntel
cpu family	: 6
model		: 142
model name	: Intel(R) Core(TM) i7-8565U CPU @ 1.80GHz
stepping	: 12
microcode	: 0xea
cpu MHz		: 2499.998
cache size	: 8192 KB
physical id	: 0
siblings	: 8
core id		: 2
cpu cores	: 4
apicid		: 4
initial apicid	: 4
fpu		: yes
fpu_exception	: yes
cpuid level	: 22
wp		: yes
flags		: fpu vme de pse tsc msr pae mce cx8 apic sep mtrr pge mca cmov pat pse36 clflush dts acpi mmx fxsr sse sse2 ss ht tm pbe syscall nx pdpe1gb rdtscp lm constant_tsc art arch_perfmon pebs bts rep_good nopl xtopology nonstop_tsc cpuid aperfmperf pni pclmulqdq dtes64 monitor ds_cpl vmx est tm2 ssse3 sdbg fma cx16 xtpr pdcm pcid sse4_1 sse4_2 x2apic movbe popcnt tsc_deadline_timer aes xsave avx f16c rdrand lahf_lm abm 3dnowprefetch cpuid_fault epb invpcid_single ssbd ibrs ibpb stibp ibrs_enhanced tpr_shadow vnmi flexpriority ept vpid fsgsbase tsc_adjust bmi1 avx2 smep bmi2 erms invpcid mpx rdseed adx smap clflushopt intel_pt xsaveopt xsavec xgetbv1 xsaves dtherm ida arat pln pts hwp hwp_notify hwp_act_window hwp_epp md_clear flush_l1d arch_capabilities
bugs		: spectre_v1 spectre_v2 spec_store_bypass swapgs itlb_multihit srbds
bogomips	: 3999.93
clflush size	: 64
cache_alignment	: 64
address sizes	: 39 bits physical, 48 bits virtual
power management:

processor	: 3
vendor_id	: GenuineIntel
cpu family	: 6
model		: 142
model name	: Intel(R) Core(TM) i7-8565U CPU @ 1.80GHz
stepping	: 12
microcode	: 0xea
cpu MHz		: 2499.999
cache size	: 8192 KB
physical id	: 0
siblings	: 8
core id		: 3
cpu cores	: 4
apicid		: 6
initial apicid	: 6
fpu		: yes
fpu_exception	: yes
cpuid level	: 22
wp		: yes
flags		: fpu vme de pse tsc msr pae mce cx8 apic sep mtrr pge mca cmov pat pse36 clflush dts acpi mmx fxsr sse sse2 ss ht tm pbe syscall nx pdpe1gb rdtscp lm constant_tsc art arch_perfmon pebs bts rep_good nopl xtopology nonstop_tsc cpuid aperfmperf pni pclmulqdq dtes64 monitor ds_cpl vmx est tm2 ssse3 sdbg fma cx16 xtpr pdcm pcid sse4_1 sse4_2 x2apic movbe popcnt tsc_deadline_timer aes xsave avx f16c rdrand lahf_lm abm 3dnowprefetch cpuid_fault epb invpcid_single ssbd ibrs ibpb stibp ibrs_enhanced tpr_shadow vnmi flexpriority ept vpid fsgsbase tsc_adjust bmi1 avx2 smep bmi2 erms invpcid mpx rdseed adx smap clflushopt intel_pt xsaveopt xsavec xgetbv1 xsaves dtherm ida arat pln pts hwp hwp_notify hwp_act_window hwp_epp md_clear flush_l1d arch_capabilities
bugs		: spectre_v1 spectre_v2 spec_store_bypass swapgs itlb_multihit srbds
bogomips	: 3999.93
clflush size	: 64
cache_alignment	: 64
address sizes	: 39 bits physical, 48 bits virtual
power management:

processor	: 4
vendor_id	: GenuineIntel
cpu family	: 6
model		: 142
model name	: Intel(R) Core(TM) i7-8565U CPU @ 1.80GHz
stepping	: 12
microcode	: 0xea
cpu MHz		: 2500.001
cache size	: 8192 KB
physical id	: 0
siblings	: 8
core id		: 0
cpu cores	: 4
apicid		: 1
initial apicid	: 1
fpu		: yes
fpu_exception	: yes
cpuid level	: 22
wp		: yes
flags		: fpu vme de pse tsc msr pae mce cx8 apic sep mtrr pge mca cmov pat pse36 clflush dts acpi mmx fxsr sse sse2 ss ht tm pbe syscall nx pdpe1gb rdtscp lm constant_tsc art arch_perfmon pebs bts rep_good nopl xtopology nonstop_tsc cpuid aperfmperf pni pclmulqdq dtes64 monitor ds_cpl vmx est tm2 ssse3 sdbg fma cx16 xtpr pdcm pcid sse4_1 sse4_2 x2apic movbe popcnt tsc_deadline_timer aes xsave avx f16c rdrand lahf_lm abm 3dnowprefetch cpuid_fault epb invpcid_single ssbd ibrs ibpb stibp ibrs_enhanced tpr_shadow vnmi flexpriority ept vpid fsgsbase tsc_adjust bmi1 avx2 smep bmi2 erms invpcid mpx rdseed adx smap clflushopt intel_pt xsaveopt xsavec xgetbv1 xsaves dtherm ida arat pln pts hwp hwp_notify hwp_act_window hwp_epp md_clear flush_l1d arch_capabilities
bugs		: spectre_v1 spectre_v2 spec_store_bypass swapgs itlb_multihit srbds
bogomips	: 3999.93
clflush size	: 64
cache_alignment	: 64
address sizes	: 39 bits physical, 48 bits virtual
power management:

processor	: 5
vendor_id	: GenuineIntel
cpu family	: 6
model		: 142
model name	: Intel(R) Core(TM) i7-8565U CPU @ 1.80GHz
stepping	: 12
microcode	: 0xea
cpu MHz		: 2499.999
cache size	: 8192 KB
physical id	: 0
siblings	: 8
core id		: 1
cpu cores	: 4
apicid		: 3
initial apicid	: 3
fpu		: yes
fpu_exception	: yes
cpuid level	: 22
wp		: yes
flags		: fpu vme de pse tsc msr pae mce cx8 apic sep mtrr pge mca cmov pat pse36 clflush dts acpi mmx fxsr sse sse2 ss ht tm pbe syscall nx pdpe1gb rdtscp lm constant_tsc art arch_perfmon pebs bts rep_good nopl xtopology nonstop_tsc cpuid aperfmperf pni pclmulqdq dtes64 monitor ds_cpl vmx est tm2 ssse3 sdbg fma cx16 xtpr pdcm pcid sse4_1 sse4_2 x2apic movbe popcnt tsc_deadline_timer aes xsave avx f16c rdrand lahf_lm abm 3dnowprefetch cpuid_fault epb invpcid_single ssbd ibrs ibpb stibp ibrs_enhanced tpr_shadow vnmi flexpriority ept vpid fsgsbase tsc_adjust bmi1 avx2 smep bmi2 erms invpcid mpx rdseed adx smap clflushopt intel_pt xsaveopt xsavec xgetbv1 xsaves dtherm ida arat pln pts hwp hwp_notify hwp_act_window hwp_epp md_clear flush_l1d arch_capabilities
bugs		: spectre_v1 spectre_v2 spec_store_bypass swapgs itlb_multihit srbds
bogomips	: 3999.93
clflush size	: 64
cache_alignment	: 64
address sizes	: 39 bits physical, 48 bits virtual
power management:

processor	: 6
vendor_id	: GenuineIntel
cpu family	: 6
model		: 142
model name	: Intel(R) Core(TM) i7-8565U CPU @ 1.80GHz
stepping	: 12
microcode	: 0xea
cpu MHz		: 2499.997
cache size	: 8192 KB
physical id	: 0
siblings	: 8
core id		: 2
cpu cores	: 4
apicid		: 5
initial apicid	: 5
fpu		: yes
fpu_exception	: yes
cpuid level	: 22
wp		: yes
flags		: fpu vme de pse tsc msr pae mce cx8 apic sep mtrr pge mca cmov pat pse36 clflush dts acpi mmx fxsr sse sse2 ss ht tm pbe syscall nx pdpe1gb rdtscp lm constant_tsc art arch_perfmon pebs bts rep_good nopl xtopology nonstop_tsc cpuid aperfmperf pni pclmulqdq dtes64 monitor ds_cpl vmx est tm2 ssse3 sdbg fma cx16 xtpr pdcm pcid sse4_1 sse4_2 x2apic movbe popcnt tsc_deadline_timer aes xsave avx f16c rdrand lahf_lm abm 3dnowprefetch cpuid_fault epb invpcid_single ssbd ibrs ibpb stibp ibrs_enhanced tpr_shadow vnmi flexpriority ept vpid fsgsbase tsc_adjust bmi1 avx2 smep bmi2 erms invpcid mpx rdseed adx smap clflushopt intel_pt xsaveopt xsavec xgetbv1 xsaves dtherm ida arat pln pts hwp hwp_notify hwp_act_window hwp_epp md_clear flush_l1d arch_capabilities
bugs		: spectre_v1 spectre_v2 spec_store_bypass swapgs itlb_multihit srbds
bogomips	: 3999.93
clflush size	: 64
cache_alignment	: 64
address sizes	: 39 bits physical, 48 bits virtual
power management:

processor	: 7
vendor_id	: GenuineIntel
cpu family	: 6
model		: 142
model name	: Intel(R) Core(TM) i7-8565U CPU @ 1.80GHz
stepping	: 12
microcode	: 0xea
cpu MHz		: 2500.000
cache size	: 8192 KB
physical id	: 0
siblings	: 8
core id		: 3
cpu cores	: 4
apicid		: 7
initial apicid	: 7
fpu		: yes
fpu_exception	: yes
cpuid level	: 22
wp		: yes
flags		: fpu vme de pse tsc msr pae mce cx8 apic sep mtrr pge mca cmov pat pse36 clflush dts acpi mmx fxsr sse sse2 ss ht tm pbe syscall nx pdpe1gb rdtscp lm constant_tsc art arch_perfmon pebs bts rep_good nopl xtopology nonstop_tsc cpuid aperfmperf pni pclmulqdq dtes64 monitor ds_cpl vmx est tm2 ssse3 sdbg fma cx16 xtpr pdcm pcid sse4_1 sse4_2 x2apic movbe popcnt tsc_deadline_timer aes xsave avx f16c rdrand lahf_lm abm 3dnowprefetch cpuid_fault epb invpcid_single ssbd ibrs ibpb stibp ibrs_enhanced tpr_shadow vnmi flexpriority ept vpid fsgsbase tsc_adjust bmi1 avx2 smep bmi2 erms invpcid mpx rdseed adx smap clflushopt intel_pt xsaveopt xsavec xgetbv1 xsaves dtherm ida arat pln pts hwp hwp_notify hwp_act_window hwp_epp md_clear flush_l1d arch_capabilities
bugs		: spectre_v1 spectre_v2 spec_store_bypass swapgs itlb_multihit srbds
bogomips	: 3999.93
clflush size	: 64
cache_alignment	: 64
address sizes	: 39 bits physical, 48 bits virtual
power management:



Memory: 4k page, physical 16139036k(146628k free), swap 0k(0k free)

vm_info: OpenJDK 64-Bit Server VM (25.292-b10) for linux-amd64 JRE (1.8.0_292-8u292-b10-0ubuntu1~16.04.1-b10), built on Apr 21 2021 12:47:35 by "buildd" with gcc 5.4.0 20160609

time: Wed Jun 30 10:07:58 2021
timezone: +07
elapsed time: 43.948211 seconds (0d 0h 0m 43s)

