#
# There is insufficient memory for the Java Runtime Environment to continue.
# Native memory allocation (mmap) failed to map 202899456 bytes for committing reserved memory.
# Possible reasons:
#   The system is out of physical RAM or swap space
#   The process is running with CompressedOops enabled, and the Java Heap may be blocking the growth of the native heap
# Possible solutions:
#   Reduce memory load on the system
#   Increase physical memory or swap space
#   Check if swap backing store is full
#   Decrease Java heap size (-Xmx/-Xms)
#   Decrease number of Java threads
#   Decrease Java thread stack sizes (-Xss)
#   Set larger code cache with -XX:ReservedCodeCacheSize=
#   JVM is running with Zero Based Compressed Oops mode in which the Java heap is
#     placed in the first 32GB address space. The Java Heap base address is the
#     maximum limit for the native heap growth. Please use -XX:HeapBaseMinAddress
#     to set the Java Heap base and to place the Java Heap above 32GB virtual address.
# This output file may be truncated or incomplete.
#
#  Out of Memory Error (os_linux.cpp:2798), pid=24252, tid=0x00007f7028383700
#
# JRE version: OpenJDK Runtime Environment (8.0_292-b10) (build 1.8.0_292-8u292-b10-0ubuntu1~16.04.1-b10)
# Java VM: OpenJDK 64-Bit Server VM (25.292-b10 mixed mode linux-amd64 compressed oops)
# Failed to write core dump. Core dumps have been disabled. To enable core dumping, try "ulimit -c unlimited" before starting Java again
#

---------------  T H R E A D  ---------------

Current thread (0x00007f703c1c9000):  VMThread [stack: 0x00007f7028283000,0x00007f7028384000] [id=24263]

Stack: [0x00007f7028283000,0x00007f7028384000],  sp=0x00007f7028382360,  free space=1020k
Native frames: (J=compiled Java code, j=interpreted, Vv=VM code, C=native code)
V  [libjvm.so+0xb1e67b]
V  [libjvm.so+0x4e01dc]
V  [libjvm.so+0x95bc48]
V  [libjvm.so+0x953b3e]
V  [libjvm.so+0x9d4ad6]
V  [libjvm.so+0x9d5e03]
V  [libjvm.so+0x9d2204]
V  [libjvm.so+0x9d249c]
V  [libjvm.so+0x983953]
V  [libjvm.so+0xb20372]
V  [libjvm.so+0xb26067]
V  [libjvm.so+0xb23b43]
V  [libjvm.so+0xb23ee5]
V  [libjvm.so+0xb244b2]
V  [libjvm.so+0x958fe2]

VM_Operation (0x00007f70430f5950): ParallelGCFailedAllocation, mode: safepoint, requested by thread 0x00007f703c00b000


---------------  P R O C E S S  ---------------

Java Threads: ( => current thread )
  0x00007f703c215000 JavaThread "Service Thread" daemon [_thread_blocked, id=24271, stack(0x00007f7007a74000,0x00007f7007b75000)]
  0x00007f703c212000 JavaThread "C1 CompilerThread3" daemon [_thread_blocked, id=24270, stack(0x00007f7007b75000,0x00007f7007c76000)]
  0x00007f703c210000 JavaThread "C2 CompilerThread2" daemon [_thread_blocked, id=24269, stack(0x00007f7007c76000,0x00007f7007d77000)]
  0x00007f703c20e000 JavaThread "C2 CompilerThread1" daemon [_thread_blocked, id=24268, stack(0x00007f7007d77000,0x00007f7007e78000)]
  0x00007f703c20b800 JavaThread "C2 CompilerThread0" daemon [_thread_blocked, id=24267, stack(0x00007f7007e78000,0x00007f7007f79000)]
  0x00007f703c208800 JavaThread "Signal Dispatcher" daemon [_thread_blocked, id=24266, stack(0x00007f7007f79000,0x00007f700807a000)]
  0x00007f703c1d7000 JavaThread "Finalizer" daemon [_thread_blocked, id=24265, stack(0x00007f7028081000,0x00007f7028182000)]
  0x00007f703c1d2800 JavaThread "Reference Handler" daemon [_thread_blocked, id=24264, stack(0x00007f7028182000,0x00007f7028283000)]
  0x00007f703c00b000 JavaThread "main" [_thread_blocked, id=24254, stack(0x00007f7042ff7000,0x00007f70430f8000)]

Other Threads:
=>0x00007f703c1c9000 VMThread [stack: 0x00007f7028283000,0x00007f7028384000] [id=24263]
  0x00007f703c217800 WatcherThread [stack: 0x00007f7007973000,0x00007f7007a74000] [id=24272]

VM state:at safepoint (normal execution)

VM Mutex/Monitor currently owned by a thread:  ([mutex/lock_event])
[0x00007f703c007150] Threads_lock - owner thread: 0x00007f703c1c9000
[0x00007f703c007650] Heap_lock - owner thread: 0x00007f703c00b000

heap address: 0x00000006c9a00000, size: 3942 MB, Compressed Oops mode: Zero based, Oop shift amount: 3
Narrow klass base: 0x0000000000000000, Narrow klass shift: 3
Compressed class space size: 1073741824 Address: 0x00000007c0000000

Heap:
 PSYoungGen      total 266240K, used 10208K [0x000000076de00000, 0x000000077ec00000, 0x00000007c0000000)
  eden space 256000K, 0% used [0x000000076de00000,0x000000076de00000,0x000000077d800000)
  from space 10240K, 99% used [0x000000077d800000,0x000000077e1f8020,0x000000077e200000)
  to   space 10240K, 0% used [0x000000077e200000,0x000000077e200000,0x000000077ec00000)
 ParOldGen       total 313856K, used 179190K [0x00000006c9a00000, 0x00000006dcc80000, 0x000000076de00000)
  object space 313856K, 57% used [0x00000006c9a00000,0x00000006d48fda60,0x00000006dcc80000)
 Metaspace       used 8914K, capacity 9404K, committed 9728K, reserved 1058816K
  class space    used 919K, capacity 944K, committed 1024K, reserved 1048576K

Card table byte_map: [0x00007f702bc4c000,0x00007f702c400000] byte_map_base: 0x00007f70285ff000

Marking Bits: (ParMarkBitMap*) 0x00007f70422c78a0
 Begin Bits: [0x00007f70084d0000, 0x00007f700c268000)
 End Bits:   [0x00007f700c268000, 0x00007f7010000000)

Polling page: 0x00007f704311b000

CodeCache: size=245760Kb used=12606Kb max_used=12643Kb free=233153Kb
 bounds [0x00007f702c7c0000, 0x00007f702d430000, 0x00007f703b7c0000]
 total_blobs=2639 nmethods=2359 adapters=192
 compilation: enabled

Compilation events (10 events):
Event: 30,512 Thread 0x00007f703c212000 2422       3       soot.asm.AsmMethodSource::popDual (66 bytes)
Event: 30,513 Thread 0x00007f703c212000 nmethod 2422 0x00007f702d3c9e50 code [0x00007f702d3ca0e0, 0x00007f702d3cb0d8]
Event: 30,524 Thread 0x00007f703c212000 2423       3       soot.jimple.internal.AbstractBinopExpr::<init> (5 bytes)
Event: 30,524 Thread 0x00007f703c212000 nmethod 2423 0x00007f702d3c9a90 code [0x00007f702d3c9c00, 0x00007f702d3c9db0]
Event: 30,524 Thread 0x00007f703c212000 2424       3       soot.asm.AsmMethodSource::convertBinopInsn (861 bytes)
Event: 30,583 Thread 0x00007f703c212000 nmethod 2424 0x00007f702d3f1850 code [0x00007f702d3f2e40, 0x00007f702d4038a8]
Event: 30,585 Thread 0x00007f703c210000 nmethod 2286 0x00007f702d4174d0 code [0x00007f702d417c00, 0x00007f702d41ea60]
Event: 30,585 Thread 0x00007f703c210000 2416       4       soot.jimple.toolkits.callgraph.CallGraph::swapEdgesOutOf (72 bytes)
Event: 30,640 Thread 0x00007f703c210000 nmethod 2416 0x00007f702d3dce50 code [0x00007f702d3dd000, 0x00007f702d3dd468]
Event: 30,640 Thread 0x00007f703c210000 2426       4       soot.jimple.internal.JAssignStmt::apply (11 bytes)

GC Heap History (10 events):
Event: 1,870 GC heap after
Heap after GC invocations=1 (full 0):
 PSYoungGen      total 74240K, used 10208K [0x000000076de00000, 0x0000000776f00000, 0x00000007c0000000)
  eden space 64000K, 0% used [0x000000076de00000,0x000000076de00000,0x0000000771c80000)
  from space 10240K, 99% used [0x0000000771c80000,0x0000000772678030,0x0000000772680000)
  to   space 10240K, 0% used [0x0000000776500000,0x0000000776500000,0x0000000776f00000)
 ParOldGen       total 169472K, used 13387K [0x00000006c9a00000, 0x00000006d3f80000, 0x000000076de00000)
  object space 169472K, 7% used [0x00000006c9a00000,0x00000006ca712e98,0x00000006d3f80000)
 Metaspace       used 5412K, capacity 6292K, committed 6528K, reserved 1056768K
  class space    used 559K, capacity 584K, committed 640K, reserved 1048576K
}
Event: 2,607 GC heap before
{Heap before GC invocations=2 (full 0):
 PSYoungGen      total 74240K, used 74208K [0x000000076de00000, 0x0000000776f00000, 0x00000007c0000000)
  eden space 64000K, 100% used [0x000000076de00000,0x0000000771c80000,0x0000000771c80000)
  from space 10240K, 99% used [0x0000000771c80000,0x0000000772678030,0x0000000772680000)
  to   space 10240K, 0% used [0x0000000776500000,0x0000000776500000,0x0000000776f00000)
 ParOldGen       total 169472K, used 13387K [0x00000006c9a00000, 0x00000006d3f80000, 0x000000076de00000)
  object space 169472K, 7% used [0x00000006c9a00000,0x00000006ca712e98,0x00000006d3f80000)
 Metaspace       used 5482K, capacity 6292K, committed 6528K, reserved 1056768K
  class space    used 559K, capacity 584K, committed 640K, reserved 1048576K
Event: 2,742 GC heap after
Heap after GC invocations=2 (full 0):
 PSYoungGen      total 138240K, used 10240K [0x000000076de00000, 0x0000000776f00000, 0x00000007c0000000)
  eden space 128000K, 0% used [0x000000076de00000,0x000000076de00000,0x0000000775b00000)
  from space 10240K, 100% used [0x0000000776500000,0x0000000776f00000,0x0000000776f00000)
  to   space 10240K, 0% used [0x0000000775b00000,0x0000000775b00000,0x0000000776500000)
 ParOldGen       total 169472K, used 38089K [0x00000006c9a00000, 0x00000006d3f80000, 0x000000076de00000)
  object space 169472K, 22% used [0x00000006c9a00000,0x00000006cbf325d8,0x00000006d3f80000)
 Metaspace       used 5482K, capacity 6292K, committed 6528K, reserved 1056768K
  class space    used 559K, capacity 584K, committed 640K, reserved 1048576K
}
Event: 4,116 GC heap before
{Heap before GC invocations=3 (full 0):
 PSYoungGen      total 138240K, used 138240K [0x000000076de00000, 0x0000000776f00000, 0x00000007c0000000)
  eden space 128000K, 100% used [0x000000076de00000,0x0000000775b00000,0x0000000775b00000)
  from space 10240K, 100% used [0x0000000776500000,0x0000000776f00000,0x0000000776f00000)
  to   space 10240K, 0% used [0x0000000775b00000,0x0000000775b00000,0x0000000776500000)
 ParOldGen       total 169472K, used 38089K [0x00000006c9a00000, 0x00000006d3f80000, 0x000000076de00000)
  object space 169472K, 22% used [0x00000006c9a00000,0x00000006cbf325d8,0x00000006d3f80000)
 Metaspace       used 5490K, capacity 6356K, committed 6528K, reserved 1056768K
  class space    used 560K, capacity 584K, committed 640K, reserved 1048576K
Event: 4,286 GC heap after
Heap after GC invocations=3 (full 0):
 PSYoungGen      total 138240K, used 10240K [0x000000076de00000, 0x000000077ec00000, 0x00000007c0000000)
  eden space 128000K, 0% used [0x000000076de00000,0x000000076de00000,0x0000000775b00000)
  from space 10240K, 100% used [0x0000000775b00000,0x0000000776500000,0x0000000776500000)
  to   space 10240K, 0% used [0x000000077e200000,0x000000077e200000,0x000000077ec00000)
 ParOldGen       total 169472K, used 86369K [0x00000006c9a00000, 0x00000006d3f80000, 0x000000076de00000)
  object space 169472K, 50% used [0x00000006c9a00000,0x00000006cee58440,0x00000006d3f80000)
 Metaspace       used 5490K, capacity 6356K, committed 6528K, reserved 1056768K
  class space    used 560K, capacity 584K, committed 640K, reserved 1048576K
}
Event: 5,276 GC heap before
{Heap before GC invocations=4 (full 0):
 PSYoungGen      total 138240K, used 138240K [0x000000076de00000, 0x000000077ec00000, 0x00000007c0000000)
  eden space 128000K, 100% used [0x000000076de00000,0x0000000775b00000,0x0000000775b00000)
  from space 10240K, 100% used [0x0000000775b00000,0x0000000776500000,0x0000000776500000)
  to   space 10240K, 0% used [0x000000077e200000,0x000000077e200000,0x000000077ec00000)
 ParOldGen       total 169472K, used 86369K [0x00000006c9a00000, 0x00000006d3f80000, 0x000000076de00000)
  object space 169472K, 50% used [0x00000006c9a00000,0x00000006cee58440,0x00000006d3f80000)
 Metaspace       used 5502K, capacity 6356K, committed 6528K, reserved 1056768K
  class space    used 560K, capacity 584K, committed 640K, reserved 1048576K
Event: 5,418 GC heap after
Heap after GC invocations=4 (full 0):
 PSYoungGen      total 266240K, used 10208K [0x000000076de00000, 0x000000077ec00000, 0x00000007c0000000)
  eden space 256000K, 0% used [0x000000076de00000,0x000000076de00000,0x000000077d800000)
  from space 10240K, 99% used [0x000000077e200000,0x000000077ebf8010,0x000000077ec00000)
  to   space 10240K, 0% used [0x000000077d800000,0x000000077d800000,0x000000077e200000)
 ParOldGen       total 169472K, used 133013K [0x00000006c9a00000, 0x00000006d3f80000, 0x000000076de00000)
  object space 169472K, 78% used [0x00000006c9a00000,0x00000006d1be55f8,0x00000006d3f80000)
 Metaspace       used 5502K, capacity 6356K, committed 6528K, reserved 1056768K
  class space    used 560K, capacity 584K, committed 640K, reserved 1048576K
}
Event: 5,418 GC heap before
{Heap before GC invocations=5 (full 1):
 PSYoungGen      total 266240K, used 10208K [0x000000076de00000, 0x000000077ec00000, 0x00000007c0000000)
  eden space 256000K, 0% used [0x000000076de00000,0x000000076de00000,0x000000077d800000)
  from space 10240K, 99% used [0x000000077e200000,0x000000077ebf8010,0x000000077ec00000)
  to   space 10240K, 0% used [0x000000077d800000,0x000000077d800000,0x000000077e200000)
 ParOldGen       total 169472K, used 133013K [0x00000006c9a00000, 0x00000006d3f80000, 0x000000076de00000)
  object space 169472K, 78% used [0x00000006c9a00000,0x00000006d1be55f8,0x00000006d3f80000)
 Metaspace       used 5502K, capacity 6356K, committed 6528K, reserved 1056768K
  class space    used 560K, capacity 584K, committed 640K, reserved 1048576K
Event: 7,668 GC heap after
Heap after GC invocations=5 (full 1):
 PSYoungGen      total 266240K, used 0K [0x000000076de00000, 0x000000077ec00000, 0x00000007c0000000)
  eden space 256000K, 0% used [0x000000076de00000,0x000000076de00000,0x000000077d800000)
  from space 10240K, 0% used [0x000000077e200000,0x000000077e200000,0x000000077ec00000)
  to   space 10240K, 0% used [0x000000077d800000,0x000000077d800000,0x000000077e200000)
 ParOldGen       total 313856K, used 140280K [0x00000006c9a00000, 0x00000006dcc80000, 0x000000076de00000)
  object space 313856K, 44% used [0x00000006c9a00000,0x00000006d22fe3e0,0x00000006dcc80000)
 Metaspace       used 5502K, capacity 6356K, committed 6528K, reserved 1056768K
  class space    used 560K, capacity 584K, committed 640K, reserved 1048576K
}
Event: 30,749 GC heap before
{Heap before GC invocations=6 (full 1):
 PSYoungGen      total 266240K, used 256000K [0x000000076de00000, 0x000000077ec00000, 0x00000007c0000000)
  eden space 256000K, 100% used [0x000000076de00000,0x000000077d800000,0x000000077d800000)
  from space 10240K, 0% used [0x000000077e200000,0x000000077e200000,0x000000077ec00000)
  to   space 10240K, 0% used [0x000000077d800000,0x000000077d800000,0x000000077e200000)
 ParOldGen       total 313856K, used 140280K [0x00000006c9a00000, 0x00000006dcc80000, 0x000000076de00000)
  object space 313856K, 44% used [0x00000006c9a00000,0x00000006d22fe3e0,0x00000006dcc80000)
 Metaspace       used 8914K, capacity 9404K, committed 9728K, reserved 1058816K
  class space    used 919K, capacity 944K, committed 1024K, reserved 1048576K

Deoptimization events (10 events):
Event: 30,136 Thread 0x00007f703c00b000 Uncommon trap: reason=class_check action=maybe_recompile pc=0x00007f702d00c628 method=soot.FastHierarchy.canStoreClass(Lsoot/SootClass;Lsoot/SootClass;)Z @ 100
Event: 30,383 Thread 0x00007f703c00b000 Uncommon trap: reason=class_check action=maybe_recompile pc=0x00007f702d0c366c method=soot.toolkits.exceptions.UnitThrowAnalysis$UnitSwitch.caseAssignStmt(Lsoot/jimple/AssignStmt;)V @ 32
Event: 30,401 Thread 0x00007f703c00b000 Uncommon trap: reason=class_check action=maybe_recompile pc=0x00007f702d0c366c method=soot.toolkits.exceptions.UnitThrowAnalysis$UnitSwitch.caseAssignStmt(Lsoot/jimple/AssignStmt;)V @ 32
Event: 30,404 Thread 0x00007f703c00b000 Uncommon trap: reason=class_check action=maybe_recompile pc=0x00007f702d0c366c method=soot.toolkits.exceptions.UnitThrowAnalysis$UnitSwitch.caseAssignStmt(Lsoot/jimple/AssignStmt;)V @ 32
Event: 30,404 Thread 0x00007f703c00b000 Uncommon trap: reason=class_check action=maybe_recompile pc=0x00007f702d0c366c method=soot.toolkits.exceptions.UnitThrowAnalysis$UnitSwitch.caseAssignStmt(Lsoot/jimple/AssignStmt;)V @ 32
Event: 30,442 Thread 0x00007f703c00b000 Uncommon trap: reason=class_check action=maybe_recompile pc=0x00007f702d2a3bd0 method=soot.jimple.toolkits.typing.fast.AugHierarchy.ancestor_(Lsoot/Type;Lsoot/Type;)Z @ 107
Event: 30,442 Thread 0x00007f703c00b000 Uncommon trap: reason=class_check action=maybe_recompile pc=0x00007f702d2a3bd0 method=soot.jimple.toolkits.typing.fast.AugHierarchy.ancestor_(Lsoot/Type;Lsoot/Type;)Z @ 107
Event: 30,592 Thread 0x00007f703c00b000 Uncommon trap: reason=class_check action=maybe_recompile pc=0x00007f702d3cf7e8 method=soot.jimple.toolkits.typing.fast.AugEvalFunction.eval_(Lsoot/jimple/toolkits/typing/fast/Typing;Lsoot/Value;Lsoot/jimple/Stmt;Lsoot/jimple/JimpleBody;)Lsoot/Type; @ 275
Event: 30,606 Thread 0x00007f703c00b000 Uncommon trap: reason=class_check action=maybe_recompile pc=0x00007f702d3cf7e8 method=soot.jimple.toolkits.typing.fast.AugEvalFunction.eval_(Lsoot/jimple/toolkits/typing/fast/Typing;Lsoot/Value;Lsoot/jimple/Stmt;Lsoot/jimple/JimpleBody;)Lsoot/Type; @ 275
Event: 30,607 Thread 0x00007f703c00b000 Uncommon trap: reason=class_check action=maybe_recompile pc=0x00007f702d3cf7e8 method=soot.jimple.toolkits.typing.fast.AugEvalFunction.eval_(Lsoot/jimple/toolkits/typing/fast/Typing;Lsoot/Value;Lsoot/jimple/Stmt;Lsoot/jimple/JimpleBody;)Lsoot/Type; @ 275

Classes redefined (0 events):
No events

Internal exceptions (10 events):
Event: 10,102 Thread 0x00007f703c00b000 Implicit null exception at 0x00007f702cd7e8ba to 0x00007f702cd7e945
Event: 10,576 Thread 0x00007f703c00b000 Implicit null exception at 0x00007f702cc20a22 to 0x00007f702cc20bb1
Event: 10,623 Thread 0x00007f703c00b000 Exception <a 'java/security/PrivilegedActionException'> (0x000000077517b450) thrown at [/build/openjdk-8-RKFhH1/openjdk-8-8u292-b10/src/hotspot/src/share/vm/prims/jvm.cpp, line 1523]
Event: 10,623 Thread 0x00007f703c00b000 Exception <a 'java/security/PrivilegedActionException'> (0x000000077517b848) thrown at [/build/openjdk-8-RKFhH1/openjdk-8-8u292-b10/src/hotspot/src/share/vm/prims/jvm.cpp, line 1523]
Event: 10,624 Thread 0x00007f703c00b000 Exception <a 'java/security/PrivilegedActionException'> (0x000000077517e338) thrown at [/build/openjdk-8-RKFhH1/openjdk-8-8u292-b10/src/hotspot/src/share/vm/prims/jvm.cpp, line 1523]
Event: 10,624 Thread 0x00007f703c00b000 Exception <a 'java/security/PrivilegedActionException'> (0x000000077517e730) thrown at [/build/openjdk-8-RKFhH1/openjdk-8-8u292-b10/src/hotspot/src/share/vm/prims/jvm.cpp, line 1523]
Event: 12,798 Thread 0x00007f703c00b000 Implicit null exception at 0x00007f702cfa50a0 to 0x00007f702cfa55e9
Event: 15,597 Thread 0x00007f703c00b000 Implicit null exception at 0x00007f702cd18d26 to 0x00007f702cd1b3a9
Event: 28,907 Thread 0x00007f703c00b000 Implicit null exception at 0x00007f702cdd0f93 to 0x00007f702cdd1439
Event: 28,907 Thread 0x00007f703c00b000 Implicit null exception at 0x00007f702c951efb to 0x00007f702c951ff7

Events (10 events):
Event: 30,592 Thread 0x00007f703c00b000 Uncommon trap: trap_request=0xffffffde fr.pc=0x00007f702d3cf7e8
Event: 30,592 Thread 0x00007f703c00b000 DEOPT PACKING pc=0x00007f702d3cf7e8 sp=0x00007f70430f5740
Event: 30,592 Thread 0x00007f703c00b000 DEOPT UNPACKING pc=0x00007f702c80547a sp=0x00007f70430f56d8 mode 2
Event: 30,606 Thread 0x00007f703c00b000 Uncommon trap: trap_request=0xffffffde fr.pc=0x00007f702d3cf7e8
Event: 30,606 Thread 0x00007f703c00b000 DEOPT PACKING pc=0x00007f702d3cf7e8 sp=0x00007f70430f55e0
Event: 30,606 Thread 0x00007f703c00b000 DEOPT UNPACKING pc=0x00007f702c80547a sp=0x00007f70430f5578 mode 2
Event: 30,607 Thread 0x00007f703c00b000 Uncommon trap: trap_request=0xffffffde fr.pc=0x00007f702d3cf7e8
Event: 30,607 Thread 0x00007f703c00b000 DEOPT PACKING pc=0x00007f702d3cf7e8 sp=0x00007f70430f55e0
Event: 30,607 Thread 0x00007f703c00b000 DEOPT UNPACKING pc=0x00007f702c80547a sp=0x00007f70430f5578 mode 2
Event: 30,665 Executing VM operation: ParallelGCFailedAllocation


Dynamic libraries:
6c9a00000-6dcc80000 rw-p 00000000 00:00 0 
6dcc80000-76de00000 ---p 00000000 00:00 0 
76de00000-77ec00000 rw-p 00000000 00:00 0 
78ad80000-7c0000000 ---p 00000000 00:00 0 
7c0000000-7c0100000 rw-p 00000000 00:00 0 
7c0100000-800000000 ---p 00000000 00:00 0 
55a92d7d9000-55a92d7da000 r-xp 00000000 103:06 1841257                   /usr/lib/jvm/java-8-openjdk-amd64/jre/bin/java
55a92d9d9000-55a92d9da000 r--p 00000000 103:06 1841257                   /usr/lib/jvm/java-8-openjdk-amd64/jre/bin/java
55a92d9da000-55a92d9db000 rw-p 00001000 103:06 1841257                   /usr/lib/jvm/java-8-openjdk-amd64/jre/bin/java
55a92eb54000-55a92eb75000 rw-p 00000000 00:00 0                          [heap]
7f6fd0000000-7f6fd0021000 rw-p 00000000 00:00 0 
7f6fd0021000-7f6fd4000000 ---p 00000000 00:00 0 
7f6fd8000000-7f6fd8a36000 rw-p 00000000 00:00 0 
7f6fd8a36000-7f6fdc000000 ---p 00000000 00:00 0 
7f6fdc000000-7f6fdc021000 rw-p 00000000 00:00 0 
7f6fdc021000-7f6fe0000000 ---p 00000000 00:00 0 
7f6fe0000000-7f6fe22ac000 rw-p 00000000 00:00 0 
7f6fe22ac000-7f6fe4000000 ---p 00000000 00:00 0 
7f6fe4000000-7f6fe608e000 rw-p 00000000 00:00 0 
7f6fe608e000-7f6fe8000000 ---p 00000000 00:00 0 
7f6fe8000000-7f6fe8021000 rw-p 00000000 00:00 0 
7f6fe8021000-7f6fec000000 ---p 00000000 00:00 0 
7f6fec000000-7f6fed6b5000 rw-p 00000000 00:00 0 
7f6fed6b5000-7f6ff0000000 ---p 00000000 00:00 0 
7f6ff0000000-7f6ff0021000 rw-p 00000000 00:00 0 
7f6ff0021000-7f6ff4000000 ---p 00000000 00:00 0 
7f6ff4000000-7f6ff4021000 rw-p 00000000 00:00 0 
7f6ff4021000-7f6ff8000000 ---p 00000000 00:00 0 
7f6ff8000000-7f6ff8021000 rw-p 00000000 00:00 0 
7f6ff8021000-7f6ffc000000 ---p 00000000 00:00 0 
7f6ffc000000-7f6ffc021000 rw-p 00000000 00:00 0 
7f6ffc021000-7f7000000000 ---p 00000000 00:00 0 
7f7000000000-7f7000021000 rw-p 00000000 00:00 0 
7f7000021000-7f7004000000 ---p 00000000 00:00 0 
7f7007269000-7f70072e9000 rw-p 00000000 00:00 0 
7f70072e9000-7f7007469000 ---p 00000000 00:00 0 
7f7007469000-7f7007481000 r-xp 00000000 103:06 1840354                   /usr/lib/jvm/java-8-openjdk-amd64/jre/lib/amd64/libnet.so
7f7007481000-7f7007680000 ---p 00018000 103:06 1840354                   /usr/lib/jvm/java-8-openjdk-amd64/jre/lib/amd64/libnet.so
7f7007680000-7f7007681000 r--p 00017000 103:06 1840354                   /usr/lib/jvm/java-8-openjdk-amd64/jre/lib/amd64/libnet.so
7f7007681000-7f7007682000 rw-p 00018000 103:06 1840354                   /usr/lib/jvm/java-8-openjdk-amd64/jre/lib/amd64/libnet.so
7f7007682000-7f7007694000 r-xp 00000000 103:06 1840350                   /usr/lib/jvm/java-8-openjdk-amd64/jre/lib/amd64/libnio.so
7f7007694000-7f7007893000 ---p 00012000 103:06 1840350                   /usr/lib/jvm/java-8-openjdk-amd64/jre/lib/amd64/libnio.so
7f7007893000-7f7007894000 r--p 00011000 103:06 1840350                   /usr/lib/jvm/java-8-openjdk-amd64/jre/lib/amd64/libnio.so
7f7007894000-7f7007895000 rw-p 00012000 103:06 1840350                   /usr/lib/jvm/java-8-openjdk-amd64/jre/lib/amd64/libnio.so
7f7007895000-7f7007973000 r--s 01c3b000 103:06 2890880                   /home/khuebc/malware/Interprocedural-CFG/ICFGCreator_duplicated_2/myIcfg.jar
7f7007973000-7f7007974000 ---p 00000000 00:00 0 
7f7007974000-7f7007a74000 rw-p 00000000 00:00 0 
7f7007a74000-7f7007a77000 ---p 00000000 00:00 0 
7f7007a77000-7f7007b75000 rw-p 00000000 00:00 0 
7f7007b75000-7f7007b78000 ---p 00000000 00:00 0 
7f7007b78000-7f7007c76000 rw-p 00000000 00:00 0 
7f7007c76000-7f7007c79000 ---p 00000000 00:00 0 
7f7007c79000-7f7007d77000 rw-p 00000000 00:00 0 
7f7007d77000-7f7007d7a000 ---p 00000000 00:00 0 
7f7007d7a000-7f7007e78000 rw-p 00000000 00:00 0 
7f7007e78000-7f7007e7b000 ---p 00000000 00:00 0 
7f7007e7b000-7f7007f79000 rw-p 00000000 00:00 0 
7f7007f79000-7f7007f7c000 ---p 00000000 00:00 0 
7f7007f7c000-7f700807a000 rw-p 00000000 00:00 0 
7f700807a000-7f70084d0000 r--p 00000000 103:06 1850669                   /usr/lib/locale/locale-archive
7f70084d0000-7f7010000000 rw-p 00000000 00:00 0 
7f7010000000-7f7010021000 rw-p 00000000 00:00 0 
7f7010021000-7f7014000000 ---p 00000000 00:00 0 
7f7014000000-7f7014021000 rw-p 00000000 00:00 0 
7f7014021000-7f7018000000 ---p 00000000 00:00 0 
7f7018000000-7f7018021000 rw-p 00000000 00:00 0 
7f7018021000-7f701c000000 ---p 00000000 00:00 0 
7f701c000000-7f701c021000 rw-p 00000000 00:00 0 
7f701c021000-7f7020000000 ---p 00000000 00:00 0 
7f7020000000-7f7020021000 rw-p 00000000 00:00 0 
7f7020021000-7f7024000000 ---p 00000000 00:00 0 
7f7024000000-7f7024021000 rw-p 00000000 00:00 0 
7f7024021000-7f7028000000 ---p 00000000 00:00 0 
7f7028066000-7f7028081000 r--s 001d6000 103:06 1840331                   /usr/lib/jvm/java-8-openjdk-amd64/jre/lib/ext/nashorn.jar
7f7028081000-7f7028084000 ---p 00000000 00:00 0 
7f7028084000-7f7028182000 rw-p 00000000 00:00 0 
7f7028182000-7f7028185000 ---p 00000000 00:00 0 
7f7028185000-7f7028283000 rw-p 00000000 00:00 0 
7f7028283000-7f7028284000 ---p 00000000 00:00 0 
7f7028284000-7f7029e9f000 rw-p 00000000 00:00 0 
7f7029e9f000-7f702a070000 r--s 03ca5000 103:06 1840307                   /usr/lib/jvm/java-8-openjdk-amd64/jre/lib/rt.jar
7f702a070000-7f702a870000 rw-p 00000000 00:00 0 
7f702a870000-7f702b023000 rw-p 00000000 00:00 0 
7f702b023000-7f702b024000 ---p 00000000 00:00 0 
7f702b024000-7f702b124000 rw-p 00000000 00:00 0 
7f702b124000-7f702b125000 ---p 00000000 00:00 0 
7f702b125000-7f702b225000 rw-p 00000000 00:00 0 
7f702b225000-7f702b226000 ---p 00000000 00:00 0 
7f702b226000-7f702b326000 rw-p 00000000 00:00 0 
7f702b326000-7f702b327000 ---p 00000000 00:00 0 
7f702b327000-7f702b427000 rw-p 00000000 00:00 0 
7f702b427000-7f702b428000 ---p 00000000 00:00 0 
7f702b428000-7f702b528000 rw-p 00000000 00:00 0 
7f702b528000-7f702b529000 ---p 00000000 00:00 0 
7f702b529000-7f702b629000 rw-p 00000000 00:00 0 
7f702b629000-7f702b62a000 ---p 00000000 00:00 0 
7f702b62a000-7f702b7c4000 rw-p 00000000 00:00 0 
7f702b7c4000-7f702bc4c000 ---p 00000000 00:00 0 
7f702bc4c000-7f702bce6000 rw-p 00000000 00:00 0 
7f702bce6000-7f702c16e000 ---p 00000000 00:00 0 
7f702c16e000-7f702c1f5000 rw-p 00000000 00:00 0 
7f702c1f5000-7f702c3ff000 ---p 00000000 00:00 0 
7f702c3ff000-7f702c432000 rw-p 00000000 00:00 0 
7f702c432000-7f702c7c0000 ---p 00000000 00:00 0 
7f702c7c0000-7f702d430000 rwxp 00000000 00:00 0 
7f702d430000-7f703b7c0000 ---p 00000000 00:00 0 
7f703b7c0000-7f703b7c8000 r-xp 00000000 103:06 1840353                   /usr/lib/jvm/java-8-openjdk-amd64/jre/lib/amd64/libzip.so
7f703b7c8000-7f703b9c7000 ---p 00008000 103:06 1840353                   /usr/lib/jvm/java-8-openjdk-amd64/jre/lib/amd64/libzip.so
7f703b9c7000-7f703b9c8000 r--p 00007000 103:06 1840353                   /usr/lib/jvm/java-8-openjdk-amd64/jre/lib/amd64/libzip.so
7f703b9c8000-7f703b9c9000 rw-p 00008000 103:06 1840353                   /usr/lib/jvm/java-8-openjdk-amd64/jre/lib/amd64/libzip.so
7f703b9c9000-7f703b9d4000 r-xp 00000000 103:06 2883680                   /lib/x86_64-linux-gnu/libnss_files-2.23.so
7f703b9d4000-7f703bbd3000 ---p 0000b000 103:06 2883680                   /lib/x86_64-linux-gnu/libnss_files-2.23.so
7f703bbd3000-7f703bbd4000 r--p 0000a000 103:06 2883680                   /lib/x86_64-linux-gnu/libnss_files-2.23.so
7f703bbd4000-7f703bbd5000 rw-p 0000b000 103:06 2883680                   /lib/x86_64-linux-gnu/libnss_files-2.23.so
7f703bbd5000-7f703bbdb000 rw-p 00000000 00:00 0 
7f703bbdb000-7f703bbe6000 r-xp 00000000 103:06 2888850                   /lib/x86_64-linux-gnu/libnss_nis-2.23.so
7f703bbe6000-7f703bde5000 ---p 0000b000 103:06 2888850                   /lib/x86_64-linux-gnu/libnss_nis-2.23.so
7f703bde5000-7f703bde6000 r--p 0000a000 103:06 2888850                   /lib/x86_64-linux-gnu/libnss_nis-2.23.so
7f703bde6000-7f703bde7000 rw-p 0000b000 103:06 2888850                   /lib/x86_64-linux-gnu/libnss_nis-2.23.so
7f703bde7000-7f703bdfd000 r-xp 00000000 103:06 2888851                   /lib/x86_64-linux-gnu/libnsl-2.23.so
7f703bdfd000-7f703bffc000 ---p 00016000 103:06 2888851                   /lib/x86_64-linux-gnu/libnsl-2.23.so
7f703bffc000-7f703bffd000 r--p 00015000 103:06 2888851                   /lib/x86_64-linux-gnu/libnsl-2.23.so
7f703bffd000-7f703bffe000 rw-p 00016000 103:06 2888851                   /lib/x86_64-linux-gnu/libnsl-2.23.so
7f703bffe000-7f703c000000 rw-p 00000000 00:00 0 
7f703c000000-7f703c684000 rw-p 00000000 00:00 0 
7f703c684000-7f7040000000 ---p 00000000 00:00 0 
7f7040019000-7f70400dd000 rw-p 00000000 00:00 0 
7f70400dd000-7f70400de000 ---p 00000000 00:00 0 
7f70400de000-7f70401de000 rw-p 00000000 00:00 0 
7f70401de000-7f70401e6000 r-xp 00000000 103:06 2888853                   /lib/x86_64-linux-gnu/libnss_compat-2.23.so
7f70401e6000-7f70403e5000 ---p 00008000 103:06 2888853                   /lib/x86_64-linux-gnu/libnss_compat-2.23.so
7f70403e5000-7f70403e6000 r--p 00007000 103:06 2888853                   /lib/x86_64-linux-gnu/libnss_compat-2.23.so
7f70403e6000-7f70403e7000 rw-p 00008000 103:06 2888853                   /lib/x86_64-linux-gnu/libnss_compat-2.23.so
7f70403e7000-7f7040411000 r-xp 00000000 103:06 1840360                   /usr/lib/jvm/java-8-openjdk-amd64/jre/lib/amd64/libjava.so
7f7040411000-7f7040610000 ---p 0002a000 103:06 1840360                   /usr/lib/jvm/java-8-openjdk-amd64/jre/lib/amd64/libjava.so
7f7040610000-7f7040611000 r--p 00029000 103:06 1840360                   /usr/lib/jvm/java-8-openjdk-amd64/jre/lib/amd64/libjava.so
7f7040611000-7f7040613000 rw-p 0002a000 103:06 1840360                   /usr/lib/jvm/java-8-openjdk-amd64/jre/lib/amd64/libjava.so
7f7040613000-7f7040622000 r-xp 00000000 103:06 1840358                   /usr/lib/jvm/java-8-openjdk-amd64/jre/lib/amd64/libverify.so
7f7040622000-7f7040821000 ---p 0000f000 103:06 1840358                   /usr/lib/jvm/java-8-openjdk-amd64/jre/lib/amd64/libverify.so
7f7040821000-7f7040823000 r--p 0000e000 103:06 1840358                   /usr/lib/jvm/java-8-openjdk-amd64/jre/lib/amd64/libverify.so
7f7040823000-7f7040824000 rw-p 00010000 103:06 1840358                   /usr/lib/jvm/java-8-openjdk-amd64/jre/lib/amd64/libverify.so
7f7040824000-7f704082b000 r-xp 00000000 103:06 2883679                   /lib/x86_64-linux-gnu/librt-2.23.so
7f704082b000-7f7040a2a000 ---p 00007000 103:06 2883679                   /lib/x86_64-linux-gnu/librt-2.23.so
7f7040a2a000-7f7040a2b000 r--p 00006000 103:06 2883679                   /lib/x86_64-linux-gnu/librt-2.23.so
7f7040a2b000-7f7040a2c000 rw-p 00007000 103:06 2883679                   /lib/x86_64-linux-gnu/librt-2.23.so
7f7040a2c000-7f7040a42000 r-xp 00000000 103:06 2889166                   /lib/x86_64-linux-gnu/libgcc_s.so.1
7f7040a42000-7f7040c41000 ---p 00016000 103:06 2889166                   /lib/x86_64-linux-gnu/libgcc_s.so.1
7f7040c41000-7f7040c42000 rw-p 00015000 103:06 2889166                   /lib/x86_64-linux-gnu/libgcc_s.so.1
7f7040c42000-7f7040d4a000 r-xp 00000000 103:06 2888805                   /lib/x86_64-linux-gnu/libm-2.23.so
7f7040d4a000-7f7040f49000 ---p 00108000 103:06 2888805                   /lib/x86_64-linux-gnu/libm-2.23.so
7f7040f49000-7f7040f4a000 r--p 00107000 103:06 2888805                   /lib/x86_64-linux-gnu/libm-2.23.so
7f7040f4a000-7f7040f4b000 rw-p 00108000 103:06 2888805                   /lib/x86_64-linux-gnu/libm-2.23.so
7f7040f4b000-7f70410bd000 r-xp 00000000 103:06 1846201                   /usr/lib/x86_64-linux-gnu/libstdc++.so.6.0.21
7f70410bd000-7f70412bd000 ---p 00172000 103:06 1846201                   /usr/lib/x86_64-linux-gnu/libstdc++.so.6.0.21
7f70412bd000-7f70412c7000 r--p 00172000 103:06 1846201                   /usr/lib/x86_64-linux-gnu/libstdc++.so.6.0.21
7f70412c7000-7f70412c9000 rw-p 0017c000 103:06 1846201                   /usr/lib/x86_64-linux-gnu/libstdc++.so.6.0.21
7f70412c9000-7f70412cd000 rw-p 00000000 00:00 0 
7f70412cd000-7f7041ff3000 r-xp 00000000 103:06 1840377                   /usr/lib/jvm/java-8-openjdk-amd64/jre/lib/amd64/server/libjvm.so
7f7041ff3000-7f70421f2000 ---p 00d26000 103:06 1840377                   /usr/lib/jvm/java-8-openjdk-amd64/jre/lib/amd64/server/libjvm.so
7f70421f2000-7f7042288000 r--p 00d25000 103:06 1840377                   /usr/lib/jvm/java-8-openjdk-amd64/jre/lib/amd64/server/libjvm.so
7f7042288000-7f70422b1000 rw-p 00dbb000 103:06 1840377                   /usr/lib/jvm/java-8-openjdk-amd64/jre/lib/amd64/server/libjvm.so
7f70422b1000-7f70422e4000 rw-p 00000000 00:00 0 
7f70422e4000-7f70422fc000 r-xp 00000000 103:06 2883671                   /lib/x86_64-linux-gnu/libpthread-2.23.so
7f70422fc000-7f70424fb000 ---p 00018000 103:06 2883671                   /lib/x86_64-linux-gnu/libpthread-2.23.so
7f70424fb000-7f70424fc000 r--p 00017000 103:06 2883671                   /lib/x86_64-linux-gnu/libpthread-2.23.so
7f70424fc000-7f70424fd000 rw-p 00018000 103:06 2883671                   /lib/x86_64-linux-gnu/libpthread-2.23.so
7f70424fd000-7f7042501000 rw-p 00000000 00:00 0 
7f7042501000-7f7042504000 r-xp 00000000 103:06 2883676                   /lib/x86_64-linux-gnu/libdl-2.23.so
7f7042504000-7f7042703000 ---p 00003000 103:06 2883676                   /lib/x86_64-linux-gnu/libdl-2.23.so
7f7042703000-7f7042704000 r--p 00002000 103:06 2883676                   /lib/x86_64-linux-gnu/libdl-2.23.so
7f7042704000-7f7042705000 rw-p 00003000 103:06 2883676                   /lib/x86_64-linux-gnu/libdl-2.23.so
7f7042705000-7f704271e000 r-xp 00000000 103:06 2889319                   /lib/x86_64-linux-gnu/libz.so.1.2.8
7f704271e000-7f704291d000 ---p 00019000 103:06 2889319                   /lib/x86_64-linux-gnu/libz.so.1.2.8
7f704291d000-7f704291e000 r--p 00018000 103:06 2889319                   /lib/x86_64-linux-gnu/libz.so.1.2.8
7f704291e000-7f704291f000 rw-p 00019000 103:06 2889319                   /lib/x86_64-linux-gnu/libz.so.1.2.8
7f704291f000-7f7042adf000 r-xp 00000000 103:06 2888852                   /lib/x86_64-linux-gnu/libc-2.23.so
7f7042adf000-7f7042cdf000 ---p 001c0000 103:06 2888852                   /lib/x86_64-linux-gnu/libc-2.23.so
7f7042cdf000-7f7042ce3000 r--p 001c0000 103:06 2888852                   /lib/x86_64-linux-gnu/libc-2.23.so
7f7042ce3000-7f7042ce5000 rw-p 001c4000 103:06 2888852                   /lib/x86_64-linux-gnu/libc-2.23.so
7f7042ce5000-7f7042ce9000 rw-p 00000000 00:00 0 
7f7042ce9000-7f7042cf7000 r-xp 00000000 103:06 1840366                   /usr/lib/jvm/java-8-openjdk-amd64/jre/lib/amd64/jli/libjli.so
7f7042cf7000-7f7042ef6000 ---p 0000e000 103:06 1840366                   /usr/lib/jvm/java-8-openjdk-amd64/jre/lib/amd64/jli/libjli.so
7f7042ef6000-7f7042ef7000 r--p 0000d000 103:06 1840366                   /usr/lib/jvm/java-8-openjdk-amd64/jre/lib/amd64/jli/libjli.so
7f7042ef7000-7f7042ef8000 rw-p 0000e000 103:06 1840366                   /usr/lib/jvm/java-8-openjdk-amd64/jre/lib/amd64/jli/libjli.so
7f7042ef8000-7f7042f1e000 r-xp 00000000 103:06 2883681                   /lib/x86_64-linux-gnu/ld-2.23.so
7f7042f23000-7f7042f29000 r--s 0003d000 103:06 1840337                   /usr/lib/jvm/java-8-openjdk-amd64/jre/lib/ext/sunjce_provider.jar
7f7042f29000-7f7042f34000 r--s 00116000 103:06 1840333                   /usr/lib/jvm/java-8-openjdk-amd64/jre/lib/ext/localedata.jar
7f7042f34000-7f7042f4f000 r--s 00394000 103:06 1840329                   /usr/lib/jvm/java-8-openjdk-amd64/jre/lib/ext/cldrdata.jar
7f7042f4f000-7f7042ff7000 rw-p 00000000 00:00 0 
7f7042ff7000-7f7042ffa000 ---p 00000000 00:00 0 
7f7042ffa000-7f70430fc000 rw-p 00000000 00:00 0 
7f70430fe000-7f7043101000 r--s 0000f000 103:06 1840335                   /usr/lib/jvm/java-8-openjdk-amd64/jre/lib/ext/icedtea-sound.jar
7f7043101000-7f7043103000 r--s 00001000 103:06 1840336                   /usr/lib/jvm/java-8-openjdk-amd64/jre/lib/ext/dnsns.jar
7f7043103000-7f7043107000 r--s 00040000 103:06 1840334                   /usr/lib/jvm/java-8-openjdk-amd64/jre/lib/ext/sunpkcs11.jar
7f7043107000-7f7043109000 r--s 00008000 103:06 1840328                   /usr/lib/jvm/java-8-openjdk-amd64/jre/lib/ext/sunec.jar
7f7043109000-7f704310a000 r--s 0000a000 103:06 1840332                   /usr/lib/jvm/java-8-openjdk-amd64/jre/lib/ext/jaccess.jar
7f704310a000-7f704310c000 r--s 00010000 103:06 1840330                   /usr/lib/jvm/java-8-openjdk-amd64/jre/lib/ext/zipfs.jar
7f704310c000-7f7043112000 r--s 000d3000 103:06 1840315                   /usr/lib/jvm/java-8-openjdk-amd64/jre/lib/jfr.jar
7f7043112000-7f704311a000 rw-s 00000000 103:06 3290860                   /tmp/hsperfdata_khuebc/24252
7f704311a000-7f704311b000 rw-p 00000000 00:00 0 
7f704311b000-7f704311c000 ---p 00000000 00:00 0 
7f704311c000-7f704311d000 rw-p 00000000 00:00 0 
7f704311d000-7f704311e000 r--p 00025000 103:06 2883681                   /lib/x86_64-linux-gnu/ld-2.23.so
7f704311e000-7f704311f000 rw-p 00026000 103:06 2883681                   /lib/x86_64-linux-gnu/ld-2.23.so
7f704311f000-7f7043120000 rw-p 00000000 00:00 0 
7ffe2318e000-7ffe231b0000 rw-p 00000000 00:00 0                          [stack]
7ffe231ef000-7ffe231f2000 r--p 00000000 00:00 0                          [vvar]
7ffe231f2000-7ffe231f4000 r-xp 00000000 00:00 0                          [vdso]
ffffffffff600000-ffffffffff601000 r-xp 00000000 00:00 0                  [vsyscall]

VM Arguments:
java_command: myIcfg.jar Principal /home/khuebc/malware/Interprocedural-CFG/ICFGCreator_duplicated_2/GeneratedDotFiles/ea8381f793195fa582d113d5d28a7f8eec37e2e99a195f7368356fdae4bfc376.jar.dot /home/khuebc/malware/Interprocedural-CFG/ICFGCreator_duplicated_2/GeneratedDotFiles/ea8381f793195fa582d113d5d28a7f8eec37e2e99a195f7368356fdae4bfc376.jar
java_class_path (initial): myIcfg.jar
Launcher Type: SUN_STANDARD

Environment Variables:
JAVA_HOME=/usr/lib/jvm/java-8-openjdk-amd64
PATH=/home/khuebc/bin:/home/khuebc/.local/bin:/usr/local/sbin:/usr/local/bin:/usr/sbin:/usr/bin:/sbin:/bin:/usr/games:/usr/local/games:/snap/bin:/home/khuebc/bin:/usr/lib/jvm/java-1.8.0-openjdk-amd64/bin
SHELL=/bin/bash
DISPLAY=:0

Signal Handlers:
SIGSEGV: [libjvm.so+0xb1f1b0], sa_mask[0]=11111111011111111101111111111110, sa_flags=SA_RESTART|SA_SIGINFO
SIGBUS: [libjvm.so+0xb1f1b0], sa_mask[0]=11111111011111111101111111111110, sa_flags=SA_RESTART|SA_SIGINFO
SIGFPE: [libjvm.so+0x956cf0], sa_mask[0]=11111111011111111101111111111110, sa_flags=SA_RESTART|SA_SIGINFO
SIGPIPE: [libjvm.so+0x956cf0], sa_mask[0]=11111111011111111101111111111110, sa_flags=SA_RESTART|SA_SIGINFO
SIGXFSZ: [libjvm.so+0x956cf0], sa_mask[0]=11111111011111111101111111111110, sa_flags=SA_RESTART|SA_SIGINFO
SIGILL: [libjvm.so+0x956cf0], sa_mask[0]=11111111011111111101111111111110, sa_flags=SA_RESTART|SA_SIGINFO
SIGUSR1: SIG_DFL, sa_mask[0]=00000000000000000000000000000000, sa_flags=none
SIGUSR2: [libjvm.so+0x956ba0], sa_mask[0]=00000000000000000000000000000000, sa_flags=SA_RESTART|SA_SIGINFO
SIGHUP: [libjvm.so+0x957230], sa_mask[0]=11111111011111111101111111111110, sa_flags=SA_RESTART|SA_SIGINFO
SIGINT: [libjvm.so+0x957230], sa_mask[0]=11111111011111111101111111111110, sa_flags=SA_RESTART|SA_SIGINFO
SIGTERM: [libjvm.so+0x957230], sa_mask[0]=11111111011111111101111111111110, sa_flags=SA_RESTART|SA_SIGINFO
SIGQUIT: [libjvm.so+0x957230], sa_mask[0]=11111111011111111101111111111110, sa_flags=SA_RESTART|SA_SIGINFO


---------------  S Y S T E M  ---------------

OS:DISTRIB_ID=Ubuntu
DISTRIB_RELEASE=16.04
DISTRIB_CODENAME=xenial
DISTRIB_DESCRIPTION="Ubuntu 16.04.7 LTS"

uname:Linux 4.15.0-142-generic #146~16.04.1-Ubuntu SMP Tue Apr 13 09:27:15 UTC 2021 x86_64
libc:glibc 2.23 NPTL 2.23 
rlimit: STACK 8192k, CORE 0k, NPROC 62276, NOFILE 1048576, AS infinity
load average:56,32 27,94 20,23

/proc/meminfo:
MemTotal:       16139036 kB
MemFree:          143176 kB
MemAvailable:      68136 kB
Buffers:           10708 kB
Cached:          1785352 kB
SwapCached:            0 kB
Active:         13933036 kB
Inactive:        1609624 kB
Active(anon):   13908704 kB
Inactive(anon):  1529832 kB
Active(file):      24332 kB
Inactive(file):    79792 kB
Unevictable:         144 kB
Mlocked:             144 kB
SwapTotal:             0 kB
SwapFree:              0 kB
Dirty:                24 kB
Writeback:         11468 kB
AnonPages:      13748640 kB
Mapped:           655360 kB
Shmem:           1690040 kB
Slab:             204796 kB
SReclaimable:      92164 kB
SUnreclaim:       112632 kB
KernelStack:       23168 kB
PageTables:       112396 kB
NFS_Unstable:          0 kB
Bounce:                0 kB
WritebackTmp:          0 kB
CommitLimit:     8069516 kB
Committed_AS:   26482108 kB
VmallocTotal:   34359738367 kB
VmallocUsed:           0 kB
VmallocChunk:          0 kB
HardwareCorrupted:     0 kB
AnonHugePages:         0 kB
ShmemHugePages:        0 kB
ShmemPmdMapped:        0 kB
CmaTotal:              0 kB
CmaFree:               0 kB
HugePages_Total:       0
HugePages_Free:        0
HugePages_Rsvd:        0
HugePages_Surp:        0
Hugepagesize:       2048 kB
DirectMap4k:      617300 kB
DirectMap2M:    15806464 kB
DirectMap1G:           0 kB

container (cgroup) information:
container_type: cgroupv1
cpu_cpuset_cpus: 0-7
cpu_memory_nodes: 0
active_processor_count: 8
cpu_quota: -1
cpu_period: 100000
cpu_shares: -1
memory_limit_in_bytes: -1
memory_and_swap_limit_in_bytes: -2
memory_soft_limit_in_bytes: -1
memory_usage_in_bytes: 15916851200
memory_max_usage_in_bytes: 12021760


CPU:total 8 (initial active 8) (4 cores per cpu, 2 threads per core) family 6 model 142 stepping 12, cmov, cx8, fxsr, mmx, sse, sse2, sse3, ssse3, sse4.1, sse4.2, popcnt, avx, avx2, aes, clmul, erms, 3dnowpref, lzcnt, ht, tsc, tscinvbit, bmi1, bmi2, adx

/proc/cpuinfo:
processor	: 0
vendor_id	: GenuineIntel
cpu family	: 6
model		: 142
model name	: Intel(R) Core(TM) i7-8565U CPU @ 1.80GHz
stepping	: 12
microcode	: 0xea
cpu MHz		: 2799.999
cache size	: 8192 KB
physical id	: 0
siblings	: 8
core id		: 0
cpu cores	: 4
apicid		: 0
initial apicid	: 0
fpu		: yes
fpu_exception	: yes
cpuid level	: 22
wp		: yes
flags		: fpu vme de pse tsc msr pae mce cx8 apic sep mtrr pge mca cmov pat pse36 clflush dts acpi mmx fxsr sse sse2 ss ht tm pbe syscall nx pdpe1gb rdtscp lm constant_tsc art arch_perfmon pebs bts rep_good nopl xtopology nonstop_tsc cpuid aperfmperf pni pclmulqdq dtes64 monitor ds_cpl vmx est tm2 ssse3 sdbg fma cx16 xtpr pdcm pcid sse4_1 sse4_2 x2apic movbe popcnt tsc_deadline_timer aes xsave avx f16c rdrand lahf_lm abm 3dnowprefetch cpuid_fault epb invpcid_single ssbd ibrs ibpb stibp ibrs_enhanced tpr_shadow vnmi flexpriority ept vpid fsgsbase tsc_adjust bmi1 avx2 smep bmi2 erms invpcid mpx rdseed adx smap clflushopt intel_pt xsaveopt xsavec xgetbv1 xsaves dtherm ida arat pln pts hwp hwp_notify hwp_act_window hwp_epp md_clear flush_l1d arch_capabilities
bugs		: spectre_v1 spectre_v2 spec_store_bypass swapgs itlb_multihit srbds
bogomips	: 3999.93
clflush size	: 64
cache_alignment	: 64
address sizes	: 39 bits physical, 48 bits virtual
power management:

processor	: 1
vendor_id	: GenuineIntel
cpu family	: 6
model		: 142
model name	: Intel(R) Core(TM) i7-8565U CPU @ 1.80GHz
stepping	: 12
microcode	: 0xea
cpu MHz		: 2799.999
cache size	: 8192 KB
physical id	: 0
siblings	: 8
core id		: 1
cpu cores	: 4
apicid		: 2
initial apicid	: 2
fpu		: yes
fpu_exception	: yes
cpuid level	: 22
wp		: yes
flags		: fpu vme de pse tsc msr pae mce cx8 apic sep mtrr pge mca cmov pat pse36 clflush dts acpi mmx fxsr sse sse2 ss ht tm pbe syscall nx pdpe1gb rdtscp lm constant_tsc art arch_perfmon pebs bts rep_good nopl xtopology nonstop_tsc cpuid aperfmperf pni pclmulqdq dtes64 monitor ds_cpl vmx est tm2 ssse3 sdbg fma cx16 xtpr pdcm pcid sse4_1 sse4_2 x2apic movbe popcnt tsc_deadline_timer aes xsave avx f16c rdrand lahf_lm abm 3dnowprefetch cpuid_fault epb invpcid_single ssbd ibrs ibpb stibp ibrs_enhanced tpr_shadow vnmi flexpriority ept vpid fsgsbase tsc_adjust bmi1 avx2 smep bmi2 erms invpcid mpx rdseed adx smap clflushopt intel_pt xsaveopt xsavec xgetbv1 xsaves dtherm ida arat pln pts hwp hwp_notify hwp_act_window hwp_epp md_clear flush_l1d arch_capabilities
bugs		: spectre_v1 spectre_v2 spec_store_bypass swapgs itlb_multihit srbds
bogomips	: 3999.93
clflush size	: 64
cache_alignment	: 64
address sizes	: 39 bits physical, 48 bits virtual
power management:

processor	: 2
vendor_id	: GenuineIntel
cpu family	: 6
model		: 142
model name	: Intel(R) Core(TM) i7-8565U CPU @ 1.80GHz
stepping	: 12
microcode	: 0xea
cpu MHz		: 2799.999
cache size	: 8192 KB
physical id	: 0
siblings	: 8
core id		: 2
cpu cores	: 4
apicid		: 4
initial apicid	: 4
fpu		: yes
fpu_exception	: yes
cpuid level	: 22
wp		: yes
flags		: fpu vme de pse tsc msr pae mce cx8 apic sep mtrr pge mca cmov pat pse36 clflush dts acpi mmx fxsr sse sse2 ss ht tm pbe syscall nx pdpe1gb rdtscp lm constant_tsc art arch_perfmon pebs bts rep_good nopl xtopology nonstop_tsc cpuid aperfmperf pni pclmulqdq dtes64 monitor ds_cpl vmx est tm2 ssse3 sdbg fma cx16 xtpr pdcm pcid sse4_1 sse4_2 x2apic movbe popcnt tsc_deadline_timer aes xsave avx f16c rdrand lahf_lm abm 3dnowprefetch cpuid_fault epb invpcid_single ssbd ibrs ibpb stibp ibrs_enhanced tpr_shadow vnmi flexpriority ept vpid fsgsbase tsc_adjust bmi1 avx2 smep bmi2 erms invpcid mpx rdseed adx smap clflushopt intel_pt xsaveopt xsavec xgetbv1 xsaves dtherm ida arat pln pts hwp hwp_notify hwp_act_window hwp_epp md_clear flush_l1d arch_capabilities
bugs		: spectre_v1 spectre_v2 spec_store_bypass swapgs itlb_multihit srbds
bogomips	: 3999.93
clflush size	: 64
cache_alignment	: 64
address sizes	: 39 bits physical, 48 bits virtual
power management:

processor	: 3
vendor_id	: GenuineIntel
cpu family	: 6
model		: 142
model name	: Intel(R) Core(TM) i7-8565U CPU @ 1.80GHz
stepping	: 12
microcode	: 0xea
cpu MHz		: 2799.719
cache size	: 8192 KB
physical id	: 0
siblings	: 8
core id		: 3
cpu cores	: 4
apicid		: 6
initial apicid	: 6
fpu		: yes
fpu_exception	: yes
cpuid level	: 22
wp		: yes
flags		: fpu vme de pse tsc msr pae mce cx8 apic sep mtrr pge mca cmov pat pse36 clflush dts acpi mmx fxsr sse sse2 ss ht tm pbe syscall nx pdpe1gb rdtscp lm constant_tsc art arch_perfmon pebs bts rep_good nopl xtopology nonstop_tsc cpuid aperfmperf pni pclmulqdq dtes64 monitor ds_cpl vmx est tm2 ssse3 sdbg fma cx16 xtpr pdcm pcid sse4_1 sse4_2 x2apic movbe popcnt tsc_deadline_timer aes xsave avx f16c rdrand lahf_lm abm 3dnowprefetch cpuid_fault epb invpcid_single ssbd ibrs ibpb stibp ibrs_enhanced tpr_shadow vnmi flexpriority ept vpid fsgsbase tsc_adjust bmi1 avx2 smep bmi2 erms invpcid mpx rdseed adx smap clflushopt intel_pt xsaveopt xsavec xgetbv1 xsaves dtherm ida arat pln pts hwp hwp_notify hwp_act_window hwp_epp md_clear flush_l1d arch_capabilities
bugs		: spectre_v1 spectre_v2 spec_store_bypass swapgs itlb_multihit srbds
bogomips	: 3999.93
clflush size	: 64
cache_alignment	: 64
address sizes	: 39 bits physical, 48 bits virtual
power management:

processor	: 4
vendor_id	: GenuineIntel
cpu family	: 6
model		: 142
model name	: Intel(R) Core(TM) i7-8565U CPU @ 1.80GHz
stepping	: 12
microcode	: 0xea
cpu MHz		: 2799.248
cache size	: 8192 KB
physical id	: 0
siblings	: 8
core id		: 0
cpu cores	: 4
apicid		: 1
initial apicid	: 1
fpu		: yes
fpu_exception	: yes
cpuid level	: 22
wp		: yes
flags		: fpu vme de pse tsc msr pae mce cx8 apic sep mtrr pge mca cmov pat pse36 clflush dts acpi mmx fxsr sse sse2 ss ht tm pbe syscall nx pdpe1gb rdtscp lm constant_tsc art arch_perfmon pebs bts rep_good nopl xtopology nonstop_tsc cpuid aperfmperf pni pclmulqdq dtes64 monitor ds_cpl vmx est tm2 ssse3 sdbg fma cx16 xtpr pdcm pcid sse4_1 sse4_2 x2apic movbe popcnt tsc_deadline_timer aes xsave avx f16c rdrand lahf_lm abm 3dnowprefetch cpuid_fault epb invpcid_single ssbd ibrs ibpb stibp ibrs_enhanced tpr_shadow vnmi flexpriority ept vpid fsgsbase tsc_adjust bmi1 avx2 smep bmi2 erms invpcid mpx rdseed adx smap clflushopt intel_pt xsaveopt xsavec xgetbv1 xsaves dtherm ida arat pln pts hwp hwp_notify hwp_act_window hwp_epp md_clear flush_l1d arch_capabilities
bugs		: spectre_v1 spectre_v2 spec_store_bypass swapgs itlb_multihit srbds
bogomips	: 3999.93
clflush size	: 64
cache_alignment	: 64
address sizes	: 39 bits physical, 48 bits virtual
power management:

processor	: 5
vendor_id	: GenuineIntel
cpu family	: 6
model		: 142
model name	: Intel(R) Core(TM) i7-8565U CPU @ 1.80GHz
stepping	: 12
microcode	: 0xea
cpu MHz		: 2798.979
cache size	: 8192 KB
physical id	: 0
siblings	: 8
core id		: 1
cpu cores	: 4
apicid		: 3
initial apicid	: 3
fpu		: yes
fpu_exception	: yes
cpuid level	: 22
wp		: yes
flags		: fpu vme de pse tsc msr pae mce cx8 apic sep mtrr pge mca cmov pat pse36 clflush dts acpi mmx fxsr sse sse2 ss ht tm pbe syscall nx pdpe1gb rdtscp lm constant_tsc art arch_perfmon pebs bts rep_good nopl xtopology nonstop_tsc cpuid aperfmperf pni pclmulqdq dtes64 monitor ds_cpl vmx est tm2 ssse3 sdbg fma cx16 xtpr pdcm pcid sse4_1 sse4_2 x2apic movbe popcnt tsc_deadline_timer aes xsave avx f16c rdrand lahf_lm abm 3dnowprefetch cpuid_fault epb invpcid_single ssbd ibrs ibpb stibp ibrs_enhanced tpr_shadow vnmi flexpriority ept vpid fsgsbase tsc_adjust bmi1 avx2 smep bmi2 erms invpcid mpx rdseed adx smap clflushopt intel_pt xsaveopt xsavec xgetbv1 xsaves dtherm ida arat pln pts hwp hwp_notify hwp_act_window hwp_epp md_clear flush_l1d arch_capabilities
bugs		: spectre_v1 spectre_v2 spec_store_bypass swapgs itlb_multihit srbds
bogomips	: 3999.93
clflush size	: 64
cache_alignment	: 64
address sizes	: 39 bits physical, 48 bits virtual
power management:

processor	: 6
vendor_id	: GenuineIntel
cpu family	: 6
model		: 142
model name	: Intel(R) Core(TM) i7-8565U CPU @ 1.80GHz
stepping	: 12
microcode	: 0xea
cpu MHz		: 2798.574
cache size	: 8192 KB
physical id	: 0
siblings	: 8
core id		: 2
cpu cores	: 4
apicid		: 5
initial apicid	: 5
fpu		: yes
fpu_exception	: yes
cpuid level	: 22
wp		: yes
flags		: fpu vme de pse tsc msr pae mce cx8 apic sep mtrr pge mca cmov pat pse36 clflush dts acpi mmx fxsr sse sse2 ss ht tm pbe syscall nx pdpe1gb rdtscp lm constant_tsc art arch_perfmon pebs bts rep_good nopl xtopology nonstop_tsc cpuid aperfmperf pni pclmulqdq dtes64 monitor ds_cpl vmx est tm2 ssse3 sdbg fma cx16 xtpr pdcm pcid sse4_1 sse4_2 x2apic movbe popcnt tsc_deadline_timer aes xsave avx f16c rdrand lahf_lm abm 3dnowprefetch cpuid_fault epb invpcid_single ssbd ibrs ibpb stibp ibrs_enhanced tpr_shadow vnmi flexpriority ept vpid fsgsbase tsc_adjust bmi1 avx2 smep bmi2 erms invpcid mpx rdseed adx smap clflushopt intel_pt xsaveopt xsavec xgetbv1 xsaves dtherm ida arat pln pts hwp hwp_notify hwp_act_window hwp_epp md_clear flush_l1d arch_capabilities
bugs		: spectre_v1 spectre_v2 spec_store_bypass swapgs itlb_multihit srbds
bogomips	: 3999.93
clflush size	: 64
cache_alignment	: 64
address sizes	: 39 bits physical, 48 bits virtual
power management:

processor	: 7
vendor_id	: GenuineIntel
cpu family	: 6
model		: 142
model name	: Intel(R) Core(TM) i7-8565U CPU @ 1.80GHz
stepping	: 12
microcode	: 0xea
cpu MHz		: 2798.211
cache size	: 8192 KB
physical id	: 0
siblings	: 8
core id		: 3
cpu cores	: 4
apicid		: 7
initial apicid	: 7
fpu		: yes
fpu_exception	: yes
cpuid level	: 22
wp		: yes
flags		: fpu vme de pse tsc msr pae mce cx8 apic sep mtrr pge mca cmov pat pse36 clflush dts acpi mmx fxsr sse sse2 ss ht tm pbe syscall nx pdpe1gb rdtscp lm constant_tsc art arch_perfmon pebs bts rep_good nopl xtopology nonstop_tsc cpuid aperfmperf pni pclmulqdq dtes64 monitor ds_cpl vmx est tm2 ssse3 sdbg fma cx16 xtpr pdcm pcid sse4_1 sse4_2 x2apic movbe popcnt tsc_deadline_timer aes xsave avx f16c rdrand lahf_lm abm 3dnowprefetch cpuid_fault epb invpcid_single ssbd ibrs ibpb stibp ibrs_enhanced tpr_shadow vnmi flexpriority ept vpid fsgsbase tsc_adjust bmi1 avx2 smep bmi2 erms invpcid mpx rdseed adx smap clflushopt intel_pt xsaveopt xsavec xgetbv1 xsaves dtherm ida arat pln pts hwp hwp_notify hwp_act_window hwp_epp md_clear flush_l1d arch_capabilities
bugs		: spectre_v1 spectre_v2 spec_store_bypass swapgs itlb_multihit srbds
bogomips	: 3999.93
clflush size	: 64
cache_alignment	: 64
address sizes	: 39 bits physical, 48 bits virtual
power management:



Memory: 4k page, physical 16139036k(145780k free), swap 0k(0k free)

vm_info: OpenJDK 64-Bit Server VM (25.292-b10) for linux-amd64 JRE (1.8.0_292-8u292-b10-0ubuntu1~16.04.1-b10), built on Apr 21 2021 12:47:35 by "buildd" with gcc 5.4.0 20160609

time: Tue Jun 29 17:15:19 2021
timezone: +07
elapsed time: 36.511027 seconds (0d 0h 0m 36s)

