#
# There is insufficient memory for the Java Runtime Environment to continue.
# Native memory allocation (mmap) failed to map 63963136 bytes for committing reserved memory.
# Possible reasons:
#   The system is out of physical RAM or swap space
#   The process is running with CompressedOops enabled, and the Java Heap may be blocking the growth of the native heap
# Possible solutions:
#   Reduce memory load on the system
#   Increase physical memory or swap space
#   Check if swap backing store is full
#   Decrease Java heap size (-Xmx/-Xms)
#   Decrease number of Java threads
#   Decrease Java thread stack sizes (-Xss)
#   Set larger code cache with -XX:ReservedCodeCacheSize=
#   JVM is running with Zero Based Compressed Oops mode in which the Java heap is
#     placed in the first 32GB address space. The Java Heap base address is the
#     maximum limit for the native heap growth. Please use -XX:HeapBaseMinAddress
#     to set the Java Heap base and to place the Java Heap above 32GB virtual address.
# This output file may be truncated or incomplete.
#
#  Out of Memory Error (os_linux.cpp:2798), pid=22962, tid=0x00007fda4f4f4700
#
# JRE version: OpenJDK Runtime Environment (8.0_292-b10) (build 1.8.0_292-8u292-b10-0ubuntu1~16.04.1-b10)
# Java VM: OpenJDK 64-Bit Server VM (25.292-b10 mixed mode linux-amd64 compressed oops)
# Failed to write core dump. Core dumps have been disabled. To enable core dumping, try "ulimit -c unlimited" before starting Java again
#

---------------  T H R E A D  ---------------

Current thread (0x00007fda841c9000):  VMThread [stack: 0x00007fda4f3f4000,0x00007fda4f4f5000] [id=22973]

Stack: [0x00007fda4f3f4000,0x00007fda4f4f5000],  sp=0x00007fda4f4f3360,  free space=1020k
Native frames: (J=compiled Java code, j=interpreted, Vv=VM code, C=native code)
V  [libjvm.so+0xb1e67b]
V  [libjvm.so+0x4e01dc]
V  [libjvm.so+0x95bc48]
V  [libjvm.so+0x953b3e]
V  [libjvm.so+0x9d4ad6]
V  [libjvm.so+0x9d5e03]
V  [libjvm.so+0x9d2204]
V  [libjvm.so+0x9d249c]
V  [libjvm.so+0x983953]
V  [libjvm.so+0xb20372]
V  [libjvm.so+0xb26067]
V  [libjvm.so+0xb23b43]
V  [libjvm.so+0xb23ee5]
V  [libjvm.so+0xb244b2]
V  [libjvm.so+0x958fe2]

VM_Operation (0x00007fda8def1b90): ParallelGCFailedAllocation, mode: safepoint, requested by thread 0x00007fda8400b000


---------------  P R O C E S S  ---------------

Java Threads: ( => current thread )
  0x00007fda84215000 JavaThread "Service Thread" daemon [_thread_blocked, id=22981, stack(0x00007fda4e796000,0x00007fda4e897000)]
  0x00007fda84212000 JavaThread "C1 CompilerThread3" daemon [_thread_blocked, id=22980, stack(0x00007fda4e897000,0x00007fda4e998000)]
  0x00007fda84210000 JavaThread "C2 CompilerThread2" daemon [_thread_blocked, id=22979, stack(0x00007fda4e998000,0x00007fda4ea99000)]
  0x00007fda8420e000 JavaThread "C2 CompilerThread1" daemon [_thread_blocked, id=22978, stack(0x00007fda4ea99000,0x00007fda4eb9a000)]
  0x00007fda8420b800 JavaThread "C2 CompilerThread0" daemon [_thread_blocked, id=22977, stack(0x00007fda4eb9a000,0x00007fda4ec9b000)]
  0x00007fda84208800 JavaThread "Signal Dispatcher" daemon [_thread_blocked, id=22976, stack(0x00007fda4ec9b000,0x00007fda4ed9c000)]
  0x00007fda841d7000 JavaThread "Finalizer" daemon [_thread_blocked, id=22975, stack(0x00007fda4f1f2000,0x00007fda4f2f3000)]
  0x00007fda841d2800 JavaThread "Reference Handler" daemon [_thread_blocked, id=22974, stack(0x00007fda4f2f3000,0x00007fda4f3f4000)]
  0x00007fda8400b000 JavaThread "main" [_thread_blocked, id=22964, stack(0x00007fda8ddf3000,0x00007fda8def4000)]

Other Threads:
=>0x00007fda841c9000 VMThread [stack: 0x00007fda4f3f4000,0x00007fda4f4f5000] [id=22973]
  0x00007fda84217800 WatcherThread [stack: 0x00007fda4e695000,0x00007fda4e796000] [id=22982]

VM state:at safepoint (normal execution)

VM Mutex/Monitor currently owned by a thread:  ([mutex/lock_event])
[0x00007fda84007170] Threads_lock - owner thread: 0x00007fda841c9000
[0x00007fda84007670] Heap_lock - owner thread: 0x00007fda8400b000

heap address: 0x00000006c9a00000, size: 3942 MB, Compressed Oops mode: Zero based, Oop shift amount: 3
Narrow klass base: 0x0000000000000000, Narrow klass shift: 3
Compressed class space size: 1073741824 Address: 0x00000007c0000000

Heap:
 PSYoungGen      total 647168K, used 188141K [0x000000076de00000, 0x00000007a4000000, 0x00000007c0000000)
  eden space 449536K, 0% used [0x000000076de00000,0x000000076de00000,0x0000000789500000)
  from space 197632K, 95% used [0x0000000797f00000,0x00000007a36bb490,0x00000007a4000000)
  to   space 174080K, 0% used [0x0000000789500000,0x0000000789500000,0x0000000793f00000)
 ParOldGen       total 314368K, used 215651K [0x00000006c9a00000, 0x00000006dcd00000, 0x000000076de00000)
  object space 314368K, 68% used [0x00000006c9a00000,0x00000006d6c98c50,0x00000006dcd00000)
 Metaspace       used 9303K, capacity 9660K, committed 9984K, reserved 1058816K
  class space    used 942K, capacity 944K, committed 1024K, reserved 1048576K

Card table byte_map: [0x00007fda89c26000,0x00007fda8a3da000] byte_map_base: 0x00007fda865d9000

Marking Bits: (ParMarkBitMap*) 0x00007fda8d0c38a0
 Begin Bits: [0x00007fda6d4d0000, 0x00007fda71268000)
 End Bits:   [0x00007fda71268000, 0x00007fda75000000)

Polling page: 0x00007fda8df17000

CodeCache: size=245760Kb used=14824Kb max_used=14824Kb free=230935Kb
 bounds [0x00007fda75000000, 0x00007fda75fd0000, 0x00007fda84000000]
 total_blobs=2745 nmethods=2464 adapters=193
 compilation: enabled

Compilation events (10 events):
Event: 49,364 Thread 0x00007fda8420b800 nmethod 3517 0x00007fda75b24910 code [0x00007fda75b24a60, 0x00007fda75b24c18]
Event: 49,430 Thread 0x00007fda84210000 nmethod 3515 0x00007fda75dcfed0 code [0x00007fda75dd0460, 0x00007fda75dd3be8]
Event: 49,594 Thread 0x00007fda8420b800 3518       4       soot.jimple.internal.AbstractVirtualInvokeExpr::apply (11 bytes)
Event: 49,595 Thread 0x00007fda8420b800 nmethod 3518 0x00007fda758a7450 code [0x00007fda758a75a0, 0x00007fda758a7668]
Event: 49,595 Thread 0x00007fda8420b800 3519       4       soot.toolkits.exceptions.UnitThrowAnalysis$ValueSwitch::caseVirtualInvokeExpr (6 bytes)
Event: 49,595 Thread 0x00007fda8420b800 nmethod 3519 0x00007fda75652690 code [0x00007fda756527e0, 0x00007fda75652868]
Event: 49,648 Thread 0x00007fda8420b800 3520       4       soot.PatchingChain::getFirst (5 bytes)
Event: 49,649 Thread 0x00007fda8420b800 nmethod 3520 0x00007fda758a7090 code [0x00007fda758a71e0, 0x00007fda758a72f8]
Event: 49,649 Thread 0x00007fda84212000 3521       3       soot.jimple.toolkits.scalar.UnreachableCodeEliminator::internalTransform (520 bytes)
Event: 49,660 Thread 0x00007fda84212000 nmethod 3521 0x00007fda75d42fd0 code [0x00007fda75d43960, 0x00007fda75d4ac68]

GC Heap History (10 events):
Event: 28,423 GC heap after
Heap after GC invocations=14 (full 1):
 PSYoungGen      total 503296K, used 106240K [0x000000076de00000, 0x0000000797a80000, 0x00000007c0000000)
  eden space 390144K, 0% used [0x000000076de00000,0x000000076de00000,0x0000000785b00000)
  from space 113152K, 93% used [0x0000000785b00000,0x000000078c2c00f0,0x000000078c980000)
  to   space 125952K, 0% used [0x000000078ff80000,0x000000078ff80000,0x0000000797a80000)
 ParOldGen       total 314368K, used 215635K [0x00000006c9a00000, 0x00000006dcd00000, 0x000000076de00000)
  object space 314368K, 68% used [0x00000006c9a00000,0x00000006d6c94c50,0x00000006dcd00000)
 Metaspace       used 9190K, capacity 9596K, committed 9728K, reserved 1058816K
  class space    used 942K, capacity 944K, committed 1024K, reserved 1048576K
}
Event: 31,192 GC heap before
{Heap before GC invocations=15 (full 1):
 PSYoungGen      total 503296K, used 496384K [0x000000076de00000, 0x0000000797a80000, 0x00000007c0000000)
  eden space 390144K, 100% used [0x000000076de00000,0x0000000785b00000,0x0000000785b00000)
  from space 113152K, 93% used [0x0000000785b00000,0x000000078c2c00f0,0x000000078c980000)
  to   space 125952K, 0% used [0x000000078ff80000,0x000000078ff80000,0x0000000797a80000)
 ParOldGen       total 314368K, used 215635K [0x00000006c9a00000, 0x00000006dcd00000, 0x000000076de00000)
  object space 314368K, 68% used [0x00000006c9a00000,0x00000006d6c94c50,0x00000006dcd00000)
 Metaspace       used 9201K, capacity 9596K, committed 9728K, reserved 1058816K
  class space    used 942K, capacity 944K, committed 1024K, reserved 1048576K
Event: 31,504 GC heap after
Heap after GC invocations=15 (full 1):
 PSYoungGen      total 546816K, used 111664K [0x000000076de00000, 0x0000000799480000, 0x00000007c0000000)
  eden space 420864K, 0% used [0x000000076de00000,0x000000076de00000,0x0000000787900000)
  from space 125952K, 88% used [0x000000078ff80000,0x0000000796c8c100,0x0000000797a80000)
  to   space 137728K, 0% used [0x0000000787900000,0x0000000787900000,0x000000078ff80000)
 ParOldGen       total 314368K, used 215635K [0x00000006c9a00000, 0x00000006dcd00000, 0x000000076de00000)
  object space 314368K, 68% used [0x00000006c9a00000,0x00000006d6c94c50,0x00000006dcd00000)
 Metaspace       used 9201K, capacity 9596K, committed 9728K, reserved 1058816K
  class space    used 942K, capacity 944K, committed 1024K, reserved 1048576K
}
Event: 35,169 GC heap before
{Heap before GC invocations=16 (full 1):
 PSYoungGen      total 546816K, used 532528K [0x000000076de00000, 0x0000000799480000, 0x00000007c0000000)
  eden space 420864K, 100% used [0x000000076de00000,0x0000000787900000,0x0000000787900000)
  from space 125952K, 88% used [0x000000078ff80000,0x0000000796c8c100,0x0000000797a80000)
  to   space 137728K, 0% used [0x0000000787900000,0x0000000787900000,0x000000078ff80000)
 ParOldGen       total 314368K, used 215635K [0x00000006c9a00000, 0x00000006dcd00000, 0x000000076de00000)
  object space 314368K, 68% used [0x00000006c9a00000,0x00000006d6c94c50,0x00000006dcd00000)
 Metaspace       used 9243K, capacity 9596K, committed 9728K, reserved 1058816K
  class space    used 942K, capacity 944K, committed 1024K, reserved 1048576K
Event: 35,477 GC heap after
Heap after GC invocations=16 (full 1):
 PSYoungGen      total 558592K, used 129344K [0x000000076de00000, 0x000000079d580000, 0x00000007c0000000)
  eden space 420864K, 0% used [0x000000076de00000,0x000000076de00000,0x0000000787900000)
  from space 137728K, 93% used [0x0000000787900000,0x000000078f750110,0x000000078ff80000)
  to   space 154112K, 0% used [0x0000000793f00000,0x0000000793f00000,0x000000079d580000)
 ParOldGen       total 314368K, used 215635K [0x00000006c9a00000, 0x00000006dcd00000, 0x000000076de00000)
  object space 314368K, 68% used [0x00000006c9a00000,0x00000006d6c94c50,0x00000006dcd00000)
 Metaspace       used 9243K, capacity 9596K, committed 9728K, reserved 1058816K
  class space    used 942K, capacity 944K, committed 1024K, reserved 1048576K
}
Event: 39,063 GC heap before
{Heap before GC invocations=17 (full 1):
 PSYoungGen      total 558592K, used 550208K [0x000000076de00000, 0x000000079d580000, 0x00000007c0000000)
  eden space 420864K, 100% used [0x000000076de00000,0x0000000787900000,0x0000000787900000)
  from space 137728K, 93% used [0x0000000787900000,0x000000078f750110,0x000000078ff80000)
  to   space 154112K, 0% used [0x0000000793f00000,0x0000000793f00000,0x000000079d580000)
 ParOldGen       total 314368K, used 215635K [0x00000006c9a00000, 0x00000006dcd00000, 0x000000076de00000)
  object space 314368K, 68% used [0x00000006c9a00000,0x00000006d6c94c50,0x00000006dcd00000)
 Metaspace       used 9246K, capacity 9596K, committed 9728K, reserved 1058816K
  class space    used 942K, capacity 944K, committed 1024K, reserved 1048576K
Event: 39,957 GC heap after
Heap after GC invocations=17 (full 1):
 PSYoungGen      total 603648K, used 149037K [0x000000076de00000, 0x00000007a0a00000, 0x00000007c0000000)
  eden space 449536K, 0% used [0x000000076de00000,0x000000076de00000,0x0000000789500000)
  from space 154112K, 96% used [0x0000000793f00000,0x000000079d08b4b0,0x000000079d580000)
  to   space 174080K, 0% used [0x0000000789500000,0x0000000789500000,0x0000000793f00000)
 ParOldGen       total 314368K, used 215635K [0x00000006c9a00000, 0x00000006dcd00000, 0x000000076de00000)
  object space 314368K, 68% used [0x00000006c9a00000,0x00000006d6c94c50,0x00000006dcd00000)
 Metaspace       used 9246K, capacity 9596K, committed 9728K, reserved 1058816K
  class space    used 942K, capacity 944K, committed 1024K, reserved 1048576K
}
Event: 45,045 GC heap before
{Heap before GC invocations=18 (full 1):
 PSYoungGen      total 603648K, used 598573K [0x000000076de00000, 0x00000007a0a00000, 0x00000007c0000000)
  eden space 449536K, 100% used [0x000000076de00000,0x0000000789500000,0x0000000789500000)
  from space 154112K, 96% used [0x0000000793f00000,0x000000079d08b4b0,0x000000079d580000)
  to   space 174080K, 0% used [0x0000000789500000,0x0000000789500000,0x0000000793f00000)
 ParOldGen       total 314368K, used 215635K [0x00000006c9a00000, 0x00000006dcd00000, 0x000000076de00000)
  object space 314368K, 68% used [0x00000006c9a00000,0x00000006d6c94c50,0x00000006dcd00000)
 Metaspace       used 9247K, capacity 9596K, committed 9728K, reserved 1058816K
  class space    used 942K, capacity 944K, committed 1024K, reserved 1048576K
Event: 45,474 GC heap after
Heap after GC invocations=18 (full 1):
 PSYoungGen      total 623616K, used 168957K [0x000000076de00000, 0x00000007a4000000, 0x00000007c0000000)
  eden space 449536K, 0% used [0x000000076de00000,0x000000076de00000,0x0000000789500000)
  from space 174080K, 97% used [0x0000000789500000,0x00000007939ff4c0,0x0000000793f00000)
  to   space 197632K, 0% used [0x0000000797f00000,0x0000000797f00000,0x00000007a4000000)
 ParOldGen       total 314368K, used 215643K [0x00000006c9a00000, 0x00000006dcd00000, 0x000000076de00000)
  object space 314368K, 68% used [0x00000006c9a00000,0x00000006d6c96c50,0x00000006dcd00000)
 Metaspace       used 9247K, capacity 9596K, committed 9728K, reserved 1058816K
  class space    used 942K, capacity 944K, committed 1024K, reserved 1048576K
}
Event: 49,729 GC heap before
{Heap before GC invocations=19 (full 1):
 PSYoungGen      total 623616K, used 618493K [0x000000076de00000, 0x00000007a4000000, 0x00000007c0000000)
  eden space 449536K, 100% used [0x000000076de00000,0x0000000789500000,0x0000000789500000)
  from space 174080K, 97% used [0x0000000789500000,0x00000007939ff4c0,0x0000000793f00000)
  to   space 197632K, 0% used [0x0000000797f00000,0x0000000797f00000,0x00000007a4000000)
 ParOldGen       total 314368K, used 215643K [0x00000006c9a00000, 0x00000006dcd00000, 0x000000076de00000)
  object space 314368K, 68% used [0x00000006c9a00000,0x00000006d6c96c50,0x00000006dcd00000)
 Metaspace       used 9303K, capacity 9660K, committed 9984K, reserved 1058816K
  class space    used 942K, capacity 944K, committed 1024K, reserved 1048576K

Deoptimization events (10 events):
Event: 37,392 Thread 0x00007fda8400b000 Uncommon trap: reason=bimorphic action=maybe_recompile pc=0x00007fda757c380c method=soot.jimple.toolkits.scalar.CopyPropagator.internalTransform(Lsoot/Body;Ljava/lang/String;Ljava/util/Map;)V @ 1091
Event: 37,871 Thread 0x00007fda8400b000 Uncommon trap: reason=unstable_if action=reinterpret pc=0x00007fda75cc1620 method=soot.util.LargeNumberedMap.put(Lsoot/util/Numberable;Ljava/lang/Object;)Z @ 27
Event: 38,919 Thread 0x00007fda8400b000 Uncommon trap: reason=unstable_if action=reinterpret pc=0x00007fda756ef224 method=soot.jimple.toolkits.scalar.Evaluator.isValueConstantValued(Lsoot/Value;)Z @ 65
Event: 40,681 Thread 0x00007fda8400b000 Uncommon trap: reason=unstable_if action=reinterpret pc=0x00007fda7589e28c method=soot.toolkits.exceptions.UnitThrowAnalysis.mightThrow(Lsoot/SootMethodRef;)Lsoot/toolkits/exceptions/ThrowableSet; @ 8
Event: 40,682 Thread 0x00007fda8400b000 Uncommon trap: reason=unstable_if action=reinterpret pc=0x00007fda75efa6c0 method=soot.toolkits.exceptions.UnitThrowAnalysis.mightThrow(Lsoot/SootMethodRef;)Lsoot/toolkits/exceptions/ThrowableSet; @ 8
Event: 46,558 Thread 0x00007fda8400b000 Uncommon trap: reason=unstable_if action=reinterpret pc=0x00007fda75e0781c method=soot.jimple.toolkits.scalar.DeadAssignmentEliminator.internalTransform(Lsoot/Body;Ljava/lang/String;Ljava/util/Map;)V @ 609
Event: 47,856 Thread 0x00007fda8400b000 Uncommon trap: reason=class_check action=maybe_recompile pc=0x00007fda755dbd48 method=java.util.HashMap.getNode(ILjava/lang/Object;)Ljava/util/HashMap$Node; @ 126
Event: 47,856 Thread 0x00007fda8400b000 Uncommon trap: reason=bimorphic action=maybe_recompile pc=0x00007fda75155d90 method=java.util.HashMap.putVal(ILjava/lang/Object;Ljava/lang/Object;ZZ)Ljava/lang/Object; @ 203
Event: 48,727 Thread 0x00007fda8400b000 Uncommon trap: reason=bimorphic action=maybe_recompile pc=0x00007fda757c380c method=soot.jimple.toolkits.scalar.CopyPropagator.internalTransform(Lsoot/Body;Ljava/lang/String;Ljava/util/Map;)V @ 1091
Event: 49,551 Thread 0x00007fda8400b000 Uncommon trap: reason=unstable_if action=reinterpret pc=0x00007fda7583a2f4 method=soot.jimple.toolkits.scalar.UnreachableCodeEliminator.internalTransform(Lsoot/Body;Ljava/lang/String;Ljava/util/Map;)V @ 189

Classes redefined (0 events):
No events

Internal exceptions (10 events):
Event: 5,115 Thread 0x00007fda8400b000 Exception <a 'java/security/PrivilegedActionException'> (0x00000007756bec68) thrown at [/build/openjdk-8-RKFhH1/openjdk-8-8u292-b10/src/hotspot/src/share/vm/prims/jvm.cpp, line 1523]
Event: 5,115 Thread 0x00007fda8400b000 Exception <a 'java/security/PrivilegedActionException'> (0x00000007756bf060) thrown at [/build/openjdk-8-RKFhH1/openjdk-8-8u292-b10/src/hotspot/src/share/vm/prims/jvm.cpp, line 1523]
Event: 5,702 Thread 0x00007fda8400b000 Implicit null exception at 0x00007fda754ab128 to 0x00007fda754ac141
Event: 6,014 Thread 0x00007fda8400b000 Implicit null exception at 0x00007fda75582b55 to 0x00007fda7558300d
Event: 6,014 Thread 0x00007fda8400b000 Implicit null exception at 0x00007fda751bbc58 to 0x00007fda751bbce6
Event: 6,015 Thread 0x00007fda8400b000 Implicit null exception at 0x00007fda7558532f to 0x00007fda75585399
Event: 7,075 Thread 0x00007fda8400b000 Implicit null exception at 0x00007fda75b4ae22 to 0x00007fda75b4e839
Event: 12,671 Thread 0x00007fda8400b000 Implicit null exception at 0x00007fda755f176e to 0x00007fda755f1e05
Event: 15,176 Thread 0x00007fda8400b000 Implicit null exception at 0x00007fda75e8ee0b to 0x00007fda75e969c5
Event: 29,298 Thread 0x00007fda8400b000 Implicit null exception at 0x00007fda751526a4 to 0x00007fda7515271d

Events (10 events):
Event: 49,076 Thread 0x00007fda8400b000 DEOPT PACKING pc=0x00007fda75d7e267 sp=0x00007fda8def1e60
Event: 49,076 Thread 0x00007fda8400b000 DEOPT UNPACKING pc=0x00007fda750474c4 sp=0x00007fda8def1d50 mode 0
Event: 49,505 Thread 0x00007fda8400b000 DEOPT PACKING pc=0x00007fda75d7e250 sp=0x00007fda8def1e60
Event: 49,505 Thread 0x00007fda8400b000 DEOPT UNPACKING pc=0x00007fda750474c4 sp=0x00007fda8def1d50 mode 0
Event: 49,551 Thread 0x00007fda8400b000 Uncommon trap: trap_request=0xffffff65 fr.pc=0x00007fda7583a2f4
Event: 49,551 Thread 0x00007fda8400b000 DEOPT PACKING pc=0x00007fda7583a2f4 sp=0x00007fda8def2070
Event: 49,551 Thread 0x00007fda8400b000 DEOPT UNPACKING pc=0x00007fda7504547a sp=0x00007fda8def2038 mode 2
Event: 49,694 Thread 0x00007fda8400b000 DEOPT PACKING pc=0x00007fda75d7e250 sp=0x00007fda8def1e60
Event: 49,694 Thread 0x00007fda8400b000 DEOPT UNPACKING pc=0x00007fda750474c4 sp=0x00007fda8def1d50 mode 0
Event: 49,729 Executing VM operation: ParallelGCFailedAllocation


Dynamic libraries:
6c9a00000-6dcd00000 rw-p 00000000 00:00 0 
6dcd00000-76de00000 ---p 00000000 00:00 0 
76de00000-7a4000000 rw-p 00000000 00:00 0 
7a7d00000-7c0000000 ---p 00000000 00:00 0 
7c0000000-7c0100000 rw-p 00000000 00:00 0 
7c0100000-800000000 ---p 00000000 00:00 0 
55c1628f5000-55c1628f6000 r-xp 00000000 103:06 1841257                   /usr/lib/jvm/java-8-openjdk-amd64/jre/bin/java
55c162af5000-55c162af6000 r--p 00000000 103:06 1841257                   /usr/lib/jvm/java-8-openjdk-amd64/jre/bin/java
55c162af6000-55c162af7000 rw-p 00001000 103:06 1841257                   /usr/lib/jvm/java-8-openjdk-amd64/jre/bin/java
55c162e52000-55c162e73000 rw-p 00000000 00:00 0                          [heap]
7fda1c000000-7fda1c021000 rw-p 00000000 00:00 0 
7fda1c021000-7fda20000000 ---p 00000000 00:00 0 
7fda24000000-7fda249ce000 rw-p 00000000 00:00 0 
7fda249ce000-7fda28000000 ---p 00000000 00:00 0 
7fda28000000-7fda28021000 rw-p 00000000 00:00 0 
7fda28021000-7fda2c000000 ---p 00000000 00:00 0 
7fda2c000000-7fda2e729000 rw-p 00000000 00:00 0 
7fda2e729000-7fda30000000 ---p 00000000 00:00 0 
7fda30000000-7fda3161c000 rw-p 00000000 00:00 0 
7fda3161c000-7fda34000000 ---p 00000000 00:00 0 
7fda34000000-7fda34021000 rw-p 00000000 00:00 0 
7fda34021000-7fda38000000 ---p 00000000 00:00 0 
7fda38000000-7fda3a56a000 rw-p 00000000 00:00 0 
7fda3a56a000-7fda3c000000 ---p 00000000 00:00 0 
7fda3c000000-7fda3c021000 rw-p 00000000 00:00 0 
7fda3c021000-7fda40000000 ---p 00000000 00:00 0 
7fda40000000-7fda40021000 rw-p 00000000 00:00 0 
7fda40021000-7fda44000000 ---p 00000000 00:00 0 
7fda44000000-7fda44021000 rw-p 00000000 00:00 0 
7fda44021000-7fda48000000 ---p 00000000 00:00 0 
7fda48000000-7fda4802f000 rw-p 00000000 00:00 0 
7fda4802f000-7fda4c000000 ---p 00000000 00:00 0 
7fda4df8b000-7fda4e04b000 rw-p 00000000 00:00 0 
7fda4e04b000-7fda4e18b000 ---p 00000000 00:00 0 
7fda4e18b000-7fda4e1a3000 r-xp 00000000 103:06 1840354                   /usr/lib/jvm/java-8-openjdk-amd64/jre/lib/amd64/libnet.so
7fda4e1a3000-7fda4e3a2000 ---p 00018000 103:06 1840354                   /usr/lib/jvm/java-8-openjdk-amd64/jre/lib/amd64/libnet.so
7fda4e3a2000-7fda4e3a3000 r--p 00017000 103:06 1840354                   /usr/lib/jvm/java-8-openjdk-amd64/jre/lib/amd64/libnet.so
7fda4e3a3000-7fda4e3a4000 rw-p 00018000 103:06 1840354                   /usr/lib/jvm/java-8-openjdk-amd64/jre/lib/amd64/libnet.so
7fda4e3a4000-7fda4e3b6000 r-xp 00000000 103:06 1840350                   /usr/lib/jvm/java-8-openjdk-amd64/jre/lib/amd64/libnio.so
7fda4e3b6000-7fda4e5b5000 ---p 00012000 103:06 1840350                   /usr/lib/jvm/java-8-openjdk-amd64/jre/lib/amd64/libnio.so
7fda4e5b5000-7fda4e5b6000 r--p 00011000 103:06 1840350                   /usr/lib/jvm/java-8-openjdk-amd64/jre/lib/amd64/libnio.so
7fda4e5b6000-7fda4e5b7000 rw-p 00012000 103:06 1840350                   /usr/lib/jvm/java-8-openjdk-amd64/jre/lib/amd64/libnio.so
7fda4e5b7000-7fda4e695000 r--s 01c3b000 103:06 2890880                   /home/khuebc/malware/Interprocedural-CFG/ICFGCreator_duplicated_2/myIcfg.jar
7fda4e695000-7fda4e696000 ---p 00000000 00:00 0 
7fda4e696000-7fda4e796000 rw-p 00000000 00:00 0 
7fda4e796000-7fda4e799000 ---p 00000000 00:00 0 
7fda4e799000-7fda4e897000 rw-p 00000000 00:00 0 
7fda4e897000-7fda4e89a000 ---p 00000000 00:00 0 
7fda4e89a000-7fda4e998000 rw-p 00000000 00:00 0 
7fda4e998000-7fda4e99b000 ---p 00000000 00:00 0 
7fda4e99b000-7fda4ea99000 rw-p 00000000 00:00 0 
7fda4ea99000-7fda4ea9c000 ---p 00000000 00:00 0 
7fda4ea9c000-7fda4eb9a000 rw-p 00000000 00:00 0 
7fda4eb9a000-7fda4eb9d000 ---p 00000000 00:00 0 
7fda4eb9d000-7fda4ec9b000 rw-p 00000000 00:00 0 
7fda4ec9b000-7fda4ec9e000 ---p 00000000 00:00 0 
7fda4ec9e000-7fda4ed9c000 rw-p 00000000 00:00 0 
7fda4ed9c000-7fda4f1f2000 r--p 00000000 103:06 1850669                   /usr/lib/locale/locale-archive
7fda4f1f2000-7fda4f1f5000 ---p 00000000 00:00 0 
7fda4f1f5000-7fda4f2f3000 rw-p 00000000 00:00 0 
7fda4f2f3000-7fda4f2f6000 ---p 00000000 00:00 0 
7fda4f2f6000-7fda4f3f4000 rw-p 00000000 00:00 0 
7fda4f3f4000-7fda4f3f5000 ---p 00000000 00:00 0 
7fda4f3f5000-7fda50000000 rw-p 00000000 00:00 0 
7fda50000000-7fda50021000 rw-p 00000000 00:00 0 
7fda50021000-7fda54000000 ---p 00000000 00:00 0 
7fda54000000-7fda540c5000 rw-p 00000000 00:00 0 
7fda540c5000-7fda58000000 ---p 00000000 00:00 0 
7fda58000000-7fda581e7000 rw-p 00000000 00:00 0 
7fda581e7000-7fda5c000000 ---p 00000000 00:00 0 
7fda5c000000-7fda5c021000 rw-p 00000000 00:00 0 
7fda5c021000-7fda60000000 ---p 00000000 00:00 0 
7fda60000000-7fda60101000 rw-p 00000000 00:00 0 
7fda60101000-7fda64000000 ---p 00000000 00:00 0 
7fda64000000-7fda64245000 rw-p 00000000 00:00 0 
7fda64245000-7fda68000000 ---p 00000000 00:00 0 
7fda68000000-7fda68147000 rw-p 00000000 00:00 0 
7fda68147000-7fda6c000000 ---p 00000000 00:00 0 
7fda6c0c4000-7fda6d4d0000 rw-p 00000000 00:00 0 
7fda6d4d0000-7fda75000000 rw-p 00000000 00:00 0 
7fda75000000-7fda75fd0000 rwxp 00000000 00:00 0 
7fda75fd0000-7fda84000000 ---p 00000000 00:00 0 
7fda84000000-7fda84670000 rw-p 00000000 00:00 0 
7fda84670000-7fda88000000 ---p 00000000 00:00 0 
7fda88095000-7fda880b0000 r--s 001d6000 103:06 1840331                   /usr/lib/jvm/java-8-openjdk-amd64/jre/lib/ext/nashorn.jar
7fda880b0000-7fda88502000 rw-p 00000000 00:00 0 
7fda88502000-7fda886d3000 r--s 03ca5000 103:06 1840307                   /usr/lib/jvm/java-8-openjdk-amd64/jre/lib/rt.jar
7fda886d3000-7fda88efc000 rw-p 00000000 00:00 0 
7fda88efc000-7fda88efd000 ---p 00000000 00:00 0 
7fda88efd000-7fda88ffd000 rw-p 00000000 00:00 0 
7fda88ffd000-7fda88ffe000 ---p 00000000 00:00 0 
7fda88ffe000-7fda890fe000 rw-p 00000000 00:00 0 
7fda890fe000-7fda890ff000 ---p 00000000 00:00 0 
7fda890ff000-7fda891ff000 rw-p 00000000 00:00 0 
7fda891ff000-7fda89200000 ---p 00000000 00:00 0 
7fda89200000-7fda89300000 rw-p 00000000 00:00 0 
7fda89300000-7fda89301000 ---p 00000000 00:00 0 
7fda89301000-7fda89401000 rw-p 00000000 00:00 0 
7fda89401000-7fda89402000 ---p 00000000 00:00 0 
7fda89402000-7fda89502000 rw-p 00000000 00:00 0 
7fda89502000-7fda89503000 ---p 00000000 00:00 0 
7fda89503000-7fda89603000 rw-p 00000000 00:00 0 
7fda89603000-7fda89604000 ---p 00000000 00:00 0 
7fda89604000-7fda8979e000 rw-p 00000000 00:00 0 
7fda8979e000-7fda89c26000 ---p 00000000 00:00 0 
7fda89c26000-7fda89cc0000 rw-p 00000000 00:00 0 
7fda89cc0000-7fda8a148000 ---p 00000000 00:00 0 
7fda8a148000-7fda8a2f9000 rw-p 00000000 00:00 0 
7fda8a2f9000-7fda8a3d9000 ---p 00000000 00:00 0 
7fda8a3d9000-7fda8a41a000 rw-p 00000000 00:00 0 
7fda8a41a000-7fda8a79a000 ---p 00000000 00:00 0 
7fda8a79a000-7fda8a7a2000 r-xp 00000000 103:06 1840353                   /usr/lib/jvm/java-8-openjdk-amd64/jre/lib/amd64/libzip.so
7fda8a7a2000-7fda8a9a1000 ---p 00008000 103:06 1840353                   /usr/lib/jvm/java-8-openjdk-amd64/jre/lib/amd64/libzip.so
7fda8a9a1000-7fda8a9a2000 r--p 00007000 103:06 1840353                   /usr/lib/jvm/java-8-openjdk-amd64/jre/lib/amd64/libzip.so
7fda8a9a2000-7fda8a9a3000 rw-p 00008000 103:06 1840353                   /usr/lib/jvm/java-8-openjdk-amd64/jre/lib/amd64/libzip.so
7fda8a9a3000-7fda8a9ae000 r-xp 00000000 103:06 2883680                   /lib/x86_64-linux-gnu/libnss_files-2.23.so
7fda8a9ae000-7fda8abad000 ---p 0000b000 103:06 2883680                   /lib/x86_64-linux-gnu/libnss_files-2.23.so
7fda8abad000-7fda8abae000 r--p 0000a000 103:06 2883680                   /lib/x86_64-linux-gnu/libnss_files-2.23.so
7fda8abae000-7fda8abaf000 rw-p 0000b000 103:06 2883680                   /lib/x86_64-linux-gnu/libnss_files-2.23.so
7fda8abaf000-7fda8abb5000 rw-p 00000000 00:00 0 
7fda8abb5000-7fda8abc0000 r-xp 00000000 103:06 2888850                   /lib/x86_64-linux-gnu/libnss_nis-2.23.so
7fda8abc0000-7fda8adbf000 ---p 0000b000 103:06 2888850                   /lib/x86_64-linux-gnu/libnss_nis-2.23.so
7fda8adbf000-7fda8adc0000 r--p 0000a000 103:06 2888850                   /lib/x86_64-linux-gnu/libnss_nis-2.23.so
7fda8adc0000-7fda8adc1000 rw-p 0000b000 103:06 2888850                   /lib/x86_64-linux-gnu/libnss_nis-2.23.so
7fda8adc1000-7fda8add7000 r-xp 00000000 103:06 2888851                   /lib/x86_64-linux-gnu/libnsl-2.23.so
7fda8add7000-7fda8afd6000 ---p 00016000 103:06 2888851                   /lib/x86_64-linux-gnu/libnsl-2.23.so
7fda8afd6000-7fda8afd7000 r--p 00015000 103:06 2888851                   /lib/x86_64-linux-gnu/libnsl-2.23.so
7fda8afd7000-7fda8afd8000 rw-p 00016000 103:06 2888851                   /lib/x86_64-linux-gnu/libnsl-2.23.so
7fda8afd8000-7fda8afda000 rw-p 00000000 00:00 0 
7fda8afda000-7fda8afe2000 r-xp 00000000 103:06 2888853                   /lib/x86_64-linux-gnu/libnss_compat-2.23.so
7fda8afe2000-7fda8b1e1000 ---p 00008000 103:06 2888853                   /lib/x86_64-linux-gnu/libnss_compat-2.23.so
7fda8b1e1000-7fda8b1e2000 r--p 00007000 103:06 2888853                   /lib/x86_64-linux-gnu/libnss_compat-2.23.so
7fda8b1e2000-7fda8b1e3000 rw-p 00008000 103:06 2888853                   /lib/x86_64-linux-gnu/libnss_compat-2.23.so
7fda8b1e3000-7fda8b20d000 r-xp 00000000 103:06 1840360                   /usr/lib/jvm/java-8-openjdk-amd64/jre/lib/amd64/libjava.so
7fda8b20d000-7fda8b40c000 ---p 0002a000 103:06 1840360                   /usr/lib/jvm/java-8-openjdk-amd64/jre/lib/amd64/libjava.so
7fda8b40c000-7fda8b40d000 r--p 00029000 103:06 1840360                   /usr/lib/jvm/java-8-openjdk-amd64/jre/lib/amd64/libjava.so
7fda8b40d000-7fda8b40f000 rw-p 0002a000 103:06 1840360                   /usr/lib/jvm/java-8-openjdk-amd64/jre/lib/amd64/libjava.so
7fda8b40f000-7fda8b41e000 r-xp 00000000 103:06 1840358                   /usr/lib/jvm/java-8-openjdk-amd64/jre/lib/amd64/libverify.so
7fda8b41e000-7fda8b61d000 ---p 0000f000 103:06 1840358                   /usr/lib/jvm/java-8-openjdk-amd64/jre/lib/amd64/libverify.so
7fda8b61d000-7fda8b61f000 r--p 0000e000 103:06 1840358                   /usr/lib/jvm/java-8-openjdk-amd64/jre/lib/amd64/libverify.so
7fda8b61f000-7fda8b620000 rw-p 00010000 103:06 1840358                   /usr/lib/jvm/java-8-openjdk-amd64/jre/lib/amd64/libverify.so
7fda8b620000-7fda8b627000 r-xp 00000000 103:06 2883679                   /lib/x86_64-linux-gnu/librt-2.23.so
7fda8b627000-7fda8b826000 ---p 00007000 103:06 2883679                   /lib/x86_64-linux-gnu/librt-2.23.so
7fda8b826000-7fda8b827000 r--p 00006000 103:06 2883679                   /lib/x86_64-linux-gnu/librt-2.23.so
7fda8b827000-7fda8b828000 rw-p 00007000 103:06 2883679                   /lib/x86_64-linux-gnu/librt-2.23.so
7fda8b828000-7fda8b83e000 r-xp 00000000 103:06 2889166                   /lib/x86_64-linux-gnu/libgcc_s.so.1
7fda8b83e000-7fda8ba3d000 ---p 00016000 103:06 2889166                   /lib/x86_64-linux-gnu/libgcc_s.so.1
7fda8ba3d000-7fda8ba3e000 rw-p 00015000 103:06 2889166                   /lib/x86_64-linux-gnu/libgcc_s.so.1
7fda8ba3e000-7fda8bb46000 r-xp 00000000 103:06 2888805                   /lib/x86_64-linux-gnu/libm-2.23.so
7fda8bb46000-7fda8bd45000 ---p 00108000 103:06 2888805                   /lib/x86_64-linux-gnu/libm-2.23.so
7fda8bd45000-7fda8bd46000 r--p 00107000 103:06 2888805                   /lib/x86_64-linux-gnu/libm-2.23.so
7fda8bd46000-7fda8bd47000 rw-p 00108000 103:06 2888805                   /lib/x86_64-linux-gnu/libm-2.23.so
7fda8bd47000-7fda8beb9000 r-xp 00000000 103:06 1846201                   /usr/lib/x86_64-linux-gnu/libstdc++.so.6.0.21
7fda8beb9000-7fda8c0b9000 ---p 00172000 103:06 1846201                   /usr/lib/x86_64-linux-gnu/libstdc++.so.6.0.21
7fda8c0b9000-7fda8c0c3000 r--p 00172000 103:06 1846201                   /usr/lib/x86_64-linux-gnu/libstdc++.so.6.0.21
7fda8c0c3000-7fda8c0c5000 rw-p 0017c000 103:06 1846201                   /usr/lib/x86_64-linux-gnu/libstdc++.so.6.0.21
7fda8c0c5000-7fda8c0c9000 rw-p 00000000 00:00 0 
7fda8c0c9000-7fda8cdef000 r-xp 00000000 103:06 1840377                   /usr/lib/jvm/java-8-openjdk-amd64/jre/lib/amd64/server/libjvm.so
7fda8cdef000-7fda8cfee000 ---p 00d26000 103:06 1840377                   /usr/lib/jvm/java-8-openjdk-amd64/jre/lib/amd64/server/libjvm.so
7fda8cfee000-7fda8d084000 r--p 00d25000 103:06 1840377                   /usr/lib/jvm/java-8-openjdk-amd64/jre/lib/amd64/server/libjvm.so
7fda8d084000-7fda8d0ad000 rw-p 00dbb000 103:06 1840377                   /usr/lib/jvm/java-8-openjdk-amd64/jre/lib/amd64/server/libjvm.so
7fda8d0ad000-7fda8d0e0000 rw-p 00000000 00:00 0 
7fda8d0e0000-7fda8d0f8000 r-xp 00000000 103:06 2883671                   /lib/x86_64-linux-gnu/libpthread-2.23.so
7fda8d0f8000-7fda8d2f7000 ---p 00018000 103:06 2883671                   /lib/x86_64-linux-gnu/libpthread-2.23.so
7fda8d2f7000-7fda8d2f8000 r--p 00017000 103:06 2883671                   /lib/x86_64-linux-gnu/libpthread-2.23.so
7fda8d2f8000-7fda8d2f9000 rw-p 00018000 103:06 2883671                   /lib/x86_64-linux-gnu/libpthread-2.23.so
7fda8d2f9000-7fda8d2fd000 rw-p 00000000 00:00 0 
7fda8d2fd000-7fda8d300000 r-xp 00000000 103:06 2883676                   /lib/x86_64-linux-gnu/libdl-2.23.so
7fda8d300000-7fda8d4ff000 ---p 00003000 103:06 2883676                   /lib/x86_64-linux-gnu/libdl-2.23.so
7fda8d4ff000-7fda8d500000 r--p 00002000 103:06 2883676                   /lib/x86_64-linux-gnu/libdl-2.23.so
7fda8d500000-7fda8d501000 rw-p 00003000 103:06 2883676                   /lib/x86_64-linux-gnu/libdl-2.23.so
7fda8d501000-7fda8d51a000 r-xp 00000000 103:06 2889319                   /lib/x86_64-linux-gnu/libz.so.1.2.8
7fda8d51a000-7fda8d719000 ---p 00019000 103:06 2889319                   /lib/x86_64-linux-gnu/libz.so.1.2.8
7fda8d719000-7fda8d71a000 r--p 00018000 103:06 2889319                   /lib/x86_64-linux-gnu/libz.so.1.2.8
7fda8d71a000-7fda8d71b000 rw-p 00019000 103:06 2889319                   /lib/x86_64-linux-gnu/libz.so.1.2.8
7fda8d71b000-7fda8d8db000 r-xp 00000000 103:06 2888852                   /lib/x86_64-linux-gnu/libc-2.23.so
7fda8d8db000-7fda8dadb000 ---p 001c0000 103:06 2888852                   /lib/x86_64-linux-gnu/libc-2.23.so
7fda8dadb000-7fda8dadf000 r--p 001c0000 103:06 2888852                   /lib/x86_64-linux-gnu/libc-2.23.so
7fda8dadf000-7fda8dae1000 rw-p 001c4000 103:06 2888852                   /lib/x86_64-linux-gnu/libc-2.23.so
7fda8dae1000-7fda8dae5000 rw-p 00000000 00:00 0 
7fda8dae5000-7fda8daf3000 r-xp 00000000 103:06 1840366                   /usr/lib/jvm/java-8-openjdk-amd64/jre/lib/amd64/jli/libjli.so
7fda8daf3000-7fda8dcf2000 ---p 0000e000 103:06 1840366                   /usr/lib/jvm/java-8-openjdk-amd64/jre/lib/amd64/jli/libjli.so
7fda8dcf2000-7fda8dcf3000 r--p 0000d000 103:06 1840366                   /usr/lib/jvm/java-8-openjdk-amd64/jre/lib/amd64/jli/libjli.so
7fda8dcf3000-7fda8dcf4000 rw-p 0000e000 103:06 1840366                   /usr/lib/jvm/java-8-openjdk-amd64/jre/lib/amd64/jli/libjli.so
7fda8dcf4000-7fda8dd1a000 r-xp 00000000 103:06 2883681                   /lib/x86_64-linux-gnu/ld-2.23.so
7fda8dd1f000-7fda8dd25000 r--s 0003d000 103:06 1840337                   /usr/lib/jvm/java-8-openjdk-amd64/jre/lib/ext/sunjce_provider.jar
7fda8dd25000-7fda8dd30000 r--s 00116000 103:06 1840333                   /usr/lib/jvm/java-8-openjdk-amd64/jre/lib/ext/localedata.jar
7fda8dd30000-7fda8dd4b000 r--s 00394000 103:06 1840329                   /usr/lib/jvm/java-8-openjdk-amd64/jre/lib/ext/cldrdata.jar
7fda8dd4b000-7fda8ddf3000 rw-p 00000000 00:00 0 
7fda8ddf3000-7fda8ddf6000 ---p 00000000 00:00 0 
7fda8ddf6000-7fda8def8000 rw-p 00000000 00:00 0 
7fda8defa000-7fda8defd000 r--s 0000f000 103:06 1840335                   /usr/lib/jvm/java-8-openjdk-amd64/jre/lib/ext/icedtea-sound.jar
7fda8defd000-7fda8deff000 r--s 00001000 103:06 1840336                   /usr/lib/jvm/java-8-openjdk-amd64/jre/lib/ext/dnsns.jar
7fda8deff000-7fda8df03000 r--s 00040000 103:06 1840334                   /usr/lib/jvm/java-8-openjdk-amd64/jre/lib/ext/sunpkcs11.jar
7fda8df03000-7fda8df05000 r--s 00008000 103:06 1840328                   /usr/lib/jvm/java-8-openjdk-amd64/jre/lib/ext/sunec.jar
7fda8df05000-7fda8df06000 r--s 0000a000 103:06 1840332                   /usr/lib/jvm/java-8-openjdk-amd64/jre/lib/ext/jaccess.jar
7fda8df06000-7fda8df08000 r--s 00010000 103:06 1840330                   /usr/lib/jvm/java-8-openjdk-amd64/jre/lib/ext/zipfs.jar
7fda8df08000-7fda8df0e000 r--s 000d3000 103:06 1840315                   /usr/lib/jvm/java-8-openjdk-amd64/jre/lib/jfr.jar
7fda8df0e000-7fda8df16000 rw-s 00000000 103:06 3290085                   /tmp/hsperfdata_khuebc/22962
7fda8df16000-7fda8df17000 rw-p 00000000 00:00 0 
7fda8df17000-7fda8df18000 ---p 00000000 00:00 0 
7fda8df18000-7fda8df19000 rw-p 00000000 00:00 0 
7fda8df19000-7fda8df1a000 r--p 00025000 103:06 2883681                   /lib/x86_64-linux-gnu/ld-2.23.so
7fda8df1a000-7fda8df1b000 rw-p 00026000 103:06 2883681                   /lib/x86_64-linux-gnu/ld-2.23.so
7fda8df1b000-7fda8df1c000 rw-p 00000000 00:00 0 
7fff4046d000-7fff4048f000 rw-p 00000000 00:00 0                          [stack]
7fff404d0000-7fff404d3000 r--p 00000000 00:00 0                          [vvar]
7fff404d3000-7fff404d5000 r-xp 00000000 00:00 0                          [vdso]
ffffffffff600000-ffffffffff601000 r-xp 00000000 00:00 0                  [vsyscall]

VM Arguments:
java_command: myIcfg.jar ucvknadkjun.rjdetclvrjpbqlkpucl /home/khuebc/malware/Interprocedural-CFG/ICFGCreator_duplicated_2/GeneratedDotFiles/03dd826dea742859b979ee990e907cb6f625906a99a43686c7d6e8fbb2d434cf.jar.dot /home/khuebc/malware/Interprocedural-CFG/ICFGCreator_duplicated_2/GeneratedDotFiles/03dd826dea742859b979ee990e907cb6f625906a99a43686c7d6e8fbb2d434cf.jar
java_class_path (initial): myIcfg.jar
Launcher Type: SUN_STANDARD

Environment Variables:
JAVA_HOME=/usr/lib/jvm/java-8-openjdk-amd64
PATH=/home/khuebc/bin:/home/khuebc/.local/bin:/usr/local/sbin:/usr/local/bin:/usr/sbin:/usr/bin:/sbin:/bin:/usr/games:/usr/local/games:/snap/bin:/home/khuebc/bin:/usr/lib/jvm/java-1.8.0-openjdk-amd64/bin
SHELL=/bin/bash
DISPLAY=:0

Signal Handlers:
SIGSEGV: [libjvm.so+0xb1f1b0], sa_mask[0]=11111111011111111101111111111110, sa_flags=SA_RESTART|SA_SIGINFO
SIGBUS: [libjvm.so+0xb1f1b0], sa_mask[0]=11111111011111111101111111111110, sa_flags=SA_RESTART|SA_SIGINFO
SIGFPE: [libjvm.so+0x956cf0], sa_mask[0]=11111111011111111101111111111110, sa_flags=SA_RESTART|SA_SIGINFO
SIGPIPE: [libjvm.so+0x956cf0], sa_mask[0]=11111111011111111101111111111110, sa_flags=SA_RESTART|SA_SIGINFO
SIGXFSZ: [libjvm.so+0x956cf0], sa_mask[0]=11111111011111111101111111111110, sa_flags=SA_RESTART|SA_SIGINFO
SIGILL: [libjvm.so+0x956cf0], sa_mask[0]=11111111011111111101111111111110, sa_flags=SA_RESTART|SA_SIGINFO
SIGUSR1: SIG_DFL, sa_mask[0]=00000000000000000000000000000000, sa_flags=none
SIGUSR2: [libjvm.so+0x956ba0], sa_mask[0]=00000000000000000000000000000000, sa_flags=SA_RESTART|SA_SIGINFO
SIGHUP: [libjvm.so+0x957230], sa_mask[0]=11111111011111111101111111111110, sa_flags=SA_RESTART|SA_SIGINFO
SIGINT: [libjvm.so+0x957230], sa_mask[0]=11111111011111111101111111111110, sa_flags=SA_RESTART|SA_SIGINFO
SIGTERM: [libjvm.so+0x957230], sa_mask[0]=11111111011111111101111111111110, sa_flags=SA_RESTART|SA_SIGINFO
SIGQUIT: [libjvm.so+0x957230], sa_mask[0]=11111111011111111101111111111110, sa_flags=SA_RESTART|SA_SIGINFO


---------------  S Y S T E M  ---------------

OS:DISTRIB_ID=Ubuntu
DISTRIB_RELEASE=16.04
DISTRIB_CODENAME=xenial
DISTRIB_DESCRIPTION="Ubuntu 16.04.7 LTS"

uname:Linux 4.15.0-142-generic #146~16.04.1-Ubuntu SMP Tue Apr 13 09:27:15 UTC 2021 x86_64
libc:glibc 2.23 NPTL 2.23 
rlimit: STACK 8192k, CORE 0k, NPROC 62276, NOFILE 1048576, AS infinity
load average:16,45 13,22 9,59

/proc/meminfo:
MemTotal:       16139036 kB
MemFree:          139560 kB
MemAvailable:      14644 kB
Buffers:            1732 kB
Cached:          1902788 kB
SwapCached:            0 kB
Active:         13689412 kB
Inactive:        1856904 kB
Active(anon):   13679852 kB
Inactive(anon):  1846184 kB
Active(file):       9560 kB
Inactive(file):    10720 kB
Unevictable:         144 kB
Mlocked:             144 kB
SwapTotal:             0 kB
SwapFree:              0 kB
Dirty:               180 kB
Writeback:          6780 kB
AnonPages:      13642236 kB
Mapped:           550624 kB
Shmem:           1883944 kB
Slab:             187888 kB
SReclaimable:      76308 kB
SUnreclaim:       111580 kB
KernelStack:       27488 kB
PageTables:       128372 kB
NFS_Unstable:          0 kB
Bounce:                0 kB
WritebackTmp:          0 kB
CommitLimit:     8069516 kB
Committed_AS:   31063856 kB
VmallocTotal:   34359738367 kB
VmallocUsed:           0 kB
VmallocChunk:          0 kB
HardwareCorrupted:     0 kB
AnonHugePages:         0 kB
ShmemHugePages:        0 kB
ShmemPmdMapped:        0 kB
CmaTotal:              0 kB
CmaFree:               0 kB
HugePages_Total:       0
HugePages_Free:        0
HugePages_Rsvd:        0
HugePages_Surp:        0
Hugepagesize:       2048 kB
DirectMap4k:      482132 kB
DirectMap2M:    15941632 kB
DirectMap1G:           0 kB

container (cgroup) information:
container_type: cgroupv1
cpu_cpuset_cpus: 0-7
cpu_memory_nodes: 0
active_processor_count: 8
cpu_quota: -1
cpu_period: 100000
cpu_shares: -1
memory_limit_in_bytes: -1
memory_and_swap_limit_in_bytes: -2
memory_soft_limit_in_bytes: -1
memory_usage_in_bytes: 15917195264
memory_max_usage_in_bytes: 3923968


CPU:total 8 (initial active 8) (4 cores per cpu, 2 threads per core) family 6 model 142 stepping 12, cmov, cx8, fxsr, mmx, sse, sse2, sse3, ssse3, sse4.1, sse4.2, popcnt, avx, avx2, aes, clmul, erms, 3dnowpref, lzcnt, ht, tsc, tscinvbit, bmi1, bmi2, adx

/proc/cpuinfo:
processor	: 0
vendor_id	: GenuineIntel
cpu family	: 6
model		: 142
model name	: Intel(R) Core(TM) i7-8565U CPU @ 1.80GHz
stepping	: 12
microcode	: 0xea
cpu MHz		: 2500.000
cache size	: 8192 KB
physical id	: 0
siblings	: 8
core id		: 0
cpu cores	: 4
apicid		: 0
initial apicid	: 0
fpu		: yes
fpu_exception	: yes
cpuid level	: 22
wp		: yes
flags		: fpu vme de pse tsc msr pae mce cx8 apic sep mtrr pge mca cmov pat pse36 clflush dts acpi mmx fxsr sse sse2 ss ht tm pbe syscall nx pdpe1gb rdtscp lm constant_tsc art arch_perfmon pebs bts rep_good nopl xtopology nonstop_tsc cpuid aperfmperf pni pclmulqdq dtes64 monitor ds_cpl vmx est tm2 ssse3 sdbg fma cx16 xtpr pdcm pcid sse4_1 sse4_2 x2apic movbe popcnt tsc_deadline_timer aes xsave avx f16c rdrand lahf_lm abm 3dnowprefetch cpuid_fault epb invpcid_single ssbd ibrs ibpb stibp ibrs_enhanced tpr_shadow vnmi flexpriority ept vpid fsgsbase tsc_adjust bmi1 avx2 smep bmi2 erms invpcid mpx rdseed adx smap clflushopt intel_pt xsaveopt xsavec xgetbv1 xsaves dtherm ida arat pln pts hwp hwp_notify hwp_act_window hwp_epp md_clear flush_l1d arch_capabilities
bugs		: spectre_v1 spectre_v2 spec_store_bypass swapgs itlb_multihit srbds
bogomips	: 3999.93
clflush size	: 64
cache_alignment	: 64
address sizes	: 39 bits physical, 48 bits virtual
power management:

processor	: 1
vendor_id	: GenuineIntel
cpu family	: 6
model		: 142
model name	: Intel(R) Core(TM) i7-8565U CPU @ 1.80GHz
stepping	: 12
microcode	: 0xea
cpu MHz		: 2500.000
cache size	: 8192 KB
physical id	: 0
siblings	: 8
core id		: 1
cpu cores	: 4
apicid		: 2
initial apicid	: 2
fpu		: yes
fpu_exception	: yes
cpuid level	: 22
wp		: yes
flags		: fpu vme de pse tsc msr pae mce cx8 apic sep mtrr pge mca cmov pat pse36 clflush dts acpi mmx fxsr sse sse2 ss ht tm pbe syscall nx pdpe1gb rdtscp lm constant_tsc art arch_perfmon pebs bts rep_good nopl xtopology nonstop_tsc cpuid aperfmperf pni pclmulqdq dtes64 monitor ds_cpl vmx est tm2 ssse3 sdbg fma cx16 xtpr pdcm pcid sse4_1 sse4_2 x2apic movbe popcnt tsc_deadline_timer aes xsave avx f16c rdrand lahf_lm abm 3dnowprefetch cpuid_fault epb invpcid_single ssbd ibrs ibpb stibp ibrs_enhanced tpr_shadow vnmi flexpriority ept vpid fsgsbase tsc_adjust bmi1 avx2 smep bmi2 erms invpcid mpx rdseed adx smap clflushopt intel_pt xsaveopt xsavec xgetbv1 xsaves dtherm ida arat pln pts hwp hwp_notify hwp_act_window hwp_epp md_clear flush_l1d arch_capabilities
bugs		: spectre_v1 spectre_v2 spec_store_bypass swapgs itlb_multihit srbds
bogomips	: 3999.93
clflush size	: 64
cache_alignment	: 64
address sizes	: 39 bits physical, 48 bits virtual
power management:

processor	: 2
vendor_id	: GenuineIntel
cpu family	: 6
model		: 142
model name	: Intel(R) Core(TM) i7-8565U CPU @ 1.80GHz
stepping	: 12
microcode	: 0xea
cpu MHz		: 2500.001
cache size	: 8192 KB
physical id	: 0
siblings	: 8
core id		: 2
cpu cores	: 4
apicid		: 4
initial apicid	: 4
fpu		: yes
fpu_exception	: yes
cpuid level	: 22
wp		: yes
flags		: fpu vme de pse tsc msr pae mce cx8 apic sep mtrr pge mca cmov pat pse36 clflush dts acpi mmx fxsr sse sse2 ss ht tm pbe syscall nx pdpe1gb rdtscp lm constant_tsc art arch_perfmon pebs bts rep_good nopl xtopology nonstop_tsc cpuid aperfmperf pni pclmulqdq dtes64 monitor ds_cpl vmx est tm2 ssse3 sdbg fma cx16 xtpr pdcm pcid sse4_1 sse4_2 x2apic movbe popcnt tsc_deadline_timer aes xsave avx f16c rdrand lahf_lm abm 3dnowprefetch cpuid_fault epb invpcid_single ssbd ibrs ibpb stibp ibrs_enhanced tpr_shadow vnmi flexpriority ept vpid fsgsbase tsc_adjust bmi1 avx2 smep bmi2 erms invpcid mpx rdseed adx smap clflushopt intel_pt xsaveopt xsavec xgetbv1 xsaves dtherm ida arat pln pts hwp hwp_notify hwp_act_window hwp_epp md_clear flush_l1d arch_capabilities
bugs		: spectre_v1 spectre_v2 spec_store_bypass swapgs itlb_multihit srbds
bogomips	: 3999.93
clflush size	: 64
cache_alignment	: 64
address sizes	: 39 bits physical, 48 bits virtual
power management:

processor	: 3
vendor_id	: GenuineIntel
cpu family	: 6
model		: 142
model name	: Intel(R) Core(TM) i7-8565U CPU @ 1.80GHz
stepping	: 12
microcode	: 0xea
cpu MHz		: 2500.000
cache size	: 8192 KB
physical id	: 0
siblings	: 8
core id		: 3
cpu cores	: 4
apicid		: 6
initial apicid	: 6
fpu		: yes
fpu_exception	: yes
cpuid level	: 22
wp		: yes
flags		: fpu vme de pse tsc msr pae mce cx8 apic sep mtrr pge mca cmov pat pse36 clflush dts acpi mmx fxsr sse sse2 ss ht tm pbe syscall nx pdpe1gb rdtscp lm constant_tsc art arch_perfmon pebs bts rep_good nopl xtopology nonstop_tsc cpuid aperfmperf pni pclmulqdq dtes64 monitor ds_cpl vmx est tm2 ssse3 sdbg fma cx16 xtpr pdcm pcid sse4_1 sse4_2 x2apic movbe popcnt tsc_deadline_timer aes xsave avx f16c rdrand lahf_lm abm 3dnowprefetch cpuid_fault epb invpcid_single ssbd ibrs ibpb stibp ibrs_enhanced tpr_shadow vnmi flexpriority ept vpid fsgsbase tsc_adjust bmi1 avx2 smep bmi2 erms invpcid mpx rdseed adx smap clflushopt intel_pt xsaveopt xsavec xgetbv1 xsaves dtherm ida arat pln pts hwp hwp_notify hwp_act_window hwp_epp md_clear flush_l1d arch_capabilities
bugs		: spectre_v1 spectre_v2 spec_store_bypass swapgs itlb_multihit srbds
bogomips	: 3999.93
clflush size	: 64
cache_alignment	: 64
address sizes	: 39 bits physical, 48 bits virtual
power management:

processor	: 4
vendor_id	: GenuineIntel
cpu family	: 6
model		: 142
model name	: Intel(R) Core(TM) i7-8565U CPU @ 1.80GHz
stepping	: 12
microcode	: 0xea
cpu MHz		: 2500.000
cache size	: 8192 KB
physical id	: 0
siblings	: 8
core id		: 0
cpu cores	: 4
apicid		: 1
initial apicid	: 1
fpu		: yes
fpu_exception	: yes
cpuid level	: 22
wp		: yes
flags		: fpu vme de pse tsc msr pae mce cx8 apic sep mtrr pge mca cmov pat pse36 clflush dts acpi mmx fxsr sse sse2 ss ht tm pbe syscall nx pdpe1gb rdtscp lm constant_tsc art arch_perfmon pebs bts rep_good nopl xtopology nonstop_tsc cpuid aperfmperf pni pclmulqdq dtes64 monitor ds_cpl vmx est tm2 ssse3 sdbg fma cx16 xtpr pdcm pcid sse4_1 sse4_2 x2apic movbe popcnt tsc_deadline_timer aes xsave avx f16c rdrand lahf_lm abm 3dnowprefetch cpuid_fault epb invpcid_single ssbd ibrs ibpb stibp ibrs_enhanced tpr_shadow vnmi flexpriority ept vpid fsgsbase tsc_adjust bmi1 avx2 smep bmi2 erms invpcid mpx rdseed adx smap clflushopt intel_pt xsaveopt xsavec xgetbv1 xsaves dtherm ida arat pln pts hwp hwp_notify hwp_act_window hwp_epp md_clear flush_l1d arch_capabilities
bugs		: spectre_v1 spectre_v2 spec_store_bypass swapgs itlb_multihit srbds
bogomips	: 3999.93
clflush size	: 64
cache_alignment	: 64
address sizes	: 39 bits physical, 48 bits virtual
power management:

processor	: 5
vendor_id	: GenuineIntel
cpu family	: 6
model		: 142
model name	: Intel(R) Core(TM) i7-8565U CPU @ 1.80GHz
stepping	: 12
microcode	: 0xea
cpu MHz		: 2499.999
cache size	: 8192 KB
physical id	: 0
siblings	: 8
core id		: 1
cpu cores	: 4
apicid		: 3
initial apicid	: 3
fpu		: yes
fpu_exception	: yes
cpuid level	: 22
wp		: yes
flags		: fpu vme de pse tsc msr pae mce cx8 apic sep mtrr pge mca cmov pat pse36 clflush dts acpi mmx fxsr sse sse2 ss ht tm pbe syscall nx pdpe1gb rdtscp lm constant_tsc art arch_perfmon pebs bts rep_good nopl xtopology nonstop_tsc cpuid aperfmperf pni pclmulqdq dtes64 monitor ds_cpl vmx est tm2 ssse3 sdbg fma cx16 xtpr pdcm pcid sse4_1 sse4_2 x2apic movbe popcnt tsc_deadline_timer aes xsave avx f16c rdrand lahf_lm abm 3dnowprefetch cpuid_fault epb invpcid_single ssbd ibrs ibpb stibp ibrs_enhanced tpr_shadow vnmi flexpriority ept vpid fsgsbase tsc_adjust bmi1 avx2 smep bmi2 erms invpcid mpx rdseed adx smap clflushopt intel_pt xsaveopt xsavec xgetbv1 xsaves dtherm ida arat pln pts hwp hwp_notify hwp_act_window hwp_epp md_clear flush_l1d arch_capabilities
bugs		: spectre_v1 spectre_v2 spec_store_bypass swapgs itlb_multihit srbds
bogomips	: 3999.93
clflush size	: 64
cache_alignment	: 64
address sizes	: 39 bits physical, 48 bits virtual
power management:

processor	: 6
vendor_id	: GenuineIntel
cpu family	: 6
model		: 142
model name	: Intel(R) Core(TM) i7-8565U CPU @ 1.80GHz
stepping	: 12
microcode	: 0xea
cpu MHz		: 2499.999
cache size	: 8192 KB
physical id	: 0
siblings	: 8
core id		: 2
cpu cores	: 4
apicid		: 5
initial apicid	: 5
fpu		: yes
fpu_exception	: yes
cpuid level	: 22
wp		: yes
flags		: fpu vme de pse tsc msr pae mce cx8 apic sep mtrr pge mca cmov pat pse36 clflush dts acpi mmx fxsr sse sse2 ss ht tm pbe syscall nx pdpe1gb rdtscp lm constant_tsc art arch_perfmon pebs bts rep_good nopl xtopology nonstop_tsc cpuid aperfmperf pni pclmulqdq dtes64 monitor ds_cpl vmx est tm2 ssse3 sdbg fma cx16 xtpr pdcm pcid sse4_1 sse4_2 x2apic movbe popcnt tsc_deadline_timer aes xsave avx f16c rdrand lahf_lm abm 3dnowprefetch cpuid_fault epb invpcid_single ssbd ibrs ibpb stibp ibrs_enhanced tpr_shadow vnmi flexpriority ept vpid fsgsbase tsc_adjust bmi1 avx2 smep bmi2 erms invpcid mpx rdseed adx smap clflushopt intel_pt xsaveopt xsavec xgetbv1 xsaves dtherm ida arat pln pts hwp hwp_notify hwp_act_window hwp_epp md_clear flush_l1d arch_capabilities
bugs		: spectre_v1 spectre_v2 spec_store_bypass swapgs itlb_multihit srbds
bogomips	: 3999.93
clflush size	: 64
cache_alignment	: 64
address sizes	: 39 bits physical, 48 bits virtual
power management:

processor	: 7
vendor_id	: GenuineIntel
cpu family	: 6
model		: 142
model name	: Intel(R) Core(TM) i7-8565U CPU @ 1.80GHz
stepping	: 12
microcode	: 0xea
cpu MHz		: 2499.999
cache size	: 8192 KB
physical id	: 0
siblings	: 8
core id		: 3
cpu cores	: 4
apicid		: 7
initial apicid	: 7
fpu		: yes
fpu_exception	: yes
cpuid level	: 22
wp		: yes
flags		: fpu vme de pse tsc msr pae mce cx8 apic sep mtrr pge mca cmov pat pse36 clflush dts acpi mmx fxsr sse sse2 ss ht tm pbe syscall nx pdpe1gb rdtscp lm constant_tsc art arch_perfmon pebs bts rep_good nopl xtopology nonstop_tsc cpuid aperfmperf pni pclmulqdq dtes64 monitor ds_cpl vmx est tm2 ssse3 sdbg fma cx16 xtpr pdcm pcid sse4_1 sse4_2 x2apic movbe popcnt tsc_deadline_timer aes xsave avx f16c rdrand lahf_lm abm 3dnowprefetch cpuid_fault epb invpcid_single ssbd ibrs ibpb stibp ibrs_enhanced tpr_shadow vnmi flexpriority ept vpid fsgsbase tsc_adjust bmi1 avx2 smep bmi2 erms invpcid mpx rdseed adx smap clflushopt intel_pt xsaveopt xsavec xgetbv1 xsaves dtherm ida arat pln pts hwp hwp_notify hwp_act_window hwp_epp md_clear flush_l1d arch_capabilities
bugs		: spectre_v1 spectre_v2 spec_store_bypass swapgs itlb_multihit srbds
bogomips	: 3999.93
clflush size	: 64
cache_alignment	: 64
address sizes	: 39 bits physical, 48 bits virtual
power management:



Memory: 4k page, physical 16139036k(139100k free), swap 0k(0k free)

vm_info: OpenJDK 64-Bit Server VM (25.292-b10) for linux-amd64 JRE (1.8.0_292-8u292-b10-0ubuntu1~16.04.1-b10), built on Apr 21 2021 12:47:35 by "buildd" with gcc 5.4.0 20160609

time: Tue Jun 29 12:01:53 2021
timezone: +07
elapsed time: 51.587703 seconds (0d 0h 0m 51s)

