#
# There is insufficient memory for the Java Runtime Environment to continue.
# Native memory allocation (mmap) failed to map 71303168 bytes for committing reserved memory.
# Possible reasons:
#   The system is out of physical RAM or swap space
#   The process is running with CompressedOops enabled, and the Java Heap may be blocking the growth of the native heap
# Possible solutions:
#   Reduce memory load on the system
#   Increase physical memory or swap space
#   Check if swap backing store is full
#   Decrease Java heap size (-Xmx/-Xms)
#   Decrease number of Java threads
#   Decrease Java thread stack sizes (-Xss)
#   Set larger code cache with -XX:ReservedCodeCacheSize=
#   JVM is running with Zero Based Compressed Oops mode in which the Java heap is
#     placed in the first 32GB address space. The Java Heap base address is the
#     maximum limit for the native heap growth. Please use -XX:HeapBaseMinAddress
#     to set the Java Heap base and to place the Java Heap above 32GB virtual address.
# This output file may be truncated or incomplete.
#
#  Out of Memory Error (os_linux.cpp:2798), pid=25806, tid=0x00007f14aa313700
#
# JRE version: OpenJDK Runtime Environment (8.0_292-b10) (build 1.8.0_292-8u292-b10-0ubuntu1~16.04.1-b10)
# Java VM: OpenJDK 64-Bit Server VM (25.292-b10 mixed mode linux-amd64 compressed oops)
# Failed to write core dump. Core dumps have been disabled. To enable core dumping, try "ulimit -c unlimited" before starting Java again
#

---------------  T H R E A D  ---------------

Current thread (0x00007f14d81c8800):  VMThread [stack: 0x00007f14aa213000,0x00007f14aa314000] [id=25817]

Stack: [0x00007f14aa213000,0x00007f14aa314000],  sp=0x00007f14aa312360,  free space=1020k
Native frames: (J=compiled Java code, j=interpreted, Vv=VM code, C=native code)
V  [libjvm.so+0xb1e67b]
V  [libjvm.so+0x4e01dc]
V  [libjvm.so+0x95bc48]
V  [libjvm.so+0x953b3e]
V  [libjvm.so+0x9d4ad6]
V  [libjvm.so+0x9d5e03]
V  [libjvm.so+0x9d2204]
V  [libjvm.so+0x9d249c]
V  [libjvm.so+0x983953]
V  [libjvm.so+0xb20372]
V  [libjvm.so+0xb26067]
V  [libjvm.so+0xb23b43]
V  [libjvm.so+0xb23ee5]
V  [libjvm.so+0xb244b2]
V  [libjvm.so+0x958fe2]

VM_Operation (0x00007f14e112fd40): ParallelGCFailedAllocation, mode: safepoint, requested by thread 0x00007f14d800b000


---------------  P R O C E S S  ---------------

Java Threads: ( => current thread )
  0x00007f14d8215000 JavaThread "Service Thread" daemon [_thread_blocked, id=25828, stack(0x00007f14a95b5000,0x00007f14a96b6000)]
  0x00007f14d8212000 JavaThread "C1 CompilerThread3" daemon [_thread_blocked, id=25827, stack(0x00007f14a96b6000,0x00007f14a97b7000)]
  0x00007f14d8210000 JavaThread "C2 CompilerThread2" daemon [_thread_blocked, id=25826, stack(0x00007f14a97b7000,0x00007f14a98b8000)]
  0x00007f14d820e000 JavaThread "C2 CompilerThread1" daemon [_thread_blocked, id=25825, stack(0x00007f14a98b8000,0x00007f14a99b9000)]
  0x00007f14d820b800 JavaThread "C2 CompilerThread0" daemon [_thread_blocked, id=25824, stack(0x00007f14a99b9000,0x00007f14a9aba000)]
  0x00007f14d8208000 JavaThread "Signal Dispatcher" daemon [_thread_blocked, id=25823, stack(0x00007f14a9aba000,0x00007f14a9bbb000)]
  0x00007f14d81d7000 JavaThread "Finalizer" daemon [_thread_blocked, id=25820, stack(0x00007f14aa011000,0x00007f14aa112000)]
  0x00007f14d81d2800 JavaThread "Reference Handler" daemon [_thread_blocked, id=25819, stack(0x00007f14aa112000,0x00007f14aa213000)]
  0x00007f14d800b000 JavaThread "main" [_thread_blocked, id=25808, stack(0x00007f14e1031000,0x00007f14e1132000)]

Other Threads:
=>0x00007f14d81c8800 VMThread [stack: 0x00007f14aa213000,0x00007f14aa314000] [id=25817]
  0x00007f14d8217800 WatcherThread [stack: 0x00007f14a94b4000,0x00007f14a95b5000] [id=25829]

VM state:at safepoint (normal execution)

VM Mutex/Monitor currently owned by a thread:  ([mutex/lock_event])
[0x00007f14d80070d0] Threads_lock - owner thread: 0x00007f14d81c8800
[0x00007f14d80075d0] Heap_lock - owner thread: 0x00007f14d800b000

heap address: 0x00000006c9a00000, size: 3942 MB, Compressed Oops mode: Zero based, Oop shift amount: 3
Narrow klass base: 0x0000000000000000, Narrow klass shift: 3
Compressed class space size: 1073741824 Address: 0x00000007c0000000

Heap:
 PSYoungGen      total 720384K, used 168106K [0x000000076de00000, 0x00000007a7700000, 0x00000007c0000000)
  eden space 529920K, 0% used [0x000000076de00000,0x000000076de00000,0x000000078e380000)
  from space 190464K, 88% used [0x000000078e380000,0x00000007987aabe8,0x0000000799d80000)
  to   space 164864K, 0% used [0x0000000799d80000,0x0000000799d80000,0x00000007a3e80000)
 ParOldGen       total 310272K, used 253241K [0x00000006c9a00000, 0x00000006dc900000, 0x000000076de00000)
  object space 310272K, 81% used [0x00000006c9a00000,0x00000006d914e680,0x00000006dc900000)
 Metaspace       used 9249K, capacity 9596K, committed 9728K, reserved 1058816K
  class space    used 941K, capacity 944K, committed 1024K, reserved 1048576K

Card table byte_map: [0x00007f14dce64000,0x00007f14dd618000] byte_map_base: 0x00007f14d9817000

Marking Bits: (ParMarkBitMap*) 0x00007f14e03018a0
 Begin Bits: [0x00007f149c4d0000, 0x00007f14a0268000)
 End Bits:   [0x00007f14a0268000, 0x00007f14a4000000)

Polling page: 0x00007f14e1155000

CodeCache: size=245760Kb used=14783Kb max_used=15172Kb free=230976Kb
 bounds [0x00007f14c9000000, 0x00007f14ca010000, 0x00007f14d8000000]
 total_blobs=2726 nmethods=2445 adapters=193
 compilation: enabled

Compilation events (10 events):
Event: 30,019 Thread 0x00007f14d8212000 nmethod 3861 0x00007f14c9790750 code [0x00007f14c97908c0, 0x00007f14c9790c90]
Event: 30,124 Thread 0x00007f14d820e000 nmethod 3816 0x00007f14c9ab58d0 code [0x00007f14c9ab6160, 0x00007f14c9aba2f8]
Event: 30,242 Thread 0x00007f14d820b800 3863       4       soot.jimple.internal.JThrowStmt::apply (11 bytes)
Event: 30,255 Thread 0x00007f14d820b800 nmethod 3863 0x00007f14c9826850 code [0x00007f14c98269a0, 0x00007f14c9826a98]
Event: 30,451 Thread 0x00007f14d8210000 3864       4       soot.jimple.StaticFieldRef::apply (11 bytes)
Event: 30,463 Thread 0x00007f14d8212000 3865       3       soot.util.HashChain::insertBefore (96 bytes)
Event: 30,465 Thread 0x00007f14d8210000 nmethod 3864 0x00007f14c98243d0 code [0x00007f14c9824540, 0x00007f14c9824668]
Event: 30,490 Thread 0x00007f14d8212000 nmethod 3865 0x00007f14c9427a50 code [0x00007f14c9427c80, 0x00007f14c9428698]
Event: 30,814 Thread 0x00007f14d820e000 3866       4       soot.jimple.internal.AbstractVirtualInvokeExpr::apply (11 bytes)
Event: 30,859 Thread 0x00007f14d820e000 nmethod 3866 0x00007f14c9ab3f90 code [0x00007f14c9ab41c0, 0x00007f14c9ab49f0]

GC Heap History (10 events):
Event: 16,527 GC heap after
Heap after GC invocations=13 (full 1):
 PSYoungGen      total 563712K, used 101867K [0x000000076de00000, 0x0000000799b80000, 0x00000007c0000000)
  eden space 461824K, 0% used [0x000000076de00000,0x000000076de00000,0x000000078a100000)
  from space 101888K, 99% used [0x0000000791580000,0x00000007978fadb8,0x0000000797900000)
  to   space 119296K, 0% used [0x000000078a100000,0x000000078a100000,0x0000000791580000)
 ParOldGen       total 310272K, used 211322K [0x00000006c9a00000, 0x00000006dc900000, 0x000000076de00000)
  object space 310272K, 68% used [0x00000006c9a00000,0x00000006d685e8b8,0x00000006dc900000)
 Metaspace       used 9191K, capacity 9596K, committed 9728K, reserved 1058816K
  class space    used 941K, capacity 944K, committed 1024K, reserved 1048576K
}
Event: 18,173 GC heap before
{Heap before GC invocations=14 (full 1):
 PSYoungGen      total 563712K, used 563691K [0x000000076de00000, 0x0000000799b80000, 0x00000007c0000000)
  eden space 461824K, 100% used [0x000000076de00000,0x000000078a100000,0x000000078a100000)
  from space 101888K, 99% used [0x0000000791580000,0x00000007978fadb8,0x0000000797900000)
  to   space 119296K, 0% used [0x000000078a100000,0x000000078a100000,0x0000000791580000)
 ParOldGen       total 310272K, used 211322K [0x00000006c9a00000, 0x00000006dc900000, 0x000000076de00000)
  object space 310272K, 68% used [0x00000006c9a00000,0x00000006d685e8b8,0x00000006dc900000)
 Metaspace       used 9194K, capacity 9596K, committed 9728K, reserved 1058816K
  class space    used 941K, capacity 944K, committed 1024K, reserved 1048576K
Event: 18,277 GC heap after
Heap after GC invocations=14 (full 1):
 PSYoungGen      total 581120K, used 99147K [0x000000076de00000, 0x000000079d080000, 0x00000007c0000000)
  eden space 461824K, 0% used [0x000000076de00000,0x000000076de00000,0x000000078a100000)
  from space 119296K, 83% used [0x000000078a100000,0x00000007901d2da8,0x0000000791580000)
  to   space 128512K, 0% used [0x0000000795300000,0x0000000795300000,0x000000079d080000)
 ParOldGen       total 310272K, used 229306K [0x00000006c9a00000, 0x00000006dc900000, 0x000000076de00000)
  object space 310272K, 73% used [0x00000006c9a00000,0x00000006d79ee918,0x00000006dc900000)
 Metaspace       used 9194K, capacity 9596K, committed 9728K, reserved 1058816K
  class space    used 941K, capacity 944K, committed 1024K, reserved 1048576K
}
Event: 20,890 GC heap before
{Heap before GC invocations=15 (full 1):
 PSYoungGen      total 581120K, used 560971K [0x000000076de00000, 0x000000079d080000, 0x00000007c0000000)
  eden space 461824K, 100% used [0x000000076de00000,0x000000078a100000,0x000000078a100000)
  from space 119296K, 83% used [0x000000078a100000,0x00000007901d2da8,0x0000000791580000)
  to   space 128512K, 0% used [0x0000000795300000,0x0000000795300000,0x000000079d080000)
 ParOldGen       total 310272K, used 229306K [0x00000006c9a00000, 0x00000006dc900000, 0x000000076de00000)
  object space 310272K, 73% used [0x00000006c9a00000,0x00000006d79ee918,0x00000006dc900000)
 Metaspace       used 9200K, capacity 9596K, committed 9728K, reserved 1058816K
  class space    used 941K, capacity 944K, committed 1024K, reserved 1048576K
Event: 20,986 GC heap after
Heap after GC invocations=15 (full 1):
 PSYoungGen      total 628224K, used 122891K [0x000000076de00000, 0x000000079ed00000, 0x00000007c0000000)
  eden space 499712K, 0% used [0x000000076de00000,0x000000076de00000,0x000000078c600000)
  from space 128512K, 95% used [0x0000000795300000,0x000000079cb02de8,0x000000079d080000)
  to   space 144384K, 0% used [0x000000078c600000,0x000000078c600000,0x0000000795300000)
 ParOldGen       total 310272K, used 229306K [0x00000006c9a00000, 0x00000006dc900000, 0x000000076de00000)
  object space 310272K, 73% used [0x00000006c9a00000,0x00000006d79ee918,0x00000006dc900000)
 Metaspace       used 9200K, capacity 9596K, committed 9728K, reserved 1058816K
  class space    used 941K, capacity 944K, committed 1024K, reserved 1048576K
}
Event: 23,057 GC heap before
{Heap before GC invocations=16 (full 1):
 PSYoungGen      total 628224K, used 622603K [0x000000076de00000, 0x000000079ed00000, 0x00000007c0000000)
  eden space 499712K, 100% used [0x000000076de00000,0x000000078c600000,0x000000078c600000)
  from space 128512K, 95% used [0x0000000795300000,0x000000079cb02de8,0x000000079d080000)
  to   space 144384K, 0% used [0x000000078c600000,0x000000078c600000,0x0000000795300000)
 ParOldGen       total 310272K, used 229306K [0x00000006c9a00000, 0x00000006dc900000, 0x000000076de00000)
  object space 310272K, 73% used [0x00000006c9a00000,0x00000006d79ee918,0x00000006dc900000)
 Metaspace       used 9213K, capacity 9596K, committed 9728K, reserved 1058816K
  class space    used 941K, capacity 944K, committed 1024K, reserved 1048576K
Event: 23,165 GC heap after
Heap after GC invocations=16 (full 1):
 PSYoungGen      total 644096K, used 143931K [0x000000076de00000, 0x00000007a3e80000, 0x00000007c0000000)
  eden space 499712K, 0% used [0x000000076de00000,0x000000076de00000,0x000000078c600000)
  from space 144384K, 99% used [0x000000078c600000,0x000000079528edf8,0x0000000795300000)
  to   space 164864K, 0% used [0x0000000799d80000,0x0000000799d80000,0x00000007a3e80000)
 ParOldGen       total 310272K, used 229306K [0x00000006c9a00000, 0x00000006dc900000, 0x000000076de00000)
  object space 310272K, 73% used [0x00000006c9a00000,0x00000006d79ee918,0x00000006dc900000)
 Metaspace       used 9213K, capacity 9596K, committed 9728K, reserved 1058816K
  class space    used 941K, capacity 944K, committed 1024K, reserved 1048576K
}
Event: 25,649 GC heap before
{Heap before GC invocations=17 (full 1):
 PSYoungGen      total 644096K, used 643643K [0x000000076de00000, 0x00000007a3e80000, 0x00000007c0000000)
  eden space 499712K, 100% used [0x000000076de00000,0x000000078c600000,0x000000078c600000)
  from space 144384K, 99% used [0x000000078c600000,0x000000079528edf8,0x0000000795300000)
  to   space 164864K, 0% used [0x0000000799d80000,0x0000000799d80000,0x00000007a3e80000)
 ParOldGen       total 310272K, used 229306K [0x00000006c9a00000, 0x00000006dc900000, 0x000000076de00000)
  object space 310272K, 73% used [0x00000006c9a00000,0x00000006d79ee918,0x00000006dc900000)
 Metaspace       used 9213K, capacity 9596K, committed 9728K, reserved 1058816K
  class space    used 941K, capacity 944K, committed 1024K, reserved 1048576K
Event: 25,851 GC heap after
Heap after GC invocations=17 (full 1):
 PSYoungGen      total 694784K, used 164854K [0x000000076de00000, 0x00000007a7700000, 0x00000007c0000000)
  eden space 529920K, 0% used [0x000000076de00000,0x000000076de00000,0x000000078e380000)
  from space 164864K, 99% used [0x0000000799d80000,0x00000007a3e7d8d0,0x00000007a3e80000)
  to   space 190464K, 0% used [0x000000078e380000,0x000000078e380000,0x0000000799d80000)
 ParOldGen       total 310272K, used 233458K [0x00000006c9a00000, 0x00000006dc900000, 0x000000076de00000)
  object space 310272K, 75% used [0x00000006c9a00000,0x00000006d7dfc918,0x00000006dc900000)
 Metaspace       used 9213K, capacity 9596K, committed 9728K, reserved 1058816K
  class space    used 941K, capacity 944K, committed 1024K, reserved 1048576K
}
Event: 30,990 GC heap before
{Heap before GC invocations=18 (full 1):
 PSYoungGen      total 694784K, used 694774K [0x000000076de00000, 0x00000007a7700000, 0x00000007c0000000)
  eden space 529920K, 100% used [0x000000076de00000,0x000000078e380000,0x000000078e380000)
  from space 164864K, 99% used [0x0000000799d80000,0x00000007a3e7d8d0,0x00000007a3e80000)
  to   space 190464K, 0% used [0x000000078e380000,0x000000078e380000,0x0000000799d80000)
 ParOldGen       total 310272K, used 233458K [0x00000006c9a00000, 0x00000006dc900000, 0x000000076de00000)
  object space 310272K, 75% used [0x00000006c9a00000,0x00000006d7dfc918,0x00000006dc900000)
 Metaspace       used 9249K, capacity 9596K, committed 9728K, reserved 1058816K
  class space    used 941K, capacity 944K, committed 1024K, reserved 1048576K

Deoptimization events (10 events):
Event: 29,261 Thread 0x00007f14d800b000 Uncommon trap: reason=class_check action=maybe_recompile pc=0x00007f14c9e4114c method=soot.jimple.toolkits.typing.fast.AugEvalFunction.eval_(Lsoot/jimple/toolkits/typing/fast/Typing;Lsoot/Value;Lsoot/jimple/Stmt;Lsoot/jimple/JimpleBody;)Lsoot/Type; @ 314
Event: 29,320 Thread 0x00007f14d800b000 Uncommon trap: reason=bimorphic action=maybe_recompile pc=0x00007f14c956999c method=soot.jimple.internal.JGotoStmt.apply(Lsoot/util/Switch;)V @ 5
Event: 29,321 Thread 0x00007f14d800b000 Uncommon trap: reason=bimorphic action=maybe_recompile pc=0x00007f14c956999c method=soot.jimple.internal.JGotoStmt.apply(Lsoot/util/Switch;)V @ 5
Event: 29,330 Thread 0x00007f14d800b000 Uncommon trap: reason=bimorphic action=maybe_recompile pc=0x00007f14c956999c method=soot.jimple.internal.JGotoStmt.apply(Lsoot/util/Switch;)V @ 5
Event: 29,330 Thread 0x00007f14d800b000 Uncommon trap: reason=bimorphic action=maybe_recompile pc=0x00007f14c956999c method=soot.jimple.internal.JGotoStmt.apply(Lsoot/util/Switch;)V @ 5
Event: 29,355 Thread 0x00007f14d800b000 Uncommon trap: reason=bimorphic action=maybe_recompile pc=0x00007f14c99b6e48 method=soot.jimple.internal.JThrowStmt.apply(Lsoot/util/Switch;)V @ 5
Event: 29,355 Thread 0x00007f14d800b000 Uncommon trap: reason=bimorphic action=maybe_recompile pc=0x00007f14c99b6e48 method=soot.jimple.internal.JThrowStmt.apply(Lsoot/util/Switch;)V @ 5
Event: 29,364 Thread 0x00007f14d800b000 Uncommon trap: reason=unstable_if action=reinterpret pc=0x00007f14c97ad2a4 method=soot.jimple.toolkits.typing.integer.TypeVariable.ecr()Lsoot/jimple/toolkits/typing/integer/TypeVariable; @ 5
Event: 29,526 Thread 0x00007f14d800b000 Uncommon trap: reason=bimorphic action=maybe_recompile pc=0x00007f14c99b6e48 method=soot.jimple.internal.JThrowStmt.apply(Lsoot/util/Switch;)V @ 5
Event: 29,555 Thread 0x00007f14d800b000 Uncommon trap: reason=bimorphic action=maybe_recompile pc=0x00007f14c99b6e48 method=soot.jimple.internal.JThrowStmt.apply(Lsoot/util/Switch;)V @ 5

Classes redefined (0 events):
No events

Internal exceptions (10 events):
Event: 6,286 Thread 0x00007f14d800b000 Implicit null exception at 0x00007f14c998e753 to 0x00007f14c998ebb1
Event: 6,286 Thread 0x00007f14d800b000 Implicit null exception at 0x00007f14c91bc2bb to 0x00007f14c91bc3b9
Event: 6,286 Thread 0x00007f14d800b000 Implicit null exception at 0x00007f14c94c486f to 0x00007f14c94c491d
Event: 6,468 Thread 0x00007f14d800b000 Implicit null exception at 0x00007f14c999d380 to 0x00007f14c999d7c9
Event: 11,859 Thread 0x00007f14d800b000 Implicit null exception at 0x00007f14c9ec721b to 0x00007f14c9eca819
Event: 12,160 Thread 0x00007f14d800b000 Implicit null exception at 0x00007f14c966946e to 0x00007f14c9669afd
Event: 12,554 Thread 0x00007f14d800b000 Implicit null exception at 0x00007f14c9ab00c3 to 0x00007f14c9ab350d
Event: 14,087 Thread 0x00007f14d800b000 Implicit null exception at 0x00007f14c974056f to 0x00007f14c9743b89
Event: 14,677 Thread 0x00007f14d800b000 Implicit null exception at 0x00007f14c92994e6 to 0x00007f14c929a295
Event: 15,185 Thread 0x00007f14d800b000 Implicit null exception at 0x00007f14c97c8c9a to 0x00007f14c97c9415

Events (10 events):
Event: 29,364 Thread 0x00007f14d800b000 Uncommon trap: trap_request=0xffffff65 fr.pc=0x00007f14c97ad2a4
Event: 29,364 Thread 0x00007f14d800b000 DEOPT PACKING pc=0x00007f14c97ad2a4 sp=0x00007f14e112f9f0
Event: 29,364 Thread 0x00007f14d800b000 DEOPT UNPACKING pc=0x00007f14c904547a sp=0x00007f14e112f958 mode 2
Event: 29,516 Thread 0x00007f14d800b000 Uncommon trap: trap_request=0xffffffc6 fr.pc=0x00007f14c99b6e48
Event: 29,543 Thread 0x00007f14d800b000 DEOPT PACKING pc=0x00007f14c99b6e48 sp=0x00007f14e112fd90
Event: 29,544 Thread 0x00007f14d800b000 DEOPT UNPACKING pc=0x00007f14c904547a sp=0x00007f14e112fd70 mode 2
Event: 29,555 Thread 0x00007f14d800b000 Uncommon trap: trap_request=0xffffffc6 fr.pc=0x00007f14c99b6e48
Event: 29,555 Thread 0x00007f14d800b000 DEOPT PACKING pc=0x00007f14c99b6e48 sp=0x00007f14e112fd90
Event: 29,555 Thread 0x00007f14d800b000 DEOPT UNPACKING pc=0x00007f14c904547a sp=0x00007f14e112fd70 mode 2
Event: 30,974 Executing VM operation: ParallelGCFailedAllocation


Dynamic libraries:
6c9a00000-6dc900000 rw-p 00000000 00:00 0 
6dc900000-76de00000 ---p 00000000 00:00 0 
76de00000-7a7700000 rw-p 00000000 00:00 0 
7abb00000-7c0000000 ---p 00000000 00:00 0 
7c0000000-7c0100000 rw-p 00000000 00:00 0 
7c0100000-800000000 ---p 00000000 00:00 0 
5625cc26a000-5625cc26b000 r-xp 00000000 103:06 1841257                   /usr/lib/jvm/java-8-openjdk-amd64/jre/bin/java
5625cc46a000-5625cc46b000 r--p 00000000 103:06 1841257                   /usr/lib/jvm/java-8-openjdk-amd64/jre/bin/java
5625cc46b000-5625cc46c000 rw-p 00001000 103:06 1841257                   /usr/lib/jvm/java-8-openjdk-amd64/jre/bin/java
5625cda3c000-5625cda5d000 rw-p 00000000 00:00 0                          [heap]
7f1470000000-7f1470021000 rw-p 00000000 00:00 0 
7f1470021000-7f1474000000 ---p 00000000 00:00 0 
7f1478000000-7f1478abb000 rw-p 00000000 00:00 0 
7f1478abb000-7f147c000000 ---p 00000000 00:00 0 
7f147c000000-7f147c021000 rw-p 00000000 00:00 0 
7f147c021000-7f1480000000 ---p 00000000 00:00 0 
7f1480000000-7f1481ca9000 rw-p 00000000 00:00 0 
7f1481ca9000-7f1484000000 ---p 00000000 00:00 0 
7f1484000000-7f1486b44000 rw-p 00000000 00:00 0 
7f1486b44000-7f1488000000 ---p 00000000 00:00 0 
7f1488000000-7f1488021000 rw-p 00000000 00:00 0 
7f1488021000-7f148c000000 ---p 00000000 00:00 0 
7f148c000000-7f148e460000 rw-p 00000000 00:00 0 
7f148e460000-7f1490000000 ---p 00000000 00:00 0 
7f1490000000-7f1490021000 rw-p 00000000 00:00 0 
7f1490021000-7f1494000000 ---p 00000000 00:00 0 
7f1494000000-7f1494021000 rw-p 00000000 00:00 0 
7f1494021000-7f1498000000 ---p 00000000 00:00 0 
7f1498000000-7f1498021000 rw-p 00000000 00:00 0 
7f1498021000-7f149c000000 ---p 00000000 00:00 0 
7f149c4d0000-7f14a4000000 rw-p 00000000 00:00 0 
7f14a4000000-7f14a406d000 rw-p 00000000 00:00 0 
7f14a406d000-7f14a8000000 ---p 00000000 00:00 0 
7f14a8daa000-7f14a8e2a000 rw-p 00000000 00:00 0 
7f14a8e2a000-7f14a8faa000 ---p 00000000 00:00 0 
7f14a8faa000-7f14a8fc2000 r-xp 00000000 103:06 1840354                   /usr/lib/jvm/java-8-openjdk-amd64/jre/lib/amd64/libnet.so
7f14a8fc2000-7f14a91c1000 ---p 00018000 103:06 1840354                   /usr/lib/jvm/java-8-openjdk-amd64/jre/lib/amd64/libnet.so
7f14a91c1000-7f14a91c2000 r--p 00017000 103:06 1840354                   /usr/lib/jvm/java-8-openjdk-amd64/jre/lib/amd64/libnet.so
7f14a91c2000-7f14a91c3000 rw-p 00018000 103:06 1840354                   /usr/lib/jvm/java-8-openjdk-amd64/jre/lib/amd64/libnet.so
7f14a91c3000-7f14a91d5000 r-xp 00000000 103:06 1840350                   /usr/lib/jvm/java-8-openjdk-amd64/jre/lib/amd64/libnio.so
7f14a91d5000-7f14a93d4000 ---p 00012000 103:06 1840350                   /usr/lib/jvm/java-8-openjdk-amd64/jre/lib/amd64/libnio.so
7f14a93d4000-7f14a93d5000 r--p 00011000 103:06 1840350                   /usr/lib/jvm/java-8-openjdk-amd64/jre/lib/amd64/libnio.so
7f14a93d5000-7f14a93d6000 rw-p 00012000 103:06 1840350                   /usr/lib/jvm/java-8-openjdk-amd64/jre/lib/amd64/libnio.so
7f14a93d6000-7f14a94b4000 r--s 01c3b000 103:06 1055494                   /home/khuebc/malware/Interprocedural-CFG/ICFGCreator/myIcfg.jar
7f14a94b4000-7f14a94b5000 ---p 00000000 00:00 0 
7f14a94b5000-7f14a95b5000 rw-p 00000000 00:00 0 
7f14a95b5000-7f14a95b8000 ---p 00000000 00:00 0 
7f14a95b8000-7f14a96b6000 rw-p 00000000 00:00 0 
7f14a96b6000-7f14a96b9000 ---p 00000000 00:00 0 
7f14a96b9000-7f14a97b7000 rw-p 00000000 00:00 0 
7f14a97b7000-7f14a97ba000 ---p 00000000 00:00 0 
7f14a97ba000-7f14a98b8000 rw-p 00000000 00:00 0 
7f14a98b8000-7f14a98bb000 ---p 00000000 00:00 0 
7f14a98bb000-7f14a99b9000 rw-p 00000000 00:00 0 
7f14a99b9000-7f14a99bc000 ---p 00000000 00:00 0 
7f14a99bc000-7f14a9aba000 rw-p 00000000 00:00 0 
7f14a9aba000-7f14a9abd000 ---p 00000000 00:00 0 
7f14a9abd000-7f14a9bbb000 rw-p 00000000 00:00 0 
7f14a9bbb000-7f14aa011000 r--p 00000000 103:06 1850669                   /usr/lib/locale/locale-archive
7f14aa011000-7f14aa014000 ---p 00000000 00:00 0 
7f14aa014000-7f14aa112000 rw-p 00000000 00:00 0 
7f14aa112000-7f14aa115000 ---p 00000000 00:00 0 
7f14aa115000-7f14aa213000 rw-p 00000000 00:00 0 
7f14aa213000-7f14aa214000 ---p 00000000 00:00 0 
7f14aa214000-7f14abe2f000 rw-p 00000000 00:00 0 
7f14abe2f000-7f14ac000000 r--s 03ca5000 103:06 1840307                   /usr/lib/jvm/java-8-openjdk-amd64/jre/lib/rt.jar
7f14ac000000-7f14ac021000 rw-p 00000000 00:00 0 
7f14ac021000-7f14b0000000 ---p 00000000 00:00 0 
7f14b0000000-7f14b002b000 rw-p 00000000 00:00 0 
7f14b002b000-7f14b4000000 ---p 00000000 00:00 0 
7f14b4000000-7f14b4021000 rw-p 00000000 00:00 0 
7f14b4021000-7f14b8000000 ---p 00000000 00:00 0 
7f14b8000000-7f14b8034000 rw-p 00000000 00:00 0 
7f14b8034000-7f14bc000000 ---p 00000000 00:00 0 
7f14bc000000-7f14bc021000 rw-p 00000000 00:00 0 
7f14bc021000-7f14c0000000 ---p 00000000 00:00 0 
7f14c0000000-7f14c0021000 rw-p 00000000 00:00 0 
7f14c0021000-7f14c4000000 ---p 00000000 00:00 0 
7f14c4000000-7f14c41ba000 rw-p 00000000 00:00 0 
7f14c41ba000-7f14c8000000 ---p 00000000 00:00 0 
7f14c804d000-7f14c884d000 rw-p 00000000 00:00 0 
7f14c884d000-7f14c9000000 rw-p 00000000 00:00 0 
7f14c9000000-7f14ca010000 rwxp 00000000 00:00 0 
7f14ca010000-7f14d8000000 ---p 00000000 00:00 0 
7f14d8000000-7f14d873d000 rw-p 00000000 00:00 0 
7f14d873d000-7f14dc000000 ---p 00000000 00:00 0 
7f14dc05b000-7f14dc076000 r--s 001d6000 103:06 1840331                   /usr/lib/jvm/java-8-openjdk-amd64/jre/lib/ext/nashorn.jar
7f14dc076000-7f14dc13a000 rw-p 00000000 00:00 0 
7f14dc13a000-7f14dc13b000 ---p 00000000 00:00 0 
7f14dc13b000-7f14dc23b000 rw-p 00000000 00:00 0 
7f14dc23b000-7f14dc23c000 ---p 00000000 00:00 0 
7f14dc23c000-7f14dc33c000 rw-p 00000000 00:00 0 
7f14dc33c000-7f14dc33d000 ---p 00000000 00:00 0 
7f14dc33d000-7f14dc43d000 rw-p 00000000 00:00 0 
7f14dc43d000-7f14dc43e000 ---p 00000000 00:00 0 
7f14dc43e000-7f14dc53e000 rw-p 00000000 00:00 0 
7f14dc53e000-7f14dc53f000 ---p 00000000 00:00 0 
7f14dc53f000-7f14dc63f000 rw-p 00000000 00:00 0 
7f14dc63f000-7f14dc640000 ---p 00000000 00:00 0 
7f14dc640000-7f14dc740000 rw-p 00000000 00:00 0 
7f14dc740000-7f14dc741000 ---p 00000000 00:00 0 
7f14dc741000-7f14dc841000 rw-p 00000000 00:00 0 
7f14dc841000-7f14dc842000 ---p 00000000 00:00 0 
7f14dc842000-7f14dc9da000 rw-p 00000000 00:00 0 
7f14dc9da000-7f14dce64000 ---p 00000000 00:00 0 
7f14dce64000-7f14dcefc000 rw-p 00000000 00:00 0 
7f14dcefc000-7f14dd386000 ---p 00000000 00:00 0 
7f14dd386000-7f14dd553000 rw-p 00000000 00:00 0 
7f14dd553000-7f14dd617000 ---p 00000000 00:00 0 
7f14dd617000-7f14dd659000 rw-p 00000000 00:00 0 
7f14dd659000-7f14dd9d8000 ---p 00000000 00:00 0 
7f14dd9d8000-7f14dd9e0000 r-xp 00000000 103:06 1840353                   /usr/lib/jvm/java-8-openjdk-amd64/jre/lib/amd64/libzip.so
7f14dd9e0000-7f14ddbdf000 ---p 00008000 103:06 1840353                   /usr/lib/jvm/java-8-openjdk-amd64/jre/lib/amd64/libzip.so
7f14ddbdf000-7f14ddbe0000 r--p 00007000 103:06 1840353                   /usr/lib/jvm/java-8-openjdk-amd64/jre/lib/amd64/libzip.so
7f14ddbe0000-7f14ddbe1000 rw-p 00008000 103:06 1840353                   /usr/lib/jvm/java-8-openjdk-amd64/jre/lib/amd64/libzip.so
7f14ddbe1000-7f14ddbec000 r-xp 00000000 103:06 2883680                   /lib/x86_64-linux-gnu/libnss_files-2.23.so
7f14ddbec000-7f14dddeb000 ---p 0000b000 103:06 2883680                   /lib/x86_64-linux-gnu/libnss_files-2.23.so
7f14dddeb000-7f14dddec000 r--p 0000a000 103:06 2883680                   /lib/x86_64-linux-gnu/libnss_files-2.23.so
7f14dddec000-7f14ddded000 rw-p 0000b000 103:06 2883680                   /lib/x86_64-linux-gnu/libnss_files-2.23.so
7f14ddded000-7f14dddf3000 rw-p 00000000 00:00 0 
7f14dddf3000-7f14dddfe000 r-xp 00000000 103:06 2888850                   /lib/x86_64-linux-gnu/libnss_nis-2.23.so
7f14dddfe000-7f14ddffd000 ---p 0000b000 103:06 2888850                   /lib/x86_64-linux-gnu/libnss_nis-2.23.so
7f14ddffd000-7f14ddffe000 r--p 0000a000 103:06 2888850                   /lib/x86_64-linux-gnu/libnss_nis-2.23.so
7f14ddffe000-7f14ddfff000 rw-p 0000b000 103:06 2888850                   /lib/x86_64-linux-gnu/libnss_nis-2.23.so
7f14ddfff000-7f14de015000 r-xp 00000000 103:06 2888851                   /lib/x86_64-linux-gnu/libnsl-2.23.so
7f14de015000-7f14de214000 ---p 00016000 103:06 2888851                   /lib/x86_64-linux-gnu/libnsl-2.23.so
7f14de214000-7f14de215000 r--p 00015000 103:06 2888851                   /lib/x86_64-linux-gnu/libnsl-2.23.so
7f14de215000-7f14de216000 rw-p 00016000 103:06 2888851                   /lib/x86_64-linux-gnu/libnsl-2.23.so
7f14de216000-7f14de218000 rw-p 00000000 00:00 0 
7f14de218000-7f14de220000 r-xp 00000000 103:06 2888853                   /lib/x86_64-linux-gnu/libnss_compat-2.23.so
7f14de220000-7f14de41f000 ---p 00008000 103:06 2888853                   /lib/x86_64-linux-gnu/libnss_compat-2.23.so
7f14de41f000-7f14de420000 r--p 00007000 103:06 2888853                   /lib/x86_64-linux-gnu/libnss_compat-2.23.so
7f14de420000-7f14de421000 rw-p 00008000 103:06 2888853                   /lib/x86_64-linux-gnu/libnss_compat-2.23.so
7f14de421000-7f14de44b000 r-xp 00000000 103:06 1840360                   /usr/lib/jvm/java-8-openjdk-amd64/jre/lib/amd64/libjava.so
7f14de44b000-7f14de64a000 ---p 0002a000 103:06 1840360                   /usr/lib/jvm/java-8-openjdk-amd64/jre/lib/amd64/libjava.so
7f14de64a000-7f14de64b000 r--p 00029000 103:06 1840360                   /usr/lib/jvm/java-8-openjdk-amd64/jre/lib/amd64/libjava.so
7f14de64b000-7f14de64d000 rw-p 0002a000 103:06 1840360                   /usr/lib/jvm/java-8-openjdk-amd64/jre/lib/amd64/libjava.so
7f14de64d000-7f14de65c000 r-xp 00000000 103:06 1840358                   /usr/lib/jvm/java-8-openjdk-amd64/jre/lib/amd64/libverify.so
7f14de65c000-7f14de85b000 ---p 0000f000 103:06 1840358                   /usr/lib/jvm/java-8-openjdk-amd64/jre/lib/amd64/libverify.so
7f14de85b000-7f14de85d000 r--p 0000e000 103:06 1840358                   /usr/lib/jvm/java-8-openjdk-amd64/jre/lib/amd64/libverify.so
7f14de85d000-7f14de85e000 rw-p 00010000 103:06 1840358                   /usr/lib/jvm/java-8-openjdk-amd64/jre/lib/amd64/libverify.so
7f14de85e000-7f14de865000 r-xp 00000000 103:06 2883679                   /lib/x86_64-linux-gnu/librt-2.23.so
7f14de865000-7f14dea64000 ---p 00007000 103:06 2883679                   /lib/x86_64-linux-gnu/librt-2.23.so
7f14dea64000-7f14dea65000 r--p 00006000 103:06 2883679                   /lib/x86_64-linux-gnu/librt-2.23.so
7f14dea65000-7f14dea66000 rw-p 00007000 103:06 2883679                   /lib/x86_64-linux-gnu/librt-2.23.so
7f14dea66000-7f14dea7c000 r-xp 00000000 103:06 2889166                   /lib/x86_64-linux-gnu/libgcc_s.so.1
7f14dea7c000-7f14dec7b000 ---p 00016000 103:06 2889166                   /lib/x86_64-linux-gnu/libgcc_s.so.1
7f14dec7b000-7f14dec7c000 rw-p 00015000 103:06 2889166                   /lib/x86_64-linux-gnu/libgcc_s.so.1
7f14dec7c000-7f14ded84000 r-xp 00000000 103:06 2888805                   /lib/x86_64-linux-gnu/libm-2.23.so
7f14ded84000-7f14def83000 ---p 00108000 103:06 2888805                   /lib/x86_64-linux-gnu/libm-2.23.so
7f14def83000-7f14def84000 r--p 00107000 103:06 2888805                   /lib/x86_64-linux-gnu/libm-2.23.so
7f14def84000-7f14def85000 rw-p 00108000 103:06 2888805                   /lib/x86_64-linux-gnu/libm-2.23.so
7f14def85000-7f14df0f7000 r-xp 00000000 103:06 1846201                   /usr/lib/x86_64-linux-gnu/libstdc++.so.6.0.21
7f14df0f7000-7f14df2f7000 ---p 00172000 103:06 1846201                   /usr/lib/x86_64-linux-gnu/libstdc++.so.6.0.21
7f14df2f7000-7f14df301000 r--p 00172000 103:06 1846201                   /usr/lib/x86_64-linux-gnu/libstdc++.so.6.0.21
7f14df301000-7f14df303000 rw-p 0017c000 103:06 1846201                   /usr/lib/x86_64-linux-gnu/libstdc++.so.6.0.21
7f14df303000-7f14df307000 rw-p 00000000 00:00 0 
7f14df307000-7f14e002d000 r-xp 00000000 103:06 1840377                   /usr/lib/jvm/java-8-openjdk-amd64/jre/lib/amd64/server/libjvm.so
7f14e002d000-7f14e022c000 ---p 00d26000 103:06 1840377                   /usr/lib/jvm/java-8-openjdk-amd64/jre/lib/amd64/server/libjvm.so
7f14e022c000-7f14e02c2000 r--p 00d25000 103:06 1840377                   /usr/lib/jvm/java-8-openjdk-amd64/jre/lib/amd64/server/libjvm.so
7f14e02c2000-7f14e02eb000 rw-p 00dbb000 103:06 1840377                   /usr/lib/jvm/java-8-openjdk-amd64/jre/lib/amd64/server/libjvm.so
7f14e02eb000-7f14e031e000 rw-p 00000000 00:00 0 
7f14e031e000-7f14e0336000 r-xp 00000000 103:06 2883671                   /lib/x86_64-linux-gnu/libpthread-2.23.so
7f14e0336000-7f14e0535000 ---p 00018000 103:06 2883671                   /lib/x86_64-linux-gnu/libpthread-2.23.so
7f14e0535000-7f14e0536000 r--p 00017000 103:06 2883671                   /lib/x86_64-linux-gnu/libpthread-2.23.so
7f14e0536000-7f14e0537000 rw-p 00018000 103:06 2883671                   /lib/x86_64-linux-gnu/libpthread-2.23.so
7f14e0537000-7f14e053b000 rw-p 00000000 00:00 0 
7f14e053b000-7f14e053e000 r-xp 00000000 103:06 2883676                   /lib/x86_64-linux-gnu/libdl-2.23.so
7f14e053e000-7f14e073d000 ---p 00003000 103:06 2883676                   /lib/x86_64-linux-gnu/libdl-2.23.so
7f14e073d000-7f14e073e000 r--p 00002000 103:06 2883676                   /lib/x86_64-linux-gnu/libdl-2.23.so
7f14e073e000-7f14e073f000 rw-p 00003000 103:06 2883676                   /lib/x86_64-linux-gnu/libdl-2.23.so
7f14e073f000-7f14e0758000 r-xp 00000000 103:06 2889319                   /lib/x86_64-linux-gnu/libz.so.1.2.8
7f14e0758000-7f14e0957000 ---p 00019000 103:06 2889319                   /lib/x86_64-linux-gnu/libz.so.1.2.8
7f14e0957000-7f14e0958000 r--p 00018000 103:06 2889319                   /lib/x86_64-linux-gnu/libz.so.1.2.8
7f14e0958000-7f14e0959000 rw-p 00019000 103:06 2889319                   /lib/x86_64-linux-gnu/libz.so.1.2.8
7f14e0959000-7f14e0b19000 r-xp 00000000 103:06 2888852                   /lib/x86_64-linux-gnu/libc-2.23.so
7f14e0b19000-7f14e0d19000 ---p 001c0000 103:06 2888852                   /lib/x86_64-linux-gnu/libc-2.23.so
7f14e0d19000-7f14e0d1d000 r--p 001c0000 103:06 2888852                   /lib/x86_64-linux-gnu/libc-2.23.so
7f14e0d1d000-7f14e0d1f000 rw-p 001c4000 103:06 2888852                   /lib/x86_64-linux-gnu/libc-2.23.so
7f14e0d1f000-7f14e0d23000 rw-p 00000000 00:00 0 
7f14e0d23000-7f14e0d31000 r-xp 00000000 103:06 1840366                   /usr/lib/jvm/java-8-openjdk-amd64/jre/lib/amd64/jli/libjli.so
7f14e0d31000-7f14e0f30000 ---p 0000e000 103:06 1840366                   /usr/lib/jvm/java-8-openjdk-amd64/jre/lib/amd64/jli/libjli.so
7f14e0f30000-7f14e0f31000 r--p 0000d000 103:06 1840366                   /usr/lib/jvm/java-8-openjdk-amd64/jre/lib/amd64/jli/libjli.so
7f14e0f31000-7f14e0f32000 rw-p 0000e000 103:06 1840366                   /usr/lib/jvm/java-8-openjdk-amd64/jre/lib/amd64/jli/libjli.so
7f14e0f32000-7f14e0f58000 r-xp 00000000 103:06 2883681                   /lib/x86_64-linux-gnu/ld-2.23.so
7f14e0f5d000-7f14e0f63000 r--s 0003d000 103:06 1840337                   /usr/lib/jvm/java-8-openjdk-amd64/jre/lib/ext/sunjce_provider.jar
7f14e0f63000-7f14e0f6e000 r--s 00116000 103:06 1840333                   /usr/lib/jvm/java-8-openjdk-amd64/jre/lib/ext/localedata.jar
7f14e0f6e000-7f14e0f89000 r--s 00394000 103:06 1840329                   /usr/lib/jvm/java-8-openjdk-amd64/jre/lib/ext/cldrdata.jar
7f14e0f89000-7f14e1031000 rw-p 00000000 00:00 0 
7f14e1031000-7f14e1034000 ---p 00000000 00:00 0 
7f14e1034000-7f14e1136000 rw-p 00000000 00:00 0 
7f14e1138000-7f14e113b000 r--s 0000f000 103:06 1840335                   /usr/lib/jvm/java-8-openjdk-amd64/jre/lib/ext/icedtea-sound.jar
7f14e113b000-7f14e113d000 r--s 00001000 103:06 1840336                   /usr/lib/jvm/java-8-openjdk-amd64/jre/lib/ext/dnsns.jar
7f14e113d000-7f14e1141000 r--s 00040000 103:06 1840334                   /usr/lib/jvm/java-8-openjdk-amd64/jre/lib/ext/sunpkcs11.jar
7f14e1141000-7f14e1143000 r--s 00008000 103:06 1840328                   /usr/lib/jvm/java-8-openjdk-amd64/jre/lib/ext/sunec.jar
7f14e1143000-7f14e1144000 r--s 0000a000 103:06 1840332                   /usr/lib/jvm/java-8-openjdk-amd64/jre/lib/ext/jaccess.jar
7f14e1144000-7f14e1146000 r--s 00010000 103:06 1840330                   /usr/lib/jvm/java-8-openjdk-amd64/jre/lib/ext/zipfs.jar
7f14e1146000-7f14e114c000 r--s 000d3000 103:06 1840315                   /usr/lib/jvm/java-8-openjdk-amd64/jre/lib/jfr.jar
7f14e114c000-7f14e1154000 rw-s 00000000 103:06 3278871                   /tmp/hsperfdata_khuebc/25806
7f14e1154000-7f14e1155000 rw-p 00000000 00:00 0 
7f14e1155000-7f14e1156000 ---p 00000000 00:00 0 
7f14e1156000-7f14e1157000 rw-p 00000000 00:00 0 
7f14e1157000-7f14e1158000 r--p 00025000 103:06 2883681                   /lib/x86_64-linux-gnu/ld-2.23.so
7f14e1158000-7f14e1159000 rw-p 00026000 103:06 2883681                   /lib/x86_64-linux-gnu/ld-2.23.so
7f14e1159000-7f14e115a000 rw-p 00000000 00:00 0 
7ffe0290b000-7ffe0292d000 rw-p 00000000 00:00 0                          [stack]
7ffe029f3000-7ffe029f6000 r--p 00000000 00:00 0                          [vvar]
7ffe029f6000-7ffe029f8000 r-xp 00000000 00:00 0                          [vdso]
ffffffffff600000-ffffffffff601000 r-xp 00000000 00:00 0                  [vsyscall]

VM Arguments:
java_command: myIcfg.jar a.iqbaqnrkzyub /home/khuebc/malware/Interprocedural-CFG/ICFGCreator/GeneratedDotFiles/VirusShare_7b3c975b1e1e28c811f48192fa569f10.jar.dot /home/khuebc/malware/Interprocedural-CFG/ICFGCreator/GeneratedDotFiles/VirusShare_7b3c975b1e1e28c811f48192fa569f10.jar
java_class_path (initial): myIcfg.jar
Launcher Type: SUN_STANDARD

Environment Variables:
JAVA_HOME=/usr/lib/jvm/java-8-openjdk-amd64
PATH=/home/khuebc/bin:/home/khuebc/.local/bin:/usr/local/sbin:/usr/local/bin:/usr/sbin:/usr/bin:/sbin:/bin:/usr/games:/usr/local/games:/snap/bin:/home/khuebc/bin:/usr/lib/jvm/java-1.8.0-openjdk-amd64/bin
SHELL=/bin/bash
DISPLAY=:0

Signal Handlers:
SIGSEGV: [libjvm.so+0xb1f1b0], sa_mask[0]=11111111011111111101111111111110, sa_flags=SA_RESTART|SA_SIGINFO
SIGBUS: [libjvm.so+0xb1f1b0], sa_mask[0]=11111111011111111101111111111110, sa_flags=SA_RESTART|SA_SIGINFO
SIGFPE: [libjvm.so+0x956cf0], sa_mask[0]=11111111011111111101111111111110, sa_flags=SA_RESTART|SA_SIGINFO
SIGPIPE: [libjvm.so+0x956cf0], sa_mask[0]=11111111011111111101111111111110, sa_flags=SA_RESTART|SA_SIGINFO
SIGXFSZ: [libjvm.so+0x956cf0], sa_mask[0]=11111111011111111101111111111110, sa_flags=SA_RESTART|SA_SIGINFO
SIGILL: [libjvm.so+0x956cf0], sa_mask[0]=11111111011111111101111111111110, sa_flags=SA_RESTART|SA_SIGINFO
SIGUSR1: SIG_DFL, sa_mask[0]=00000000000000000000000000000000, sa_flags=none
SIGUSR2: [libjvm.so+0x956ba0], sa_mask[0]=00000000000000000000000000000000, sa_flags=SA_RESTART|SA_SIGINFO
SIGHUP: [libjvm.so+0x957230], sa_mask[0]=11111111011111111101111111111110, sa_flags=SA_RESTART|SA_SIGINFO
SIGINT: [libjvm.so+0x957230], sa_mask[0]=11111111011111111101111111111110, sa_flags=SA_RESTART|SA_SIGINFO
SIGTERM: [libjvm.so+0x957230], sa_mask[0]=11111111011111111101111111111110, sa_flags=SA_RESTART|SA_SIGINFO
SIGQUIT: [libjvm.so+0x957230], sa_mask[0]=11111111011111111101111111111110, sa_flags=SA_RESTART|SA_SIGINFO


---------------  S Y S T E M  ---------------

OS:DISTRIB_ID=Ubuntu
DISTRIB_RELEASE=16.04
DISTRIB_CODENAME=xenial
DISTRIB_DESCRIPTION="Ubuntu 16.04.7 LTS"

uname:Linux 4.15.0-142-generic #146~16.04.1-Ubuntu SMP Tue Apr 13 09:27:15 UTC 2021 x86_64
libc:glibc 2.23 NPTL 2.23 
rlimit: STACK 8192k, CORE 0k, NPROC 62276, NOFILE 1048576, AS infinity
load average:55,86 30,89 17,44

/proc/meminfo:
MemTotal:       16139036 kB
MemFree:          569208 kB
MemAvailable:     471272 kB
Buffers:            3900 kB
Cached:          2268072 kB
SwapCached:            0 kB
Active:         13005552 kB
Inactive:        2091192 kB
Active(anon):   12991240 kB
Inactive(anon):  2050012 kB
Active(file):      14312 kB
Inactive(file):    41180 kB
Unevictable:         160 kB
Mlocked:             160 kB
SwapTotal:             0 kB
SwapFree:              0 kB
Dirty:                 0 kB
Writeback:         12588 kB
AnonPages:      12826368 kB
Mapped:          1056352 kB
Shmem:           2214916 kB
Slab:             208228 kB
SReclaimable:      95036 kB
SUnreclaim:       113192 kB
KernelStack:       23152 kB
PageTables:       125048 kB
NFS_Unstable:          0 kB
Bounce:                0 kB
WritebackTmp:          0 kB
CommitLimit:     8069516 kB
Committed_AS:   27576972 kB
VmallocTotal:   34359738367 kB
VmallocUsed:           0 kB
VmallocChunk:          0 kB
HardwareCorrupted:     0 kB
AnonHugePages:         0 kB
ShmemHugePages:        0 kB
ShmemPmdMapped:        0 kB
CmaTotal:              0 kB
CmaFree:               0 kB
HugePages_Total:       0
HugePages_Free:        0
HugePages_Rsvd:        0
HugePages_Surp:        0
Hugepagesize:       2048 kB
DirectMap4k:      856916 kB
DirectMap2M:    15566848 kB
DirectMap1G:           0 kB

container (cgroup) information:
container_type: cgroupv1
cpu_cpuset_cpus: 0-7
cpu_memory_nodes: 0
active_processor_count: 8
cpu_quota: -1
cpu_period: 100000
cpu_shares: -1
memory_limit_in_bytes: -1
memory_and_swap_limit_in_bytes: -2
memory_soft_limit_in_bytes: -1
memory_usage_in_bytes: 15391232000
memory_max_usage_in_bytes: 27979776


CPU:total 8 (initial active 8) (4 cores per cpu, 2 threads per core) family 6 model 142 stepping 12, cmov, cx8, fxsr, mmx, sse, sse2, sse3, ssse3, sse4.1, sse4.2, popcnt, avx, avx2, aes, clmul, erms, 3dnowpref, lzcnt, ht, tsc, tscinvbit, bmi1, bmi2, adx

/proc/cpuinfo:
processor	: 0
vendor_id	: GenuineIntel
cpu family	: 6
model		: 142
model name	: Intel(R) Core(TM) i7-8565U CPU @ 1.80GHz
stepping	: 12
microcode	: 0xea
cpu MHz		: 3000.000
cache size	: 8192 KB
physical id	: 0
siblings	: 8
core id		: 0
cpu cores	: 4
apicid		: 0
initial apicid	: 0
fpu		: yes
fpu_exception	: yes
cpuid level	: 22
wp		: yes
flags		: fpu vme de pse tsc msr pae mce cx8 apic sep mtrr pge mca cmov pat pse36 clflush dts acpi mmx fxsr sse sse2 ss ht tm pbe syscall nx pdpe1gb rdtscp lm constant_tsc art arch_perfmon pebs bts rep_good nopl xtopology nonstop_tsc cpuid aperfmperf pni pclmulqdq dtes64 monitor ds_cpl vmx est tm2 ssse3 sdbg fma cx16 xtpr pdcm pcid sse4_1 sse4_2 x2apic movbe popcnt tsc_deadline_timer aes xsave avx f16c rdrand lahf_lm abm 3dnowprefetch cpuid_fault epb invpcid_single ssbd ibrs ibpb stibp ibrs_enhanced tpr_shadow vnmi flexpriority ept vpid fsgsbase tsc_adjust bmi1 avx2 smep bmi2 erms invpcid mpx rdseed adx smap clflushopt intel_pt xsaveopt xsavec xgetbv1 xsaves dtherm ida arat pln pts hwp hwp_notify hwp_act_window hwp_epp md_clear flush_l1d arch_capabilities
bugs		: spectre_v1 spectre_v2 spec_store_bypass swapgs itlb_multihit srbds
bogomips	: 3999.93
clflush size	: 64
cache_alignment	: 64
address sizes	: 39 bits physical, 48 bits virtual
power management:

processor	: 1
vendor_id	: GenuineIntel
cpu family	: 6
model		: 142
model name	: Intel(R) Core(TM) i7-8565U CPU @ 1.80GHz
stepping	: 12
microcode	: 0xea
cpu MHz		: 3000.001
cache size	: 8192 KB
physical id	: 0
siblings	: 8
core id		: 1
cpu cores	: 4
apicid		: 2
initial apicid	: 2
fpu		: yes
fpu_exception	: yes
cpuid level	: 22
wp		: yes
flags		: fpu vme de pse tsc msr pae mce cx8 apic sep mtrr pge mca cmov pat pse36 clflush dts acpi mmx fxsr sse sse2 ss ht tm pbe syscall nx pdpe1gb rdtscp lm constant_tsc art arch_perfmon pebs bts rep_good nopl xtopology nonstop_tsc cpuid aperfmperf pni pclmulqdq dtes64 monitor ds_cpl vmx est tm2 ssse3 sdbg fma cx16 xtpr pdcm pcid sse4_1 sse4_2 x2apic movbe popcnt tsc_deadline_timer aes xsave avx f16c rdrand lahf_lm abm 3dnowprefetch cpuid_fault epb invpcid_single ssbd ibrs ibpb stibp ibrs_enhanced tpr_shadow vnmi flexpriority ept vpid fsgsbase tsc_adjust bmi1 avx2 smep bmi2 erms invpcid mpx rdseed adx smap clflushopt intel_pt xsaveopt xsavec xgetbv1 xsaves dtherm ida arat pln pts hwp hwp_notify hwp_act_window hwp_epp md_clear flush_l1d arch_capabilities
bugs		: spectre_v1 spectre_v2 spec_store_bypass swapgs itlb_multihit srbds
bogomips	: 3999.93
clflush size	: 64
cache_alignment	: 64
address sizes	: 39 bits physical, 48 bits virtual
power management:

processor	: 2
vendor_id	: GenuineIntel
cpu family	: 6
model		: 142
model name	: Intel(R) Core(TM) i7-8565U CPU @ 1.80GHz
stepping	: 12
microcode	: 0xea
cpu MHz		: 3000.002
cache size	: 8192 KB
physical id	: 0
siblings	: 8
core id		: 2
cpu cores	: 4
apicid		: 4
initial apicid	: 4
fpu		: yes
fpu_exception	: yes
cpuid level	: 22
wp		: yes
flags		: fpu vme de pse tsc msr pae mce cx8 apic sep mtrr pge mca cmov pat pse36 clflush dts acpi mmx fxsr sse sse2 ss ht tm pbe syscall nx pdpe1gb rdtscp lm constant_tsc art arch_perfmon pebs bts rep_good nopl xtopology nonstop_tsc cpuid aperfmperf pni pclmulqdq dtes64 monitor ds_cpl vmx est tm2 ssse3 sdbg fma cx16 xtpr pdcm pcid sse4_1 sse4_2 x2apic movbe popcnt tsc_deadline_timer aes xsave avx f16c rdrand lahf_lm abm 3dnowprefetch cpuid_fault epb invpcid_single ssbd ibrs ibpb stibp ibrs_enhanced tpr_shadow vnmi flexpriority ept vpid fsgsbase tsc_adjust bmi1 avx2 smep bmi2 erms invpcid mpx rdseed adx smap clflushopt intel_pt xsaveopt xsavec xgetbv1 xsaves dtherm ida arat pln pts hwp hwp_notify hwp_act_window hwp_epp md_clear flush_l1d arch_capabilities
bugs		: spectre_v1 spectre_v2 spec_store_bypass swapgs itlb_multihit srbds
bogomips	: 3999.93
clflush size	: 64
cache_alignment	: 64
address sizes	: 39 bits physical, 48 bits virtual
power management:

processor	: 3
vendor_id	: GenuineIntel
cpu family	: 6
model		: 142
model name	: Intel(R) Core(TM) i7-8565U CPU @ 1.80GHz
stepping	: 12
microcode	: 0xea
cpu MHz		: 2999.995
cache size	: 8192 KB
physical id	: 0
siblings	: 8
core id		: 3
cpu cores	: 4
apicid		: 6
initial apicid	: 6
fpu		: yes
fpu_exception	: yes
cpuid level	: 22
wp		: yes
flags		: fpu vme de pse tsc msr pae mce cx8 apic sep mtrr pge mca cmov pat pse36 clflush dts acpi mmx fxsr sse sse2 ss ht tm pbe syscall nx pdpe1gb rdtscp lm constant_tsc art arch_perfmon pebs bts rep_good nopl xtopology nonstop_tsc cpuid aperfmperf pni pclmulqdq dtes64 monitor ds_cpl vmx est tm2 ssse3 sdbg fma cx16 xtpr pdcm pcid sse4_1 sse4_2 x2apic movbe popcnt tsc_deadline_timer aes xsave avx f16c rdrand lahf_lm abm 3dnowprefetch cpuid_fault epb invpcid_single ssbd ibrs ibpb stibp ibrs_enhanced tpr_shadow vnmi flexpriority ept vpid fsgsbase tsc_adjust bmi1 avx2 smep bmi2 erms invpcid mpx rdseed adx smap clflushopt intel_pt xsaveopt xsavec xgetbv1 xsaves dtherm ida arat pln pts hwp hwp_notify hwp_act_window hwp_epp md_clear flush_l1d arch_capabilities
bugs		: spectre_v1 spectre_v2 spec_store_bypass swapgs itlb_multihit srbds
bogomips	: 3999.93
clflush size	: 64
cache_alignment	: 64
address sizes	: 39 bits physical, 48 bits virtual
power management:

processor	: 4
vendor_id	: GenuineIntel
cpu family	: 6
model		: 142
model name	: Intel(R) Core(TM) i7-8565U CPU @ 1.80GHz
stepping	: 12
microcode	: 0xea
cpu MHz		: 3000.000
cache size	: 8192 KB
physical id	: 0
siblings	: 8
core id		: 0
cpu cores	: 4
apicid		: 1
initial apicid	: 1
fpu		: yes
fpu_exception	: yes
cpuid level	: 22
wp		: yes
flags		: fpu vme de pse tsc msr pae mce cx8 apic sep mtrr pge mca cmov pat pse36 clflush dts acpi mmx fxsr sse sse2 ss ht tm pbe syscall nx pdpe1gb rdtscp lm constant_tsc art arch_perfmon pebs bts rep_good nopl xtopology nonstop_tsc cpuid aperfmperf pni pclmulqdq dtes64 monitor ds_cpl vmx est tm2 ssse3 sdbg fma cx16 xtpr pdcm pcid sse4_1 sse4_2 x2apic movbe popcnt tsc_deadline_timer aes xsave avx f16c rdrand lahf_lm abm 3dnowprefetch cpuid_fault epb invpcid_single ssbd ibrs ibpb stibp ibrs_enhanced tpr_shadow vnmi flexpriority ept vpid fsgsbase tsc_adjust bmi1 avx2 smep bmi2 erms invpcid mpx rdseed adx smap clflushopt intel_pt xsaveopt xsavec xgetbv1 xsaves dtherm ida arat pln pts hwp hwp_notify hwp_act_window hwp_epp md_clear flush_l1d arch_capabilities
bugs		: spectre_v1 spectre_v2 spec_store_bypass swapgs itlb_multihit srbds
bogomips	: 3999.93
clflush size	: 64
cache_alignment	: 64
address sizes	: 39 bits physical, 48 bits virtual
power management:

processor	: 5
vendor_id	: GenuineIntel
cpu family	: 6
model		: 142
model name	: Intel(R) Core(TM) i7-8565U CPU @ 1.80GHz
stepping	: 12
microcode	: 0xea
cpu MHz		: 2999.998
cache size	: 8192 KB
physical id	: 0
siblings	: 8
core id		: 1
cpu cores	: 4
apicid		: 3
initial apicid	: 3
fpu		: yes
fpu_exception	: yes
cpuid level	: 22
wp		: yes
flags		: fpu vme de pse tsc msr pae mce cx8 apic sep mtrr pge mca cmov pat pse36 clflush dts acpi mmx fxsr sse sse2 ss ht tm pbe syscall nx pdpe1gb rdtscp lm constant_tsc art arch_perfmon pebs bts rep_good nopl xtopology nonstop_tsc cpuid aperfmperf pni pclmulqdq dtes64 monitor ds_cpl vmx est tm2 ssse3 sdbg fma cx16 xtpr pdcm pcid sse4_1 sse4_2 x2apic movbe popcnt tsc_deadline_timer aes xsave avx f16c rdrand lahf_lm abm 3dnowprefetch cpuid_fault epb invpcid_single ssbd ibrs ibpb stibp ibrs_enhanced tpr_shadow vnmi flexpriority ept vpid fsgsbase tsc_adjust bmi1 avx2 smep bmi2 erms invpcid mpx rdseed adx smap clflushopt intel_pt xsaveopt xsavec xgetbv1 xsaves dtherm ida arat pln pts hwp hwp_notify hwp_act_window hwp_epp md_clear flush_l1d arch_capabilities
bugs		: spectre_v1 spectre_v2 spec_store_bypass swapgs itlb_multihit srbds
bogomips	: 3999.93
clflush size	: 64
cache_alignment	: 64
address sizes	: 39 bits physical, 48 bits virtual
power management:

processor	: 6
vendor_id	: GenuineIntel
cpu family	: 6
model		: 142
model name	: Intel(R) Core(TM) i7-8565U CPU @ 1.80GHz
stepping	: 12
microcode	: 0xea
cpu MHz		: 2999.999
cache size	: 8192 KB
physical id	: 0
siblings	: 8
core id		: 2
cpu cores	: 4
apicid		: 5
initial apicid	: 5
fpu		: yes
fpu_exception	: yes
cpuid level	: 22
wp		: yes
flags		: fpu vme de pse tsc msr pae mce cx8 apic sep mtrr pge mca cmov pat pse36 clflush dts acpi mmx fxsr sse sse2 ss ht tm pbe syscall nx pdpe1gb rdtscp lm constant_tsc art arch_perfmon pebs bts rep_good nopl xtopology nonstop_tsc cpuid aperfmperf pni pclmulqdq dtes64 monitor ds_cpl vmx est tm2 ssse3 sdbg fma cx16 xtpr pdcm pcid sse4_1 sse4_2 x2apic movbe popcnt tsc_deadline_timer aes xsave avx f16c rdrand lahf_lm abm 3dnowprefetch cpuid_fault epb invpcid_single ssbd ibrs ibpb stibp ibrs_enhanced tpr_shadow vnmi flexpriority ept vpid fsgsbase tsc_adjust bmi1 avx2 smep bmi2 erms invpcid mpx rdseed adx smap clflushopt intel_pt xsaveopt xsavec xgetbv1 xsaves dtherm ida arat pln pts hwp hwp_notify hwp_act_window hwp_epp md_clear flush_l1d arch_capabilities
bugs		: spectre_v1 spectre_v2 spec_store_bypass swapgs itlb_multihit srbds
bogomips	: 3999.93
clflush size	: 64
cache_alignment	: 64
address sizes	: 39 bits physical, 48 bits virtual
power management:

processor	: 7
vendor_id	: GenuineIntel
cpu family	: 6
model		: 142
model name	: Intel(R) Core(TM) i7-8565U CPU @ 1.80GHz
stepping	: 12
microcode	: 0xea
cpu MHz		: 3000.000
cache size	: 8192 KB
physical id	: 0
siblings	: 8
core id		: 3
cpu cores	: 4
apicid		: 7
initial apicid	: 7
fpu		: yes
fpu_exception	: yes
cpuid level	: 22
wp		: yes
flags		: fpu vme de pse tsc msr pae mce cx8 apic sep mtrr pge mca cmov pat pse36 clflush dts acpi mmx fxsr sse sse2 ss ht tm pbe syscall nx pdpe1gb rdtscp lm constant_tsc art arch_perfmon pebs bts rep_good nopl xtopology nonstop_tsc cpuid aperfmperf pni pclmulqdq dtes64 monitor ds_cpl vmx est tm2 ssse3 sdbg fma cx16 xtpr pdcm pcid sse4_1 sse4_2 x2apic movbe popcnt tsc_deadline_timer aes xsave avx f16c rdrand lahf_lm abm 3dnowprefetch cpuid_fault epb invpcid_single ssbd ibrs ibpb stibp ibrs_enhanced tpr_shadow vnmi flexpriority ept vpid fsgsbase tsc_adjust bmi1 avx2 smep bmi2 erms invpcid mpx rdseed adx smap clflushopt intel_pt xsaveopt xsavec xgetbv1 xsaves dtherm ida arat pln pts hwp hwp_notify hwp_act_window hwp_epp md_clear flush_l1d arch_capabilities
bugs		: spectre_v1 spectre_v2 spec_store_bypass swapgs itlb_multihit srbds
bogomips	: 3999.93
clflush size	: 64
cache_alignment	: 64
address sizes	: 39 bits physical, 48 bits virtual
power management:



Memory: 4k page, physical 16139036k(744648k free), swap 0k(0k free)

vm_info: OpenJDK 64-Bit Server VM (25.292-b10) for linux-amd64 JRE (1.8.0_292-8u292-b10-0ubuntu1~16.04.1-b10), built on Apr 21 2021 12:47:35 by "buildd" with gcc 5.4.0 20160609

time: Wed Jun 30 01:54:02 2021
timezone: +07
elapsed time: 45.472387 seconds (0d 0h 0m 45s)

