#
# There is insufficient memory for the Java Runtime Environment to continue.
# Native memory allocation (mmap) failed to map 142082048 bytes for committing reserved memory.
# Possible reasons:
#   The system is out of physical RAM or swap space
#   The process is running with CompressedOops enabled, and the Java Heap may be blocking the growth of the native heap
# Possible solutions:
#   Reduce memory load on the system
#   Increase physical memory or swap space
#   Check if swap backing store is full
#   Decrease Java heap size (-Xmx/-Xms)
#   Decrease number of Java threads
#   Decrease Java thread stack sizes (-Xss)
#   Set larger code cache with -XX:ReservedCodeCacheSize=
#   JVM is running with Zero Based Compressed Oops mode in which the Java heap is
#     placed in the first 32GB address space. The Java Heap base address is the
#     maximum limit for the native heap growth. Please use -XX:HeapBaseMinAddress
#     to set the Java Heap base and to place the Java Heap above 32GB virtual address.
# This output file may be truncated or incomplete.
#
#  Out of Memory Error (os_linux.cpp:2798), pid=25707, tid=0x00007f35236f6700
#
# JRE version: OpenJDK Runtime Environment (8.0_292-b10) (build 1.8.0_292-8u292-b10-0ubuntu1~16.04.1-b10)
# Java VM: OpenJDK 64-Bit Server VM (25.292-b10 mixed mode linux-amd64 compressed oops)
# Failed to write core dump. Core dumps have been disabled. To enable core dumping, try "ulimit -c unlimited" before starting Java again
#

---------------  T H R E A D  ---------------

Current thread (0x00007f35401c8800):  VMThread [stack: 0x00007f35235f6000,0x00007f35236f7000] [id=25720]

Stack: [0x00007f35235f6000,0x00007f35236f7000],  sp=0x00007f35236f5360,  free space=1020k
Native frames: (J=compiled Java code, j=interpreted, Vv=VM code, C=native code)
V  [libjvm.so+0xb1e67b]
V  [libjvm.so+0x4e01dc]
V  [libjvm.so+0x95bc48]
V  [libjvm.so+0x953b3e]
V  [libjvm.so+0x9d4ad6]
V  [libjvm.so+0x9d5e03]
V  [libjvm.so+0x9d2204]
V  [libjvm.so+0x9d249c]
V  [libjvm.so+0x983953]
V  [libjvm.so+0xb20372]
V  [libjvm.so+0xb26067]
V  [libjvm.so+0xb23b43]
V  [libjvm.so+0xb23ee5]
V  [libjvm.so+0xb244b2]
V  [libjvm.so+0x958fe2]

VM_Operation (0x00007f354a5dbef0): ParallelGCFailedAllocation, mode: safepoint, requested by thread 0x00007f354000b000


---------------  P R O C E S S  ---------------

Java Threads: ( => current thread )
  0x00007f3540225800 JavaThread "Service Thread" daemon [_thread_blocked, id=25735, stack(0x00007f3522998000,0x00007f3522a99000)]
  0x00007f3540212000 JavaThread "C1 CompilerThread3" daemon [_thread_blocked, id=25734, stack(0x00007f3522a99000,0x00007f3522b9a000)]
  0x00007f3540210000 JavaThread "C2 CompilerThread2" daemon [_thread_blocked, id=25733, stack(0x00007f3522b9a000,0x00007f3522c9b000)]
  0x00007f354020e000 JavaThread "C2 CompilerThread1" daemon [_thread_blocked, id=25732, stack(0x00007f3522c9b000,0x00007f3522d9c000)]
  0x00007f354020b800 JavaThread "C2 CompilerThread0" daemon [_thread_blocked, id=25731, stack(0x00007f3522d9c000,0x00007f3522e9d000)]
  0x00007f3540208000 JavaThread "Signal Dispatcher" daemon [_thread_blocked, id=25730, stack(0x00007f3522e9d000,0x00007f3522f9e000)]
  0x00007f35401d7000 JavaThread "Finalizer" daemon [_thread_blocked, id=25722, stack(0x00007f35233f4000,0x00007f35234f5000)]
  0x00007f35401d2800 JavaThread "Reference Handler" daemon [_thread_blocked, id=25721, stack(0x00007f35234f5000,0x00007f35235f6000)]
  0x00007f354000b000 JavaThread "main" [_thread_blocked, id=25709, stack(0x00007f354a4dd000,0x00007f354a5de000)]

Other Threads:
=>0x00007f35401c8800 VMThread [stack: 0x00007f35235f6000,0x00007f35236f7000] [id=25720]
  0x00007f3540228000 WatcherThread [stack: 0x00007f3522897000,0x00007f3522998000] [id=25736]

VM state:at safepoint (normal execution)

VM Mutex/Monitor currently owned by a thread:  ([mutex/lock_event])
[0x00007f35400070d0] Threads_lock - owner thread: 0x00007f35401c8800
[0x00007f35400075d0] Heap_lock - owner thread: 0x00007f354000b000

heap address: 0x00000006c9a00000, size: 3942 MB, Compressed Oops mode: Zero based, Oop shift amount: 3
Narrow klass base: 0x0000000000000000, Narrow klass shift: 3
Compressed class space size: 1073741824 Address: 0x00000007c0000000

Heap:
 PSYoungGen      total 842752K, used 248457K [0x000000076de00000, 0x00000007b4400000, 0x00000007c0000000)
  eden space 572928K, 0% used [0x000000076de00000,0x000000076de00000,0x0000000790d80000)
  from space 269824K, 92% used [0x00000007a3c80000,0x00000007b2f22548,0x00000007b4400000)
  to   space 239616K, 0% used [0x0000000790d80000,0x0000000790d80000,0x000000079f780000)
 ParOldGen       total 308736K, used 247063K [0x00000006c9a00000, 0x00000006dc780000, 0x000000076de00000)
  object space 308736K, 80% used [0x00000006c9a00000,0x00000006d8b45d50,0x00000006dc780000)
 Metaspace       used 9311K, capacity 9692K, committed 9984K, reserved 1058816K
  class space    used 941K, capacity 976K, committed 1024K, reserved 1048576K

Card table byte_map: [0x00007f3546310000,0x00007f3546ac4000] byte_map_base: 0x00007f3542cc3000

Marking Bits: (ParMarkBitMap*) 0x00007f35497ad8a0
 Begin Bits: [0x00007f35044d0000, 0x00007f3508268000)
 End Bits:   [0x00007f3508268000, 0x00007f350c000000)

Polling page: 0x00007f354a601000

CodeCache: size=245760Kb used=15508Kb max_used=15515Kb free=230251Kb
 bounds [0x00007f3531000000, 0x00007f3531fc0000, 0x00007f3540000000]
 total_blobs=2745 nmethods=2464 adapters=193
 compilation: enabled

Compilation events (10 events):
Event: 56,556 Thread 0x00007f3540210000 nmethod 3600 0x00007f3531b8d9d0 code [0x00007f3531b8db20, 0x00007f3531b8dbb8]
Event: 56,559 Thread 0x00007f3540212000 nmethod 3601 0x00007f35316e67d0 code [0x00007f35316e6940, 0x00007f35316e6c68]
Event: 56,571 Thread 0x00007f3540212000 3602       3       soot.jimple.toolkits.typing.fast.UseChecker::caseReturnStmt (33 bytes)
Event: 56,606 Thread 0x00007f3540212000 nmethod 3602 0x00007f3531beb010 code [0x00007f3531beb1e0, 0x00007f3531beba28]
Event: 56,661 Thread 0x00007f3540212000 3603       3       soot.asm.AsmMethodSource::popStackConst (9 bytes)
Event: 56,684 Thread 0x00007f3540212000 nmethod 3603 0x00007f35315e2c90 code [0x00007f35315e2e00, 0x00007f35315e2fd8]
Event: 57,532 Thread 0x00007f3540212000 3605       3       soot.jimple.internal.JRemExpr::<init> (7 bytes)
Event: 57,602 Thread 0x00007f3540212000 nmethod 3605 0x00007f3531a22f90 code [0x00007f3531a231e0, 0x00007f3531a23ef8]
Event: 57,714 Thread 0x00007f3540212000 3604       3       soot.jimple.Jimple::newRemExpr (10 bytes)
Event: 57,915 Thread 0x00007f3540212000 nmethod 3604 0x00007f353154f890 code [0x00007f353154fae0, 0x00007f35315508b8]

GC Heap History (10 events):
Event: 38,443 GC heap after
Heap after GC invocations=16 (full 1):
 PSYoungGen      total 666624K, used 144784K [0x000000076de00000, 0x00000007a5980000, 0x00000007c0000000)
  eden space 520192K, 0% used [0x000000076de00000,0x000000076de00000,0x000000078da00000)
  from space 146432K, 98% used [0x000000078da00000,0x00000007967640f0,0x0000000796900000)
  to   space 166912K, 0% used [0x000000079b680000,0x000000079b680000,0x00000007a5980000)
 ParOldGen       total 308736K, used 224775K [0x00000006c9a00000, 0x00000006dc780000, 0x000000076de00000)
  object space 308736K, 72% used [0x00000006c9a00000,0x00000006d7581d00,0x00000006dc780000)
 Metaspace       used 9246K, capacity 9628K, committed 9728K, reserved 1058816K
  class space    used 941K, capacity 976K, committed 1024K, reserved 1048576K
}
Event: 41,095 GC heap before
{Heap before GC invocations=17 (full 1):
 PSYoungGen      total 666624K, used 664976K [0x000000076de00000, 0x00000007a5980000, 0x00000007c0000000)
  eden space 520192K, 100% used [0x000000076de00000,0x000000078da00000,0x000000078da00000)
  from space 146432K, 98% used [0x000000078da00000,0x00000007967640f0,0x0000000796900000)
  to   space 166912K, 0% used [0x000000079b680000,0x000000079b680000,0x00000007a5980000)
 ParOldGen       total 308736K, used 224775K [0x00000006c9a00000, 0x00000006dc780000, 0x000000076de00000)
  object space 308736K, 72% used [0x00000006c9a00000,0x00000006d7581d00,0x00000006dc780000)
 Metaspace       used 9301K, capacity 9692K, committed 9984K, reserved 1058816K
  class space    used 941K, capacity 976K, committed 1024K, reserved 1048576K
Event: 41,361 GC heap after
Heap after GC invocations=17 (full 1):
 PSYoungGen      total 721920K, used 166896K [0x000000076de00000, 0x00000007a8f80000, 0x00000007c0000000)
  eden space 555008K, 0% used [0x000000076de00000,0x000000076de00000,0x000000078fc00000)
  from space 166912K, 99% used [0x000000079b680000,0x00000007a597c0d0,0x00000007a5980000)
  to   space 190976K, 0% used [0x000000078fc00000,0x000000078fc00000,0x000000079b680000)
 ParOldGen       total 308736K, used 224943K [0x00000006c9a00000, 0x00000006dc780000, 0x000000076de00000)
  object space 308736K, 72% used [0x00000006c9a00000,0x00000006d75abd00,0x00000006dc780000)
 Metaspace       used 9301K, capacity 9692K, committed 9984K, reserved 1058816K
  class space    used 941K, capacity 976K, committed 1024K, reserved 1048576K
}
Event: 45,205 GC heap before
{Heap before GC invocations=18 (full 1):
 PSYoungGen      total 721920K, used 721904K [0x000000076de00000, 0x00000007a8f80000, 0x00000007c0000000)
  eden space 555008K, 100% used [0x000000076de00000,0x000000078fc00000,0x000000078fc00000)
  from space 166912K, 99% used [0x000000079b680000,0x00000007a597c0d0,0x00000007a5980000)
  to   space 190976K, 0% used [0x000000078fc00000,0x000000078fc00000,0x000000079b680000)
 ParOldGen       total 308736K, used 224943K [0x00000006c9a00000, 0x00000006dc780000, 0x000000076de00000)
  object space 308736K, 72% used [0x00000006c9a00000,0x00000006d75abd00,0x00000006dc780000)
 Metaspace       used 9303K, capacity 9692K, committed 9984K, reserved 1058816K
  class space    used 941K, capacity 976K, committed 1024K, reserved 1048576K
Event: 45,375 GC heap after
Heap after GC invocations=18 (full 1):
 PSYoungGen      total 745984K, used 174233K [0x000000076de00000, 0x00000007ac800000, 0x00000007c0000000)
  eden space 555008K, 0% used [0x000000076de00000,0x000000076de00000,0x000000078fc00000)
  from space 190976K, 91% used [0x000000078fc00000,0x000000079a626528,0x000000079b680000)
  to   space 213504K, 0% used [0x000000079f780000,0x000000079f780000,0x00000007ac800000)
 ParOldGen       total 308736K, used 247063K [0x00000006c9a00000, 0x00000006dc780000, 0x000000076de00000)
  object space 308736K, 80% used [0x00000006c9a00000,0x00000006d8b45d50,0x00000006dc780000)
 Metaspace       used 9303K, capacity 9692K, committed 9984K, reserved 1058816K
  class space    used 941K, capacity 976K, committed 1024K, reserved 1048576K
}
Event: 49,671 GC heap before
{Heap before GC invocations=19 (full 1):
 PSYoungGen      total 745984K, used 729241K [0x000000076de00000, 0x00000007ac800000, 0x00000007c0000000)
  eden space 555008K, 100% used [0x000000076de00000,0x000000078fc00000,0x000000078fc00000)
  from space 190976K, 91% used [0x000000078fc00000,0x000000079a626528,0x000000079b680000)
  to   space 213504K, 0% used [0x000000079f780000,0x000000079f780000,0x00000007ac800000)
 ParOldGen       total 308736K, used 247063K [0x00000006c9a00000, 0x00000006dc780000, 0x000000076de00000)
  object space 308736K, 80% used [0x00000006c9a00000,0x00000006d8b45d50,0x00000006dc780000)
 Metaspace       used 9307K, capacity 9692K, committed 9984K, reserved 1058816K
  class space    used 941K, capacity 976K, committed 1024K, reserved 1048576K
Event: 49,838 GC heap after
Heap after GC invocations=19 (full 1):
 PSYoungGen      total 786432K, used 197785K [0x000000076de00000, 0x00000007af780000, 0x00000007c0000000)
  eden space 572928K, 0% used [0x000000076de00000,0x000000076de00000,0x0000000790d80000)
  from space 213504K, 92% used [0x000000079f780000,0x00000007ab8a6528,0x00000007ac800000)
  to   space 239616K, 0% used [0x0000000790d80000,0x0000000790d80000,0x000000079f780000)
 ParOldGen       total 308736K, used 247063K [0x00000006c9a00000, 0x00000006dc780000, 0x000000076de00000)
  object space 308736K, 80% used [0x00000006c9a00000,0x00000006d8b45d50,0x00000006dc780000)
 Metaspace       used 9307K, capacity 9692K, committed 9984K, reserved 1058816K
  class space    used 941K, capacity 976K, committed 1024K, reserved 1048576K
}
Event: 53,419 GC heap before
{Heap before GC invocations=20 (full 1):
 PSYoungGen      total 786432K, used 770713K [0x000000076de00000, 0x00000007af780000, 0x00000007c0000000)
  eden space 572928K, 100% used [0x000000076de00000,0x0000000790d80000,0x0000000790d80000)
  from space 213504K, 92% used [0x000000079f780000,0x00000007ab8a6528,0x00000007ac800000)
  to   space 239616K, 0% used [0x0000000790d80000,0x0000000790d80000,0x000000079f780000)
 ParOldGen       total 308736K, used 247063K [0x00000006c9a00000, 0x00000006dc780000, 0x000000076de00000)
  object space 308736K, 80% used [0x00000006c9a00000,0x00000006d8b45d50,0x00000006dc780000)
 Metaspace       used 9310K, capacity 9692K, committed 9984K, reserved 1058816K
  class space    used 941K, capacity 976K, committed 1024K, reserved 1048576K
Event: 53,581 GC heap after
Heap after GC invocations=20 (full 1):
 PSYoungGen      total 812544K, used 222857K [0x000000076de00000, 0x00000007b4400000, 0x00000007c0000000)
  eden space 572928K, 0% used [0x000000076de00000,0x000000076de00000,0x0000000790d80000)
  from space 239616K, 93% used [0x0000000790d80000,0x000000079e722548,0x000000079f780000)
  to   space 269824K, 0% used [0x00000007a3c80000,0x00000007a3c80000,0x00000007b4400000)
 ParOldGen       total 308736K, used 247063K [0x00000006c9a00000, 0x00000006dc780000, 0x000000076de00000)
  object space 308736K, 80% used [0x00000006c9a00000,0x00000006d8b45d50,0x00000006dc780000)
 Metaspace       used 9310K, capacity 9692K, committed 9984K, reserved 1058816K
  class space    used 941K, capacity 976K, committed 1024K, reserved 1048576K
}
Event: 59,994 GC heap before
{Heap before GC invocations=21 (full 1):
 PSYoungGen      total 812544K, used 795785K [0x000000076de00000, 0x00000007b4400000, 0x00000007c0000000)
  eden space 572928K, 100% used [0x000000076de00000,0x0000000790d80000,0x0000000790d80000)
  from space 239616K, 93% used [0x0000000790d80000,0x000000079e722548,0x000000079f780000)
  to   space 269824K, 0% used [0x00000007a3c80000,0x00000007a3c80000,0x00000007b4400000)
 ParOldGen       total 308736K, used 247063K [0x00000006c9a00000, 0x00000006dc780000, 0x000000076de00000)
  object space 308736K, 80% used [0x00000006c9a00000,0x00000006d8b45d50,0x00000006dc780000)
 Metaspace       used 9311K, capacity 9692K, committed 9984K, reserved 1058816K
  class space    used 941K, capacity 976K, committed 1024K, reserved 1048576K

Deoptimization events (10 events):
Event: 44,195 Thread 0x00007f354000b000 Uncommon trap: reason=unstable_if action=reinterpret pc=0x00007f35319b2180 method=soot.jimple.toolkits.base.Aggregator.internalAggregate(Lsoot/jimple/StmtBody;Ljava/util/Map;Z)Z @ 632
Event: 44,471 Thread 0x00007f354000b000 Uncommon trap: reason=unstable_if action=reinterpret pc=0x00007f3531e98ad8 method=soot.jimple.toolkits.scalar.DeadAssignmentEliminator.internalTransform(Lsoot/Body;Ljava/lang/String;Ljava/util/Map;)V @ 609
Event: 50,160 Thread 0x00007f354000b000 Uncommon trap: reason=unstable_if action=reinterpret pc=0x00007f3531706a90 method=soot.jimple.toolkits.scalar.Evaluator.isValueConstantValued(Lsoot/Value;)Z @ 58
Event: 51,310 Thread 0x00007f354000b000 Uncommon trap: reason=unstable_if action=reinterpret pc=0x00007f3531e15550 method=soot.jimple.toolkits.typing.fast.AugEvalFunction.eval_(Lsoot/jimple/toolkits/typing/fast/Typing;Lsoot/Value;Lsoot/jimple/Stmt;Lsoot/jimple/JimpleBody;)Lsoot/Type; @ 492
Event: 51,344 Thread 0x00007f354000b000 Uncommon trap: reason=unstable_if action=reinterpret pc=0x00007f35316b2c5c method=soot.jimple.toolkits.typing.fast.BytecodeHierarchy.ancestor_(Lsoot/Type;Lsoot/Type;)Z @ 39
Event: 51,345 Thread 0x00007f354000b000 Uncommon trap: reason=unstable_if action=reinterpret pc=0x00007f3531a5379c method=soot.jimple.toolkits.typing.fast.BytecodeHierarchy.ancestor_(Lsoot/Type;Lsoot/Type;)Z @ 39
Event: 53,226 Thread 0x00007f354000b000 Uncommon trap: reason=bimorphic action=maybe_recompile pc=0x00007f3531b99488 method=soot.jimple.toolkits.scalar.CopyPropagator.internalTransform(Lsoot/Body;Ljava/lang/String;Ljava/util/Map;)V @ 1091
Event: 54,844 Thread 0x00007f354000b000 Uncommon trap: reason=unstable_if action=reinterpret pc=0x00007f353168ff84 method=soot.asm.AsmMethodSource.convertDupInsn(Lorg/objectweb/asm/tree/InsnNode;)V @ 28
Event: 56,484 Thread 0x00007f354000b000 Uncommon trap: reason=unstable_if action=reinterpret pc=0x00007f3531b0dadc method=soot.jimple.toolkits.typing.fast.AugHierarchy.ancestor_(Lsoot/Type;Lsoot/Type;)Z @ 181
Event: 56,495 Thread 0x00007f354000b000 Uncommon trap: reason=unstable_if action=reinterpret pc=0x00007f3531151c44 method=soot.jimple.toolkits.typing.fast.AugHierarchy.ancestor_(Lsoot/Type;Lsoot/Type;)Z @ 181

Classes redefined (0 events):
No events

Internal exceptions (10 events):
Event: 5,710 Thread 0x00007f354000b000 Implicit null exception at 0x00007f353150dd3a to 0x00007f353150ddc5
Event: 5,847 Thread 0x00007f354000b000 Exception <a 'java/security/PrivilegedActionException'> (0x0000000774ea39e8) thrown at [/build/openjdk-8-RKFhH1/openjdk-8-8u292-b10/src/hotspot/src/share/vm/prims/jvm.cpp, line 1523]
Event: 5,847 Thread 0x00007f354000b000 Exception <a 'java/security/PrivilegedActionException'> (0x0000000774ea3de0) thrown at [/build/openjdk-8-RKFhH1/openjdk-8-8u292-b10/src/hotspot/src/share/vm/prims/jvm.cpp, line 1523]
Event: 5,847 Thread 0x00007f354000b000 Exception <a 'java/security/PrivilegedActionException'> (0x0000000774ea68d0) thrown at [/build/openjdk-8-RKFhH1/openjdk-8-8u292-b10/src/hotspot/src/share/vm/prims/jvm.cpp, line 1523]
Event: 5,847 Thread 0x00007f354000b000 Exception <a 'java/security/PrivilegedActionException'> (0x0000000774ea6cc8) thrown at [/build/openjdk-8-RKFhH1/openjdk-8-8u292-b10/src/hotspot/src/share/vm/prims/jvm.cpp, line 1523]
Event: 6,196 Thread 0x00007f354000b000 Implicit null exception at 0x00007f3531451b08 to 0x00007f3531453e8a
Event: 6,541 Thread 0x00007f354000b000 Implicit null exception at 0x00007f353156f953 to 0x00007f353156ff35
Event: 6,541 Thread 0x00007f354000b000 Implicit null exception at 0x00007f35312250fb to 0x00007f35312251e5
Event: 6,541 Thread 0x00007f354000b000 Implicit null exception at 0x00007f353165306f to 0x00007f35316530d9
Event: 19,174 Thread 0x00007f354000b000 Implicit null exception at 0x00007f35315740a3 to 0x00007f3531577741

Events (10 events):
Event: 56,489 Thread 0x00007f354000b000 DEOPT UNPACKING pc=0x00007f353104547a sp=0x00007f354a5dbed8 mode 2
Event: 56,495 Thread 0x00007f354000b000 Uncommon trap: trap_request=0xffffff65 fr.pc=0x00007f3531151c44
Event: 56,495 Thread 0x00007f354000b000 DEOPT PACKING pc=0x00007f3531151c44 sp=0x00007f354a5dbfb0
Event: 56,495 Thread 0x00007f354000b000 DEOPT UNPACKING pc=0x00007f353104547a sp=0x00007f354a5dbec8 mode 2
Event: 56,557 Thread 0x00007f3540210000 flushing nmethod 0x00007f35314139d0
Event: 56,609 Thread 0x00007f3540212000 flushing nmethod 0x00007f35315e2c90
Event: 56,690 Thread 0x00007f3540212000 flushing nmethod 0x00007f3531646210
Event: 56,690 Thread 0x00007f3540212000 flushing nmethod 0x00007f35316bb0d0
Event: 57,653 Thread 0x00007f3540212000 flushing nmethod 0x00007f35316f07d0
Event: 59,989 Executing VM operation: ParallelGCFailedAllocation


Dynamic libraries:
6c9a00000-6dc780000 rw-p 00000000 00:00 0 
6dc780000-76de00000 ---p 00000000 00:00 0 
76de00000-7b4400000 rw-p 00000000 00:00 0 
7bcb80000-7c0000000 ---p 00000000 00:00 0 
7c0000000-7c0100000 rw-p 00000000 00:00 0 
7c0100000-800000000 ---p 00000000 00:00 0 
55b0e961e000-55b0e961f000 r-xp 00000000 103:06 1841257                   /usr/lib/jvm/java-8-openjdk-amd64/jre/bin/java
55b0e981e000-55b0e981f000 r--p 00000000 103:06 1841257                   /usr/lib/jvm/java-8-openjdk-amd64/jre/bin/java
55b0e981f000-55b0e9820000 rw-p 00001000 103:06 1841257                   /usr/lib/jvm/java-8-openjdk-amd64/jre/bin/java
55b0e9f2d000-55b0e9f4e000 rw-p 00000000 00:00 0                          [heap]
7f34d8000000-7f34d8021000 rw-p 00000000 00:00 0 
7f34d8021000-7f34dc000000 ---p 00000000 00:00 0 
7f34e0000000-7f34e0b95000 rw-p 00000000 00:00 0 
7f34e0b95000-7f34e4000000 ---p 00000000 00:00 0 
7f34e4000000-7f34e4021000 rw-p 00000000 00:00 0 
7f34e4021000-7f34e8000000 ---p 00000000 00:00 0 
7f34e8000000-7f34e9e48000 rw-p 00000000 00:00 0 
7f34e9e48000-7f34ec000000 ---p 00000000 00:00 0 
7f34ec000000-7f34ee31e000 rw-p 00000000 00:00 0 
7f34ee31e000-7f34f0000000 ---p 00000000 00:00 0 
7f34f0000000-7f34f0021000 rw-p 00000000 00:00 0 
7f34f0021000-7f34f4000000 ---p 00000000 00:00 0 
7f34f4000000-7f34f5a67000 rw-p 00000000 00:00 0 
7f34f5a67000-7f34f8000000 ---p 00000000 00:00 0 
7f34f8000000-7f34f8021000 rw-p 00000000 00:00 0 
7f34f8021000-7f34fc000000 ---p 00000000 00:00 0 
7f34fc000000-7f34fc021000 rw-p 00000000 00:00 0 
7f34fc021000-7f3500000000 ---p 00000000 00:00 0 
7f3500000000-7f3500021000 rw-p 00000000 00:00 0 
7f3500021000-7f3504000000 ---p 00000000 00:00 0 
7f35044d0000-7f350c000000 rw-p 00000000 00:00 0 
7f350c000000-7f350c0ea000 rw-p 00000000 00:00 0 
7f350c0ea000-7f3510000000 ---p 00000000 00:00 0 
7f3510000000-7f35100f7000 rw-p 00000000 00:00 0 
7f35100f7000-7f3514000000 ---p 00000000 00:00 0 
7f3514000000-7f35141c4000 rw-p 00000000 00:00 0 
7f35141c4000-7f3518000000 ---p 00000000 00:00 0 
7f3518000000-7f351813a000 rw-p 00000000 00:00 0 
7f351813a000-7f351c000000 ---p 00000000 00:00 0 
7f351c000000-7f351c0c9000 rw-p 00000000 00:00 0 
7f351c0c9000-7f3520000000 ---p 00000000 00:00 0 
7f352226b000-7f352232b000 rw-p 00000000 00:00 0 
7f352232b000-7f352246b000 ---p 00000000 00:00 0 
7f352246b000-7f3522483000 r-xp 00000000 103:06 1840354                   /usr/lib/jvm/java-8-openjdk-amd64/jre/lib/amd64/libnet.so
7f3522483000-7f3522682000 ---p 00018000 103:06 1840354                   /usr/lib/jvm/java-8-openjdk-amd64/jre/lib/amd64/libnet.so
7f3522682000-7f3522683000 r--p 00017000 103:06 1840354                   /usr/lib/jvm/java-8-openjdk-amd64/jre/lib/amd64/libnet.so
7f3522683000-7f3522684000 rw-p 00018000 103:06 1840354                   /usr/lib/jvm/java-8-openjdk-amd64/jre/lib/amd64/libnet.so
7f3522684000-7f3522696000 r-xp 00000000 103:06 1840350                   /usr/lib/jvm/java-8-openjdk-amd64/jre/lib/amd64/libnio.so
7f3522696000-7f3522895000 ---p 00012000 103:06 1840350                   /usr/lib/jvm/java-8-openjdk-amd64/jre/lib/amd64/libnio.so
7f3522895000-7f3522896000 r--p 00011000 103:06 1840350                   /usr/lib/jvm/java-8-openjdk-amd64/jre/lib/amd64/libnio.so
7f3522896000-7f3522897000 rw-p 00012000 103:06 1840350                   /usr/lib/jvm/java-8-openjdk-amd64/jre/lib/amd64/libnio.so
7f3522897000-7f3522898000 ---p 00000000 00:00 0 
7f3522898000-7f3522998000 rw-p 00000000 00:00 0 
7f3522998000-7f352299b000 ---p 00000000 00:00 0 
7f352299b000-7f3522a99000 rw-p 00000000 00:00 0 
7f3522a99000-7f3522a9c000 ---p 00000000 00:00 0 
7f3522a9c000-7f3522b9a000 rw-p 00000000 00:00 0 
7f3522b9a000-7f3522b9d000 ---p 00000000 00:00 0 
7f3522b9d000-7f3522c9b000 rw-p 00000000 00:00 0 
7f3522c9b000-7f3522c9e000 ---p 00000000 00:00 0 
7f3522c9e000-7f3522d9c000 rw-p 00000000 00:00 0 
7f3522d9c000-7f3522d9f000 ---p 00000000 00:00 0 
7f3522d9f000-7f3522e9d000 rw-p 00000000 00:00 0 
7f3522e9d000-7f3522ea0000 ---p 00000000 00:00 0 
7f3522ea0000-7f3522f9e000 rw-p 00000000 00:00 0 
7f3522f9e000-7f35233f4000 r--p 00000000 103:06 1850669                   /usr/lib/locale/locale-archive
7f35233f4000-7f35233f7000 ---p 00000000 00:00 0 
7f35233f7000-7f35234f5000 rw-p 00000000 00:00 0 
7f35234f5000-7f35234f8000 ---p 00000000 00:00 0 
7f35234f8000-7f35235f6000 rw-p 00000000 00:00 0 
7f35235f6000-7f35235f7000 ---p 00000000 00:00 0 
7f35235f7000-7f3524000000 rw-p 00000000 00:00 0 
7f3524000000-7f35242d7000 rw-p 00000000 00:00 0 
7f35242d7000-7f3528000000 ---p 00000000 00:00 0 
7f3528000000-7f352827b000 rw-p 00000000 00:00 0 
7f352827b000-7f352c000000 ---p 00000000 00:00 0 
7f352c000000-7f352c10a000 rw-p 00000000 00:00 0 
7f352c10a000-7f3530000000 ---p 00000000 00:00 0 
7f3530013000-7f35300f1000 r--s 01c3b000 103:06 1055494                   /home/khuebc/malware/Interprocedural-CFG/ICFGCreator/myIcfg.jar
7f35300f1000-7f3531000000 rw-p 00000000 00:00 0 
7f3531000000-7f3531fc0000 rwxp 00000000 00:00 0 
7f3531fc0000-7f3540000000 ---p 00000000 00:00 0 
7f3540000000-7f35406a4000 rw-p 00000000 00:00 0 
7f35406a4000-7f3544000000 ---p 00000000 00:00 0 
7f3544080000-7f354409b000 r--s 001d6000 103:06 1840331                   /usr/lib/jvm/java-8-openjdk-amd64/jre/lib/ext/nashorn.jar
7f354409b000-7f35443ec000 rw-p 00000000 00:00 0 
7f35443ec000-7f35445bd000 r--s 03ca5000 103:06 1840307                   /usr/lib/jvm/java-8-openjdk-amd64/jre/lib/rt.jar
7f35445bd000-7f3544e33000 rw-p 00000000 00:00 0 
7f3544e33000-7f35455e6000 rw-p 00000000 00:00 0 
7f35455e6000-7f35455e7000 ---p 00000000 00:00 0 
7f35455e7000-7f35456e7000 rw-p 00000000 00:00 0 
7f35456e7000-7f35456e8000 ---p 00000000 00:00 0 
7f35456e8000-7f35457e8000 rw-p 00000000 00:00 0 
7f35457e8000-7f35457e9000 ---p 00000000 00:00 0 
7f35457e9000-7f35458e9000 rw-p 00000000 00:00 0 
7f35458e9000-7f35458ea000 ---p 00000000 00:00 0 
7f35458ea000-7f35459ea000 rw-p 00000000 00:00 0 
7f35459ea000-7f35459eb000 ---p 00000000 00:00 0 
7f35459eb000-7f3545aeb000 rw-p 00000000 00:00 0 
7f3545aeb000-7f3545aec000 ---p 00000000 00:00 0 
7f3545aec000-7f3545bec000 rw-p 00000000 00:00 0 
7f3545bec000-7f3545bed000 ---p 00000000 00:00 0 
7f3545bed000-7f3545ced000 rw-p 00000000 00:00 0 
7f3545ced000-7f3545cee000 ---p 00000000 00:00 0 
7f3545cee000-7f3545e85000 rw-p 00000000 00:00 0 
7f3545e85000-7f3546310000 ---p 00000000 00:00 0 
7f3546310000-7f35463a7000 rw-p 00000000 00:00 0 
7f35463a7000-7f3546832000 ---p 00000000 00:00 0 
7f3546832000-7f3546a65000 rw-p 00000000 00:00 0 
7f3546a65000-7f3546ac3000 ---p 00000000 00:00 0 
7f3546ac3000-7f3546b03000 rw-p 00000000 00:00 0 
7f3546b03000-7f3546e84000 ---p 00000000 00:00 0 
7f3546e84000-7f3546e8c000 r-xp 00000000 103:06 1840353                   /usr/lib/jvm/java-8-openjdk-amd64/jre/lib/amd64/libzip.so
7f3546e8c000-7f354708b000 ---p 00008000 103:06 1840353                   /usr/lib/jvm/java-8-openjdk-amd64/jre/lib/amd64/libzip.so
7f354708b000-7f354708c000 r--p 00007000 103:06 1840353                   /usr/lib/jvm/java-8-openjdk-amd64/jre/lib/amd64/libzip.so
7f354708c000-7f354708d000 rw-p 00008000 103:06 1840353                   /usr/lib/jvm/java-8-openjdk-amd64/jre/lib/amd64/libzip.so
7f354708d000-7f3547098000 r-xp 00000000 103:06 2883680                   /lib/x86_64-linux-gnu/libnss_files-2.23.so
7f3547098000-7f3547297000 ---p 0000b000 103:06 2883680                   /lib/x86_64-linux-gnu/libnss_files-2.23.so
7f3547297000-7f3547298000 r--p 0000a000 103:06 2883680                   /lib/x86_64-linux-gnu/libnss_files-2.23.so
7f3547298000-7f3547299000 rw-p 0000b000 103:06 2883680                   /lib/x86_64-linux-gnu/libnss_files-2.23.so
7f3547299000-7f354729f000 rw-p 00000000 00:00 0 
7f354729f000-7f35472aa000 r-xp 00000000 103:06 2888850                   /lib/x86_64-linux-gnu/libnss_nis-2.23.so
7f35472aa000-7f35474a9000 ---p 0000b000 103:06 2888850                   /lib/x86_64-linux-gnu/libnss_nis-2.23.so
7f35474a9000-7f35474aa000 r--p 0000a000 103:06 2888850                   /lib/x86_64-linux-gnu/libnss_nis-2.23.so
7f35474aa000-7f35474ab000 rw-p 0000b000 103:06 2888850                   /lib/x86_64-linux-gnu/libnss_nis-2.23.so
7f35474ab000-7f35474c1000 r-xp 00000000 103:06 2888851                   /lib/x86_64-linux-gnu/libnsl-2.23.so
7f35474c1000-7f35476c0000 ---p 00016000 103:06 2888851                   /lib/x86_64-linux-gnu/libnsl-2.23.so
7f35476c0000-7f35476c1000 r--p 00015000 103:06 2888851                   /lib/x86_64-linux-gnu/libnsl-2.23.so
7f35476c1000-7f35476c2000 rw-p 00016000 103:06 2888851                   /lib/x86_64-linux-gnu/libnsl-2.23.so
7f35476c2000-7f35476c4000 rw-p 00000000 00:00 0 
7f35476c4000-7f35476cc000 r-xp 00000000 103:06 2888853                   /lib/x86_64-linux-gnu/libnss_compat-2.23.so
7f35476cc000-7f35478cb000 ---p 00008000 103:06 2888853                   /lib/x86_64-linux-gnu/libnss_compat-2.23.so
7f35478cb000-7f35478cc000 r--p 00007000 103:06 2888853                   /lib/x86_64-linux-gnu/libnss_compat-2.23.so
7f35478cc000-7f35478cd000 rw-p 00008000 103:06 2888853                   /lib/x86_64-linux-gnu/libnss_compat-2.23.so
7f35478cd000-7f35478f7000 r-xp 00000000 103:06 1840360                   /usr/lib/jvm/java-8-openjdk-amd64/jre/lib/amd64/libjava.so
7f35478f7000-7f3547af6000 ---p 0002a000 103:06 1840360                   /usr/lib/jvm/java-8-openjdk-amd64/jre/lib/amd64/libjava.so
7f3547af6000-7f3547af7000 r--p 00029000 103:06 1840360                   /usr/lib/jvm/java-8-openjdk-amd64/jre/lib/amd64/libjava.so
7f3547af7000-7f3547af9000 rw-p 0002a000 103:06 1840360                   /usr/lib/jvm/java-8-openjdk-amd64/jre/lib/amd64/libjava.so
7f3547af9000-7f3547b08000 r-xp 00000000 103:06 1840358                   /usr/lib/jvm/java-8-openjdk-amd64/jre/lib/amd64/libverify.so
7f3547b08000-7f3547d07000 ---p 0000f000 103:06 1840358                   /usr/lib/jvm/java-8-openjdk-amd64/jre/lib/amd64/libverify.so
7f3547d07000-7f3547d09000 r--p 0000e000 103:06 1840358                   /usr/lib/jvm/java-8-openjdk-amd64/jre/lib/amd64/libverify.so
7f3547d09000-7f3547d0a000 rw-p 00010000 103:06 1840358                   /usr/lib/jvm/java-8-openjdk-amd64/jre/lib/amd64/libverify.so
7f3547d0a000-7f3547d11000 r-xp 00000000 103:06 2883679                   /lib/x86_64-linux-gnu/librt-2.23.so
7f3547d11000-7f3547f10000 ---p 00007000 103:06 2883679                   /lib/x86_64-linux-gnu/librt-2.23.so
7f3547f10000-7f3547f11000 r--p 00006000 103:06 2883679                   /lib/x86_64-linux-gnu/librt-2.23.so
7f3547f11000-7f3547f12000 rw-p 00007000 103:06 2883679                   /lib/x86_64-linux-gnu/librt-2.23.so
7f3547f12000-7f3547f28000 r-xp 00000000 103:06 2889166                   /lib/x86_64-linux-gnu/libgcc_s.so.1
7f3547f28000-7f3548127000 ---p 00016000 103:06 2889166                   /lib/x86_64-linux-gnu/libgcc_s.so.1
7f3548127000-7f3548128000 rw-p 00015000 103:06 2889166                   /lib/x86_64-linux-gnu/libgcc_s.so.1
7f3548128000-7f3548230000 r-xp 00000000 103:06 2888805                   /lib/x86_64-linux-gnu/libm-2.23.so
7f3548230000-7f354842f000 ---p 00108000 103:06 2888805                   /lib/x86_64-linux-gnu/libm-2.23.so
7f354842f000-7f3548430000 r--p 00107000 103:06 2888805                   /lib/x86_64-linux-gnu/libm-2.23.so
7f3548430000-7f3548431000 rw-p 00108000 103:06 2888805                   /lib/x86_64-linux-gnu/libm-2.23.so
7f3548431000-7f35485a3000 r-xp 00000000 103:06 1846201                   /usr/lib/x86_64-linux-gnu/libstdc++.so.6.0.21
7f35485a3000-7f35487a3000 ---p 00172000 103:06 1846201                   /usr/lib/x86_64-linux-gnu/libstdc++.so.6.0.21
7f35487a3000-7f35487ad000 r--p 00172000 103:06 1846201                   /usr/lib/x86_64-linux-gnu/libstdc++.so.6.0.21
7f35487ad000-7f35487af000 rw-p 0017c000 103:06 1846201                   /usr/lib/x86_64-linux-gnu/libstdc++.so.6.0.21
7f35487af000-7f35487b3000 rw-p 00000000 00:00 0 
7f35487b3000-7f35494d9000 r-xp 00000000 103:06 1840377                   /usr/lib/jvm/java-8-openjdk-amd64/jre/lib/amd64/server/libjvm.so
7f35494d9000-7f35496d8000 ---p 00d26000 103:06 1840377                   /usr/lib/jvm/java-8-openjdk-amd64/jre/lib/amd64/server/libjvm.so
7f35496d8000-7f354976e000 r--p 00d25000 103:06 1840377                   /usr/lib/jvm/java-8-openjdk-amd64/jre/lib/amd64/server/libjvm.so
7f354976e000-7f3549797000 rw-p 00dbb000 103:06 1840377                   /usr/lib/jvm/java-8-openjdk-amd64/jre/lib/amd64/server/libjvm.so
7f3549797000-7f35497ca000 rw-p 00000000 00:00 0 
7f35497ca000-7f35497e2000 r-xp 00000000 103:06 2883671                   /lib/x86_64-linux-gnu/libpthread-2.23.so
7f35497e2000-7f35499e1000 ---p 00018000 103:06 2883671                   /lib/x86_64-linux-gnu/libpthread-2.23.so
7f35499e1000-7f35499e2000 r--p 00017000 103:06 2883671                   /lib/x86_64-linux-gnu/libpthread-2.23.so
7f35499e2000-7f35499e3000 rw-p 00018000 103:06 2883671                   /lib/x86_64-linux-gnu/libpthread-2.23.so
7f35499e3000-7f35499e7000 rw-p 00000000 00:00 0 
7f35499e7000-7f35499ea000 r-xp 00000000 103:06 2883676                   /lib/x86_64-linux-gnu/libdl-2.23.so
7f35499ea000-7f3549be9000 ---p 00003000 103:06 2883676                   /lib/x86_64-linux-gnu/libdl-2.23.so
7f3549be9000-7f3549bea000 r--p 00002000 103:06 2883676                   /lib/x86_64-linux-gnu/libdl-2.23.so
7f3549bea000-7f3549beb000 rw-p 00003000 103:06 2883676                   /lib/x86_64-linux-gnu/libdl-2.23.so
7f3549beb000-7f3549c04000 r-xp 00000000 103:06 2889319                   /lib/x86_64-linux-gnu/libz.so.1.2.8
7f3549c04000-7f3549e03000 ---p 00019000 103:06 2889319                   /lib/x86_64-linux-gnu/libz.so.1.2.8
7f3549e03000-7f3549e04000 r--p 00018000 103:06 2889319                   /lib/x86_64-linux-gnu/libz.so.1.2.8
7f3549e04000-7f3549e05000 rw-p 00019000 103:06 2889319                   /lib/x86_64-linux-gnu/libz.so.1.2.8
7f3549e05000-7f3549fc5000 r-xp 00000000 103:06 2888852                   /lib/x86_64-linux-gnu/libc-2.23.so
7f3549fc5000-7f354a1c5000 ---p 001c0000 103:06 2888852                   /lib/x86_64-linux-gnu/libc-2.23.so
7f354a1c5000-7f354a1c9000 r--p 001c0000 103:06 2888852                   /lib/x86_64-linux-gnu/libc-2.23.so
7f354a1c9000-7f354a1cb000 rw-p 001c4000 103:06 2888852                   /lib/x86_64-linux-gnu/libc-2.23.so
7f354a1cb000-7f354a1cf000 rw-p 00000000 00:00 0 
7f354a1cf000-7f354a1dd000 r-xp 00000000 103:06 1840366                   /usr/lib/jvm/java-8-openjdk-amd64/jre/lib/amd64/jli/libjli.so
7f354a1dd000-7f354a3dc000 ---p 0000e000 103:06 1840366                   /usr/lib/jvm/java-8-openjdk-amd64/jre/lib/amd64/jli/libjli.so
7f354a3dc000-7f354a3dd000 r--p 0000d000 103:06 1840366                   /usr/lib/jvm/java-8-openjdk-amd64/jre/lib/amd64/jli/libjli.so
7f354a3dd000-7f354a3de000 rw-p 0000e000 103:06 1840366                   /usr/lib/jvm/java-8-openjdk-amd64/jre/lib/amd64/jli/libjli.so
7f354a3de000-7f354a404000 r-xp 00000000 103:06 2883681                   /lib/x86_64-linux-gnu/ld-2.23.so
7f354a409000-7f354a40f000 r--s 0003d000 103:06 1840337                   /usr/lib/jvm/java-8-openjdk-amd64/jre/lib/ext/sunjce_provider.jar
7f354a40f000-7f354a41a000 r--s 00116000 103:06 1840333                   /usr/lib/jvm/java-8-openjdk-amd64/jre/lib/ext/localedata.jar
7f354a41a000-7f354a435000 r--s 00394000 103:06 1840329                   /usr/lib/jvm/java-8-openjdk-amd64/jre/lib/ext/cldrdata.jar
7f354a435000-7f354a4dd000 rw-p 00000000 00:00 0 
7f354a4dd000-7f354a4e0000 ---p 00000000 00:00 0 
7f354a4e0000-7f354a5e2000 rw-p 00000000 00:00 0 
7f354a5e4000-7f354a5e7000 r--s 0000f000 103:06 1840335                   /usr/lib/jvm/java-8-openjdk-amd64/jre/lib/ext/icedtea-sound.jar
7f354a5e7000-7f354a5e9000 r--s 00001000 103:06 1840336                   /usr/lib/jvm/java-8-openjdk-amd64/jre/lib/ext/dnsns.jar
7f354a5e9000-7f354a5ed000 r--s 00040000 103:06 1840334                   /usr/lib/jvm/java-8-openjdk-amd64/jre/lib/ext/sunpkcs11.jar
7f354a5ed000-7f354a5ef000 r--s 00008000 103:06 1840328                   /usr/lib/jvm/java-8-openjdk-amd64/jre/lib/ext/sunec.jar
7f354a5ef000-7f354a5f0000 r--s 0000a000 103:06 1840332                   /usr/lib/jvm/java-8-openjdk-amd64/jre/lib/ext/jaccess.jar
7f354a5f0000-7f354a5f2000 r--s 00010000 103:06 1840330                   /usr/lib/jvm/java-8-openjdk-amd64/jre/lib/ext/zipfs.jar
7f354a5f2000-7f354a5f8000 r--s 000d3000 103:06 1840315                   /usr/lib/jvm/java-8-openjdk-amd64/jre/lib/jfr.jar
7f354a5f8000-7f354a600000 rw-s 00000000 103:06 3290867                   /tmp/hsperfdata_khuebc/25707
7f354a600000-7f354a601000 rw-p 00000000 00:00 0 
7f354a601000-7f354a602000 ---p 00000000 00:00 0 
7f354a602000-7f354a603000 rw-p 00000000 00:00 0 
7f354a603000-7f354a604000 r--p 00025000 103:06 2883681                   /lib/x86_64-linux-gnu/ld-2.23.so
7f354a604000-7f354a605000 rw-p 00026000 103:06 2883681                   /lib/x86_64-linux-gnu/ld-2.23.so
7f354a605000-7f354a606000 rw-p 00000000 00:00 0 
7ffe33048000-7ffe3306a000 rw-p 00000000 00:00 0                          [stack]
7ffe33099000-7ffe3309c000 r--p 00000000 00:00 0                          [vvar]
7ffe3309c000-7ffe3309e000 r-xp 00000000 00:00 0                          [vdso]
ffffffffff600000-ffffffffff601000 r-xp 00000000 00:00 0                  [vsyscall]

VM Arguments:
java_command: myIcfg.jar wqjXpZFTDIyiIgMZJpFU /home/khuebc/malware/Interprocedural-CFG/ICFGCreator/GeneratedDotFiles/VirusShare_22a6c85800d33d2c222099657a480e75.jar.dot /home/khuebc/malware/Interprocedural-CFG/ICFGCreator/GeneratedDotFiles/VirusShare_22a6c85800d33d2c222099657a480e75.jar
java_class_path (initial): myIcfg.jar
Launcher Type: SUN_STANDARD

Environment Variables:
JAVA_HOME=/usr/lib/jvm/java-8-openjdk-amd64
PATH=/home/khuebc/bin:/home/khuebc/.local/bin:/usr/local/sbin:/usr/local/bin:/usr/sbin:/usr/bin:/sbin:/bin:/usr/games:/usr/local/games:/snap/bin:/home/khuebc/bin:/usr/lib/jvm/java-1.8.0-openjdk-amd64/bin
SHELL=/bin/bash
DISPLAY=:0

Signal Handlers:
SIGSEGV: [libjvm.so+0xb1f1b0], sa_mask[0]=11111111011111111101111111111110, sa_flags=SA_RESTART|SA_SIGINFO
SIGBUS: [libjvm.so+0xb1f1b0], sa_mask[0]=11111111011111111101111111111110, sa_flags=SA_RESTART|SA_SIGINFO
SIGFPE: [libjvm.so+0x956cf0], sa_mask[0]=11111111011111111101111111111110, sa_flags=SA_RESTART|SA_SIGINFO
SIGPIPE: [libjvm.so+0x956cf0], sa_mask[0]=11111111011111111101111111111110, sa_flags=SA_RESTART|SA_SIGINFO
SIGXFSZ: [libjvm.so+0x956cf0], sa_mask[0]=11111111011111111101111111111110, sa_flags=SA_RESTART|SA_SIGINFO
SIGILL: [libjvm.so+0x956cf0], sa_mask[0]=11111111011111111101111111111110, sa_flags=SA_RESTART|SA_SIGINFO
SIGUSR1: SIG_DFL, sa_mask[0]=00000000000000000000000000000000, sa_flags=none
SIGUSR2: [libjvm.so+0x956ba0], sa_mask[0]=00000000000000000000000000000000, sa_flags=SA_RESTART|SA_SIGINFO
SIGHUP: [libjvm.so+0x957230], sa_mask[0]=11111111011111111101111111111110, sa_flags=SA_RESTART|SA_SIGINFO
SIGINT: [libjvm.so+0x957230], sa_mask[0]=11111111011111111101111111111110, sa_flags=SA_RESTART|SA_SIGINFO
SIGTERM: [libjvm.so+0x957230], sa_mask[0]=11111111011111111101111111111110, sa_flags=SA_RESTART|SA_SIGINFO
SIGQUIT: [libjvm.so+0x957230], sa_mask[0]=11111111011111111101111111111110, sa_flags=SA_RESTART|SA_SIGINFO


---------------  S Y S T E M  ---------------

OS:DISTRIB_ID=Ubuntu
DISTRIB_RELEASE=16.04
DISTRIB_CODENAME=xenial
DISTRIB_DESCRIPTION="Ubuntu 16.04.7 LTS"

uname:Linux 4.15.0-142-generic #146~16.04.1-Ubuntu SMP Tue Apr 13 09:27:15 UTC 2021 x86_64
libc:glibc 2.23 NPTL 2.23 
rlimit: STACK 8192k, CORE 0k, NPROC 62276, NOFILE 1048576, AS infinity
load average:49,11 31,34 22,67

/proc/meminfo:
MemTotal:       16139036 kB
MemFree:          146972 kB
MemAvailable:      42696 kB
Buffers:            5056 kB
Cached:          1696160 kB
SwapCached:            0 kB
Active:         14043864 kB
Inactive:        1519300 kB
Active(anon):   14023844 kB
Inactive(anon):  1492640 kB
Active(file):      20020 kB
Inactive(file):    26660 kB
Unevictable:         144 kB
Mlocked:             144 kB
SwapTotal:             0 kB
SwapFree:              0 kB
Dirty:               128 kB
Writeback:         11496 kB
AnonPages:      13864132 kB
Mapped:           637156 kB
Shmem:           1652496 kB
Slab:             201688 kB
SReclaimable:      91168 kB
SUnreclaim:       110520 kB
KernelStack:       19536 kB
PageTables:        98660 kB
NFS_Unstable:          0 kB
Bounce:                0 kB
WritebackTmp:          0 kB
CommitLimit:     8069516 kB
Committed_AS:   23107284 kB
VmallocTotal:   34359738367 kB
VmallocUsed:           0 kB
VmallocChunk:          0 kB
HardwareCorrupted:     0 kB
AnonHugePages:         0 kB
ShmemHugePages:        0 kB
ShmemPmdMapped:        0 kB
CmaTotal:              0 kB
CmaFree:               0 kB
HugePages_Total:       0
HugePages_Free:        0
HugePages_Rsvd:        0
HugePages_Surp:        0
Hugepagesize:       2048 kB
DirectMap4k:      617300 kB
DirectMap2M:    15806464 kB
DirectMap1G:           0 kB

container (cgroup) information:
container_type: cgroupv1
cpu_cpuset_cpus: 0-7
cpu_memory_nodes: 0
active_processor_count: 8
cpu_quota: -1
cpu_period: 100000
cpu_shares: -1
memory_limit_in_bytes: -1
memory_and_swap_limit_in_bytes: -2
memory_soft_limit_in_bytes: -1
memory_usage_in_bytes: 15938375680
memory_max_usage_in_bytes: 12021760


CPU:total 8 (initial active 8) (4 cores per cpu, 2 threads per core) family 6 model 142 stepping 12, cmov, cx8, fxsr, mmx, sse, sse2, sse3, ssse3, sse4.1, sse4.2, popcnt, avx, avx2, aes, clmul, erms, 3dnowpref, lzcnt, ht, tsc, tscinvbit, bmi1, bmi2, adx

/proc/cpuinfo:
processor	: 0
vendor_id	: GenuineIntel
cpu family	: 6
model		: 142
model name	: Intel(R) Core(TM) i7-8565U CPU @ 1.80GHz
stepping	: 12
microcode	: 0xea
cpu MHz		: 2686.011
cache size	: 8192 KB
physical id	: 0
siblings	: 8
core id		: 0
cpu cores	: 4
apicid		: 0
initial apicid	: 0
fpu		: yes
fpu_exception	: yes
cpuid level	: 22
wp		: yes
flags		: fpu vme de pse tsc msr pae mce cx8 apic sep mtrr pge mca cmov pat pse36 clflush dts acpi mmx fxsr sse sse2 ss ht tm pbe syscall nx pdpe1gb rdtscp lm constant_tsc art arch_perfmon pebs bts rep_good nopl xtopology nonstop_tsc cpuid aperfmperf pni pclmulqdq dtes64 monitor ds_cpl vmx est tm2 ssse3 sdbg fma cx16 xtpr pdcm pcid sse4_1 sse4_2 x2apic movbe popcnt tsc_deadline_timer aes xsave avx f16c rdrand lahf_lm abm 3dnowprefetch cpuid_fault epb invpcid_single ssbd ibrs ibpb stibp ibrs_enhanced tpr_shadow vnmi flexpriority ept vpid fsgsbase tsc_adjust bmi1 avx2 smep bmi2 erms invpcid mpx rdseed adx smap clflushopt intel_pt xsaveopt xsavec xgetbv1 xsaves dtherm ida arat pln pts hwp hwp_notify hwp_act_window hwp_epp md_clear flush_l1d arch_capabilities
bugs		: spectre_v1 spectre_v2 spec_store_bypass swapgs itlb_multihit srbds
bogomips	: 3999.93
clflush size	: 64
cache_alignment	: 64
address sizes	: 39 bits physical, 48 bits virtual
power management:

processor	: 1
vendor_id	: GenuineIntel
cpu family	: 6
model		: 142
model name	: Intel(R) Core(TM) i7-8565U CPU @ 1.80GHz
stepping	: 12
microcode	: 0xea
cpu MHz		: 2685.376
cache size	: 8192 KB
physical id	: 0
siblings	: 8
core id		: 1
cpu cores	: 4
apicid		: 2
initial apicid	: 2
fpu		: yes
fpu_exception	: yes
cpuid level	: 22
wp		: yes
flags		: fpu vme de pse tsc msr pae mce cx8 apic sep mtrr pge mca cmov pat pse36 clflush dts acpi mmx fxsr sse sse2 ss ht tm pbe syscall nx pdpe1gb rdtscp lm constant_tsc art arch_perfmon pebs bts rep_good nopl xtopology nonstop_tsc cpuid aperfmperf pni pclmulqdq dtes64 monitor ds_cpl vmx est tm2 ssse3 sdbg fma cx16 xtpr pdcm pcid sse4_1 sse4_2 x2apic movbe popcnt tsc_deadline_timer aes xsave avx f16c rdrand lahf_lm abm 3dnowprefetch cpuid_fault epb invpcid_single ssbd ibrs ibpb stibp ibrs_enhanced tpr_shadow vnmi flexpriority ept vpid fsgsbase tsc_adjust bmi1 avx2 smep bmi2 erms invpcid mpx rdseed adx smap clflushopt intel_pt xsaveopt xsavec xgetbv1 xsaves dtherm ida arat pln pts hwp hwp_notify hwp_act_window hwp_epp md_clear flush_l1d arch_capabilities
bugs		: spectre_v1 spectre_v2 spec_store_bypass swapgs itlb_multihit srbds
bogomips	: 3999.93
clflush size	: 64
cache_alignment	: 64
address sizes	: 39 bits physical, 48 bits virtual
power management:

processor	: 2
vendor_id	: GenuineIntel
cpu family	: 6
model		: 142
model name	: Intel(R) Core(TM) i7-8565U CPU @ 1.80GHz
stepping	: 12
microcode	: 0xea
cpu MHz		: 2684.834
cache size	: 8192 KB
physical id	: 0
siblings	: 8
core id		: 2
cpu cores	: 4
apicid		: 4
initial apicid	: 4
fpu		: yes
fpu_exception	: yes
cpuid level	: 22
wp		: yes
flags		: fpu vme de pse tsc msr pae mce cx8 apic sep mtrr pge mca cmov pat pse36 clflush dts acpi mmx fxsr sse sse2 ss ht tm pbe syscall nx pdpe1gb rdtscp lm constant_tsc art arch_perfmon pebs bts rep_good nopl xtopology nonstop_tsc cpuid aperfmperf pni pclmulqdq dtes64 monitor ds_cpl vmx est tm2 ssse3 sdbg fma cx16 xtpr pdcm pcid sse4_1 sse4_2 x2apic movbe popcnt tsc_deadline_timer aes xsave avx f16c rdrand lahf_lm abm 3dnowprefetch cpuid_fault epb invpcid_single ssbd ibrs ibpb stibp ibrs_enhanced tpr_shadow vnmi flexpriority ept vpid fsgsbase tsc_adjust bmi1 avx2 smep bmi2 erms invpcid mpx rdseed adx smap clflushopt intel_pt xsaveopt xsavec xgetbv1 xsaves dtherm ida arat pln pts hwp hwp_notify hwp_act_window hwp_epp md_clear flush_l1d arch_capabilities
bugs		: spectre_v1 spectre_v2 spec_store_bypass swapgs itlb_multihit srbds
bogomips	: 3999.93
clflush size	: 64
cache_alignment	: 64
address sizes	: 39 bits physical, 48 bits virtual
power management:

processor	: 3
vendor_id	: GenuineIntel
cpu family	: 6
model		: 142
model name	: Intel(R) Core(TM) i7-8565U CPU @ 1.80GHz
stepping	: 12
microcode	: 0xea
cpu MHz		: 2684.318
cache size	: 8192 KB
physical id	: 0
siblings	: 8
core id		: 3
cpu cores	: 4
apicid		: 6
initial apicid	: 6
fpu		: yes
fpu_exception	: yes
cpuid level	: 22
wp		: yes
flags		: fpu vme de pse tsc msr pae mce cx8 apic sep mtrr pge mca cmov pat pse36 clflush dts acpi mmx fxsr sse sse2 ss ht tm pbe syscall nx pdpe1gb rdtscp lm constant_tsc art arch_perfmon pebs bts rep_good nopl xtopology nonstop_tsc cpuid aperfmperf pni pclmulqdq dtes64 monitor ds_cpl vmx est tm2 ssse3 sdbg fma cx16 xtpr pdcm pcid sse4_1 sse4_2 x2apic movbe popcnt tsc_deadline_timer aes xsave avx f16c rdrand lahf_lm abm 3dnowprefetch cpuid_fault epb invpcid_single ssbd ibrs ibpb stibp ibrs_enhanced tpr_shadow vnmi flexpriority ept vpid fsgsbase tsc_adjust bmi1 avx2 smep bmi2 erms invpcid mpx rdseed adx smap clflushopt intel_pt xsaveopt xsavec xgetbv1 xsaves dtherm ida arat pln pts hwp hwp_notify hwp_act_window hwp_epp md_clear flush_l1d arch_capabilities
bugs		: spectre_v1 spectre_v2 spec_store_bypass swapgs itlb_multihit srbds
bogomips	: 3999.93
clflush size	: 64
cache_alignment	: 64
address sizes	: 39 bits physical, 48 bits virtual
power management:

processor	: 4
vendor_id	: GenuineIntel
cpu family	: 6
model		: 142
model name	: Intel(R) Core(TM) i7-8565U CPU @ 1.80GHz
stepping	: 12
microcode	: 0xea
cpu MHz		: 2683.775
cache size	: 8192 KB
physical id	: 0
siblings	: 8
core id		: 0
cpu cores	: 4
apicid		: 1
initial apicid	: 1
fpu		: yes
fpu_exception	: yes
cpuid level	: 22
wp		: yes
flags		: fpu vme de pse tsc msr pae mce cx8 apic sep mtrr pge mca cmov pat pse36 clflush dts acpi mmx fxsr sse sse2 ss ht tm pbe syscall nx pdpe1gb rdtscp lm constant_tsc art arch_perfmon pebs bts rep_good nopl xtopology nonstop_tsc cpuid aperfmperf pni pclmulqdq dtes64 monitor ds_cpl vmx est tm2 ssse3 sdbg fma cx16 xtpr pdcm pcid sse4_1 sse4_2 x2apic movbe popcnt tsc_deadline_timer aes xsave avx f16c rdrand lahf_lm abm 3dnowprefetch cpuid_fault epb invpcid_single ssbd ibrs ibpb stibp ibrs_enhanced tpr_shadow vnmi flexpriority ept vpid fsgsbase tsc_adjust bmi1 avx2 smep bmi2 erms invpcid mpx rdseed adx smap clflushopt intel_pt xsaveopt xsavec xgetbv1 xsaves dtherm ida arat pln pts hwp hwp_notify hwp_act_window hwp_epp md_clear flush_l1d arch_capabilities
bugs		: spectre_v1 spectre_v2 spec_store_bypass swapgs itlb_multihit srbds
bogomips	: 3999.93
clflush size	: 64
cache_alignment	: 64
address sizes	: 39 bits physical, 48 bits virtual
power management:

processor	: 5
vendor_id	: GenuineIntel
cpu family	: 6
model		: 142
model name	: Intel(R) Core(TM) i7-8565U CPU @ 1.80GHz
stepping	: 12
microcode	: 0xea
cpu MHz		: 2683.280
cache size	: 8192 KB
physical id	: 0
siblings	: 8
core id		: 1
cpu cores	: 4
apicid		: 3
initial apicid	: 3
fpu		: yes
fpu_exception	: yes
cpuid level	: 22
wp		: yes
flags		: fpu vme de pse tsc msr pae mce cx8 apic sep mtrr pge mca cmov pat pse36 clflush dts acpi mmx fxsr sse sse2 ss ht tm pbe syscall nx pdpe1gb rdtscp lm constant_tsc art arch_perfmon pebs bts rep_good nopl xtopology nonstop_tsc cpuid aperfmperf pni pclmulqdq dtes64 monitor ds_cpl vmx est tm2 ssse3 sdbg fma cx16 xtpr pdcm pcid sse4_1 sse4_2 x2apic movbe popcnt tsc_deadline_timer aes xsave avx f16c rdrand lahf_lm abm 3dnowprefetch cpuid_fault epb invpcid_single ssbd ibrs ibpb stibp ibrs_enhanced tpr_shadow vnmi flexpriority ept vpid fsgsbase tsc_adjust bmi1 avx2 smep bmi2 erms invpcid mpx rdseed adx smap clflushopt intel_pt xsaveopt xsavec xgetbv1 xsaves dtherm ida arat pln pts hwp hwp_notify hwp_act_window hwp_epp md_clear flush_l1d arch_capabilities
bugs		: spectre_v1 spectre_v2 spec_store_bypass swapgs itlb_multihit srbds
bogomips	: 3999.93
clflush size	: 64
cache_alignment	: 64
address sizes	: 39 bits physical, 48 bits virtual
power management:

processor	: 6
vendor_id	: GenuineIntel
cpu family	: 6
model		: 142
model name	: Intel(R) Core(TM) i7-8565U CPU @ 1.80GHz
stepping	: 12
microcode	: 0xea
cpu MHz		: 2682.780
cache size	: 8192 KB
physical id	: 0
siblings	: 8
core id		: 2
cpu cores	: 4
apicid		: 5
initial apicid	: 5
fpu		: yes
fpu_exception	: yes
cpuid level	: 22
wp		: yes
flags		: fpu vme de pse tsc msr pae mce cx8 apic sep mtrr pge mca cmov pat pse36 clflush dts acpi mmx fxsr sse sse2 ss ht tm pbe syscall nx pdpe1gb rdtscp lm constant_tsc art arch_perfmon pebs bts rep_good nopl xtopology nonstop_tsc cpuid aperfmperf pni pclmulqdq dtes64 monitor ds_cpl vmx est tm2 ssse3 sdbg fma cx16 xtpr pdcm pcid sse4_1 sse4_2 x2apic movbe popcnt tsc_deadline_timer aes xsave avx f16c rdrand lahf_lm abm 3dnowprefetch cpuid_fault epb invpcid_single ssbd ibrs ibpb stibp ibrs_enhanced tpr_shadow vnmi flexpriority ept vpid fsgsbase tsc_adjust bmi1 avx2 smep bmi2 erms invpcid mpx rdseed adx smap clflushopt intel_pt xsaveopt xsavec xgetbv1 xsaves dtherm ida arat pln pts hwp hwp_notify hwp_act_window hwp_epp md_clear flush_l1d arch_capabilities
bugs		: spectre_v1 spectre_v2 spec_store_bypass swapgs itlb_multihit srbds
bogomips	: 3999.93
clflush size	: 64
cache_alignment	: 64
address sizes	: 39 bits physical, 48 bits virtual
power management:

processor	: 7
vendor_id	: GenuineIntel
cpu family	: 6
model		: 142
model name	: Intel(R) Core(TM) i7-8565U CPU @ 1.80GHz
stepping	: 12
microcode	: 0xea
cpu MHz		: 2681.479
cache size	: 8192 KB
physical id	: 0
siblings	: 8
core id		: 3
cpu cores	: 4
apicid		: 7
initial apicid	: 7
fpu		: yes
fpu_exception	: yes
cpuid level	: 22
wp		: yes
flags		: fpu vme de pse tsc msr pae mce cx8 apic sep mtrr pge mca cmov pat pse36 clflush dts acpi mmx fxsr sse sse2 ss ht tm pbe syscall nx pdpe1gb rdtscp lm constant_tsc art arch_perfmon pebs bts rep_good nopl xtopology nonstop_tsc cpuid aperfmperf pni pclmulqdq dtes64 monitor ds_cpl vmx est tm2 ssse3 sdbg fma cx16 xtpr pdcm pcid sse4_1 sse4_2 x2apic movbe popcnt tsc_deadline_timer aes xsave avx f16c rdrand lahf_lm abm 3dnowprefetch cpuid_fault epb invpcid_single ssbd ibrs ibpb stibp ibrs_enhanced tpr_shadow vnmi flexpriority ept vpid fsgsbase tsc_adjust bmi1 avx2 smep bmi2 erms invpcid mpx rdseed adx smap clflushopt intel_pt xsaveopt xsavec xgetbv1 xsaves dtherm ida arat pln pts hwp hwp_notify hwp_act_window hwp_epp md_clear flush_l1d arch_capabilities
bugs		: spectre_v1 spectre_v2 spec_store_bypass swapgs itlb_multihit srbds
bogomips	: 3999.93
clflush size	: 64
cache_alignment	: 64
address sizes	: 39 bits physical, 48 bits virtual
power management:



Memory: 4k page, physical 16139036k(149232k free), swap 0k(0k free)

vm_info: OpenJDK 64-Bit Server VM (25.292-b10) for linux-amd64 JRE (1.8.0_292-8u292-b10-0ubuntu1~16.04.1-b10), built on Apr 21 2021 12:47:35 by "buildd" with gcc 5.4.0 20160609

time: Tue Jun 29 17:18:17 2021
timezone: +07
elapsed time: 81.785822 seconds (0d 0h 1m 21s)

