#
# There is insufficient memory for the Java Runtime Environment to continue.
# Native memory allocation (mmap) failed to map 229638144 bytes for committing reserved memory.
# Possible reasons:
#   The system is out of physical RAM or swap space
#   The process is running with CompressedOops enabled, and the Java Heap may be blocking the growth of the native heap
# Possible solutions:
#   Reduce memory load on the system
#   Increase physical memory or swap space
#   Check if swap backing store is full
#   Decrease Java heap size (-Xmx/-Xms)
#   Decrease number of Java threads
#   Decrease Java thread stack sizes (-Xss)
#   Set larger code cache with -XX:ReservedCodeCacheSize=
#   JVM is running with Zero Based Compressed Oops mode in which the Java heap is
#     placed in the first 32GB address space. The Java Heap base address is the
#     maximum limit for the native heap growth. Please use -XX:HeapBaseMinAddress
#     to set the Java Heap base and to place the Java Heap above 32GB virtual address.
# This output file may be truncated or incomplete.
#
#  Out of Memory Error (os_linux.cpp:2798), pid=22864, tid=0x00007f1f1d210700
#
# JRE version: OpenJDK Runtime Environment (8.0_292-b10) (build 1.8.0_292-8u292-b10-0ubuntu1~16.04.1-b10)
# Java VM: OpenJDK 64-Bit Server VM (25.292-b10 mixed mode linux-amd64 compressed oops)
# Failed to write core dump. Core dumps have been disabled. To enable core dumping, try "ulimit -c unlimited" before starting Java again
#

---------------  T H R E A D  ---------------

Current thread (0x00007f1f301c8800):  VMThread [stack: 0x00007f1f1d110000,0x00007f1f1d211000] [id=22875]

Stack: [0x00007f1f1d110000,0x00007f1f1d211000],  sp=0x00007f1f1d20f360,  free space=1020k
Native frames: (J=compiled Java code, j=interpreted, Vv=VM code, C=native code)
V  [libjvm.so+0xb1e67b]
V  [libjvm.so+0x4e01dc]
V  [libjvm.so+0x95bc48]
V  [libjvm.so+0x953b3e]
V  [libjvm.so+0x9d4ad6]
V  [libjvm.so+0x9c3a7a]
V  [libjvm.so+0x9c3c83]
V  [libjvm.so+0x9c45e8]
V  [libjvm.so+0x9ca9de]
V  [libjvm.so+0x9d265d]
V  [libjvm.so+0x983953]
V  [libjvm.so+0xb20372]
V  [libjvm.so+0xb26067]
V  [libjvm.so+0xb23b43]
V  [libjvm.so+0xb23ee5]
V  [libjvm.so+0xb244b2]
V  [libjvm.so+0x958fe2]

VM_Operation (0x00007f1f175df470): ParallelGCFailedAllocation, mode: safepoint, requested by thread 0x00007f1f3038c000


---------------  P R O C E S S  ---------------

Java Threads: ( => current thread )
  0x00007f1f3049d800 JavaThread "Thread-8" [_thread_blocked, id=22983, stack(0x00007f1f173df000,0x00007f1f174e0000)]
  0x00007f1f3038c000 JavaThread "Thread-7" [_thread_blocked, id=22982, stack(0x00007f1f174e0000,0x00007f1f175e1000)]
  0x00007f1f30422800 JavaThread "Thread-6" [_thread_blocked, id=22981, stack(0x00007f1f175e1000,0x00007f1f176e2000)]
  0x00007f1f30463800 JavaThread "Thread-5" [_thread_blocked, id=22980, stack(0x00007f1f176e2000,0x00007f1f177e3000)]
  0x00007f1f303a5800 JavaThread "Thread-4" [_thread_blocked, id=22979, stack(0x00007f1f177e3000,0x00007f1f178e4000)]
  0x00007f1f303c6000 JavaThread "Thread-3" [_thread_blocked, id=22978, stack(0x00007f1f178e4000,0x00007f1f179e5000)]
  0x00007f1f30385000 JavaThread "Thread-2" [_thread_blocked, id=22977, stack(0x00007f1f179e5000,0x00007f1f17ae6000)]
  0x00007f1f30384000 JavaThread "Thread-1" [_thread_blocked, id=22976, stack(0x00007f1f17ae6000,0x00007f1f17be7000)]
  0x00007f1f3021d800 JavaThread "Service Thread" daemon [_thread_blocked, id=22883, stack(0x00007f1f1c4b2000,0x00007f1f1c5b3000)]
  0x00007f1f30212000 JavaThread "C1 CompilerThread3" daemon [_thread_blocked, id=22882, stack(0x00007f1f1c5b3000,0x00007f1f1c6b4000)]
  0x00007f1f30210000 JavaThread "C2 CompilerThread2" daemon [_thread_blocked, id=22881, stack(0x00007f1f1c6b4000,0x00007f1f1c7b5000)]
  0x00007f1f3020e000 JavaThread "C2 CompilerThread1" daemon [_thread_blocked, id=22880, stack(0x00007f1f1c7b5000,0x00007f1f1c8b6000)]
  0x00007f1f3020b000 JavaThread "C2 CompilerThread0" daemon [_thread_blocked, id=22879, stack(0x00007f1f1c8b6000,0x00007f1f1c9b7000)]
  0x00007f1f30208000 JavaThread "Signal Dispatcher" daemon [_thread_blocked, id=22878, stack(0x00007f1f1c9b7000,0x00007f1f1cab8000)]
  0x00007f1f301d7000 JavaThread "Finalizer" daemon [_thread_blocked, id=22877, stack(0x00007f1f1cf0e000,0x00007f1f1d00f000)]
  0x00007f1f301d2800 JavaThread "Reference Handler" daemon [_thread_blocked, id=22876, stack(0x00007f1f1d00f000,0x00007f1f1d110000)]
  0x00007f1f3000b000 JavaThread "main" [_thread_blocked, id=22866, stack(0x00007f1f37e87000,0x00007f1f37f88000)]

Other Threads:
=>0x00007f1f301c8800 VMThread [stack: 0x00007f1f1d110000,0x00007f1f1d211000] [id=22875]
  0x00007f1f30220000 WatcherThread [stack: 0x00007f1f1c3b1000,0x00007f1f1c4b2000] [id=22884]

VM state:at safepoint (normal execution)

VM Mutex/Monitor currently owned by a thread:  ([mutex/lock_event])
[0x00007f1f30006a30] ExpandHeap_lock - owner thread: 0x00007f1f301c8800
[0x00007f1f300070b0] Threads_lock - owner thread: 0x00007f1f301c8800
[0x00007f1f300075b0] Heap_lock - owner thread: 0x00007f1f3038c000

heap address: 0x00000006c9a00000, size: 3942 MB, Compressed Oops mode: Zero based, Oop shift amount: 3
Narrow klass base: 0x0000000000000000, Narrow klass shift: 3
Compressed class space size: 1073741824 Address: 0x00000007c0000000

Heap:
 PSYoungGen      total 812544K, used 79871K [0x000000076de00000, 0x00000007b7e80000, 0x00000007c0000000)
  eden space 416768K, 0% used [0x000000076de00000,0x000000076de00000,0x0000000787500000)
  from space 395776K, 20% used [0x000000079f780000,0x00000007a457fff8,0x00000007b7a00000)
  to   space 395776K, 0% used [0x0000000787500000,0x0000000787500000,0x000000079f780000)
 ParOldGen       total 315904K, used 315812K [0x00000006c9a00000, 0x00000006dce80000, 0x000000076de00000)
  object space 315904K, 99% used [0x00000006c9a00000,0x00000006dce69368,0x00000006dce80000)
 Metaspace       used 9496K, capacity 9852K, committed 9984K, reserved 1058816K
  class space    used 961K, capacity 1008K, committed 1024K, reserved 1048576K

Card table byte_map: [0x00007f1f2084c000,0x00007f1f21000000] byte_map_base: 0x00007f1f1d1ff000

Marking Bits: (ParMarkBitMap*) 0x00007f1f371578a0
 Begin Bits: [0x00007f1ee04d0000, 0x00007f1ee4268000)
 End Bits:   [0x00007f1ee4268000, 0x00007f1ee8000000)

Polling page: 0x00007f1f37fab000

CodeCache: size=245760Kb used=16773Kb max_used=16785Kb free=228986Kb
 bounds [0x00007f1f21000000, 0x00007f1f220e0000, 0x00007f1f30000000]
 total_blobs=2858 nmethods=2574 adapters=196
 compilation: enabled

Compilation events (10 events):
Event: 67,364 Thread 0x00007f1f3020b000 3839       4       soot.toolkits.scalar.SimpleLocalDefs::getDefsOfAt (12 bytes)
Event: 67,364 Thread 0x00007f1f30212000 nmethod 3837 0x00007f1f21e4dd10 code [0x00007f1f21e4de60, 0x00007f1f21e4df70]
Event: 67,364 Thread 0x00007f1f30212000 3841       1       java.util.concurrent.atomic.AtomicInteger::get (5 bytes)
Event: 67,367 Thread 0x00007f1f30212000 nmethod 3841 0x00007f1f21f41790 code [0x00007f1f21f418e0, 0x00007f1f21f419f0]
Event: 67,367 Thread 0x00007f1f30212000 3845       3       java.util.concurrent.locks.ReentrantLock$Sync::nonfairTryAcquire (67 bytes)
Event: 67,367 Thread 0x00007f1f30212000 nmethod 3845 0x00007f1f21cb4bd0 code [0x00007f1f21cb4d80, 0x00007f1f21cb54a8]
Event: 67,367 Thread 0x00007f1f30212000 3842       3       java.util.concurrent.locks.ReentrantLock$Sync::isHeldExclusively (16 bytes)
Event: 67,368 Thread 0x00007f1f30212000 nmethod 3842 0x00007f1f214e6490 code [0x00007f1f214e6600, 0x00007f1f214e6870]
Event: 67,372 Thread 0x00007f1f3020e000 nmethod 3838% 0x00007f1f218b4cd0 code [0x00007f1f218b4e60, 0x00007f1f218b5238]
Event: 67,372 Thread 0x00007f1f3020e000 3843       4       soot.toolkits.scalar.SimpleLocalDefs$FlowAssignment::getDefsOfAt (132 bytes)

GC Heap History (10 events):
Event: 54,147 GC heap after
Heap after GC invocations=25 (full 1):
 PSYoungGen      total 735744K, used 249731K [0x000000076de00000, 0x00000007b2d00000, 0x00000007c0000000)
  eden space 393728K, 0% used [0x000000076de00000,0x000000076de00000,0x0000000785e80000)
  from space 342016K, 73% used [0x000000079bd80000,0x00000007ab160f88,0x00000007b0b80000)
  to   space 359424K, 0% used [0x0000000785e80000,0x0000000785e80000,0x000000079bd80000)
 ParOldGen       total 315904K, used 244870K [0x00000006c9a00000, 0x00000006dce80000, 0x000000076de00000)
  object space 315904K, 77% used [0x00000006c9a00000,0x00000006d8921888,0x00000006dce80000)
 Metaspace       used 9327K, capacity 9692K, committed 9984K, reserved 1058816K
  class space    used 944K, capacity 976K, committed 1024K, reserved 1048576K
}
Event: 58,720 GC heap before
{Heap before GC invocations=26 (full 1):
 PSYoungGen      total 735744K, used 643459K [0x000000076de00000, 0x00000007b2d00000, 0x00000007c0000000)
  eden space 393728K, 100% used [0x000000076de00000,0x0000000785e80000,0x0000000785e80000)
  from space 342016K, 73% used [0x000000079bd80000,0x00000007ab160f88,0x00000007b0b80000)
  to   space 359424K, 0% used [0x0000000785e80000,0x0000000785e80000,0x000000079bd80000)
 ParOldGen       total 315904K, used 244870K [0x00000006c9a00000, 0x00000006dce80000, 0x000000076de00000)
  object space 315904K, 77% used [0x00000006c9a00000,0x00000006d8921888,0x00000006dce80000)
 Metaspace       used 9331K, capacity 9692K, committed 9984K, reserved 1058816K
  class space    used 944K, capacity 976K, committed 1024K, reserved 1048576K
Event: 58,922 GC heap after
Heap after GC invocations=26 (full 1):
 PSYoungGen      total 753152K, used 253107K [0x000000076de00000, 0x00000007b4800000, 0x00000007c0000000)
  eden space 393728K, 0% used [0x000000076de00000,0x000000076de00000,0x0000000785e80000)
  from space 359424K, 70% used [0x0000000785e80000,0x00000007955acf68,0x000000079bd80000)
  to   space 373760K, 0% used [0x000000079db00000,0x000000079db00000,0x00000007b4800000)
 ParOldGen       total 315904K, used 258838K [0x00000006c9a00000, 0x00000006dce80000, 0x000000076de00000)
  object space 315904K, 81% used [0x00000006c9a00000,0x00000006d96c58e8,0x00000006dce80000)
 Metaspace       used 9331K, capacity 9692K, committed 9984K, reserved 1058816K
  class space    used 944K, capacity 976K, committed 1024K, reserved 1048576K
}
Event: 62,211 GC heap before
{Heap before GC invocations=27 (full 1):
 PSYoungGen      total 753152K, used 646835K [0x000000076de00000, 0x00000007b4800000, 0x00000007c0000000)
  eden space 393728K, 100% used [0x000000076de00000,0x0000000785e80000,0x0000000785e80000)
  from space 359424K, 70% used [0x0000000785e80000,0x00000007955acf68,0x000000079bd80000)
  to   space 373760K, 0% used [0x000000079db00000,0x000000079db00000,0x00000007b4800000)
 ParOldGen       total 315904K, used 258838K [0x00000006c9a00000, 0x00000006dce80000, 0x000000076de00000)
  object space 315904K, 81% used [0x00000006c9a00000,0x00000006d96c58e8,0x00000006dce80000)
 Metaspace       used 9331K, capacity 9692K, committed 9984K, reserved 1058816K
  class space    used 944K, capacity 976K, committed 1024K, reserved 1048576K
Event: 62,390 GC heap after
Heap after GC invocations=27 (full 1):
 PSYoungGen      total 771072K, used 258883K [0x000000076de00000, 0x00000007b6080000, 0x00000007c0000000)
  eden space 397312K, 0% used [0x000000076de00000,0x000000076de00000,0x0000000786200000)
  from space 373760K, 69% used [0x000000079db00000,0x00000007ad7d0f78,0x00000007b4800000)
  to   space 386048K, 0% used [0x0000000786200000,0x0000000786200000,0x000000079db00000)
 ParOldGen       total 315904K, used 271738K [0x00000006c9a00000, 0x00000006dce80000, 0x000000076de00000)
  object space 315904K, 86% used [0x00000006c9a00000,0x00000006da35e8f8,0x00000006dce80000)
 Metaspace       used 9331K, capacity 9692K, committed 9984K, reserved 1058816K
  class space    used 944K, capacity 976K, committed 1024K, reserved 1048576K
}
Event: 65,492 GC heap before
{Heap before GC invocations=28 (full 1):
 PSYoungGen      total 771072K, used 656195K [0x000000076de00000, 0x00000007b6080000, 0x00000007c0000000)
  eden space 397312K, 100% used [0x000000076de00000,0x0000000786200000,0x0000000786200000)
  from space 373760K, 69% used [0x000000079db00000,0x00000007ad7d0f78,0x00000007b4800000)
  to   space 386048K, 0% used [0x0000000786200000,0x0000000786200000,0x000000079db00000)
 ParOldGen       total 315904K, used 271738K [0x00000006c9a00000, 0x00000006dce80000, 0x000000076de00000)
  object space 315904K, 86% used [0x00000006c9a00000,0x00000006da35e8f8,0x00000006dce80000)
 Metaspace       used 9392K, capacity 9756K, committed 9984K, reserved 1058816K
  class space    used 947K, capacity 976K, committed 1024K, reserved 1048576K
Event: 65,777 GC heap after
Heap after GC invocations=28 (full 1):
 PSYoungGen      total 783360K, used 260776K [0x000000076de00000, 0x00000007b7a00000, 0x00000007c0000000)
  eden space 397312K, 0% used [0x000000076de00000,0x000000076de00000,0x0000000786200000)
  from space 386048K, 67% used [0x0000000786200000,0x00000007960aa1d0,0x000000079db00000)
  to   space 395776K, 0% used [0x000000079f780000,0x000000079f780000,0x00000007b7a00000)
 ParOldGen       total 315904K, used 285234K [0x00000006c9a00000, 0x00000006dce80000, 0x000000076de00000)
  object space 315904K, 90% used [0x00000006c9a00000,0x00000006db08c918,0x00000006dce80000)
 Metaspace       used 9392K, capacity 9756K, committed 9984K, reserved 1058816K
  class space    used 947K, capacity 976K, committed 1024K, reserved 1048576K
}
Event: 67,385 GC heap before
{Heap before GC invocations=29 (full 1):
 PSYoungGen      total 783360K, used 658088K [0x000000076de00000, 0x00000007b7a00000, 0x00000007c0000000)
  eden space 397312K, 100% used [0x000000076de00000,0x0000000786200000,0x0000000786200000)
  from space 386048K, 67% used [0x0000000786200000,0x00000007960aa1d0,0x000000079db00000)
  to   space 395776K, 0% used [0x000000079f780000,0x000000079f780000,0x00000007b7a00000)
 ParOldGen       total 315904K, used 285234K [0x00000006c9a00000, 0x00000006dce80000, 0x000000076de00000)
  object space 315904K, 90% used [0x00000006c9a00000,0x00000006db08c918,0x00000006dce80000)
 Metaspace       used 9496K, capacity 9852K, committed 9984K, reserved 1058816K
  class space    used 961K, capacity 1008K, committed 1024K, reserved 1048576K
Event: 67,619 GC heap after
Heap after GC invocations=29 (full 1):
 PSYoungGen      total 812544K, used 243075K [0x000000076de00000, 0x00000007b7e80000, 0x00000007c0000000)
  eden space 416768K, 0% used [0x000000076de00000,0x000000076de00000,0x0000000787500000)
  from space 395776K, 61% used [0x000000079f780000,0x00000007ae4e0f78,0x00000007b7a00000)
  to   space 395776K, 0% used [0x0000000787500000,0x0000000787500000,0x000000079f780000)
 ParOldGen       total 315904K, used 302138K [0x00000006c9a00000, 0x00000006dce80000, 0x000000076de00000)
  object space 315904K, 95% used [0x00000006c9a00000,0x00000006dc10e938,0x00000006dce80000)
 Metaspace       used 9496K, capacity 9852K, committed 9984K, reserved 1058816K
  class space    used 961K, capacity 1008K, committed 1024K, reserved 1048576K
}
Event: 67,619 GC heap before
{Heap before GC invocations=30 (full 2):
 PSYoungGen      total 812544K, used 243075K [0x000000076de00000, 0x00000007b7e80000, 0x00000007c0000000)
  eden space 416768K, 0% used [0x000000076de00000,0x000000076de00000,0x0000000787500000)
  from space 395776K, 61% used [0x000000079f780000,0x00000007ae4e0f78,0x00000007b7a00000)
  to   space 395776K, 0% used [0x0000000787500000,0x0000000787500000,0x000000079f780000)
 ParOldGen       total 315904K, used 302138K [0x00000006c9a00000, 0x00000006dce80000, 0x000000076de00000)
  object space 315904K, 95% used [0x00000006c9a00000,0x00000006dc10e938,0x00000006dce80000)
 Metaspace       used 9496K, capacity 9852K, committed 9984K, reserved 1058816K
  class space    used 961K, capacity 1008K, committed 1024K, reserved 1048576K

Deoptimization events (10 events):
Event: 64,951 Thread 0x00007f1f3000b000 Uncommon trap: reason=class_check action=maybe_recompile pc=0x00007f1f21979650 method=soot.toolkits.scalar.FlowAnalysis.meetFlows(Lsoot/toolkits/scalar/FlowAnalysis$Entry;)V @ 81
Event: 64,951 Thread 0x00007f1f3000b000 Uncommon trap: reason=class_check action=maybe_recompile pc=0x00007f1f21979650 method=soot.toolkits.scalar.FlowAnalysis.meetFlows(Lsoot/toolkits/scalar/FlowAnalysis$Entry;)V @ 81
Event: 64,951 Thread 0x00007f1f3000b000 Uncommon trap: reason=class_check action=maybe_recompile pc=0x00007f1f21979650 method=soot.toolkits.scalar.FlowAnalysis.meetFlows(Lsoot/toolkits/scalar/FlowAnalysis$Entry;)V @ 81
Event: 65,205 Thread 0x00007f1f3000b000 Uncommon trap: reason=unstable_if action=reinterpret pc=0x00007f1f21b60edc method=java.util.HashMap.removeNode(ILjava/lang/Object;Ljava/lang/Object;ZZ)Ljava/util/HashMap$Node; @ 58
Event: 66,713 Thread 0x00007f1f3000b000 Uncommon trap: reason=unstable_if action=reinterpret pc=0x00007f1f215b5d88 method=soot.util.PriorityQueue.newPriorityQueue(Ljava/util/List;Ljava/util/Map;)Lsoot/util/PriorityQueue; @ 30
Event: 67,355 Thread 0x00007f1f303c6000 Uncommon trap: reason=class_check action=maybe_recompile pc=0x00007f1f2162b6c0 method=java.util.concurrent.locks.AbstractQueuedSynchronizer.release(I)Z @ 2
Event: 67,356 Thread 0x00007f1f303c6000 Uncommon trap: reason=class_check action=maybe_recompile pc=0x00007f1f2162b6c0 method=java.util.concurrent.locks.AbstractQueuedSynchronizer.release(I)Z @ 2
Event: 67,359 Thread 0x00007f1f30385000 Uncommon trap: reason=class_check action=maybe_recompile pc=0x00007f1f2162b6c0 method=java.util.concurrent.locks.AbstractQueuedSynchronizer.release(I)Z @ 2
Event: 67,359 Thread 0x00007f1f30384000 Uncommon trap: reason=class_check action=maybe_recompile pc=0x00007f1f2162b6c0 method=java.util.concurrent.locks.AbstractQueuedSynchronizer.release(I)Z @ 2
Event: 67,364 Thread 0x00007f1f3049d800 Uncommon trap: reason=unstable_if action=reinterpret pc=0x00007f1f2165ee78 method=java.util.concurrent.locks.ReentrantLock$Sync.nonfairTryAcquire(I)Z @ 34

Classes redefined (0 events):
No events

Internal exceptions (10 events):
Event: 4,086 Thread 0x00007f1f3000b000 Exception <a 'java/security/PrivilegedActionException'> (0x000000077557de08) thrown at [/build/openjdk-8-RKFhH1/openjdk-8-8u292-b10/src/hotspot/src/share/vm/prims/jvm.cpp, line 1523]
Event: 4,390 Thread 0x00007f1f3000b000 Implicit null exception at 0x00007f1f2165f60e to 0x00007f1f2165f9d9
Event: 5,259 Thread 0x00007f1f3000b000 Implicit null exception at 0x00007f1f21509313 to 0x00007f1f215097bd
Event: 5,259 Thread 0x00007f1f3000b000 Implicit null exception at 0x00007f1f211b33bb to 0x00007f1f211b34b7
Event: 7,001 Thread 0x00007f1f3000b000 Implicit null exception at 0x00007f1f21c3840f to 0x00007f1f21c3a301
Event: 7,114 Thread 0x00007f1f3000b000 Implicit null exception at 0x00007f1f21c51bff to 0x00007f1f21c55849
Event: 9,749 Thread 0x00007f1f3000b000 Implicit null exception at 0x00007f1f214b1372 to 0x00007f1f214b47e6
Event: 15,474 Thread 0x00007f1f3000b000 Implicit null exception at 0x00007f1f214f47f8 to 0x00007f1f214f5205
Event: 18,293 Thread 0x00007f1f3000b000 Implicit null exception at 0x00007f1f21d20960 to 0x00007f1f21d209be
Event: 22,107 Thread 0x00007f1f3000b000 Implicit null exception at 0x00007f1f2159b56a to 0x00007f1f2159bcc1

Events (10 events):
Event: 67,360 loading class sun/nio/ch/Interruptible
Event: 67,360 loading class sun/nio/ch/Interruptible done
Event: 67,363 Thread 0x00007f1f30463800 Thread added: 0x00007f1f30463800
Event: 67,363 Thread 0x00007f1f30422800 Thread added: 0x00007f1f30422800
Event: 67,364 Thread 0x00007f1f3038c000 Thread added: 0x00007f1f3038c000
Event: 67,364 Thread 0x00007f1f3049d800 Thread added: 0x00007f1f3049d800
Event: 67,364 Thread 0x00007f1f3049d800 Uncommon trap: trap_request=0xffffff65 fr.pc=0x00007f1f2165ee78
Event: 67,364 Thread 0x00007f1f3049d800 DEOPT PACKING pc=0x00007f1f2165ee78 sp=0x00007f1f174de6a0
Event: 67,364 Thread 0x00007f1f3049d800 DEOPT UNPACKING pc=0x00007f1f2104547a sp=0x00007f1f174de658 mode 2
Event: 67,379 Executing VM operation: ParallelGCFailedAllocation


Dynamic libraries:
6c9a00000-6dce80000 rw-p 00000000 00:00 0 
6ea980000-76de00000 ---p 00000000 00:00 0 
76de00000-7b7e80000 rw-p 00000000 00:00 0 
7b7e80000-7c0000000 ---p 00000000 00:00 0 
7c0000000-7c0100000 rw-p 00000000 00:00 0 
7c0100000-800000000 ---p 00000000 00:00 0 
55d869bc2000-55d869bc3000 r-xp 00000000 103:06 1841257                   /usr/lib/jvm/java-8-openjdk-amd64/jre/bin/java
55d869dc2000-55d869dc3000 r--p 00000000 103:06 1841257                   /usr/lib/jvm/java-8-openjdk-amd64/jre/bin/java
55d869dc3000-55d869dc4000 rw-p 00001000 103:06 1841257                   /usr/lib/jvm/java-8-openjdk-amd64/jre/bin/java
55d86a66c000-55d86a68d000 rw-p 00000000 00:00 0                          [heap]
7f1e94000000-7f1e94021000 rw-p 00000000 00:00 0 
7f1e94021000-7f1e98000000 ---p 00000000 00:00 0 
7f1e9c000000-7f1e9c021000 rw-p 00000000 00:00 0 
7f1e9c021000-7f1ea0000000 ---p 00000000 00:00 0 
7f1ea0000000-7f1ea0021000 rw-p 00000000 00:00 0 
7f1ea0021000-7f1ea4000000 ---p 00000000 00:00 0 
7f1ea4000000-7f1ea4021000 rw-p 00000000 00:00 0 
7f1ea4021000-7f1ea8000000 ---p 00000000 00:00 0 
7f1ea8000000-7f1ea8021000 rw-p 00000000 00:00 0 
7f1ea8021000-7f1eac000000 ---p 00000000 00:00 0 
7f1eac000000-7f1eac021000 rw-p 00000000 00:00 0 
7f1eac021000-7f1eb0000000 ---p 00000000 00:00 0 
7f1eb0000000-7f1eb0021000 rw-p 00000000 00:00 0 
7f1eb0021000-7f1eb4000000 ---p 00000000 00:00 0 
7f1eb4000000-7f1eb4021000 rw-p 00000000 00:00 0 
7f1eb4021000-7f1eb8000000 ---p 00000000 00:00 0 
7f1eb8000000-7f1eb8021000 rw-p 00000000 00:00 0 
7f1eb8021000-7f1ebc000000 ---p 00000000 00:00 0 
7f1ebc000000-7f1ebccb6000 rw-p 00000000 00:00 0 
7f1ebccb6000-7f1ec0000000 ---p 00000000 00:00 0 
7f1ec0000000-7f1ec0021000 rw-p 00000000 00:00 0 
7f1ec0021000-7f1ec4000000 ---p 00000000 00:00 0 
7f1ec4000000-7f1ec64ad000 rw-p 00000000 00:00 0 
7f1ec64ad000-7f1ec8000000 ---p 00000000 00:00 0 
7f1ec8000000-7f1ecb00a000 rw-p 00000000 00:00 0 
7f1ecb00a000-7f1ecc000000 ---p 00000000 00:00 0 
7f1ecc000000-7f1ecc021000 rw-p 00000000 00:00 0 
7f1ecc021000-7f1ed0000000 ---p 00000000 00:00 0 
7f1ed0000000-7f1ed30a2000 rw-p 00000000 00:00 0 
7f1ed30a2000-7f1ed4000000 ---p 00000000 00:00 0 
7f1ed4000000-7f1ed4021000 rw-p 00000000 00:00 0 
7f1ed4021000-7f1ed8000000 ---p 00000000 00:00 0 
7f1ed8000000-7f1ed8021000 rw-p 00000000 00:00 0 
7f1ed8021000-7f1edc000000 ---p 00000000 00:00 0 
7f1edc000000-7f1edc021000 rw-p 00000000 00:00 0 
7f1edc021000-7f1ee0000000 ---p 00000000 00:00 0 
7f1ee04d0000-7f1ee8000000 rw-p 00000000 00:00 0 
7f1ee8000000-7f1ee80f9000 rw-p 00000000 00:00 0 
7f1ee80f9000-7f1eec000000 ---p 00000000 00:00 0 
7f1eec000000-7f1eec02c000 rw-p 00000000 00:00 0 
7f1eec02c000-7f1ef0000000 ---p 00000000 00:00 0 
7f1ef0000000-7f1ef016c000 rw-p 00000000 00:00 0 
7f1ef016c000-7f1ef4000000 ---p 00000000 00:00 0 
7f1ef8000000-7f1ef80f8000 rw-p 00000000 00:00 0 
7f1ef80f8000-7f1efc000000 ---p 00000000 00:00 0 
7f1f00000000-7f1f00177000 rw-p 00000000 00:00 0 
7f1f00177000-7f1f04000000 ---p 00000000 00:00 0 
7f1f08000000-7f1f0804c000 rw-p 00000000 00:00 0 
7f1f0804c000-7f1f0c000000 ---p 00000000 00:00 0 
7f1f10000000-7f1f10117000 rw-p 00000000 00:00 0 
7f1f10117000-7f1f14000000 ---p 00000000 00:00 0 
7f1f173df000-7f1f173e2000 ---p 00000000 00:00 0 
7f1f173e2000-7f1f174e0000 rw-p 00000000 00:00 0 
7f1f174e0000-7f1f174e3000 ---p 00000000 00:00 0 
7f1f174e3000-7f1f175e1000 rw-p 00000000 00:00 0 
7f1f175e1000-7f1f175e4000 ---p 00000000 00:00 0 
7f1f175e4000-7f1f176e2000 rw-p 00000000 00:00 0 
7f1f176e2000-7f1f176e5000 ---p 00000000 00:00 0 
7f1f176e5000-7f1f177e3000 rw-p 00000000 00:00 0 
7f1f177e3000-7f1f177e6000 ---p 00000000 00:00 0 
7f1f177e6000-7f1f178e4000 rw-p 00000000 00:00 0 
7f1f178e4000-7f1f178e7000 ---p 00000000 00:00 0 
7f1f178e7000-7f1f179e5000 rw-p 00000000 00:00 0 
7f1f179e5000-7f1f179e8000 ---p 00000000 00:00 0 
7f1f179e8000-7f1f17ae6000 rw-p 00000000 00:00 0 
7f1f17ae6000-7f1f17ae9000 ---p 00000000 00:00 0 
7f1f17ae9000-7f1f17ca7000 rw-p 00000000 00:00 0 
7f1f17ca7000-7f1f17de7000 ---p 00000000 00:00 0 
7f1f17de7000-7f1f17dff000 r-xp 00000000 103:06 1840354                   /usr/lib/jvm/java-8-openjdk-amd64/jre/lib/amd64/libnet.so
7f1f17dff000-7f1f17ffe000 ---p 00018000 103:06 1840354                   /usr/lib/jvm/java-8-openjdk-amd64/jre/lib/amd64/libnet.so
7f1f17ffe000-7f1f17fff000 r--p 00017000 103:06 1840354                   /usr/lib/jvm/java-8-openjdk-amd64/jre/lib/amd64/libnet.so
7f1f17fff000-7f1f18000000 rw-p 00018000 103:06 1840354                   /usr/lib/jvm/java-8-openjdk-amd64/jre/lib/amd64/libnet.so
7f1f18000000-7f1f181cb000 rw-p 00000000 00:00 0 
7f1f181cb000-7f1f1c000000 ---p 00000000 00:00 0 
7f1f1c0c0000-7f1f1c0d2000 r-xp 00000000 103:06 1840350                   /usr/lib/jvm/java-8-openjdk-amd64/jre/lib/amd64/libnio.so
7f1f1c0d2000-7f1f1c2d1000 ---p 00012000 103:06 1840350                   /usr/lib/jvm/java-8-openjdk-amd64/jre/lib/amd64/libnio.so
7f1f1c2d1000-7f1f1c2d2000 r--p 00011000 103:06 1840350                   /usr/lib/jvm/java-8-openjdk-amd64/jre/lib/amd64/libnio.so
7f1f1c2d2000-7f1f1c2d3000 rw-p 00012000 103:06 1840350                   /usr/lib/jvm/java-8-openjdk-amd64/jre/lib/amd64/libnio.so
7f1f1c2d3000-7f1f1c3b1000 r--s 01c3b000 103:06 1055494                   /home/khuebc/malware/Interprocedural-CFG/ICFGCreator/myIcfg.jar
7f1f1c3b1000-7f1f1c3b2000 ---p 00000000 00:00 0 
7f1f1c3b2000-7f1f1c4b2000 rw-p 00000000 00:00 0 
7f1f1c4b2000-7f1f1c4b5000 ---p 00000000 00:00 0 
7f1f1c4b5000-7f1f1c5b3000 rw-p 00000000 00:00 0 
7f1f1c5b3000-7f1f1c5b6000 ---p 00000000 00:00 0 
7f1f1c5b6000-7f1f1c6b4000 rw-p 00000000 00:00 0 
7f1f1c6b4000-7f1f1c6b7000 ---p 00000000 00:00 0 
7f1f1c6b7000-7f1f1c7b5000 rw-p 00000000 00:00 0 
7f1f1c7b5000-7f1f1c7b8000 ---p 00000000 00:00 0 
7f1f1c7b8000-7f1f1c8b6000 rw-p 00000000 00:00 0 
7f1f1c8b6000-7f1f1c8b9000 ---p 00000000 00:00 0 
7f1f1c8b9000-7f1f1c9b7000 rw-p 00000000 00:00 0 
7f1f1c9b7000-7f1f1c9ba000 ---p 00000000 00:00 0 
7f1f1c9ba000-7f1f1cab8000 rw-p 00000000 00:00 0 
7f1f1cab8000-7f1f1cf0e000 r--p 00000000 103:06 1850669                   /usr/lib/locale/locale-archive
7f1f1cf0e000-7f1f1cf11000 ---p 00000000 00:00 0 
7f1f1cf11000-7f1f1d00f000 rw-p 00000000 00:00 0 
7f1f1d00f000-7f1f1d012000 ---p 00000000 00:00 0 
7f1f1d012000-7f1f1d110000 rw-p 00000000 00:00 0 
7f1f1d110000-7f1f1d111000 ---p 00000000 00:00 0 
7f1f1d111000-7f1f1ed2c000 rw-p 00000000 00:00 0 
7f1f1ed2c000-7f1f1eefd000 r--s 03ca5000 103:06 1840307                   /usr/lib/jvm/java-8-openjdk-amd64/jre/lib/rt.jar
7f1f1eefd000-7f1f1f773000 rw-p 00000000 00:00 0 
7f1f1f773000-7f1f1ff26000 rw-p 00000000 00:00 0 
7f1f1ff26000-7f1f1ff27000 ---p 00000000 00:00 0 
7f1f1ff27000-7f1f20027000 rw-p 00000000 00:00 0 
7f1f20027000-7f1f20028000 ---p 00000000 00:00 0 
7f1f20028000-7f1f20128000 rw-p 00000000 00:00 0 
7f1f20128000-7f1f20129000 ---p 00000000 00:00 0 
7f1f20129000-7f1f20229000 rw-p 00000000 00:00 0 
7f1f20229000-7f1f2022a000 ---p 00000000 00:00 0 
7f1f2022a000-7f1f203c5000 rw-p 00000000 00:00 0 
7f1f203c5000-7f1f2084c000 ---p 00000000 00:00 0 
7f1f2084c000-7f1f208e7000 rw-p 00000000 00:00 0 
7f1f208e7000-7f1f20d6e000 ---p 00000000 00:00 0 
7f1f20d6e000-7f1f20fbf000 rw-p 00000000 00:00 0 
7f1f20fbf000-7f1f20fff000 ---p 00000000 00:00 0 
7f1f20fff000-7f1f21000000 rw-p 00000000 00:00 0 
7f1f21000000-7f1f220e0000 rwxp 00000000 00:00 0 
7f1f220e0000-7f1f30000000 ---p 00000000 00:00 0 
7f1f30000000-7f1f306b3000 rw-p 00000000 00:00 0 
7f1f306b3000-7f1f34000000 ---p 00000000 00:00 0 
7f1f34001000-7f1f3401c000 r--s 001d6000 103:06 1840331                   /usr/lib/jvm/java-8-openjdk-amd64/jre/lib/ext/nashorn.jar
7f1f3401c000-7f1f3406a000 rw-p 00000000 00:00 0 
7f1f3406a000-7f1f3406b000 ---p 00000000 00:00 0 
7f1f3406b000-7f1f3416b000 rw-p 00000000 00:00 0 
7f1f3416b000-7f1f3416c000 ---p 00000000 00:00 0 
7f1f3416c000-7f1f3426c000 rw-p 00000000 00:00 0 
7f1f3426c000-7f1f3426d000 ---p 00000000 00:00 0 
7f1f3426d000-7f1f3436d000 rw-p 00000000 00:00 0 
7f1f3436d000-7f1f3436e000 ---p 00000000 00:00 0 
7f1f3436e000-7f1f344b2000 rw-p 00000000 00:00 0 
7f1f344b2000-7f1f3482e000 ---p 00000000 00:00 0 
7f1f3482e000-7f1f34836000 r-xp 00000000 103:06 1840353                   /usr/lib/jvm/java-8-openjdk-amd64/jre/lib/amd64/libzip.so
7f1f34836000-7f1f34a35000 ---p 00008000 103:06 1840353                   /usr/lib/jvm/java-8-openjdk-amd64/jre/lib/amd64/libzip.so
7f1f34a35000-7f1f34a36000 r--p 00007000 103:06 1840353                   /usr/lib/jvm/java-8-openjdk-amd64/jre/lib/amd64/libzip.so
7f1f34a36000-7f1f34a37000 rw-p 00008000 103:06 1840353                   /usr/lib/jvm/java-8-openjdk-amd64/jre/lib/amd64/libzip.so
7f1f34a37000-7f1f34a42000 r-xp 00000000 103:06 2883680                   /lib/x86_64-linux-gnu/libnss_files-2.23.so
7f1f34a42000-7f1f34c41000 ---p 0000b000 103:06 2883680                   /lib/x86_64-linux-gnu/libnss_files-2.23.so
7f1f34c41000-7f1f34c42000 r--p 0000a000 103:06 2883680                   /lib/x86_64-linux-gnu/libnss_files-2.23.so
7f1f34c42000-7f1f34c43000 rw-p 0000b000 103:06 2883680                   /lib/x86_64-linux-gnu/libnss_files-2.23.so
7f1f34c43000-7f1f34c49000 rw-p 00000000 00:00 0 
7f1f34c49000-7f1f34c54000 r-xp 00000000 103:06 2888850                   /lib/x86_64-linux-gnu/libnss_nis-2.23.so
7f1f34c54000-7f1f34e53000 ---p 0000b000 103:06 2888850                   /lib/x86_64-linux-gnu/libnss_nis-2.23.so
7f1f34e53000-7f1f34e54000 r--p 0000a000 103:06 2888850                   /lib/x86_64-linux-gnu/libnss_nis-2.23.so
7f1f34e54000-7f1f34e55000 rw-p 0000b000 103:06 2888850                   /lib/x86_64-linux-gnu/libnss_nis-2.23.so
7f1f34e55000-7f1f34e6b000 r-xp 00000000 103:06 2888851                   /lib/x86_64-linux-gnu/libnsl-2.23.so
7f1f34e6b000-7f1f3506a000 ---p 00016000 103:06 2888851                   /lib/x86_64-linux-gnu/libnsl-2.23.so
7f1f3506a000-7f1f3506b000 r--p 00015000 103:06 2888851                   /lib/x86_64-linux-gnu/libnsl-2.23.so
7f1f3506b000-7f1f3506c000 rw-p 00016000 103:06 2888851                   /lib/x86_64-linux-gnu/libnsl-2.23.so
7f1f3506c000-7f1f3506e000 rw-p 00000000 00:00 0 
7f1f3506e000-7f1f35076000 r-xp 00000000 103:06 2888853                   /lib/x86_64-linux-gnu/libnss_compat-2.23.so
7f1f35076000-7f1f35275000 ---p 00008000 103:06 2888853                   /lib/x86_64-linux-gnu/libnss_compat-2.23.so
7f1f35275000-7f1f35276000 r--p 00007000 103:06 2888853                   /lib/x86_64-linux-gnu/libnss_compat-2.23.so
7f1f35276000-7f1f35277000 rw-p 00008000 103:06 2888853                   /lib/x86_64-linux-gnu/libnss_compat-2.23.so
7f1f35277000-7f1f352a1000 r-xp 00000000 103:06 1840360                   /usr/lib/jvm/java-8-openjdk-amd64/jre/lib/amd64/libjava.so
7f1f352a1000-7f1f354a0000 ---p 0002a000 103:06 1840360                   /usr/lib/jvm/java-8-openjdk-amd64/jre/lib/amd64/libjava.so
7f1f354a0000-7f1f354a1000 r--p 00029000 103:06 1840360                   /usr/lib/jvm/java-8-openjdk-amd64/jre/lib/amd64/libjava.so
7f1f354a1000-7f1f354a3000 rw-p 0002a000 103:06 1840360                   /usr/lib/jvm/java-8-openjdk-amd64/jre/lib/amd64/libjava.so
7f1f354a3000-7f1f354b2000 r-xp 00000000 103:06 1840358                   /usr/lib/jvm/java-8-openjdk-amd64/jre/lib/amd64/libverify.so
7f1f354b2000-7f1f356b1000 ---p 0000f000 103:06 1840358                   /usr/lib/jvm/java-8-openjdk-amd64/jre/lib/amd64/libverify.so
7f1f356b1000-7f1f356b3000 r--p 0000e000 103:06 1840358                   /usr/lib/jvm/java-8-openjdk-amd64/jre/lib/amd64/libverify.so
7f1f356b3000-7f1f356b4000 rw-p 00010000 103:06 1840358                   /usr/lib/jvm/java-8-openjdk-amd64/jre/lib/amd64/libverify.so
7f1f356b4000-7f1f356bb000 r-xp 00000000 103:06 2883679                   /lib/x86_64-linux-gnu/librt-2.23.so
7f1f356bb000-7f1f358ba000 ---p 00007000 103:06 2883679                   /lib/x86_64-linux-gnu/librt-2.23.so
7f1f358ba000-7f1f358bb000 r--p 00006000 103:06 2883679                   /lib/x86_64-linux-gnu/librt-2.23.so
7f1f358bb000-7f1f358bc000 rw-p 00007000 103:06 2883679                   /lib/x86_64-linux-gnu/librt-2.23.so
7f1f358bc000-7f1f358d2000 r-xp 00000000 103:06 2889166                   /lib/x86_64-linux-gnu/libgcc_s.so.1
7f1f358d2000-7f1f35ad1000 ---p 00016000 103:06 2889166                   /lib/x86_64-linux-gnu/libgcc_s.so.1
7f1f35ad1000-7f1f35ad2000 rw-p 00015000 103:06 2889166                   /lib/x86_64-linux-gnu/libgcc_s.so.1
7f1f35ad2000-7f1f35bda000 r-xp 00000000 103:06 2888805                   /lib/x86_64-linux-gnu/libm-2.23.so
7f1f35bda000-7f1f35dd9000 ---p 00108000 103:06 2888805                   /lib/x86_64-linux-gnu/libm-2.23.so
7f1f35dd9000-7f1f35dda000 r--p 00107000 103:06 2888805                   /lib/x86_64-linux-gnu/libm-2.23.so
7f1f35dda000-7f1f35ddb000 rw-p 00108000 103:06 2888805                   /lib/x86_64-linux-gnu/libm-2.23.so
7f1f35ddb000-7f1f35f4d000 r-xp 00000000 103:06 1846201                   /usr/lib/x86_64-linux-gnu/libstdc++.so.6.0.21
7f1f35f4d000-7f1f3614d000 ---p 00172000 103:06 1846201                   /usr/lib/x86_64-linux-gnu/libstdc++.so.6.0.21
7f1f3614d000-7f1f36157000 r--p 00172000 103:06 1846201                   /usr/lib/x86_64-linux-gnu/libstdc++.so.6.0.21
7f1f36157000-7f1f36159000 rw-p 0017c000 103:06 1846201                   /usr/lib/x86_64-linux-gnu/libstdc++.so.6.0.21
7f1f36159000-7f1f3615d000 rw-p 00000000 00:00 0 
7f1f3615d000-7f1f36e83000 r-xp 00000000 103:06 1840377                   /usr/lib/jvm/java-8-openjdk-amd64/jre/lib/amd64/server/libjvm.so
7f1f36e83000-7f1f37082000 ---p 00d26000 103:06 1840377                   /usr/lib/jvm/java-8-openjdk-amd64/jre/lib/amd64/server/libjvm.so
7f1f37082000-7f1f37118000 r--p 00d25000 103:06 1840377                   /usr/lib/jvm/java-8-openjdk-amd64/jre/lib/amd64/server/libjvm.so
7f1f37118000-7f1f37141000 rw-p 00dbb000 103:06 1840377                   /usr/lib/jvm/java-8-openjdk-amd64/jre/lib/amd64/server/libjvm.so
7f1f37141000-7f1f37174000 rw-p 00000000 00:00 0 
7f1f37174000-7f1f3718c000 r-xp 00000000 103:06 2883671                   /lib/x86_64-linux-gnu/libpthread-2.23.so
7f1f3718c000-7f1f3738b000 ---p 00018000 103:06 2883671                   /lib/x86_64-linux-gnu/libpthread-2.23.so
7f1f3738b000-7f1f3738c000 r--p 00017000 103:06 2883671                   /lib/x86_64-linux-gnu/libpthread-2.23.so
7f1f3738c000-7f1f3738d000 rw-p 00018000 103:06 2883671                   /lib/x86_64-linux-gnu/libpthread-2.23.so
7f1f3738d000-7f1f37391000 rw-p 00000000 00:00 0 
7f1f37391000-7f1f37394000 r-xp 00000000 103:06 2883676                   /lib/x86_64-linux-gnu/libdl-2.23.so
7f1f37394000-7f1f37593000 ---p 00003000 103:06 2883676                   /lib/x86_64-linux-gnu/libdl-2.23.so
7f1f37593000-7f1f37594000 r--p 00002000 103:06 2883676                   /lib/x86_64-linux-gnu/libdl-2.23.so
7f1f37594000-7f1f37595000 rw-p 00003000 103:06 2883676                   /lib/x86_64-linux-gnu/libdl-2.23.so
7f1f37595000-7f1f375ae000 r-xp 00000000 103:06 2889319                   /lib/x86_64-linux-gnu/libz.so.1.2.8
7f1f375ae000-7f1f377ad000 ---p 00019000 103:06 2889319                   /lib/x86_64-linux-gnu/libz.so.1.2.8
7f1f377ad000-7f1f377ae000 r--p 00018000 103:06 2889319                   /lib/x86_64-linux-gnu/libz.so.1.2.8
7f1f377ae000-7f1f377af000 rw-p 00019000 103:06 2889319                   /lib/x86_64-linux-gnu/libz.so.1.2.8
7f1f377af000-7f1f3796f000 r-xp 00000000 103:06 2888852                   /lib/x86_64-linux-gnu/libc-2.23.so
7f1f3796f000-7f1f37b6f000 ---p 001c0000 103:06 2888852                   /lib/x86_64-linux-gnu/libc-2.23.so
7f1f37b6f000-7f1f37b73000 r--p 001c0000 103:06 2888852                   /lib/x86_64-linux-gnu/libc-2.23.so
7f1f37b73000-7f1f37b75000 rw-p 001c4000 103:06 2888852                   /lib/x86_64-linux-gnu/libc-2.23.so
7f1f37b75000-7f1f37b79000 rw-p 00000000 00:00 0 
7f1f37b79000-7f1f37b87000 r-xp 00000000 103:06 1840366                   /usr/lib/jvm/java-8-openjdk-amd64/jre/lib/amd64/jli/libjli.so
7f1f37b87000-7f1f37d86000 ---p 0000e000 103:06 1840366                   /usr/lib/jvm/java-8-openjdk-amd64/jre/lib/amd64/jli/libjli.so
7f1f37d86000-7f1f37d87000 r--p 0000d000 103:06 1840366                   /usr/lib/jvm/java-8-openjdk-amd64/jre/lib/amd64/jli/libjli.so
7f1f37d87000-7f1f37d88000 rw-p 0000e000 103:06 1840366                   /usr/lib/jvm/java-8-openjdk-amd64/jre/lib/amd64/jli/libjli.so
7f1f37d88000-7f1f37dae000 r-xp 00000000 103:06 2883681                   /lib/x86_64-linux-gnu/ld-2.23.so
7f1f37db3000-7f1f37db9000 r--s 0003d000 103:06 1840337                   /usr/lib/jvm/java-8-openjdk-amd64/jre/lib/ext/sunjce_provider.jar
7f1f37db9000-7f1f37dc4000 r--s 00116000 103:06 1840333                   /usr/lib/jvm/java-8-openjdk-amd64/jre/lib/ext/localedata.jar
7f1f37dc4000-7f1f37ddf000 r--s 00394000 103:06 1840329                   /usr/lib/jvm/java-8-openjdk-amd64/jre/lib/ext/cldrdata.jar
7f1f37ddf000-7f1f37e87000 rw-p 00000000 00:00 0 
7f1f37e87000-7f1f37e8a000 ---p 00000000 00:00 0 
7f1f37e8a000-7f1f37f8c000 rw-p 00000000 00:00 0 
7f1f37f8e000-7f1f37f91000 r--s 0000f000 103:06 1840335                   /usr/lib/jvm/java-8-openjdk-amd64/jre/lib/ext/icedtea-sound.jar
7f1f37f91000-7f1f37f93000 r--s 00001000 103:06 1840336                   /usr/lib/jvm/java-8-openjdk-amd64/jre/lib/ext/dnsns.jar
7f1f37f93000-7f1f37f97000 r--s 00040000 103:06 1840334                   /usr/lib/jvm/java-8-openjdk-amd64/jre/lib/ext/sunpkcs11.jar
7f1f37f97000-7f1f37f99000 r--s 00008000 103:06 1840328                   /usr/lib/jvm/java-8-openjdk-amd64/jre/lib/ext/sunec.jar
7f1f37f99000-7f1f37f9a000 r--s 0000a000 103:06 1840332                   /usr/lib/jvm/java-8-openjdk-amd64/jre/lib/ext/jaccess.jar
7f1f37f9a000-7f1f37f9c000 r--s 00010000 103:06 1840330                   /usr/lib/jvm/java-8-openjdk-amd64/jre/lib/ext/zipfs.jar
7f1f37f9c000-7f1f37fa2000 r--s 000d3000 103:06 1840315                   /usr/lib/jvm/java-8-openjdk-amd64/jre/lib/jfr.jar
7f1f37fa2000-7f1f37faa000 rw-s 00000000 103:06 3278871                   /tmp/hsperfdata_khuebc/22864
7f1f37faa000-7f1f37fab000 rw-p 00000000 00:00 0 
7f1f37fab000-7f1f37fac000 ---p 00000000 00:00 0 
7f1f37fac000-7f1f37fad000 rw-p 00000000 00:00 0 
7f1f37fad000-7f1f37fae000 r--p 00025000 103:06 2883681                   /lib/x86_64-linux-gnu/ld-2.23.so
7f1f37fae000-7f1f37faf000 rw-p 00026000 103:06 2883681                   /lib/x86_64-linux-gnu/ld-2.23.so
7f1f37faf000-7f1f37fb0000 rw-p 00000000 00:00 0 
7ffe069ea000-7ffe06a0c000 rw-p 00000000 00:00 0                          [stack]
7ffe06aa1000-7ffe06aa4000 r--p 00000000 00:00 0                          [vvar]
7ffe06aa4000-7ffe06aa6000 r-xp 00000000 00:00 0                          [vdso]
ffffffffff600000-ffffffffff601000 r-xp 00000000 00:00 0                  [vsyscall]

VM Arguments:
java_command: myIcfg.jar Ncxz /home/khuebc/malware/Interprocedural-CFG/ICFGCreator/GeneratedDotFiles/VirusShare_db07770ca503c8a7ab3be83006bea392.jar.dot /home/khuebc/malware/Interprocedural-CFG/ICFGCreator/GeneratedDotFiles/VirusShare_db07770ca503c8a7ab3be83006bea392.jar
java_class_path (initial): myIcfg.jar
Launcher Type: SUN_STANDARD

Environment Variables:
JAVA_HOME=/usr/lib/jvm/java-8-openjdk-amd64
PATH=/home/khuebc/bin:/home/khuebc/.local/bin:/usr/local/sbin:/usr/local/bin:/usr/sbin:/usr/bin:/sbin:/bin:/usr/games:/usr/local/games:/snap/bin:/home/khuebc/bin:/usr/lib/jvm/java-1.8.0-openjdk-amd64/bin
SHELL=/bin/bash
DISPLAY=:0

Signal Handlers:
SIGSEGV: [libjvm.so+0xb1f1b0], sa_mask[0]=11111111011111111101111111111110, sa_flags=SA_RESTART|SA_SIGINFO
SIGBUS: [libjvm.so+0xb1f1b0], sa_mask[0]=11111111011111111101111111111110, sa_flags=SA_RESTART|SA_SIGINFO
SIGFPE: [libjvm.so+0x956cf0], sa_mask[0]=11111111011111111101111111111110, sa_flags=SA_RESTART|SA_SIGINFO
SIGPIPE: [libjvm.so+0x956cf0], sa_mask[0]=11111111011111111101111111111110, sa_flags=SA_RESTART|SA_SIGINFO
SIGXFSZ: [libjvm.so+0x956cf0], sa_mask[0]=11111111011111111101111111111110, sa_flags=SA_RESTART|SA_SIGINFO
SIGILL: [libjvm.so+0x956cf0], sa_mask[0]=11111111011111111101111111111110, sa_flags=SA_RESTART|SA_SIGINFO
SIGUSR1: SIG_DFL, sa_mask[0]=00000000000000000000000000000000, sa_flags=none
SIGUSR2: [libjvm.so+0x956ba0], sa_mask[0]=00000000000000000000000000000000, sa_flags=SA_RESTART|SA_SIGINFO
SIGHUP: [libjvm.so+0x957230], sa_mask[0]=11111111011111111101111111111110, sa_flags=SA_RESTART|SA_SIGINFO
SIGINT: [libjvm.so+0x957230], sa_mask[0]=11111111011111111101111111111110, sa_flags=SA_RESTART|SA_SIGINFO
SIGTERM: [libjvm.so+0x957230], sa_mask[0]=11111111011111111101111111111110, sa_flags=SA_RESTART|SA_SIGINFO
SIGQUIT: [libjvm.so+0x957230], sa_mask[0]=11111111011111111101111111111110, sa_flags=SA_RESTART|SA_SIGINFO


---------------  S Y S T E M  ---------------

OS:DISTRIB_ID=Ubuntu
DISTRIB_RELEASE=16.04
DISTRIB_CODENAME=xenial
DISTRIB_DESCRIPTION="Ubuntu 16.04.7 LTS"

uname:Linux 4.15.0-142-generic #146~16.04.1-Ubuntu SMP Tue Apr 13 09:27:15 UTC 2021 x86_64
libc:glibc 2.23 NPTL 2.23 
rlimit: STACK 8192k, CORE 0k, NPROC 62276, NOFILE 1048576, AS infinity
load average:6,36 6,07 5,42

/proc/meminfo:
MemTotal:       16139036 kB
MemFree:          162844 kB
MemAvailable:     107496 kB
Buffers:           21444 kB
Cached:          2215432 kB
SwapCached:            0 kB
Active:         13503612 kB
Inactive:        2014904 kB
Active(anon):   13453524 kB
Inactive(anon):  1925668 kB
Active(file):      50088 kB
Inactive(file):    89236 kB
Unevictable:         160 kB
Mlocked:             160 kB
SwapTotal:             0 kB
SwapFree:              0 kB
Dirty:               272 kB
Writeback:         13332 kB
AnonPages:      13282312 kB
Mapped:           985984 kB
Shmem:           2097040 kB
Slab:             209124 kB
SReclaimable:      96384 kB
SUnreclaim:       112740 kB
KernelStack:       21344 kB
PageTables:       114136 kB
NFS_Unstable:          0 kB
Bounce:                0 kB
WritebackTmp:          0 kB
CommitLimit:     8069516 kB
Committed_AS:   25672240 kB
VmallocTotal:   34359738367 kB
VmallocUsed:           0 kB
VmallocChunk:          0 kB
HardwareCorrupted:     0 kB
AnonHugePages:         0 kB
ShmemHugePages:        0 kB
ShmemPmdMapped:        0 kB
CmaTotal:              0 kB
CmaFree:               0 kB
HugePages_Total:       0
HugePages_Free:        0
HugePages_Rsvd:        0
HugePages_Surp:        0
Hugepagesize:       2048 kB
DirectMap4k:      865108 kB
DirectMap2M:    15558656 kB
DirectMap1G:           0 kB

container (cgroup) information:
container_type: cgroupv1
cpu_cpuset_cpus: 0-7
cpu_memory_nodes: 0
active_processor_count: 8
cpu_quota: -1
cpu_period: 100000
cpu_shares: -1
memory_limit_in_bytes: -1
memory_and_swap_limit_in_bytes: -2
memory_soft_limit_in_bytes: -1
memory_usage_in_bytes: 15890776064
memory_max_usage_in_bytes: 42196992


CPU:total 8 (initial active 8) (4 cores per cpu, 2 threads per core) family 6 model 142 stepping 12, cmov, cx8, fxsr, mmx, sse, sse2, sse3, ssse3, sse4.1, sse4.2, popcnt, avx, avx2, aes, clmul, erms, 3dnowpref, lzcnt, ht, tsc, tscinvbit, bmi1, bmi2, adx

/proc/cpuinfo:
processor	: 0
vendor_id	: GenuineIntel
cpu family	: 6
model		: 142
model name	: Intel(R) Core(TM) i7-8565U CPU @ 1.80GHz
stepping	: 12
microcode	: 0xea
cpu MHz		: 2500.001
cache size	: 8192 KB
physical id	: 0
siblings	: 8
core id		: 0
cpu cores	: 4
apicid		: 0
initial apicid	: 0
fpu		: yes
fpu_exception	: yes
cpuid level	: 22
wp		: yes
flags		: fpu vme de pse tsc msr pae mce cx8 apic sep mtrr pge mca cmov pat pse36 clflush dts acpi mmx fxsr sse sse2 ss ht tm pbe syscall nx pdpe1gb rdtscp lm constant_tsc art arch_perfmon pebs bts rep_good nopl xtopology nonstop_tsc cpuid aperfmperf pni pclmulqdq dtes64 monitor ds_cpl vmx est tm2 ssse3 sdbg fma cx16 xtpr pdcm pcid sse4_1 sse4_2 x2apic movbe popcnt tsc_deadline_timer aes xsave avx f16c rdrand lahf_lm abm 3dnowprefetch cpuid_fault epb invpcid_single ssbd ibrs ibpb stibp ibrs_enhanced tpr_shadow vnmi flexpriority ept vpid fsgsbase tsc_adjust bmi1 avx2 smep bmi2 erms invpcid mpx rdseed adx smap clflushopt intel_pt xsaveopt xsavec xgetbv1 xsaves dtherm ida arat pln pts hwp hwp_notify hwp_act_window hwp_epp md_clear flush_l1d arch_capabilities
bugs		: spectre_v1 spectre_v2 spec_store_bypass swapgs itlb_multihit srbds
bogomips	: 3999.93
clflush size	: 64
cache_alignment	: 64
address sizes	: 39 bits physical, 48 bits virtual
power management:

processor	: 1
vendor_id	: GenuineIntel
cpu family	: 6
model		: 142
model name	: Intel(R) Core(TM) i7-8565U CPU @ 1.80GHz
stepping	: 12
microcode	: 0xea
cpu MHz		: 2500.003
cache size	: 8192 KB
physical id	: 0
siblings	: 8
core id		: 1
cpu cores	: 4
apicid		: 2
initial apicid	: 2
fpu		: yes
fpu_exception	: yes
cpuid level	: 22
wp		: yes
flags		: fpu vme de pse tsc msr pae mce cx8 apic sep mtrr pge mca cmov pat pse36 clflush dts acpi mmx fxsr sse sse2 ss ht tm pbe syscall nx pdpe1gb rdtscp lm constant_tsc art arch_perfmon pebs bts rep_good nopl xtopology nonstop_tsc cpuid aperfmperf pni pclmulqdq dtes64 monitor ds_cpl vmx est tm2 ssse3 sdbg fma cx16 xtpr pdcm pcid sse4_1 sse4_2 x2apic movbe popcnt tsc_deadline_timer aes xsave avx f16c rdrand lahf_lm abm 3dnowprefetch cpuid_fault epb invpcid_single ssbd ibrs ibpb stibp ibrs_enhanced tpr_shadow vnmi flexpriority ept vpid fsgsbase tsc_adjust bmi1 avx2 smep bmi2 erms invpcid mpx rdseed adx smap clflushopt intel_pt xsaveopt xsavec xgetbv1 xsaves dtherm ida arat pln pts hwp hwp_notify hwp_act_window hwp_epp md_clear flush_l1d arch_capabilities
bugs		: spectre_v1 spectre_v2 spec_store_bypass swapgs itlb_multihit srbds
bogomips	: 3999.93
clflush size	: 64
cache_alignment	: 64
address sizes	: 39 bits physical, 48 bits virtual
power management:

processor	: 2
vendor_id	: GenuineIntel
cpu family	: 6
model		: 142
model name	: Intel(R) Core(TM) i7-8565U CPU @ 1.80GHz
stepping	: 12
microcode	: 0xea
cpu MHz		: 2500.000
cache size	: 8192 KB
physical id	: 0
siblings	: 8
core id		: 2
cpu cores	: 4
apicid		: 4
initial apicid	: 4
fpu		: yes
fpu_exception	: yes
cpuid level	: 22
wp		: yes
flags		: fpu vme de pse tsc msr pae mce cx8 apic sep mtrr pge mca cmov pat pse36 clflush dts acpi mmx fxsr sse sse2 ss ht tm pbe syscall nx pdpe1gb rdtscp lm constant_tsc art arch_perfmon pebs bts rep_good nopl xtopology nonstop_tsc cpuid aperfmperf pni pclmulqdq dtes64 monitor ds_cpl vmx est tm2 ssse3 sdbg fma cx16 xtpr pdcm pcid sse4_1 sse4_2 x2apic movbe popcnt tsc_deadline_timer aes xsave avx f16c rdrand lahf_lm abm 3dnowprefetch cpuid_fault epb invpcid_single ssbd ibrs ibpb stibp ibrs_enhanced tpr_shadow vnmi flexpriority ept vpid fsgsbase tsc_adjust bmi1 avx2 smep bmi2 erms invpcid mpx rdseed adx smap clflushopt intel_pt xsaveopt xsavec xgetbv1 xsaves dtherm ida arat pln pts hwp hwp_notify hwp_act_window hwp_epp md_clear flush_l1d arch_capabilities
bugs		: spectre_v1 spectre_v2 spec_store_bypass swapgs itlb_multihit srbds
bogomips	: 3999.93
clflush size	: 64
cache_alignment	: 64
address sizes	: 39 bits physical, 48 bits virtual
power management:

processor	: 3
vendor_id	: GenuineIntel
cpu family	: 6
model		: 142
model name	: Intel(R) Core(TM) i7-8565U CPU @ 1.80GHz
stepping	: 12
microcode	: 0xea
cpu MHz		: 2500.005
cache size	: 8192 KB
physical id	: 0
siblings	: 8
core id		: 3
cpu cores	: 4
apicid		: 6
initial apicid	: 6
fpu		: yes
fpu_exception	: yes
cpuid level	: 22
wp		: yes
flags		: fpu vme de pse tsc msr pae mce cx8 apic sep mtrr pge mca cmov pat pse36 clflush dts acpi mmx fxsr sse sse2 ss ht tm pbe syscall nx pdpe1gb rdtscp lm constant_tsc art arch_perfmon pebs bts rep_good nopl xtopology nonstop_tsc cpuid aperfmperf pni pclmulqdq dtes64 monitor ds_cpl vmx est tm2 ssse3 sdbg fma cx16 xtpr pdcm pcid sse4_1 sse4_2 x2apic movbe popcnt tsc_deadline_timer aes xsave avx f16c rdrand lahf_lm abm 3dnowprefetch cpuid_fault epb invpcid_single ssbd ibrs ibpb stibp ibrs_enhanced tpr_shadow vnmi flexpriority ept vpid fsgsbase tsc_adjust bmi1 avx2 smep bmi2 erms invpcid mpx rdseed adx smap clflushopt intel_pt xsaveopt xsavec xgetbv1 xsaves dtherm ida arat pln pts hwp hwp_notify hwp_act_window hwp_epp md_clear flush_l1d arch_capabilities
bugs		: spectre_v1 spectre_v2 spec_store_bypass swapgs itlb_multihit srbds
bogomips	: 3999.93
clflush size	: 64
cache_alignment	: 64
address sizes	: 39 bits physical, 48 bits virtual
power management:

processor	: 4
vendor_id	: GenuineIntel
cpu family	: 6
model		: 142
model name	: Intel(R) Core(TM) i7-8565U CPU @ 1.80GHz
stepping	: 12
microcode	: 0xea
cpu MHz		: 2500.000
cache size	: 8192 KB
physical id	: 0
siblings	: 8
core id		: 0
cpu cores	: 4
apicid		: 1
initial apicid	: 1
fpu		: yes
fpu_exception	: yes
cpuid level	: 22
wp		: yes
flags		: fpu vme de pse tsc msr pae mce cx8 apic sep mtrr pge mca cmov pat pse36 clflush dts acpi mmx fxsr sse sse2 ss ht tm pbe syscall nx pdpe1gb rdtscp lm constant_tsc art arch_perfmon pebs bts rep_good nopl xtopology nonstop_tsc cpuid aperfmperf pni pclmulqdq dtes64 monitor ds_cpl vmx est tm2 ssse3 sdbg fma cx16 xtpr pdcm pcid sse4_1 sse4_2 x2apic movbe popcnt tsc_deadline_timer aes xsave avx f16c rdrand lahf_lm abm 3dnowprefetch cpuid_fault epb invpcid_single ssbd ibrs ibpb stibp ibrs_enhanced tpr_shadow vnmi flexpriority ept vpid fsgsbase tsc_adjust bmi1 avx2 smep bmi2 erms invpcid mpx rdseed adx smap clflushopt intel_pt xsaveopt xsavec xgetbv1 xsaves dtherm ida arat pln pts hwp hwp_notify hwp_act_window hwp_epp md_clear flush_l1d arch_capabilities
bugs		: spectre_v1 spectre_v2 spec_store_bypass swapgs itlb_multihit srbds
bogomips	: 3999.93
clflush size	: 64
cache_alignment	: 64
address sizes	: 39 bits physical, 48 bits virtual
power management:

processor	: 5
vendor_id	: GenuineIntel
cpu family	: 6
model		: 142
model name	: Intel(R) Core(TM) i7-8565U CPU @ 1.80GHz
stepping	: 12
microcode	: 0xea
cpu MHz		: 2499.999
cache size	: 8192 KB
physical id	: 0
siblings	: 8
core id		: 1
cpu cores	: 4
apicid		: 3
initial apicid	: 3
fpu		: yes
fpu_exception	: yes
cpuid level	: 22
wp		: yes
flags		: fpu vme de pse tsc msr pae mce cx8 apic sep mtrr pge mca cmov pat pse36 clflush dts acpi mmx fxsr sse sse2 ss ht tm pbe syscall nx pdpe1gb rdtscp lm constant_tsc art arch_perfmon pebs bts rep_good nopl xtopology nonstop_tsc cpuid aperfmperf pni pclmulqdq dtes64 monitor ds_cpl vmx est tm2 ssse3 sdbg fma cx16 xtpr pdcm pcid sse4_1 sse4_2 x2apic movbe popcnt tsc_deadline_timer aes xsave avx f16c rdrand lahf_lm abm 3dnowprefetch cpuid_fault epb invpcid_single ssbd ibrs ibpb stibp ibrs_enhanced tpr_shadow vnmi flexpriority ept vpid fsgsbase tsc_adjust bmi1 avx2 smep bmi2 erms invpcid mpx rdseed adx smap clflushopt intel_pt xsaveopt xsavec xgetbv1 xsaves dtherm ida arat pln pts hwp hwp_notify hwp_act_window hwp_epp md_clear flush_l1d arch_capabilities
bugs		: spectre_v1 spectre_v2 spec_store_bypass swapgs itlb_multihit srbds
bogomips	: 3999.93
clflush size	: 64
cache_alignment	: 64
address sizes	: 39 bits physical, 48 bits virtual
power management:

processor	: 6
vendor_id	: GenuineIntel
cpu family	: 6
model		: 142
model name	: Intel(R) Core(TM) i7-8565U CPU @ 1.80GHz
stepping	: 12
microcode	: 0xea
cpu MHz		: 2499.998
cache size	: 8192 KB
physical id	: 0
siblings	: 8
core id		: 2
cpu cores	: 4
apicid		: 5
initial apicid	: 5
fpu		: yes
fpu_exception	: yes
cpuid level	: 22
wp		: yes
flags		: fpu vme de pse tsc msr pae mce cx8 apic sep mtrr pge mca cmov pat pse36 clflush dts acpi mmx fxsr sse sse2 ss ht tm pbe syscall nx pdpe1gb rdtscp lm constant_tsc art arch_perfmon pebs bts rep_good nopl xtopology nonstop_tsc cpuid aperfmperf pni pclmulqdq dtes64 monitor ds_cpl vmx est tm2 ssse3 sdbg fma cx16 xtpr pdcm pcid sse4_1 sse4_2 x2apic movbe popcnt tsc_deadline_timer aes xsave avx f16c rdrand lahf_lm abm 3dnowprefetch cpuid_fault epb invpcid_single ssbd ibrs ibpb stibp ibrs_enhanced tpr_shadow vnmi flexpriority ept vpid fsgsbase tsc_adjust bmi1 avx2 smep bmi2 erms invpcid mpx rdseed adx smap clflushopt intel_pt xsaveopt xsavec xgetbv1 xsaves dtherm ida arat pln pts hwp hwp_notify hwp_act_window hwp_epp md_clear flush_l1d arch_capabilities
bugs		: spectre_v1 spectre_v2 spec_store_bypass swapgs itlb_multihit srbds
bogomips	: 3999.93
clflush size	: 64
cache_alignment	: 64
address sizes	: 39 bits physical, 48 bits virtual
power management:

processor	: 7
vendor_id	: GenuineIntel
cpu family	: 6
model		: 142
model name	: Intel(R) Core(TM) i7-8565U CPU @ 1.80GHz
stepping	: 12
microcode	: 0xea
cpu MHz		: 2500.002
cache size	: 8192 KB
physical id	: 0
siblings	: 8
core id		: 3
cpu cores	: 4
apicid		: 7
initial apicid	: 7
fpu		: yes
fpu_exception	: yes
cpuid level	: 22
wp		: yes
flags		: fpu vme de pse tsc msr pae mce cx8 apic sep mtrr pge mca cmov pat pse36 clflush dts acpi mmx fxsr sse sse2 ss ht tm pbe syscall nx pdpe1gb rdtscp lm constant_tsc art arch_perfmon pebs bts rep_good nopl xtopology nonstop_tsc cpuid aperfmperf pni pclmulqdq dtes64 monitor ds_cpl vmx est tm2 ssse3 sdbg fma cx16 xtpr pdcm pcid sse4_1 sse4_2 x2apic movbe popcnt tsc_deadline_timer aes xsave avx f16c rdrand lahf_lm abm 3dnowprefetch cpuid_fault epb invpcid_single ssbd ibrs ibpb stibp ibrs_enhanced tpr_shadow vnmi flexpriority ept vpid fsgsbase tsc_adjust bmi1 avx2 smep bmi2 erms invpcid mpx rdseed adx smap clflushopt intel_pt xsaveopt xsavec xgetbv1 xsaves dtherm ida arat pln pts hwp hwp_notify hwp_act_window hwp_epp md_clear flush_l1d arch_capabilities
bugs		: spectre_v1 spectre_v2 spec_store_bypass swapgs itlb_multihit srbds
bogomips	: 3999.93
clflush size	: 64
cache_alignment	: 64
address sizes	: 39 bits physical, 48 bits virtual
power management:



Memory: 4k page, physical 16139036k(158888k free), swap 0k(0k free)

vm_info: OpenJDK 64-Bit Server VM (25.292-b10) for linux-amd64 JRE (1.8.0_292-8u292-b10-0ubuntu1~16.04.1-b10), built on Apr 21 2021 12:47:35 by "buildd" with gcc 5.4.0 20160609

time: Wed Jun 30 08:44:19 2021
timezone: +07
elapsed time: 70.249997 seconds (0d 0h 1m 10s)

