#
# There is insufficient memory for the Java Runtime Environment to continue.
# Native memory allocation (mmap) failed to map 230686720 bytes for committing reserved memory.
# Possible reasons:
#   The system is out of physical RAM or swap space
#   The process is running with CompressedOops enabled, and the Java Heap may be blocking the growth of the native heap
# Possible solutions:
#   Reduce memory load on the system
#   Increase physical memory or swap space
#   Check if swap backing store is full
#   Decrease Java heap size (-Xmx/-Xms)
#   Decrease number of Java threads
#   Decrease Java thread stack sizes (-Xss)
#   Set larger code cache with -XX:ReservedCodeCacheSize=
#   JVM is running with Zero Based Compressed Oops mode in which the Java heap is
#     placed in the first 32GB address space. The Java Heap base address is the
#     maximum limit for the native heap growth. Please use -XX:HeapBaseMinAddress
#     to set the Java Heap base and to place the Java Heap above 32GB virtual address.
# This output file may be truncated or incomplete.
#
#  Out of Memory Error (os_linux.cpp:2798), pid=3429, tid=0x00007f7e26beb700
#
# JRE version: OpenJDK Runtime Environment (8.0_292-b10) (build 1.8.0_292-8u292-b10-0ubuntu1~16.04.1-b10)
# Java VM: OpenJDK 64-Bit Server VM (25.292-b10 mixed mode linux-amd64 compressed oops)
# Failed to write core dump. Core dumps have been disabled. To enable core dumping, try "ulimit -c unlimited" before starting Java again
#

---------------  T H R E A D  ---------------

Current thread (0x00007f7e441c8800):  VMThread [stack: 0x00007f7e26aeb000,0x00007f7e26bec000] [id=3440]

Stack: [0x00007f7e26aeb000,0x00007f7e26bec000],  sp=0x00007f7e26bea360,  free space=1020k
Native frames: (J=compiled Java code, j=interpreted, Vv=VM code, C=native code)
V  [libjvm.so+0xb1e67b]
V  [libjvm.so+0x4e01dc]
V  [libjvm.so+0x95bc48]
V  [libjvm.so+0x953b3e]
V  [libjvm.so+0x9d4ad6]
V  [libjvm.so+0x9c3a7a]
V  [libjvm.so+0x9c3c83]
V  [libjvm.so+0x9c45e8]
V  [libjvm.so+0x9ca9de]
V  [libjvm.so+0x9d265d]
V  [libjvm.so+0x983953]
V  [libjvm.so+0xb20372]
V  [libjvm.so+0xb26067]
V  [libjvm.so+0xb23b43]
V  [libjvm.so+0xb23ee5]
V  [libjvm.so+0xb244b2]
V  [libjvm.so+0x958fe2]

VM_Operation (0x00007f7e4d9be410): ParallelGCFailedAllocation, mode: safepoint, requested by thread 0x00007f7e4400b000


---------------  P R O C E S S  ---------------

Java Threads: ( => current thread )
  0x00007f7e4421d800 JavaThread "Service Thread" daemon [_thread_blocked, id=3448, stack(0x00007f7e25e8d000,0x00007f7e25f8e000)]
  0x00007f7e44212000 JavaThread "C1 CompilerThread3" daemon [_thread_blocked, id=3447, stack(0x00007f7e25f8e000,0x00007f7e2608f000)]
  0x00007f7e44210000 JavaThread "C2 CompilerThread2" daemon [_thread_blocked, id=3446, stack(0x00007f7e2608f000,0x00007f7e26190000)]
  0x00007f7e4420e000 JavaThread "C2 CompilerThread1" daemon [_thread_blocked, id=3445, stack(0x00007f7e26190000,0x00007f7e26291000)]
  0x00007f7e4420b800 JavaThread "C2 CompilerThread0" daemon [_thread_blocked, id=3444, stack(0x00007f7e26291000,0x00007f7e26392000)]
  0x00007f7e44208000 JavaThread "Signal Dispatcher" daemon [_thread_blocked, id=3443, stack(0x00007f7e26392000,0x00007f7e26493000)]
  0x00007f7e441d7000 JavaThread "Finalizer" daemon [_thread_blocked, id=3442, stack(0x00007f7e268e9000,0x00007f7e269ea000)]
  0x00007f7e441d2800 JavaThread "Reference Handler" daemon [_thread_blocked, id=3441, stack(0x00007f7e269ea000,0x00007f7e26aeb000)]
  0x00007f7e4400b000 JavaThread "main" [_thread_blocked, id=3431, stack(0x00007f7e4d8bf000,0x00007f7e4d9c0000)]

Other Threads:
=>0x00007f7e441c8800 VMThread [stack: 0x00007f7e26aeb000,0x00007f7e26bec000] [id=3440]
  0x00007f7e44220000 WatcherThread [stack: 0x00007f7e25d8c000,0x00007f7e25e8d000] [id=3449]

VM state:at safepoint (normal execution)

VM Mutex/Monitor currently owned by a thread:  ([mutex/lock_event])
[0x00007f7e44006a50] ExpandHeap_lock - owner thread: 0x00007f7e441c8800
[0x00007f7e440070d0] Threads_lock - owner thread: 0x00007f7e441c8800
[0x00007f7e440075d0] Heap_lock - owner thread: 0x00007f7e4400b000

heap address: 0x00000006c9a00000, size: 3942 MB, Compressed Oops mode: Zero based, Oop shift amount: 3
Narrow klass base: 0x0000000000000000, Narrow klass shift: 3
Compressed class space size: 1073741824 Address: 0x00000007c0000000

Heap:
 PSYoungGen      total 818688K, used 80499K [0x000000076de00000, 0x00000007ba480000, 0x00000007c0000000)
  eden space 425984K, 0% used [0x000000076de00000,0x000000076de00000,0x0000000787e00000)
  from space 392704K, 20% used [0x0000000787e00000,0x000000078cc9cf20,0x000000079fd80000)
  to   space 400896K, 0% used [0x00000007a1d00000,0x00000007a1d00000,0x00000007ba480000)
 ParOldGen       total 317440K, used 317051K [0x00000006c9a00000, 0x00000006dd000000, 0x000000076de00000)
  object space 317440K, 99% used [0x00000006c9a00000,0x00000006dcf9ee60,0x00000006dd000000)
 Metaspace       used 9375K, capacity 9756K, committed 9984K, reserved 1058816K
  class space    used 947K, capacity 976K, committed 1024K, reserved 1048576K

Card table byte_map: [0x00007f7e496f2000,0x00007f7e49ea6000] byte_map_base: 0x00007f7e460a5000

Marking Bits: (ParMarkBitMap*) 0x00007f7e4cb8f8a0
 Begin Bits: [0x00007f7dfc4d0000, 0x00007f7e00268000)
 End Bits:   [0x00007f7e00268000, 0x00007f7e04000000)

Polling page: 0x00007f7e4d9e3000

CodeCache: size=245760Kb used=15870Kb max_used=15913Kb free=229889Kb
 bounds [0x00007f7e35000000, 0x00007f7e36010000, 0x00007f7e44000000]
 total_blobs=2824 nmethods=2543 adapters=193
 compilation: enabled

Compilation events (10 events):
Event: 35,531 Thread 0x00007f7e4420b800 3899       4       soot.jimple.toolkits.callgraph.CallGraph::removeEdge (222 bytes)
Event: 35,556 Thread 0x00007f7e4420b800 nmethod 3899 0x00007f7e35bc1850 code [0x00007f7e35bc1bc0, 0x00007f7e35bc3b90]
Event: 35,556 Thread 0x00007f7e4420b800 3911       4       soot.toolkits.graph.UnitGraph::buildHeadsAndTails (183 bytes)
Event: 35,592 Thread 0x00007f7e4420b800 nmethod 3911 0x00007f7e35efd590 code [0x00007f7e35efd980, 0x00007f7e35f00138]
Event: 35,592 Thread 0x00007f7e4420b800 3910       4       soot.toolkits.scalar.ArraySparseSet::clear (14 bytes)
Event: 35,593 Thread 0x00007f7e4420b800 nmethod 3910 0x00007f7e35bd70d0 code [0x00007f7e35bd7220, 0x00007f7e35bd7338]
Event: 35,593 Thread 0x00007f7e4420b800 3844       4       java.util.Arrays::fill (21 bytes)
Event: 35,594 Thread 0x00007f7e4420b800 nmethod 3844 0x00007f7e35ec9110 code [0x00007f7e35ec9260, 0x00007f7e35ec93b8]
Event: 35,676 Thread 0x00007f7e4420e000 nmethod 3888 0x00007f7e35863210 code [0x00007f7e35863d20, 0x00007f7e3586ccb0]
Event: 35,710 Thread 0x00007f7e44210000 nmethod 3886 0x00007f7e35ff48d0 code [0x00007f7e35ff5240, 0x00007f7e35ffcff8]

GC Heap History (10 events):
Event: 28,344 GC heap after
Heap after GC invocations=24 (full 1):
 PSYoungGen      total 729600K, used 249014K [0x000000076de00000, 0x00000007b2600000, 0x00000007c0000000)
  eden space 408576K, 0% used [0x000000076de00000,0x000000076de00000,0x0000000786d00000)
  from space 321024K, 77% used [0x0000000786d00000,0x000000079602d8c8,0x000000079a680000)
  to   space 343040K, 0% used [0x000000079d700000,0x000000079d700000,0x00000007b2600000)
 ParOldGen       total 317440K, used 236283K [0x00000006c9a00000, 0x00000006dd000000, 0x000000076de00000)
  object space 317440K, 74% used [0x00000006c9a00000,0x00000006d80beed8,0x00000006dd000000)
 Metaspace       used 9312K, capacity 9692K, committed 9984K, reserved 1058816K
  class space    used 943K, capacity 976K, committed 1024K, reserved 1048576K
}
Event: 30,132 GC heap before
{Heap before GC invocations=25 (full 1):
 PSYoungGen      total 729600K, used 657590K [0x000000076de00000, 0x00000007b2600000, 0x00000007c0000000)
  eden space 408576K, 100% used [0x000000076de00000,0x0000000786d00000,0x0000000786d00000)
  from space 321024K, 77% used [0x0000000786d00000,0x000000079602d8c8,0x000000079a680000)
  to   space 343040K, 0% used [0x000000079d700000,0x000000079d700000,0x00000007b2600000)
 ParOldGen       total 317440K, used 236283K [0x00000006c9a00000, 0x00000006dd000000, 0x000000076de00000)
  object space 317440K, 74% used [0x00000006c9a00000,0x00000006d80beed8,0x00000006dd000000)
 Metaspace       used 9312K, capacity 9692K, committed 9984K, reserved 1058816K
  class space    used 943K, capacity 976K, committed 1024K, reserved 1048576K
Event: 30,271 GC heap after
Heap after GC invocations=25 (full 1):
 PSYoungGen      total 759808K, used 255478K [0x000000076de00000, 0x00000007b4c80000, 0x00000007c0000000)
  eden space 416768K, 0% used [0x000000076de00000,0x000000076de00000,0x0000000787500000)
  from space 343040K, 74% used [0x000000079d700000,0x00000007ad07d8c8,0x00000007b2600000)
  to   space 362496K, 0% used [0x0000000787500000,0x0000000787500000,0x000000079d700000)
 ParOldGen       total 317440K, used 247823K [0x00000006c9a00000, 0x00000006dd000000, 0x000000076de00000)
  object space 317440K, 78% used [0x00000006c9a00000,0x00000006d8c03ee8,0x00000006dd000000)
 Metaspace       used 9312K, capacity 9692K, committed 9984K, reserved 1058816K
  class space    used 943K, capacity 976K, committed 1024K, reserved 1048576K
}
Event: 31,931 GC heap before
{Heap before GC invocations=26 (full 1):
 PSYoungGen      total 759808K, used 672246K [0x000000076de00000, 0x00000007b4c80000, 0x00000007c0000000)
  eden space 416768K, 100% used [0x000000076de00000,0x0000000787500000,0x0000000787500000)
  from space 343040K, 74% used [0x000000079d700000,0x00000007ad07d8c8,0x00000007b2600000)
  to   space 362496K, 0% used [0x0000000787500000,0x0000000787500000,0x000000079d700000)
 ParOldGen       total 317440K, used 247823K [0x00000006c9a00000, 0x00000006dd000000, 0x000000076de00000)
  object space 317440K, 78% used [0x00000006c9a00000,0x00000006d8c03ee8,0x00000006dd000000)
 Metaspace       used 9315K, capacity 9692K, committed 9984K, reserved 1058816K
  class space    used 943K, capacity 976K, committed 1024K, reserved 1048576K
Event: 32,085 GC heap after
Heap after GC invocations=26 (full 1):
 PSYoungGen      total 779264K, used 259574K [0x000000076de00000, 0x00000007b6f80000, 0x00000007c0000000)
  eden space 416768K, 0% used [0x000000076de00000,0x000000076de00000,0x0000000787500000)
  from space 362496K, 71% used [0x0000000787500000,0x000000079727d8b8,0x000000079d700000)
  to   space 378880K, 0% used [0x000000079fd80000,0x000000079fd80000,0x00000007b6f80000)
 ParOldGen       total 317440K, used 261899K [0x00000006c9a00000, 0x00000006dd000000, 0x000000076de00000)
  object space 317440K, 82% used [0x00000006c9a00000,0x00000006d99c2f08,0x00000006dd000000)
 Metaspace       used 9315K, capacity 9692K, committed 9984K, reserved 1058816K
  class space    used 943K, capacity 976K, committed 1024K, reserved 1048576K
}
Event: 34,189 GC heap before
{Heap before GC invocations=27 (full 1):
 PSYoungGen      total 779264K, used 676342K [0x000000076de00000, 0x00000007b6f80000, 0x00000007c0000000)
  eden space 416768K, 100% used [0x000000076de00000,0x0000000787500000,0x0000000787500000)
  from space 362496K, 71% used [0x0000000787500000,0x000000079727d8b8,0x000000079d700000)
  to   space 378880K, 0% used [0x000000079fd80000,0x000000079fd80000,0x00000007b6f80000)
 ParOldGen       total 317440K, used 261899K [0x00000006c9a00000, 0x00000006dd000000, 0x000000076de00000)
  object space 317440K, 82% used [0x00000006c9a00000,0x00000006d99c2f08,0x00000006dd000000)
 Metaspace       used 9316K, capacity 9692K, committed 9984K, reserved 1058816K
  class space    used 943K, capacity 976K, committed 1024K, reserved 1048576K
Event: 34,344 GC heap after
Heap after GC invocations=27 (full 1):
 PSYoungGen      total 804864K, used 265526K [0x000000076de00000, 0x00000007b8a00000, 0x00000007c0000000)
  eden space 425984K, 0% used [0x000000076de00000,0x000000076de00000,0x0000000787e00000)
  from space 378880K, 70% used [0x000000079fd80000,0x00000007b00cd898,0x00000007b6f80000)
  to   space 392704K, 0% used [0x0000000787e00000,0x0000000787e00000,0x000000079fd80000)
 ParOldGen       total 317440K, used 275963K [0x00000006c9a00000, 0x00000006dd000000, 0x000000076de00000)
  object space 317440K, 86% used [0x00000006c9a00000,0x00000006da77ef78,0x00000006dd000000)
 Metaspace       used 9316K, capacity 9692K, committed 9984K, reserved 1058816K
  class space    used 943K, capacity 976K, committed 1024K, reserved 1048576K
}
Event: 35,743 GC heap before
{Heap before GC invocations=28 (full 1):
 PSYoungGen      total 804864K, used 691510K [0x000000076de00000, 0x00000007b8a00000, 0x00000007c0000000)
  eden space 425984K, 100% used [0x000000076de00000,0x0000000787e00000,0x0000000787e00000)
  from space 378880K, 70% used [0x000000079fd80000,0x00000007b00cd898,0x00000007b6f80000)
  to   space 392704K, 0% used [0x0000000787e00000,0x0000000787e00000,0x000000079fd80000)
 ParOldGen       total 317440K, used 275963K [0x00000006c9a00000, 0x00000006dd000000, 0x000000076de00000)
  object space 317440K, 86% used [0x00000006c9a00000,0x00000006da77ef78,0x00000006dd000000)
 Metaspace       used 9375K, capacity 9756K, committed 9984K, reserved 1058816K
  class space    used 947K, capacity 976K, committed 1024K, reserved 1048576K
Event: 35,866 GC heap after
Heap after GC invocations=28 (full 1):
 PSYoungGen      total 818688K, used 259962K [0x000000076de00000, 0x00000007ba480000, 0x00000007c0000000)
  eden space 425984K, 0% used [0x000000076de00000,0x000000076de00000,0x0000000787e00000)
  from space 392704K, 66% used [0x0000000787e00000,0x0000000797bdeb10,0x000000079fd80000)
  to   space 400896K, 0% used [0x00000007a1d00000,0x00000007a1d00000,0x00000007ba480000)
 ParOldGen       total 317440K, used 289095K [0x00000006c9a00000, 0x00000006dd000000, 0x000000076de00000)
  object space 317440K, 91% used [0x00000006c9a00000,0x00000006db451f88,0x00000006dd000000)
 Metaspace       used 9375K, capacity 9756K, committed 9984K, reserved 1058816K
  class space    used 947K, capacity 976K, committed 1024K, reserved 1048576K
}
Event: 35,867 GC heap before
{Heap before GC invocations=29 (full 2):
 PSYoungGen      total 818688K, used 259962K [0x000000076de00000, 0x00000007ba480000, 0x00000007c0000000)
  eden space 425984K, 0% used [0x000000076de00000,0x000000076de00000,0x0000000787e00000)
  from space 392704K, 66% used [0x0000000787e00000,0x0000000797bdeb10,0x000000079fd80000)
  to   space 400896K, 0% used [0x00000007a1d00000,0x00000007a1d00000,0x00000007ba480000)
 ParOldGen       total 317440K, used 289095K [0x00000006c9a00000, 0x00000006dd000000, 0x000000076de00000)
  object space 317440K, 91% used [0x00000006c9a00000,0x00000006db451f88,0x00000006dd000000)
 Metaspace       used 9375K, capacity 9756K, committed 9984K, reserved 1058816K
  class space    used 947K, capacity 976K, committed 1024K, reserved 1048576K

Deoptimization events (10 events):
Event: 35,078 Thread 0x00007f7e4400b000 Uncommon trap: reason=class_check action=maybe_recompile pc=0x00007f7e35930958 method=soot.toolkits.scalar.FlowAnalysis.flowThrough(Lsoot/toolkits/scalar/FlowAnalysis$Entry;)Z @ 51
Event: 35,078 Thread 0x00007f7e4400b000 Uncommon trap: reason=class_check action=maybe_recompile pc=0x00007f7e35930958 method=soot.toolkits.scalar.FlowAnalysis.flowThrough(Lsoot/toolkits/scalar/FlowAnalysis$Entry;)Z @ 51
Event: 35,078 Thread 0x00007f7e4400b000 Uncommon trap: reason=class_check action=maybe_recompile pc=0x00007f7e35930958 method=soot.toolkits.scalar.FlowAnalysis.flowThrough(Lsoot/toolkits/scalar/FlowAnalysis$Entry;)Z @ 51
Event: 35,082 Thread 0x00007f7e4400b000 Uncommon trap: reason=unstable_if action=reinterpret pc=0x00007f7e3511af34 method=java.util.HashMap.getNode(ILjava/lang/Object;)Ljava/util/HashMap$Node; @ 62
Event: 35,132 Thread 0x00007f7e4400b000 Uncommon trap: reason=unstable_if action=reinterpret pc=0x00007f7e3552181c method=java.util.HashMap.getNode(ILjava/lang/Object;)Ljava/util/HashMap$Node; @ 62
Event: 35,205 Thread 0x00007f7e4400b000 Uncommon trap: reason=unstable_if action=reinterpret pc=0x00007f7e355244a8 method=java.util.HashMap.removeNode(ILjava/lang/Object;Ljava/lang/Object;ZZ)Ljava/util/HashMap$Node; @ 58
Event: 35,230 Thread 0x00007f7e4400b000 Uncommon trap: reason=bimorphic action=maybe_recompile pc=0x00007f7e35827524 method=java.util.HashMap.getNode(ILjava/lang/Object;)Ljava/util/HashMap$Node; @ 126
Event: 35,240 Thread 0x00007f7e4400b000 Uncommon trap: reason=unstable_if action=reinterpret pc=0x00007f7e354e4bdc method=java.util.HashMap.removeNode(ILjava/lang/Object;Ljava/lang/Object;ZZ)Ljava/util/HashMap$Node; @ 58
Event: 35,429 Thread 0x00007f7e4400b000 Uncommon trap: reason=bimorphic action=maybe_recompile pc=0x00007f7e35827524 method=java.util.HashMap.getNode(ILjava/lang/Object;)Ljava/util/HashMap$Node; @ 126
Event: 35,523 Thread 0x00007f7e4400b000 Uncommon trap: reason=unstable_if action=reinterpret pc=0x00007f7e35cf876c method=soot.toolkits.graph.UnitGraph.buildHeadsAndTails()V @ 168

Classes redefined (0 events):
No events

Internal exceptions (10 events):
Event: 2,495 Thread 0x00007f7e4400b000 Exception <a 'java/security/PrivilegedActionException'> (0x0000000775354308) thrown at [/build/openjdk-8-RKFhH1/openjdk-8-8u292-b10/src/hotspot/src/share/vm/prims/jvm.cpp, line 1523]
Event: 2,798 Thread 0x00007f7e4400b000 Implicit null exception at 0x00007f7e35646318 to 0x00007f7e35646495
Event: 2,899 Thread 0x00007f7e4400b000 Implicit null exception at 0x00007f7e355a7dce to 0x00007f7e355a8195
Event: 3,416 Thread 0x00007f7e4400b000 Implicit null exception at 0x00007f7e35520a53 to 0x00007f7e35520eed
Event: 3,416 Thread 0x00007f7e4400b000 Implicit null exception at 0x00007f7e3528237b to 0x00007f7e35282465
Event: 3,416 Thread 0x00007f7e4400b000 Implicit null exception at 0x00007f7e35574caf to 0x00007f7e35574d19
Event: 7,922 Thread 0x00007f7e4400b000 Implicit null exception at 0x00007f7e35675887 to 0x00007f7e3567b829
Event: 8,133 Thread 0x00007f7e4400b000 Implicit null exception at 0x00007f7e35d207b7 to 0x00007f7e35d25ba5
Event: 8,597 Thread 0x00007f7e4400b000 Implicit null exception at 0x00007f7e35e5b09f to 0x00007f7e35e5e1ed
Event: 12,557 Thread 0x00007f7e4400b000 Implicit null exception at 0x00007f7e358a5f60 to 0x00007f7e358a673d

Events (10 events):
Event: 35,430 Thread 0x00007f7e4400b000 DEOPT PACKING pc=0x00007f7e35827524 sp=0x00007f7e4d9be3c0
Event: 35,430 Thread 0x00007f7e4400b000 DEOPT UNPACKING pc=0x00007f7e3504547a sp=0x00007f7e4d9be168 mode 2
Event: 35,436 Thread 0x00007f7e4400b000 DEOPT PACKING pc=0x00007f7e35710784 sp=0x00007f7e4d9be210
Event: 35,436 Thread 0x00007f7e4400b000 DEOPT UNPACKING pc=0x00007f7e350474c4 sp=0x00007f7e4d9bdf28 mode 0
Event: 35,506 Thread 0x00007f7e4400b000 DEOPT PACKING pc=0x00007f7e35710784 sp=0x00007f7e4d9be610
Event: 35,506 Thread 0x00007f7e4400b000 DEOPT UNPACKING pc=0x00007f7e350474c4 sp=0x00007f7e4d9be328 mode 0
Event: 35,523 Thread 0x00007f7e4400b000 Uncommon trap: trap_request=0xffffff65 fr.pc=0x00007f7e35cf876c
Event: 35,523 Thread 0x00007f7e4400b000 DEOPT PACKING pc=0x00007f7e35cf876c sp=0x00007f7e4d9be5f0
Event: 35,523 Thread 0x00007f7e4400b000 DEOPT UNPACKING pc=0x00007f7e3504547a sp=0x00007f7e4d9be600 mode 2
Event: 35,743 Executing VM operation: ParallelGCFailedAllocation


Dynamic libraries:
6c9a00000-6dd000000 rw-p 00000000 00:00 0 
6eac00000-76de00000 ---p 00000000 00:00 0 
76de00000-7ba480000 rw-p 00000000 00:00 0 
7ba480000-7c0000000 ---p 00000000 00:00 0 
7c0000000-7c0100000 rw-p 00000000 00:00 0 
7c0100000-800000000 ---p 00000000 00:00 0 
5627f554c000-5627f554d000 r-xp 00000000 103:06 1841257                   /usr/lib/jvm/java-8-openjdk-amd64/jre/bin/java
5627f574c000-5627f574d000 r--p 00000000 103:06 1841257                   /usr/lib/jvm/java-8-openjdk-amd64/jre/bin/java
5627f574d000-5627f574e000 rw-p 00001000 103:06 1841257                   /usr/lib/jvm/java-8-openjdk-amd64/jre/bin/java
5627f5a68000-5627f5a89000 rw-p 00000000 00:00 0                          [heap]
7f7dd8000000-7f7dd8021000 rw-p 00000000 00:00 0 
7f7dd8021000-7f7ddc000000 ---p 00000000 00:00 0 
7f7ddc000000-7f7ddc021000 rw-p 00000000 00:00 0 
7f7ddc021000-7f7de0000000 ---p 00000000 00:00 0 
7f7de0000000-7f7de260d000 rw-p 00000000 00:00 0 
7f7de260d000-7f7de4000000 ---p 00000000 00:00 0 
7f7de4000000-7f7de4b06000 rw-p 00000000 00:00 0 
7f7de4b06000-7f7de8000000 ---p 00000000 00:00 0 
7f7de8000000-7f7de994c000 rw-p 00000000 00:00 0 
7f7de994c000-7f7dec000000 ---p 00000000 00:00 0 
7f7dec000000-7f7dee473000 rw-p 00000000 00:00 0 
7f7dee473000-7f7df0000000 ---p 00000000 00:00 0 
7f7df0000000-7f7df0021000 rw-p 00000000 00:00 0 
7f7df0021000-7f7df4000000 ---p 00000000 00:00 0 
7f7df4000000-7f7df4021000 rw-p 00000000 00:00 0 
7f7df4021000-7f7df8000000 ---p 00000000 00:00 0 
7f7df8000000-7f7df8021000 rw-p 00000000 00:00 0 
7f7df8021000-7f7dfc000000 ---p 00000000 00:00 0 
7f7dfc4d0000-7f7e04000000 rw-p 00000000 00:00 0 
7f7e04000000-7f7e04056000 rw-p 00000000 00:00 0 
7f7e04056000-7f7e08000000 ---p 00000000 00:00 0 
7f7e08000000-7f7e08021000 rw-p 00000000 00:00 0 
7f7e08021000-7f7e0c000000 ---p 00000000 00:00 0 
7f7e0c000000-7f7e0c0ae000 rw-p 00000000 00:00 0 
7f7e0c0ae000-7f7e10000000 ---p 00000000 00:00 0 
7f7e14000000-7f7e14039000 rw-p 00000000 00:00 0 
7f7e14039000-7f7e18000000 ---p 00000000 00:00 0 
7f7e1c000000-7f7e1c021000 rw-p 00000000 00:00 0 
7f7e1c021000-7f7e20000000 ---p 00000000 00:00 0 
7f7e20000000-7f7e20099000 rw-p 00000000 00:00 0 
7f7e20099000-7f7e24000000 ---p 00000000 00:00 0 
7f7e25682000-7f7e25742000 rw-p 00000000 00:00 0 
7f7e25742000-7f7e25882000 ---p 00000000 00:00 0 
7f7e25882000-7f7e2589a000 r-xp 00000000 103:06 1840354                   /usr/lib/jvm/java-8-openjdk-amd64/jre/lib/amd64/libnet.so
7f7e2589a000-7f7e25a99000 ---p 00018000 103:06 1840354                   /usr/lib/jvm/java-8-openjdk-amd64/jre/lib/amd64/libnet.so
7f7e25a99000-7f7e25a9a000 r--p 00017000 103:06 1840354                   /usr/lib/jvm/java-8-openjdk-amd64/jre/lib/amd64/libnet.so
7f7e25a9a000-7f7e25a9b000 rw-p 00018000 103:06 1840354                   /usr/lib/jvm/java-8-openjdk-amd64/jre/lib/amd64/libnet.so
7f7e25a9b000-7f7e25aad000 r-xp 00000000 103:06 1840350                   /usr/lib/jvm/java-8-openjdk-amd64/jre/lib/amd64/libnio.so
7f7e25aad000-7f7e25cac000 ---p 00012000 103:06 1840350                   /usr/lib/jvm/java-8-openjdk-amd64/jre/lib/amd64/libnio.so
7f7e25cac000-7f7e25cad000 r--p 00011000 103:06 1840350                   /usr/lib/jvm/java-8-openjdk-amd64/jre/lib/amd64/libnio.so
7f7e25cad000-7f7e25cae000 rw-p 00012000 103:06 1840350                   /usr/lib/jvm/java-8-openjdk-amd64/jre/lib/amd64/libnio.so
7f7e25cae000-7f7e25d8c000 r--s 01c3b000 103:06 1055494                   /home/khuebc/malware/Interprocedural-CFG/ICFGCreator/myIcfg.jar
7f7e25d8c000-7f7e25d8d000 ---p 00000000 00:00 0 
7f7e25d8d000-7f7e25e8d000 rw-p 00000000 00:00 0 
7f7e25e8d000-7f7e25e90000 ---p 00000000 00:00 0 
7f7e25e90000-7f7e25f8e000 rw-p 00000000 00:00 0 
7f7e25f8e000-7f7e25f91000 ---p 00000000 00:00 0 
7f7e25f91000-7f7e2608f000 rw-p 00000000 00:00 0 
7f7e2608f000-7f7e26092000 ---p 00000000 00:00 0 
7f7e26092000-7f7e26190000 rw-p 00000000 00:00 0 
7f7e26190000-7f7e26193000 ---p 00000000 00:00 0 
7f7e26193000-7f7e26291000 rw-p 00000000 00:00 0 
7f7e26291000-7f7e26294000 ---p 00000000 00:00 0 
7f7e26294000-7f7e26392000 rw-p 00000000 00:00 0 
7f7e26392000-7f7e26395000 ---p 00000000 00:00 0 
7f7e26395000-7f7e26493000 rw-p 00000000 00:00 0 
7f7e26493000-7f7e268e9000 r--p 00000000 103:06 1850669                   /usr/lib/locale/locale-archive
7f7e268e9000-7f7e268ec000 ---p 00000000 00:00 0 
7f7e268ec000-7f7e269ea000 rw-p 00000000 00:00 0 
7f7e269ea000-7f7e269ed000 ---p 00000000 00:00 0 
7f7e269ed000-7f7e26aeb000 rw-p 00000000 00:00 0 
7f7e26aeb000-7f7e26aec000 ---p 00000000 00:00 0 
7f7e26aec000-7f7e28000000 rw-p 00000000 00:00 0 
7f7e28000000-7f7e2809e000 rw-p 00000000 00:00 0 
7f7e2809e000-7f7e2c000000 ---p 00000000 00:00 0 
7f7e2c000000-7f7e2c10c000 rw-p 00000000 00:00 0 
7f7e2c10c000-7f7e30000000 ---p 00000000 00:00 0 
7f7e30000000-7f7e300bf000 rw-p 00000000 00:00 0 
7f7e300bf000-7f7e34000000 ---p 00000000 00:00 0 
7f7e34029000-7f7e3462f000 rw-p 00000000 00:00 0 
7f7e3462f000-7f7e34800000 r--s 03ca5000 103:06 1840307                   /usr/lib/jvm/java-8-openjdk-amd64/jre/lib/rt.jar
7f7e34800000-7f7e35000000 rw-p 00000000 00:00 0 
7f7e35000000-7f7e36010000 rwxp 00000000 00:00 0 
7f7e36010000-7f7e44000000 ---p 00000000 00:00 0 
7f7e44000000-7f7e446a3000 rw-p 00000000 00:00 0 
7f7e446a3000-7f7e48000000 ---p 00000000 00:00 0 
7f7e48035000-7f7e48050000 r--s 001d6000 103:06 1840331                   /usr/lib/jvm/java-8-openjdk-amd64/jre/lib/ext/nashorn.jar
7f7e48050000-7f7e489c8000 rw-p 00000000 00:00 0 
7f7e489c8000-7f7e489c9000 ---p 00000000 00:00 0 
7f7e489c9000-7f7e48ac9000 rw-p 00000000 00:00 0 
7f7e48ac9000-7f7e48aca000 ---p 00000000 00:00 0 
7f7e48aca000-7f7e48bca000 rw-p 00000000 00:00 0 
7f7e48bca000-7f7e48bcb000 ---p 00000000 00:00 0 
7f7e48bcb000-7f7e48ccb000 rw-p 00000000 00:00 0 
7f7e48ccb000-7f7e48ccc000 ---p 00000000 00:00 0 
7f7e48ccc000-7f7e48dcc000 rw-p 00000000 00:00 0 
7f7e48dcc000-7f7e48dcd000 ---p 00000000 00:00 0 
7f7e48dcd000-7f7e48ecd000 rw-p 00000000 00:00 0 
7f7e48ecd000-7f7e48ece000 ---p 00000000 00:00 0 
7f7e48ece000-7f7e48fce000 rw-p 00000000 00:00 0 
7f7e48fce000-7f7e48fcf000 ---p 00000000 00:00 0 
7f7e48fcf000-7f7e490cf000 rw-p 00000000 00:00 0 
7f7e490cf000-7f7e490d0000 ---p 00000000 00:00 0 
7f7e490d0000-7f7e4926b000 rw-p 00000000 00:00 0 
7f7e4926b000-7f7e496f2000 ---p 00000000 00:00 0 
7f7e496f2000-7f7e4978d000 rw-p 00000000 00:00 0 
7f7e4978d000-7f7e49c14000 ---p 00000000 00:00 0 
7f7e49c14000-7f7e49e78000 rw-p 00000000 00:00 0 
7f7e49e78000-7f7e49ea5000 ---p 00000000 00:00 0 
7f7e49ea5000-7f7e49ee7000 rw-p 00000000 00:00 0 
7f7e49ee7000-7f7e4a266000 ---p 00000000 00:00 0 
7f7e4a266000-7f7e4a26e000 r-xp 00000000 103:06 1840353                   /usr/lib/jvm/java-8-openjdk-amd64/jre/lib/amd64/libzip.so
7f7e4a26e000-7f7e4a46d000 ---p 00008000 103:06 1840353                   /usr/lib/jvm/java-8-openjdk-amd64/jre/lib/amd64/libzip.so
7f7e4a46d000-7f7e4a46e000 r--p 00007000 103:06 1840353                   /usr/lib/jvm/java-8-openjdk-amd64/jre/lib/amd64/libzip.so
7f7e4a46e000-7f7e4a46f000 rw-p 00008000 103:06 1840353                   /usr/lib/jvm/java-8-openjdk-amd64/jre/lib/amd64/libzip.so
7f7e4a46f000-7f7e4a47a000 r-xp 00000000 103:06 2883680                   /lib/x86_64-linux-gnu/libnss_files-2.23.so
7f7e4a47a000-7f7e4a679000 ---p 0000b000 103:06 2883680                   /lib/x86_64-linux-gnu/libnss_files-2.23.so
7f7e4a679000-7f7e4a67a000 r--p 0000a000 103:06 2883680                   /lib/x86_64-linux-gnu/libnss_files-2.23.so
7f7e4a67a000-7f7e4a67b000 rw-p 0000b000 103:06 2883680                   /lib/x86_64-linux-gnu/libnss_files-2.23.so
7f7e4a67b000-7f7e4a681000 rw-p 00000000 00:00 0 
7f7e4a681000-7f7e4a68c000 r-xp 00000000 103:06 2888850                   /lib/x86_64-linux-gnu/libnss_nis-2.23.so
7f7e4a68c000-7f7e4a88b000 ---p 0000b000 103:06 2888850                   /lib/x86_64-linux-gnu/libnss_nis-2.23.so
7f7e4a88b000-7f7e4a88c000 r--p 0000a000 103:06 2888850                   /lib/x86_64-linux-gnu/libnss_nis-2.23.so
7f7e4a88c000-7f7e4a88d000 rw-p 0000b000 103:06 2888850                   /lib/x86_64-linux-gnu/libnss_nis-2.23.so
7f7e4a88d000-7f7e4a8a3000 r-xp 00000000 103:06 2888851                   /lib/x86_64-linux-gnu/libnsl-2.23.so
7f7e4a8a3000-7f7e4aaa2000 ---p 00016000 103:06 2888851                   /lib/x86_64-linux-gnu/libnsl-2.23.so
7f7e4aaa2000-7f7e4aaa3000 r--p 00015000 103:06 2888851                   /lib/x86_64-linux-gnu/libnsl-2.23.so
7f7e4aaa3000-7f7e4aaa4000 rw-p 00016000 103:06 2888851                   /lib/x86_64-linux-gnu/libnsl-2.23.so
7f7e4aaa4000-7f7e4aaa6000 rw-p 00000000 00:00 0 
7f7e4aaa6000-7f7e4aaae000 r-xp 00000000 103:06 2888853                   /lib/x86_64-linux-gnu/libnss_compat-2.23.so
7f7e4aaae000-7f7e4acad000 ---p 00008000 103:06 2888853                   /lib/x86_64-linux-gnu/libnss_compat-2.23.so
7f7e4acad000-7f7e4acae000 r--p 00007000 103:06 2888853                   /lib/x86_64-linux-gnu/libnss_compat-2.23.so
7f7e4acae000-7f7e4acaf000 rw-p 00008000 103:06 2888853                   /lib/x86_64-linux-gnu/libnss_compat-2.23.so
7f7e4acaf000-7f7e4acd9000 r-xp 00000000 103:06 1840360                   /usr/lib/jvm/java-8-openjdk-amd64/jre/lib/amd64/libjava.so
7f7e4acd9000-7f7e4aed8000 ---p 0002a000 103:06 1840360                   /usr/lib/jvm/java-8-openjdk-amd64/jre/lib/amd64/libjava.so
7f7e4aed8000-7f7e4aed9000 r--p 00029000 103:06 1840360                   /usr/lib/jvm/java-8-openjdk-amd64/jre/lib/amd64/libjava.so
7f7e4aed9000-7f7e4aedb000 rw-p 0002a000 103:06 1840360                   /usr/lib/jvm/java-8-openjdk-amd64/jre/lib/amd64/libjava.so
7f7e4aedb000-7f7e4aeea000 r-xp 00000000 103:06 1840358                   /usr/lib/jvm/java-8-openjdk-amd64/jre/lib/amd64/libverify.so
7f7e4aeea000-7f7e4b0e9000 ---p 0000f000 103:06 1840358                   /usr/lib/jvm/java-8-openjdk-amd64/jre/lib/amd64/libverify.so
7f7e4b0e9000-7f7e4b0eb000 r--p 0000e000 103:06 1840358                   /usr/lib/jvm/java-8-openjdk-amd64/jre/lib/amd64/libverify.so
7f7e4b0eb000-7f7e4b0ec000 rw-p 00010000 103:06 1840358                   /usr/lib/jvm/java-8-openjdk-amd64/jre/lib/amd64/libverify.so
7f7e4b0ec000-7f7e4b0f3000 r-xp 00000000 103:06 2883679                   /lib/x86_64-linux-gnu/librt-2.23.so
7f7e4b0f3000-7f7e4b2f2000 ---p 00007000 103:06 2883679                   /lib/x86_64-linux-gnu/librt-2.23.so
7f7e4b2f2000-7f7e4b2f3000 r--p 00006000 103:06 2883679                   /lib/x86_64-linux-gnu/librt-2.23.so
7f7e4b2f3000-7f7e4b2f4000 rw-p 00007000 103:06 2883679                   /lib/x86_64-linux-gnu/librt-2.23.so
7f7e4b2f4000-7f7e4b30a000 r-xp 00000000 103:06 2889166                   /lib/x86_64-linux-gnu/libgcc_s.so.1
7f7e4b30a000-7f7e4b509000 ---p 00016000 103:06 2889166                   /lib/x86_64-linux-gnu/libgcc_s.so.1
7f7e4b509000-7f7e4b50a000 rw-p 00015000 103:06 2889166                   /lib/x86_64-linux-gnu/libgcc_s.so.1
7f7e4b50a000-7f7e4b612000 r-xp 00000000 103:06 2888805                   /lib/x86_64-linux-gnu/libm-2.23.so
7f7e4b612000-7f7e4b811000 ---p 00108000 103:06 2888805                   /lib/x86_64-linux-gnu/libm-2.23.so
7f7e4b811000-7f7e4b812000 r--p 00107000 103:06 2888805                   /lib/x86_64-linux-gnu/libm-2.23.so
7f7e4b812000-7f7e4b813000 rw-p 00108000 103:06 2888805                   /lib/x86_64-linux-gnu/libm-2.23.so
7f7e4b813000-7f7e4b985000 r-xp 00000000 103:06 1846201                   /usr/lib/x86_64-linux-gnu/libstdc++.so.6.0.21
7f7e4b985000-7f7e4bb85000 ---p 00172000 103:06 1846201                   /usr/lib/x86_64-linux-gnu/libstdc++.so.6.0.21
7f7e4bb85000-7f7e4bb8f000 r--p 00172000 103:06 1846201                   /usr/lib/x86_64-linux-gnu/libstdc++.so.6.0.21
7f7e4bb8f000-7f7e4bb91000 rw-p 0017c000 103:06 1846201                   /usr/lib/x86_64-linux-gnu/libstdc++.so.6.0.21
7f7e4bb91000-7f7e4bb95000 rw-p 00000000 00:00 0 
7f7e4bb95000-7f7e4c8bb000 r-xp 00000000 103:06 1840377                   /usr/lib/jvm/java-8-openjdk-amd64/jre/lib/amd64/server/libjvm.so
7f7e4c8bb000-7f7e4caba000 ---p 00d26000 103:06 1840377                   /usr/lib/jvm/java-8-openjdk-amd64/jre/lib/amd64/server/libjvm.so
7f7e4caba000-7f7e4cb50000 r--p 00d25000 103:06 1840377                   /usr/lib/jvm/java-8-openjdk-amd64/jre/lib/amd64/server/libjvm.so
7f7e4cb50000-7f7e4cb79000 rw-p 00dbb000 103:06 1840377                   /usr/lib/jvm/java-8-openjdk-amd64/jre/lib/amd64/server/libjvm.so
7f7e4cb79000-7f7e4cbac000 rw-p 00000000 00:00 0 
7f7e4cbac000-7f7e4cbc4000 r-xp 00000000 103:06 2883671                   /lib/x86_64-linux-gnu/libpthread-2.23.so
7f7e4cbc4000-7f7e4cdc3000 ---p 00018000 103:06 2883671                   /lib/x86_64-linux-gnu/libpthread-2.23.so
7f7e4cdc3000-7f7e4cdc4000 r--p 00017000 103:06 2883671                   /lib/x86_64-linux-gnu/libpthread-2.23.so
7f7e4cdc4000-7f7e4cdc5000 rw-p 00018000 103:06 2883671                   /lib/x86_64-linux-gnu/libpthread-2.23.so
7f7e4cdc5000-7f7e4cdc9000 rw-p 00000000 00:00 0 
7f7e4cdc9000-7f7e4cdcc000 r-xp 00000000 103:06 2883676                   /lib/x86_64-linux-gnu/libdl-2.23.so
7f7e4cdcc000-7f7e4cfcb000 ---p 00003000 103:06 2883676                   /lib/x86_64-linux-gnu/libdl-2.23.so
7f7e4cfcb000-7f7e4cfcc000 r--p 00002000 103:06 2883676                   /lib/x86_64-linux-gnu/libdl-2.23.so
7f7e4cfcc000-7f7e4cfcd000 rw-p 00003000 103:06 2883676                   /lib/x86_64-linux-gnu/libdl-2.23.so
7f7e4cfcd000-7f7e4cfe6000 r-xp 00000000 103:06 2889319                   /lib/x86_64-linux-gnu/libz.so.1.2.8
7f7e4cfe6000-7f7e4d1e5000 ---p 00019000 103:06 2889319                   /lib/x86_64-linux-gnu/libz.so.1.2.8
7f7e4d1e5000-7f7e4d1e6000 r--p 00018000 103:06 2889319                   /lib/x86_64-linux-gnu/libz.so.1.2.8
7f7e4d1e6000-7f7e4d1e7000 rw-p 00019000 103:06 2889319                   /lib/x86_64-linux-gnu/libz.so.1.2.8
7f7e4d1e7000-7f7e4d3a7000 r-xp 00000000 103:06 2888852                   /lib/x86_64-linux-gnu/libc-2.23.so
7f7e4d3a7000-7f7e4d5a7000 ---p 001c0000 103:06 2888852                   /lib/x86_64-linux-gnu/libc-2.23.so
7f7e4d5a7000-7f7e4d5ab000 r--p 001c0000 103:06 2888852                   /lib/x86_64-linux-gnu/libc-2.23.so
7f7e4d5ab000-7f7e4d5ad000 rw-p 001c4000 103:06 2888852                   /lib/x86_64-linux-gnu/libc-2.23.so
7f7e4d5ad000-7f7e4d5b1000 rw-p 00000000 00:00 0 
7f7e4d5b1000-7f7e4d5bf000 r-xp 00000000 103:06 1840366                   /usr/lib/jvm/java-8-openjdk-amd64/jre/lib/amd64/jli/libjli.so
7f7e4d5bf000-7f7e4d7be000 ---p 0000e000 103:06 1840366                   /usr/lib/jvm/java-8-openjdk-amd64/jre/lib/amd64/jli/libjli.so
7f7e4d7be000-7f7e4d7bf000 r--p 0000d000 103:06 1840366                   /usr/lib/jvm/java-8-openjdk-amd64/jre/lib/amd64/jli/libjli.so
7f7e4d7bf000-7f7e4d7c0000 rw-p 0000e000 103:06 1840366                   /usr/lib/jvm/java-8-openjdk-amd64/jre/lib/amd64/jli/libjli.so
7f7e4d7c0000-7f7e4d7e6000 r-xp 00000000 103:06 2883681                   /lib/x86_64-linux-gnu/ld-2.23.so
7f7e4d7eb000-7f7e4d7f1000 r--s 0003d000 103:06 1840337                   /usr/lib/jvm/java-8-openjdk-amd64/jre/lib/ext/sunjce_provider.jar
7f7e4d7f1000-7f7e4d7fc000 r--s 00116000 103:06 1840333                   /usr/lib/jvm/java-8-openjdk-amd64/jre/lib/ext/localedata.jar
7f7e4d7fc000-7f7e4d817000 r--s 00394000 103:06 1840329                   /usr/lib/jvm/java-8-openjdk-amd64/jre/lib/ext/cldrdata.jar
7f7e4d817000-7f7e4d8bf000 rw-p 00000000 00:00 0 
7f7e4d8bf000-7f7e4d8c2000 ---p 00000000 00:00 0 
7f7e4d8c2000-7f7e4d9c4000 rw-p 00000000 00:00 0 
7f7e4d9c6000-7f7e4d9c9000 r--s 0000f000 103:06 1840335                   /usr/lib/jvm/java-8-openjdk-amd64/jre/lib/ext/icedtea-sound.jar
7f7e4d9c9000-7f7e4d9cb000 r--s 00001000 103:06 1840336                   /usr/lib/jvm/java-8-openjdk-amd64/jre/lib/ext/dnsns.jar
7f7e4d9cb000-7f7e4d9cf000 r--s 00040000 103:06 1840334                   /usr/lib/jvm/java-8-openjdk-amd64/jre/lib/ext/sunpkcs11.jar
7f7e4d9cf000-7f7e4d9d1000 r--s 00008000 103:06 1840328                   /usr/lib/jvm/java-8-openjdk-amd64/jre/lib/ext/sunec.jar
7f7e4d9d1000-7f7e4d9d2000 r--s 0000a000 103:06 1840332                   /usr/lib/jvm/java-8-openjdk-amd64/jre/lib/ext/jaccess.jar
7f7e4d9d2000-7f7e4d9d4000 r--s 00010000 103:06 1840330                   /usr/lib/jvm/java-8-openjdk-amd64/jre/lib/ext/zipfs.jar
7f7e4d9d4000-7f7e4d9da000 r--s 000d3000 103:06 1840315                   /usr/lib/jvm/java-8-openjdk-amd64/jre/lib/jfr.jar
7f7e4d9da000-7f7e4d9e2000 rw-s 00000000 103:06 3278871                   /tmp/hsperfdata_khuebc/3429
7f7e4d9e2000-7f7e4d9e3000 rw-p 00000000 00:00 0 
7f7e4d9e3000-7f7e4d9e4000 ---p 00000000 00:00 0 
7f7e4d9e4000-7f7e4d9e5000 rw-p 00000000 00:00 0 
7f7e4d9e5000-7f7e4d9e6000 r--p 00025000 103:06 2883681                   /lib/x86_64-linux-gnu/ld-2.23.so
7f7e4d9e6000-7f7e4d9e7000 rw-p 00026000 103:06 2883681                   /lib/x86_64-linux-gnu/ld-2.23.so
7f7e4d9e7000-7f7e4d9e8000 rw-p 00000000 00:00 0 
7ffd376b6000-7ffd376d8000 rw-p 00000000 00:00 0                          [stack]
7ffd37723000-7ffd37726000 r--p 00000000 00:00 0                          [vvar]
7ffd37726000-7ffd37728000 r-xp 00000000 00:00 0                          [vdso]
ffffffffff600000-ffffffffff601000 r-xp 00000000 00:00 0                  [vsyscall]

VM Arguments:
java_command: myIcfg.jar a.iuggfcnsjkvjx /home/khuebc/malware/Interprocedural-CFG/ICFGCreator/GeneratedDotFiles/VirusShare_dfd56993d4fd040a264748a4f1084850.jar.dot /home/khuebc/malware/Interprocedural-CFG/ICFGCreator/GeneratedDotFiles/VirusShare_dfd56993d4fd040a264748a4f1084850.jar
java_class_path (initial): myIcfg.jar
Launcher Type: SUN_STANDARD

Environment Variables:
JAVA_HOME=/usr/lib/jvm/java-8-openjdk-amd64
PATH=/home/khuebc/bin:/home/khuebc/.local/bin:/usr/local/sbin:/usr/local/bin:/usr/sbin:/usr/bin:/sbin:/bin:/usr/games:/usr/local/games:/snap/bin:/home/khuebc/bin:/usr/lib/jvm/java-1.8.0-openjdk-amd64/bin
SHELL=/bin/bash
DISPLAY=:0

Signal Handlers:
SIGSEGV: [libjvm.so+0xb1f1b0], sa_mask[0]=11111111011111111101111111111110, sa_flags=SA_RESTART|SA_SIGINFO
SIGBUS: [libjvm.so+0xb1f1b0], sa_mask[0]=11111111011111111101111111111110, sa_flags=SA_RESTART|SA_SIGINFO
SIGFPE: [libjvm.so+0x956cf0], sa_mask[0]=11111111011111111101111111111110, sa_flags=SA_RESTART|SA_SIGINFO
SIGPIPE: [libjvm.so+0x956cf0], sa_mask[0]=11111111011111111101111111111110, sa_flags=SA_RESTART|SA_SIGINFO
SIGXFSZ: [libjvm.so+0x956cf0], sa_mask[0]=11111111011111111101111111111110, sa_flags=SA_RESTART|SA_SIGINFO
SIGILL: [libjvm.so+0x956cf0], sa_mask[0]=11111111011111111101111111111110, sa_flags=SA_RESTART|SA_SIGINFO
SIGUSR1: SIG_DFL, sa_mask[0]=00000000000000000000000000000000, sa_flags=none
SIGUSR2: [libjvm.so+0x956ba0], sa_mask[0]=00000000000000000000000000000000, sa_flags=SA_RESTART|SA_SIGINFO
SIGHUP: [libjvm.so+0x957230], sa_mask[0]=11111111011111111101111111111110, sa_flags=SA_RESTART|SA_SIGINFO
SIGINT: [libjvm.so+0x957230], sa_mask[0]=11111111011111111101111111111110, sa_flags=SA_RESTART|SA_SIGINFO
SIGTERM: [libjvm.so+0x957230], sa_mask[0]=11111111011111111101111111111110, sa_flags=SA_RESTART|SA_SIGINFO
SIGQUIT: [libjvm.so+0x957230], sa_mask[0]=11111111011111111101111111111110, sa_flags=SA_RESTART|SA_SIGINFO


---------------  S Y S T E M  ---------------

OS:DISTRIB_ID=Ubuntu
DISTRIB_RELEASE=16.04
DISTRIB_CODENAME=xenial
DISTRIB_DESCRIPTION="Ubuntu 16.04.7 LTS"

uname:Linux 4.15.0-142-generic #146~16.04.1-Ubuntu SMP Tue Apr 13 09:27:15 UTC 2021 x86_64
libc:glibc 2.23 NPTL 2.23 
rlimit: STACK 8192k, CORE 0k, NPROC 62276, NOFILE 1048576, AS infinity
load average:4,92 5,73 5,76

/proc/meminfo:
MemTotal:       16139036 kB
MemFree:          155840 kB
MemAvailable:      86384 kB
Buffers:           11332 kB
Cached:          2164180 kB
SwapCached:            0 kB
Active:         13573040 kB
Inactive:        1953720 kB
Active(anon):   13523128 kB
Inactive(anon):  1890296 kB
Active(file):      49912 kB
Inactive(file):    63424 kB
Unevictable:         160 kB
Mlocked:             160 kB
SwapTotal:             0 kB
SwapFree:              0 kB
Dirty:                64 kB
Writeback:         13604 kB
AnonPages:      13351928 kB
Mapped:          1007096 kB
Shmem:           2061668 kB
Slab:             206744 kB
SReclaimable:      94160 kB
SUnreclaim:       112584 kB
KernelStack:       21344 kB
PageTables:       115660 kB
NFS_Unstable:          0 kB
Bounce:                0 kB
WritebackTmp:          0 kB
CommitLimit:     8069516 kB
Committed_AS:   26013220 kB
VmallocTotal:   34359738367 kB
VmallocUsed:           0 kB
VmallocChunk:          0 kB
HardwareCorrupted:     0 kB
AnonHugePages:         0 kB
ShmemHugePages:        0 kB
ShmemPmdMapped:        0 kB
CmaTotal:              0 kB
CmaFree:               0 kB
HugePages_Total:       0
HugePages_Free:        0
HugePages_Rsvd:        0
HugePages_Surp:        0
Hugepagesize:       2048 kB
DirectMap4k:      865108 kB
DirectMap2M:    15558656 kB
DirectMap1G:           0 kB

container (cgroup) information:
container_type: cgroupv1
cpu_cpuset_cpus: 0-7
cpu_memory_nodes: 0
active_processor_count: 8
cpu_quota: -1
cpu_period: 100000
cpu_shares: -1
memory_limit_in_bytes: -1
memory_and_swap_limit_in_bytes: -2
memory_soft_limit_in_bytes: -1
memory_usage_in_bytes: 15899209728
memory_max_usage_in_bytes: 42893312


CPU:total 8 (initial active 8) (4 cores per cpu, 2 threads per core) family 6 model 142 stepping 12, cmov, cx8, fxsr, mmx, sse, sse2, sse3, ssse3, sse4.1, sse4.2, popcnt, avx, avx2, aes, clmul, erms, 3dnowpref, lzcnt, ht, tsc, tscinvbit, bmi1, bmi2, adx

/proc/cpuinfo:
processor	: 0
vendor_id	: GenuineIntel
cpu family	: 6
model		: 142
model name	: Intel(R) Core(TM) i7-8565U CPU @ 1.80GHz
stepping	: 12
microcode	: 0xea
cpu MHz		: 4100.089
cache size	: 8192 KB
physical id	: 0
siblings	: 8
core id		: 0
cpu cores	: 4
apicid		: 0
initial apicid	: 0
fpu		: yes
fpu_exception	: yes
cpuid level	: 22
wp		: yes
flags		: fpu vme de pse tsc msr pae mce cx8 apic sep mtrr pge mca cmov pat pse36 clflush dts acpi mmx fxsr sse sse2 ss ht tm pbe syscall nx pdpe1gb rdtscp lm constant_tsc art arch_perfmon pebs bts rep_good nopl xtopology nonstop_tsc cpuid aperfmperf pni pclmulqdq dtes64 monitor ds_cpl vmx est tm2 ssse3 sdbg fma cx16 xtpr pdcm pcid sse4_1 sse4_2 x2apic movbe popcnt tsc_deadline_timer aes xsave avx f16c rdrand lahf_lm abm 3dnowprefetch cpuid_fault epb invpcid_single ssbd ibrs ibpb stibp ibrs_enhanced tpr_shadow vnmi flexpriority ept vpid fsgsbase tsc_adjust bmi1 avx2 smep bmi2 erms invpcid mpx rdseed adx smap clflushopt intel_pt xsaveopt xsavec xgetbv1 xsaves dtherm ida arat pln pts hwp hwp_notify hwp_act_window hwp_epp md_clear flush_l1d arch_capabilities
bugs		: spectre_v1 spectre_v2 spec_store_bypass swapgs itlb_multihit srbds
bogomips	: 3999.93
clflush size	: 64
cache_alignment	: 64
address sizes	: 39 bits physical, 48 bits virtual
power management:

processor	: 1
vendor_id	: GenuineIntel
cpu family	: 6
model		: 142
model name	: Intel(R) Core(TM) i7-8565U CPU @ 1.80GHz
stepping	: 12
microcode	: 0xea
cpu MHz		: 4100.003
cache size	: 8192 KB
physical id	: 0
siblings	: 8
core id		: 1
cpu cores	: 4
apicid		: 2
initial apicid	: 2
fpu		: yes
fpu_exception	: yes
cpuid level	: 22
wp		: yes
flags		: fpu vme de pse tsc msr pae mce cx8 apic sep mtrr pge mca cmov pat pse36 clflush dts acpi mmx fxsr sse sse2 ss ht tm pbe syscall nx pdpe1gb rdtscp lm constant_tsc art arch_perfmon pebs bts rep_good nopl xtopology nonstop_tsc cpuid aperfmperf pni pclmulqdq dtes64 monitor ds_cpl vmx est tm2 ssse3 sdbg fma cx16 xtpr pdcm pcid sse4_1 sse4_2 x2apic movbe popcnt tsc_deadline_timer aes xsave avx f16c rdrand lahf_lm abm 3dnowprefetch cpuid_fault epb invpcid_single ssbd ibrs ibpb stibp ibrs_enhanced tpr_shadow vnmi flexpriority ept vpid fsgsbase tsc_adjust bmi1 avx2 smep bmi2 erms invpcid mpx rdseed adx smap clflushopt intel_pt xsaveopt xsavec xgetbv1 xsaves dtherm ida arat pln pts hwp hwp_notify hwp_act_window hwp_epp md_clear flush_l1d arch_capabilities
bugs		: spectre_v1 spectre_v2 spec_store_bypass swapgs itlb_multihit srbds
bogomips	: 3999.93
clflush size	: 64
cache_alignment	: 64
address sizes	: 39 bits physical, 48 bits virtual
power management:

processor	: 2
vendor_id	: GenuineIntel
cpu family	: 6
model		: 142
model name	: Intel(R) Core(TM) i7-8565U CPU @ 1.80GHz
stepping	: 12
microcode	: 0xea
cpu MHz		: 4099.857
cache size	: 8192 KB
physical id	: 0
siblings	: 8
core id		: 2
cpu cores	: 4
apicid		: 4
initial apicid	: 4
fpu		: yes
fpu_exception	: yes
cpuid level	: 22
wp		: yes
flags		: fpu vme de pse tsc msr pae mce cx8 apic sep mtrr pge mca cmov pat pse36 clflush dts acpi mmx fxsr sse sse2 ss ht tm pbe syscall nx pdpe1gb rdtscp lm constant_tsc art arch_perfmon pebs bts rep_good nopl xtopology nonstop_tsc cpuid aperfmperf pni pclmulqdq dtes64 monitor ds_cpl vmx est tm2 ssse3 sdbg fma cx16 xtpr pdcm pcid sse4_1 sse4_2 x2apic movbe popcnt tsc_deadline_timer aes xsave avx f16c rdrand lahf_lm abm 3dnowprefetch cpuid_fault epb invpcid_single ssbd ibrs ibpb stibp ibrs_enhanced tpr_shadow vnmi flexpriority ept vpid fsgsbase tsc_adjust bmi1 avx2 smep bmi2 erms invpcid mpx rdseed adx smap clflushopt intel_pt xsaveopt xsavec xgetbv1 xsaves dtherm ida arat pln pts hwp hwp_notify hwp_act_window hwp_epp md_clear flush_l1d arch_capabilities
bugs		: spectre_v1 spectre_v2 spec_store_bypass swapgs itlb_multihit srbds
bogomips	: 3999.93
clflush size	: 64
cache_alignment	: 64
address sizes	: 39 bits physical, 48 bits virtual
power management:

processor	: 3
vendor_id	: GenuineIntel
cpu family	: 6
model		: 142
model name	: Intel(R) Core(TM) i7-8565U CPU @ 1.80GHz
stepping	: 12
microcode	: 0xea
cpu MHz		: 4099.977
cache size	: 8192 KB
physical id	: 0
siblings	: 8
core id		: 3
cpu cores	: 4
apicid		: 6
initial apicid	: 6
fpu		: yes
fpu_exception	: yes
cpuid level	: 22
wp		: yes
flags		: fpu vme de pse tsc msr pae mce cx8 apic sep mtrr pge mca cmov pat pse36 clflush dts acpi mmx fxsr sse sse2 ss ht tm pbe syscall nx pdpe1gb rdtscp lm constant_tsc art arch_perfmon pebs bts rep_good nopl xtopology nonstop_tsc cpuid aperfmperf pni pclmulqdq dtes64 monitor ds_cpl vmx est tm2 ssse3 sdbg fma cx16 xtpr pdcm pcid sse4_1 sse4_2 x2apic movbe popcnt tsc_deadline_timer aes xsave avx f16c rdrand lahf_lm abm 3dnowprefetch cpuid_fault epb invpcid_single ssbd ibrs ibpb stibp ibrs_enhanced tpr_shadow vnmi flexpriority ept vpid fsgsbase tsc_adjust bmi1 avx2 smep bmi2 erms invpcid mpx rdseed adx smap clflushopt intel_pt xsaveopt xsavec xgetbv1 xsaves dtherm ida arat pln pts hwp hwp_notify hwp_act_window hwp_epp md_clear flush_l1d arch_capabilities
bugs		: spectre_v1 spectre_v2 spec_store_bypass swapgs itlb_multihit srbds
bogomips	: 3999.93
clflush size	: 64
cache_alignment	: 64
address sizes	: 39 bits physical, 48 bits virtual
power management:

processor	: 4
vendor_id	: GenuineIntel
cpu family	: 6
model		: 142
model name	: Intel(R) Core(TM) i7-8565U CPU @ 1.80GHz
stepping	: 12
microcode	: 0xea
cpu MHz		: 4100.590
cache size	: 8192 KB
physical id	: 0
siblings	: 8
core id		: 0
cpu cores	: 4
apicid		: 1
initial apicid	: 1
fpu		: yes
fpu_exception	: yes
cpuid level	: 22
wp		: yes
flags		: fpu vme de pse tsc msr pae mce cx8 apic sep mtrr pge mca cmov pat pse36 clflush dts acpi mmx fxsr sse sse2 ss ht tm pbe syscall nx pdpe1gb rdtscp lm constant_tsc art arch_perfmon pebs bts rep_good nopl xtopology nonstop_tsc cpuid aperfmperf pni pclmulqdq dtes64 monitor ds_cpl vmx est tm2 ssse3 sdbg fma cx16 xtpr pdcm pcid sse4_1 sse4_2 x2apic movbe popcnt tsc_deadline_timer aes xsave avx f16c rdrand lahf_lm abm 3dnowprefetch cpuid_fault epb invpcid_single ssbd ibrs ibpb stibp ibrs_enhanced tpr_shadow vnmi flexpriority ept vpid fsgsbase tsc_adjust bmi1 avx2 smep bmi2 erms invpcid mpx rdseed adx smap clflushopt intel_pt xsaveopt xsavec xgetbv1 xsaves dtherm ida arat pln pts hwp hwp_notify hwp_act_window hwp_epp md_clear flush_l1d arch_capabilities
bugs		: spectre_v1 spectre_v2 spec_store_bypass swapgs itlb_multihit srbds
bogomips	: 3999.93
clflush size	: 64
cache_alignment	: 64
address sizes	: 39 bits physical, 48 bits virtual
power management:

processor	: 5
vendor_id	: GenuineIntel
cpu family	: 6
model		: 142
model name	: Intel(R) Core(TM) i7-8565U CPU @ 1.80GHz
stepping	: 12
microcode	: 0xea
cpu MHz		: 4100.398
cache size	: 8192 KB
physical id	: 0
siblings	: 8
core id		: 1
cpu cores	: 4
apicid		: 3
initial apicid	: 3
fpu		: yes
fpu_exception	: yes
cpuid level	: 22
wp		: yes
flags		: fpu vme de pse tsc msr pae mce cx8 apic sep mtrr pge mca cmov pat pse36 clflush dts acpi mmx fxsr sse sse2 ss ht tm pbe syscall nx pdpe1gb rdtscp lm constant_tsc art arch_perfmon pebs bts rep_good nopl xtopology nonstop_tsc cpuid aperfmperf pni pclmulqdq dtes64 monitor ds_cpl vmx est tm2 ssse3 sdbg fma cx16 xtpr pdcm pcid sse4_1 sse4_2 x2apic movbe popcnt tsc_deadline_timer aes xsave avx f16c rdrand lahf_lm abm 3dnowprefetch cpuid_fault epb invpcid_single ssbd ibrs ibpb stibp ibrs_enhanced tpr_shadow vnmi flexpriority ept vpid fsgsbase tsc_adjust bmi1 avx2 smep bmi2 erms invpcid mpx rdseed adx smap clflushopt intel_pt xsaveopt xsavec xgetbv1 xsaves dtherm ida arat pln pts hwp hwp_notify hwp_act_window hwp_epp md_clear flush_l1d arch_capabilities
bugs		: spectre_v1 spectre_v2 spec_store_bypass swapgs itlb_multihit srbds
bogomips	: 3999.93
clflush size	: 64
cache_alignment	: 64
address sizes	: 39 bits physical, 48 bits virtual
power management:

processor	: 6
vendor_id	: GenuineIntel
cpu family	: 6
model		: 142
model name	: Intel(R) Core(TM) i7-8565U CPU @ 1.80GHz
stepping	: 12
microcode	: 0xea
cpu MHz		: 4098.690
cache size	: 8192 KB
physical id	: 0
siblings	: 8
core id		: 2
cpu cores	: 4
apicid		: 5
initial apicid	: 5
fpu		: yes
fpu_exception	: yes
cpuid level	: 22
wp		: yes
flags		: fpu vme de pse tsc msr pae mce cx8 apic sep mtrr pge mca cmov pat pse36 clflush dts acpi mmx fxsr sse sse2 ss ht tm pbe syscall nx pdpe1gb rdtscp lm constant_tsc art arch_perfmon pebs bts rep_good nopl xtopology nonstop_tsc cpuid aperfmperf pni pclmulqdq dtes64 monitor ds_cpl vmx est tm2 ssse3 sdbg fma cx16 xtpr pdcm pcid sse4_1 sse4_2 x2apic movbe popcnt tsc_deadline_timer aes xsave avx f16c rdrand lahf_lm abm 3dnowprefetch cpuid_fault epb invpcid_single ssbd ibrs ibpb stibp ibrs_enhanced tpr_shadow vnmi flexpriority ept vpid fsgsbase tsc_adjust bmi1 avx2 smep bmi2 erms invpcid mpx rdseed adx smap clflushopt intel_pt xsaveopt xsavec xgetbv1 xsaves dtherm ida arat pln pts hwp hwp_notify hwp_act_window hwp_epp md_clear flush_l1d arch_capabilities
bugs		: spectre_v1 spectre_v2 spec_store_bypass swapgs itlb_multihit srbds
bogomips	: 3999.93
clflush size	: 64
cache_alignment	: 64
address sizes	: 39 bits physical, 48 bits virtual
power management:

processor	: 7
vendor_id	: GenuineIntel
cpu family	: 6
model		: 142
model name	: Intel(R) Core(TM) i7-8565U CPU @ 1.80GHz
stepping	: 12
microcode	: 0xea
cpu MHz		: 4100.081
cache size	: 8192 KB
physical id	: 0
siblings	: 8
core id		: 3
cpu cores	: 4
apicid		: 7
initial apicid	: 7
fpu		: yes
fpu_exception	: yes
cpuid level	: 22
wp		: yes
flags		: fpu vme de pse tsc msr pae mce cx8 apic sep mtrr pge mca cmov pat pse36 clflush dts acpi mmx fxsr sse sse2 ss ht tm pbe syscall nx pdpe1gb rdtscp lm constant_tsc art arch_perfmon pebs bts rep_good nopl xtopology nonstop_tsc cpuid aperfmperf pni pclmulqdq dtes64 monitor ds_cpl vmx est tm2 ssse3 sdbg fma cx16 xtpr pdcm pcid sse4_1 sse4_2 x2apic movbe popcnt tsc_deadline_timer aes xsave avx f16c rdrand lahf_lm abm 3dnowprefetch cpuid_fault epb invpcid_single ssbd ibrs ibpb stibp ibrs_enhanced tpr_shadow vnmi flexpriority ept vpid fsgsbase tsc_adjust bmi1 avx2 smep bmi2 erms invpcid mpx rdseed adx smap clflushopt intel_pt xsaveopt xsavec xgetbv1 xsaves dtherm ida arat pln pts hwp hwp_notify hwp_act_window hwp_epp md_clear flush_l1d arch_capabilities
bugs		: spectre_v1 spectre_v2 spec_store_bypass swapgs itlb_multihit srbds
bogomips	: 3999.93
clflush size	: 64
cache_alignment	: 64
address sizes	: 39 bits physical, 48 bits virtual
power management:



Memory: 4k page, physical 16139036k(163432k free), swap 0k(0k free)

vm_info: OpenJDK 64-Bit Server VM (25.292-b10) for linux-amd64 JRE (1.8.0_292-8u292-b10-0ubuntu1~16.04.1-b10), built on Apr 21 2021 12:47:35 by "buildd" with gcc 5.4.0 20160609

time: Wed Jun 30 09:06:22 2021
timezone: +07
elapsed time: 37.086837 seconds (0d 0h 0m 37s)

