#
# There is insufficient memory for the Java Runtime Environment to continue.
# Native memory allocation (mmap) failed to map 233308160 bytes for committing reserved memory.
# Possible reasons:
#   The system is out of physical RAM or swap space
#   The process is running with CompressedOops enabled, and the Java Heap may be blocking the growth of the native heap
# Possible solutions:
#   Reduce memory load on the system
#   Increase physical memory or swap space
#   Check if swap backing store is full
#   Decrease Java heap size (-Xmx/-Xms)
#   Decrease number of Java threads
#   Decrease Java thread stack sizes (-Xss)
#   Set larger code cache with -XX:ReservedCodeCacheSize=
#   JVM is running with Zero Based Compressed Oops mode in which the Java heap is
#     placed in the first 32GB address space. The Java Heap base address is the
#     maximum limit for the native heap growth. Please use -XX:HeapBaseMinAddress
#     to set the Java Heap base and to place the Java Heap above 32GB virtual address.
# This output file may be truncated or incomplete.
#
#  Out of Memory Error (os_linux.cpp:2798), pid=26870, tid=0x00007f1eef6c1700
#
# JRE version: OpenJDK Runtime Environment (8.0_292-b10) (build 1.8.0_292-8u292-b10-0ubuntu1~16.04.1-b10)
# Java VM: OpenJDK 64-Bit Server VM (25.292-b10 mixed mode linux-amd64 compressed oops)
# Failed to write core dump. Core dumps have been disabled. To enable core dumping, try "ulimit -c unlimited" before starting Java again
#

---------------  T H R E A D  ---------------

Current thread (0x00007f1f281c8800):  VMThread [stack: 0x00007f1eef5c1000,0x00007f1eef6c2000] [id=26892]

Stack: [0x00007f1eef5c1000,0x00007f1eef6c2000],  sp=0x00007f1eef6c0360,  free space=1020k
Native frames: (J=compiled Java code, j=interpreted, Vv=VM code, C=native code)
V  [libjvm.so+0xb1e67b]
V  [libjvm.so+0x4e01dc]
V  [libjvm.so+0x95bc48]
V  [libjvm.so+0x953b3e]
V  [libjvm.so+0x9d4ad6]
V  [libjvm.so+0x9c3a7a]
V  [libjvm.so+0x9c3c83]
V  [libjvm.so+0x9c45e8]
V  [libjvm.so+0x9ca9de]
V  [libjvm.so+0x9d265d]
V  [libjvm.so+0x983953]
V  [libjvm.so+0xb20372]
V  [libjvm.so+0xb26067]
V  [libjvm.so+0xb23b43]
V  [libjvm.so+0xb23ee5]
V  [libjvm.so+0xb244b2]
V  [libjvm.so+0x958fe2]

VM_Operation (0x00007f1f32040270): ParallelGCFailedAllocation, mode: safepoint, requested by thread 0x00007f1f2800b000


---------------  P R O C E S S  ---------------

Java Threads: ( => current thread )
  0x00007f1f28225800 JavaThread "Service Thread" daemon [_thread_blocked, id=26900, stack(0x00007f1eee963000,0x00007f1eeea64000)]
  0x00007f1f28212000 JavaThread "C1 CompilerThread3" daemon [_thread_blocked, id=26899, stack(0x00007f1eeea64000,0x00007f1eeeb65000)]
  0x00007f1f28210000 JavaThread "C2 CompilerThread2" daemon [_thread_blocked, id=26898, stack(0x00007f1eeeb65000,0x00007f1eeec66000)]
  0x00007f1f2820e000 JavaThread "C2 CompilerThread1" daemon [_thread_blocked, id=26897, stack(0x00007f1eeec66000,0x00007f1eeed67000)]
  0x00007f1f2820b000 JavaThread "C2 CompilerThread0" daemon [_thread_blocked, id=26896, stack(0x00007f1eeed67000,0x00007f1eeee68000)]
  0x00007f1f28208000 JavaThread "Signal Dispatcher" daemon [_thread_blocked, id=26895, stack(0x00007f1eeee68000,0x00007f1eeef69000)]
  0x00007f1f281d7000 JavaThread "Finalizer" daemon [_thread_blocked, id=26894, stack(0x00007f1eef3bf000,0x00007f1eef4c0000)]
  0x00007f1f281d2800 JavaThread "Reference Handler" daemon [_thread_blocked, id=26893, stack(0x00007f1eef4c0000,0x00007f1eef5c1000)]
  0x00007f1f2800b000 JavaThread "main" [_thread_blocked, id=26872, stack(0x00007f1f31f41000,0x00007f1f32042000)]

Other Threads:
=>0x00007f1f281c8800 VMThread [stack: 0x00007f1eef5c1000,0x00007f1eef6c2000] [id=26892]
  0x00007f1f28228000 WatcherThread [stack: 0x00007f1eee862000,0x00007f1eee963000] [id=26901]

VM state:at safepoint (normal execution)

VM Mutex/Monitor currently owned by a thread:  ([mutex/lock_event])
[0x00007f1f28006a30] ExpandHeap_lock - owner thread: 0x00007f1f281c8800
[0x00007f1f280070b0] Threads_lock - owner thread: 0x00007f1f281c8800
[0x00007f1f280075b0] Heap_lock - owner thread: 0x00007f1f2800b000

heap address: 0x00000006c9a00000, size: 3942 MB, Compressed Oops mode: Zero based, Oop shift amount: 3
Narrow klass base: 0x0000000000000000, Narrow klass shift: 3
Compressed class space size: 1073741824 Address: 0x00000007c0000000

Heap:
 PSYoungGen      total 805376K, used 80108K [0x000000076de00000, 0x00000007b9900000, 0x00000007c0000000)
  eden space 416768K, 0% used [0x000000076de00000,0x000000076de00000,0x0000000787500000)
  from space 388608K, 20% used [0x0000000787500000,0x000000078c33b040,0x000000079f080000)
  to   space 397312K, 0% used [0x00000007a1500000,0x00000007a1500000,0x00000007b9900000)
 ParOldGen       total 316416K, used 316239K [0x00000006c9a00000, 0x00000006dcf00000, 0x000000076de00000)
  object space 316416K, 99% used [0x00000006c9a00000,0x00000006dced3ec8,0x00000006dcf00000)
 Metaspace       used 9373K, capacity 9756K, committed 9984K, reserved 1058816K
  class space    used 944K, capacity 976K, committed 1024K, reserved 1048576K

Card table byte_map: [0x00007f1f2dd74000,0x00007f1f2e528000] byte_map_base: 0x00007f1f2a727000

Marking Bits: (ParMarkBitMap*) 0x00007f1f312118a0
 Begin Bits: [0x00007f1ef04d0000, 0x00007f1ef4268000)
 End Bits:   [0x00007f1ef4268000, 0x00007f1ef8000000)

Polling page: 0x00007f1f32065000

CodeCache: size=245760Kb used=15351Kb max_used=15390Kb free=230408Kb
 bounds [0x00007f1f19000000, 0x00007f1f19fa0000, 0x00007f1f28000000]
 total_blobs=2794 nmethods=2513 adapters=193
 compilation: enabled

Compilation events (10 events):
Event: 38,590 Thread 0x00007f1f28212000 3988 %     3       soot.toolkits.scalar.ArraySparseSet::equals @ 34 (70 bytes)
Event: 38,590 Thread 0x00007f1f28212000 nmethod 3988% 0x00007f1f19231f10 code [0x00007f1f192320c0, 0x00007f1f192326f8]
Event: 38,590 Thread 0x00007f1f28212000 3989       3       soot.toolkits.scalar.ArraySparseSet::equals (70 bytes)
Event: 38,590 Thread 0x00007f1f28212000 nmethod 3989 0x00007f1f19630d50 code [0x00007f1f19630f00, 0x00007f1f196314d8]
Event: 38,626 Thread 0x00007f1f28210000 nmethod 3979 0x00007f1f19f55d10 code [0x00007f1f19f56520, 0x00007f1f19f5b7c8]
Event: 38,626 Thread 0x00007f1f28210000 3990       4       soot.toolkits.scalar.FlowAnalysis::doAnalysis (175 bytes)
Event: 38,645 Thread 0x00007f1f2820b000 nmethod 3968 0x00007f1f1955b190 code [0x00007f1f1955ba00, 0x00007f1f19563460]
Event: 38,645 Thread 0x00007f1f2820b000 3984       4       java.util.HashMap::get (23 bytes)
Event: 38,649 Thread 0x00007f1f2820b000 nmethod 3984 0x00007f1f191c23d0 code [0x00007f1f191c2560, 0x00007f1f191c2ab8]
Event: 38,649 Thread 0x00007f1f2820b000 3991       4       soot.toolkits.scalar.ArraySparseSet::intersection (128 bytes)

GC Heap History (10 events):
Event: 30,563 GC heap after
Heap after GC invocations=24 (full 1):
 PSYoungGen      total 721920K, used 247653K [0x000000076de00000, 0x00000007b1b00000, 0x00000007c0000000)
  eden space 401408K, 0% used [0x000000076de00000,0x000000076de00000,0x0000000786600000)
  from space 320512K, 77% used [0x0000000786600000,0x00000007957d96d8,0x0000000799f00000)
  to   space 342016K, 0% used [0x000000079cd00000,0x000000079cd00000,0x00000007b1b00000)
 ParOldGen       total 316416K, used 233145K [0x00000006c9a00000, 0x00000006dcf00000, 0x000000076de00000)
  object space 316416K, 73% used [0x00000006c9a00000,0x00000006d7dae440,0x00000006dcf00000)
 Metaspace       used 9256K, capacity 9660K, committed 9984K, reserved 1058816K
  class space    used 941K, capacity 944K, committed 1024K, reserved 1048576K
}
Event: 32,149 GC heap before
{Heap before GC invocations=25 (full 1):
 PSYoungGen      total 721920K, used 649061K [0x000000076de00000, 0x00000007b1b00000, 0x00000007c0000000)
  eden space 401408K, 100% used [0x000000076de00000,0x0000000786600000,0x0000000786600000)
  from space 320512K, 77% used [0x0000000786600000,0x00000007957d96d8,0x0000000799f00000)
  to   space 342016K, 0% used [0x000000079cd00000,0x000000079cd00000,0x00000007b1b00000)
 ParOldGen       total 316416K, used 233145K [0x00000006c9a00000, 0x00000006dcf00000, 0x000000076de00000)
  object space 316416K, 73% used [0x00000006c9a00000,0x00000006d7dae440,0x00000006dcf00000)
 Metaspace       used 9258K, capacity 9660K, committed 9984K, reserved 1058816K
  class space    used 941K, capacity 944K, committed 1024K, reserved 1048576K
Event: 32,287 GC heap after
Heap after GC invocations=25 (full 1):
 PSYoungGen      total 750080K, used 253221K [0x000000076de00000, 0x00000007b4180000, 0x00000007c0000000)
  eden space 408064K, 0% used [0x000000076de00000,0x000000076de00000,0x0000000786c80000)
  from space 342016K, 74% used [0x000000079cd00000,0x00000007ac449688,0x00000007b1b00000)
  to   space 360960K, 0% used [0x0000000786c80000,0x0000000786c80000,0x000000079cd00000)
 ParOldGen       total 316416K, used 244801K [0x00000006c9a00000, 0x00000006dcf00000, 0x000000076de00000)
  object space 316416K, 77% used [0x00000006c9a00000,0x00000006d8910460,0x00000006dcf00000)
 Metaspace       used 9258K, capacity 9660K, committed 9984K, reserved 1058816K
  class space    used 941K, capacity 944K, committed 1024K, reserved 1048576K
}
Event: 34,372 GC heap before
{Heap before GC invocations=26 (full 1):
 PSYoungGen      total 750080K, used 661285K [0x000000076de00000, 0x00000007b4180000, 0x00000007c0000000)
  eden space 408064K, 100% used [0x000000076de00000,0x0000000786c80000,0x0000000786c80000)
  from space 342016K, 74% used [0x000000079cd00000,0x00000007ac449688,0x00000007b1b00000)
  to   space 360960K, 0% used [0x0000000786c80000,0x0000000786c80000,0x000000079cd00000)
 ParOldGen       total 316416K, used 244801K [0x00000006c9a00000, 0x00000006dcf00000, 0x000000076de00000)
  object space 316416K, 77% used [0x00000006c9a00000,0x00000006d8910460,0x00000006dcf00000)
 Metaspace       used 9261K, capacity 9660K, committed 9984K, reserved 1058816K
  class space    used 941K, capacity 944K, committed 1024K, reserved 1048576K
Event: 34,547 GC heap after
Heap after GC invocations=26 (full 1):
 PSYoungGen      total 769024K, used 255317K [0x000000076de00000, 0x00000007b5f80000, 0x00000007c0000000)
  eden space 408064K, 0% used [0x000000076de00000,0x000000076de00000,0x0000000786c80000)
  from space 360960K, 70% used [0x0000000786c80000,0x00000007965d5688,0x000000079cd00000)
  to   space 375808K, 0% used [0x000000079f080000,0x000000079f080000,0x00000007b5f80000)
 ParOldGen       total 316416K, used 259517K [0x00000006c9a00000, 0x00000006dcf00000, 0x000000076de00000)
  object space 316416K, 82% used [0x00000006c9a00000,0x00000006d976f480,0x00000006dcf00000)
 Metaspace       used 9261K, capacity 9660K, committed 9984K, reserved 1058816K
  class space    used 941K, capacity 944K, committed 1024K, reserved 1048576K
}
Event: 36,401 GC heap before
{Heap before GC invocations=27 (full 1):
 PSYoungGen      total 769024K, used 663381K [0x000000076de00000, 0x00000007b5f80000, 0x00000007c0000000)
  eden space 408064K, 100% used [0x000000076de00000,0x0000000786c80000,0x0000000786c80000)
  from space 360960K, 70% used [0x0000000786c80000,0x00000007965d5688,0x000000079cd00000)
  to   space 375808K, 0% used [0x000000079f080000,0x000000079f080000,0x00000007b5f80000)
 ParOldGen       total 316416K, used 259517K [0x00000006c9a00000, 0x00000006dcf00000, 0x000000076de00000)
  object space 316416K, 82% used [0x00000006c9a00000,0x00000006d976f480,0x00000006dcf00000)
 Metaspace       used 9262K, capacity 9660K, committed 9984K, reserved 1058816K
  class space    used 941K, capacity 944K, committed 1024K, reserved 1048576K
Event: 36,621 GC heap after
Heap after GC invocations=27 (full 1):
 PSYoungGen      total 792576K, used 261717K [0x000000076de00000, 0x00000007b7b00000, 0x00000007c0000000)
  eden space 416768K, 0% used [0x000000076de00000,0x000000076de00000,0x0000000787500000)
  from space 375808K, 69% used [0x000000079f080000,0x00000007af015688,0x00000007b5f80000)
  to   space 388608K, 0% used [0x0000000787500000,0x0000000787500000,0x000000079f080000)
 ParOldGen       total 316416K, used 273125K [0x00000006c9a00000, 0x00000006dcf00000, 0x000000076de00000)
  object space 316416K, 86% used [0x00000006c9a00000,0x00000006da4b94a0,0x00000006dcf00000)
 Metaspace       used 9262K, capacity 9660K, committed 9984K, reserved 1058816K
  class space    used 941K, capacity 944K, committed 1024K, reserved 1048576K
}
Event: 38,650 GC heap before
{Heap before GC invocations=28 (full 1):
 PSYoungGen      total 792576K, used 678485K [0x000000076de00000, 0x00000007b7b00000, 0x00000007c0000000)
  eden space 416768K, 100% used [0x000000076de00000,0x0000000787500000,0x0000000787500000)
  from space 375808K, 69% used [0x000000079f080000,0x00000007af015688,0x00000007b5f80000)
  to   space 388608K, 0% used [0x0000000787500000,0x0000000787500000,0x000000079f080000)
 ParOldGen       total 316416K, used 273125K [0x00000006c9a00000, 0x00000006dcf00000, 0x000000076de00000)
  object space 316416K, 86% used [0x00000006c9a00000,0x00000006da4b94a0,0x00000006dcf00000)
 Metaspace       used 9373K, capacity 9756K, committed 9984K, reserved 1058816K
  class space    used 944K, capacity 976K, committed 1024K, reserved 1048576K
Event: 39,010 GC heap after
Heap after GC invocations=28 (full 1):
 PSYoungGen      total 805376K, used 259162K [0x000000076de00000, 0x00000007b9900000, 0x00000007c0000000)
  eden space 416768K, 0% used [0x000000076de00000,0x000000076de00000,0x0000000787500000)
  from space 388608K, 66% used [0x0000000787500000,0x0000000797216900,0x000000079f080000)
  to   space 397312K, 0% used [0x00000007a1500000,0x00000007a1500000,0x00000007b9900000)
 ParOldGen       total 316416K, used 286689K [0x00000006c9a00000, 0x00000006dcf00000, 0x000000076de00000)
  object space 316416K, 90% used [0x00000006c9a00000,0x00000006db1f84b0,0x00000006dcf00000)
 Metaspace       used 9373K, capacity 9756K, committed 9984K, reserved 1058816K
  class space    used 944K, capacity 976K, committed 1024K, reserved 1048576K
}
Event: 39,010 GC heap before
{Heap before GC invocations=29 (full 2):
 PSYoungGen      total 805376K, used 259162K [0x000000076de00000, 0x00000007b9900000, 0x00000007c0000000)
  eden space 416768K, 0% used [0x000000076de00000,0x000000076de00000,0x0000000787500000)
  from space 388608K, 66% used [0x0000000787500000,0x0000000797216900,0x000000079f080000)
  to   space 397312K, 0% used [0x00000007a1500000,0x00000007a1500000,0x00000007b9900000)
 ParOldGen       total 316416K, used 286689K [0x00000006c9a00000, 0x00000006dcf00000, 0x000000076de00000)
  object space 316416K, 90% used [0x00000006c9a00000,0x00000006db1f84b0,0x00000006dcf00000)
 Metaspace       used 9373K, capacity 9756K, committed 9984K, reserved 1058816K
  class space    used 944K, capacity 976K, committed 1024K, reserved 1048576K

Deoptimization events (10 events):
Event: 37,938 Thread 0x00007f1f2800b000 Uncommon trap: reason=class_check action=maybe_recompile pc=0x00007f1f196691c8 method=soot.toolkits.scalar.FlowAnalysis.getFlow(Lsoot/toolkits/scalar/FlowAnalysis$Entry;Lsoot/toolkits/scalar/FlowAnalysis$Entry;)Ljava/lang/Object; @ 27
Event: 37,997 Thread 0x00007f1f2800b000 Uncommon trap: reason=class_check action=maybe_recompile pc=0x00007f1f196139c0 method=soot.toolkits.scalar.FlowAnalysis.flowThrough(Lsoot/toolkits/scalar/FlowAnalysis$Entry;)Z @ 51
Event: 37,997 Thread 0x00007f1f2800b000 Uncommon trap: reason=class_check action=maybe_recompile pc=0x00007f1f196139c0 method=soot.toolkits.scalar.FlowAnalysis.flowThrough(Lsoot/toolkits/scalar/FlowAnalysis$Entry;)Z @ 51
Event: 37,997 Thread 0x00007f1f2800b000 Uncommon trap: reason=class_check action=maybe_recompile pc=0x00007f1f196139c0 method=soot.toolkits.scalar.FlowAnalysis.flowThrough(Lsoot/toolkits/scalar/FlowAnalysis$Entry;)Z @ 51
Event: 37,997 Thread 0x00007f1f2800b000 Uncommon trap: reason=class_check action=maybe_recompile pc=0x00007f1f196139c0 method=soot.toolkits.scalar.FlowAnalysis.flowThrough(Lsoot/toolkits/scalar/FlowAnalysis$Entry;)Z @ 51
Event: 38,174 Thread 0x00007f1f2800b000 Uncommon trap: reason=class_check action=maybe_recompile pc=0x00007f1f198b843c method=java.util.HashMap.getNode(ILjava/lang/Object;)Ljava/util/HashMap$Node; @ 126
Event: 38,215 Thread 0x00007f1f2800b000 Uncommon trap: reason=class_check action=maybe_recompile pc=0x00007f1f198b843c method=java.util.HashMap.getNode(ILjava/lang/Object;)Ljava/util/HashMap$Node; @ 126
Event: 38,377 Thread 0x00007f1f2800b000 Uncommon trap: reason=unstable_if action=reinterpret pc=0x00007f1f197e97c0 method=soot.toolkits.graph.UnitGraph.buildHeadsAndTails()V @ 168
Event: 38,391 Thread 0x00007f1f2800b000 Uncommon trap: reason=class_check action=maybe_recompile pc=0x00007f1f198b843c method=java.util.HashMap.getNode(ILjava/lang/Object;)Ljava/util/HashMap$Node; @ 126
Event: 38,398 Thread 0x00007f1f2800b000 Uncommon trap: reason=class_check action=maybe_recompile pc=0x00007f1f198b843c method=java.util.HashMap.getNode(ILjava/lang/Object;)Ljava/util/HashMap$Node; @ 126

Classes redefined (0 events):
No events

Internal exceptions (10 events):
Event: 4,114 Thread 0x00007f1f2800b000 Implicit null exception at 0x00007f1f192d679b to 0x00007f1f192da1d9
Event: 4,511 Thread 0x00007f1f2800b000 Implicit null exception at 0x00007f1f19cb3007 to 0x00007f1f19cb4b45
Event: 4,511 Thread 0x00007f1f2800b000 Implicit null exception at 0x00007f1f195a3115 to 0x00007f1f195a35cd
Event: 4,511 Thread 0x00007f1f2800b000 Implicit null exception at 0x00007f1f192760d8 to 0x00007f1f19276166
Event: 4,512 Thread 0x00007f1f2800b000 Implicit null exception at 0x00007f1f191ac97d to 0x00007f1f191aca8d
Event: 4,512 Thread 0x00007f1f2800b000 Implicit null exception at 0x00007f1f191f0b2f to 0x00007f1f191f0b99
Event: 7,719 Thread 0x00007f1f2800b000 Implicit null exception at 0x00007f1f19556fc3 to 0x00007f1f1955bc9d
Event: 15,930 Thread 0x00007f1f2800b000 Implicit null exception at 0x00007f1f191626b2 to 0x00007f1f19162809
Event: 17,833 Thread 0x00007f1f2800b000 Implicit null exception at 0x00007f1f19a69b3d to 0x00007f1f19a6a4dd
Event: 22,302 Thread 0x00007f1f2800b000 Implicit null exception at 0x00007f1f19bfd914 to 0x00007f1f19bffb95

Events (10 events):
Event: 38,424 Thread 0x00007f1f2800b000 DEOPT UNPACKING pc=0x00007f1f190474c4 sp=0x00007f1f3203ff58 mode 0
Event: 38,548 Thread 0x00007f1f2800b000 DEOPT PACKING pc=0x00007f1f197d9a88 sp=0x00007f1f320402e0
Event: 38,548 Thread 0x00007f1f2800b000 DEOPT UNPACKING pc=0x00007f1f190474c4 sp=0x00007f1f3203fff0 mode 0
Event: 38,562 Thread 0x00007f1f2800b000 DEOPT PACKING pc=0x00007f1f1982ab04 sp=0x00007f1f32040240
Event: 38,570 Thread 0x00007f1f2800b000 DEOPT UNPACKING pc=0x00007f1f190474c4 sp=0x00007f1f3203ff58 mode 0
Event: 38,591 Thread 0x00007f1f2800b000 DEOPT PACKING pc=0x00007f1f197e71ed sp=0x00007f1f32040300
Event: 38,591 Thread 0x00007f1f2800b000 DEOPT UNPACKING pc=0x00007f1f190474c4 sp=0x00007f1f32040058 mode 0
Event: 38,615 Thread 0x00007f1f2800b000 DEOPT PACKING pc=0x00007f1f19a0d9e9 sp=0x00007f1f320403f0
Event: 38,615 Thread 0x00007f1f2800b000 DEOPT UNPACKING pc=0x00007f1f190474c4 sp=0x00007f1f320401d0 mode 0
Event: 38,649 Executing VM operation: ParallelGCFailedAllocation


Dynamic libraries:
6c9a00000-6dcf00000 rw-p 00000000 00:00 0 
6ead80000-76de00000 ---p 00000000 00:00 0 
76de00000-7b9900000 rw-p 00000000 00:00 0 
7b9900000-7c0000000 ---p 00000000 00:00 0 
7c0000000-7c0100000 rw-p 00000000 00:00 0 
7c0100000-800000000 ---p 00000000 00:00 0 
55629c017000-55629c018000 r-xp 00000000 103:06 1841257                   /usr/lib/jvm/java-8-openjdk-amd64/jre/bin/java
55629c217000-55629c218000 r--p 00000000 103:06 1841257                   /usr/lib/jvm/java-8-openjdk-amd64/jre/bin/java
55629c218000-55629c219000 rw-p 00001000 103:06 1841257                   /usr/lib/jvm/java-8-openjdk-amd64/jre/bin/java
55629ca17000-55629ca38000 rw-p 00000000 00:00 0                          [heap]
7f1ec0000000-7f1ec0021000 rw-p 00000000 00:00 0 
7f1ec0021000-7f1ec4000000 ---p 00000000 00:00 0 
7f1ec8000000-7f1ec8afc000 rw-p 00000000 00:00 0 
7f1ec8afc000-7f1ecc000000 ---p 00000000 00:00 0 
7f1ecc000000-7f1ecc021000 rw-p 00000000 00:00 0 
7f1ecc021000-7f1ed0000000 ---p 00000000 00:00 0 
7f1ed0000000-7f1ed22a5000 rw-p 00000000 00:00 0 
7f1ed22a5000-7f1ed4000000 ---p 00000000 00:00 0 
7f1ed4000000-7f1ed6a7d000 rw-p 00000000 00:00 0 
7f1ed6a7d000-7f1ed8000000 ---p 00000000 00:00 0 
7f1ed8000000-7f1ed8021000 rw-p 00000000 00:00 0 
7f1ed8021000-7f1edc000000 ---p 00000000 00:00 0 
7f1edc000000-7f1ede009000 rw-p 00000000 00:00 0 
7f1ede009000-7f1ee0000000 ---p 00000000 00:00 0 
7f1ee0000000-7f1ee0021000 rw-p 00000000 00:00 0 
7f1ee0021000-7f1ee4000000 ---p 00000000 00:00 0 
7f1ee4000000-7f1ee4021000 rw-p 00000000 00:00 0 
7f1ee4021000-7f1ee8000000 ---p 00000000 00:00 0 
7f1ee8000000-7f1ee8021000 rw-p 00000000 00:00 0 
7f1ee8021000-7f1eec000000 ---p 00000000 00:00 0 
7f1eee158000-7f1eee218000 rw-p 00000000 00:00 0 
7f1eee218000-7f1eee358000 ---p 00000000 00:00 0 
7f1eee358000-7f1eee370000 r-xp 00000000 103:06 1840354                   /usr/lib/jvm/java-8-openjdk-amd64/jre/lib/amd64/libnet.so
7f1eee370000-7f1eee56f000 ---p 00018000 103:06 1840354                   /usr/lib/jvm/java-8-openjdk-amd64/jre/lib/amd64/libnet.so
7f1eee56f000-7f1eee570000 r--p 00017000 103:06 1840354                   /usr/lib/jvm/java-8-openjdk-amd64/jre/lib/amd64/libnet.so
7f1eee570000-7f1eee571000 rw-p 00018000 103:06 1840354                   /usr/lib/jvm/java-8-openjdk-amd64/jre/lib/amd64/libnet.so
7f1eee571000-7f1eee583000 r-xp 00000000 103:06 1840350                   /usr/lib/jvm/java-8-openjdk-amd64/jre/lib/amd64/libnio.so
7f1eee583000-7f1eee782000 ---p 00012000 103:06 1840350                   /usr/lib/jvm/java-8-openjdk-amd64/jre/lib/amd64/libnio.so
7f1eee782000-7f1eee783000 r--p 00011000 103:06 1840350                   /usr/lib/jvm/java-8-openjdk-amd64/jre/lib/amd64/libnio.so
7f1eee783000-7f1eee784000 rw-p 00012000 103:06 1840350                   /usr/lib/jvm/java-8-openjdk-amd64/jre/lib/amd64/libnio.so
7f1eee784000-7f1eee862000 r--s 01c3b000 103:06 1055494                   /home/khuebc/malware/Interprocedural-CFG/ICFGCreator/myIcfg.jar
7f1eee862000-7f1eee863000 ---p 00000000 00:00 0 
7f1eee863000-7f1eee963000 rw-p 00000000 00:00 0 
7f1eee963000-7f1eee966000 ---p 00000000 00:00 0 
7f1eee966000-7f1eeea64000 rw-p 00000000 00:00 0 
7f1eeea64000-7f1eeea67000 ---p 00000000 00:00 0 
7f1eeea67000-7f1eeeb65000 rw-p 00000000 00:00 0 
7f1eeeb65000-7f1eeeb68000 ---p 00000000 00:00 0 
7f1eeeb68000-7f1eeec66000 rw-p 00000000 00:00 0 
7f1eeec66000-7f1eeec69000 ---p 00000000 00:00 0 
7f1eeec69000-7f1eeed67000 rw-p 00000000 00:00 0 
7f1eeed67000-7f1eeed6a000 ---p 00000000 00:00 0 
7f1eeed6a000-7f1eeee68000 rw-p 00000000 00:00 0 
7f1eeee68000-7f1eeee6b000 ---p 00000000 00:00 0 
7f1eeee6b000-7f1eeef69000 rw-p 00000000 00:00 0 
7f1eeef69000-7f1eef3bf000 r--p 00000000 103:06 1850669                   /usr/lib/locale/locale-archive
7f1eef3bf000-7f1eef3c2000 ---p 00000000 00:00 0 
7f1eef3c2000-7f1eef4c0000 rw-p 00000000 00:00 0 
7f1eef4c0000-7f1eef4c3000 ---p 00000000 00:00 0 
7f1eef4c3000-7f1eef5c1000 rw-p 00000000 00:00 0 
7f1eef5c1000-7f1eef5c2000 ---p 00000000 00:00 0 
7f1eef5c2000-7f1ef8000000 rw-p 00000000 00:00 0 
7f1ef8000000-7f1ef80d1000 rw-p 00000000 00:00 0 
7f1ef80d1000-7f1efc000000 ---p 00000000 00:00 0 
7f1efc000000-7f1efc12e000 rw-p 00000000 00:00 0 
7f1efc12e000-7f1f00000000 ---p 00000000 00:00 0 
7f1f00000000-7f1f00074000 rw-p 00000000 00:00 0 
7f1f00074000-7f1f04000000 ---p 00000000 00:00 0 
7f1f04000000-7f1f04132000 rw-p 00000000 00:00 0 
7f1f04132000-7f1f08000000 ---p 00000000 00:00 0 
7f1f08000000-7f1f0802c000 rw-p 00000000 00:00 0 
7f1f0802c000-7f1f0c000000 ---p 00000000 00:00 0 
7f1f0c000000-7f1f0c058000 rw-p 00000000 00:00 0 
7f1f0c058000-7f1f10000000 ---p 00000000 00:00 0 
7f1f10000000-7f1f1009d000 rw-p 00000000 00:00 0 
7f1f1009d000-7f1f14000000 ---p 00000000 00:00 0 
7f1f14000000-7f1f14052000 rw-p 00000000 00:00 0 
7f1f14052000-7f1f18000000 ---p 00000000 00:00 0 
7f1f180d4000-7f1f18e2f000 rw-p 00000000 00:00 0 
7f1f18e2f000-7f1f19000000 r--s 03ca5000 103:06 1840307                   /usr/lib/jvm/java-8-openjdk-amd64/jre/lib/rt.jar
7f1f19000000-7f1f19fa0000 rwxp 00000000 00:00 0 
7f1f19fa0000-7f1f28000000 ---p 00000000 00:00 0 
7f1f28000000-7f1f28720000 rw-p 00000000 00:00 0 
7f1f28720000-7f1f2c000000 ---p 00000000 00:00 0 
7f1f2c006000-7f1f2c021000 r--s 001d6000 103:06 1840331                   /usr/lib/jvm/java-8-openjdk-amd64/jre/lib/ext/nashorn.jar
7f1f2c021000-7f1f2c897000 rw-p 00000000 00:00 0 
7f1f2c897000-7f1f2d04a000 rw-p 00000000 00:00 0 
7f1f2d04a000-7f1f2d04b000 ---p 00000000 00:00 0 
7f1f2d04b000-7f1f2d14b000 rw-p 00000000 00:00 0 
7f1f2d14b000-7f1f2d14c000 ---p 00000000 00:00 0 
7f1f2d14c000-7f1f2d24c000 rw-p 00000000 00:00 0 
7f1f2d24c000-7f1f2d24d000 ---p 00000000 00:00 0 
7f1f2d24d000-7f1f2d34d000 rw-p 00000000 00:00 0 
7f1f2d34d000-7f1f2d34e000 ---p 00000000 00:00 0 
7f1f2d34e000-7f1f2d44e000 rw-p 00000000 00:00 0 
7f1f2d44e000-7f1f2d44f000 ---p 00000000 00:00 0 
7f1f2d44f000-7f1f2d54f000 rw-p 00000000 00:00 0 
7f1f2d54f000-7f1f2d550000 ---p 00000000 00:00 0 
7f1f2d550000-7f1f2d650000 rw-p 00000000 00:00 0 
7f1f2d650000-7f1f2d651000 ---p 00000000 00:00 0 
7f1f2d651000-7f1f2d751000 rw-p 00000000 00:00 0 
7f1f2d751000-7f1f2d752000 ---p 00000000 00:00 0 
7f1f2d752000-7f1f2d8ed000 rw-p 00000000 00:00 0 
7f1f2d8ed000-7f1f2dd74000 ---p 00000000 00:00 0 
7f1f2dd74000-7f1f2de0f000 rw-p 00000000 00:00 0 
7f1f2de0f000-7f1f2e296000 ---p 00000000 00:00 0 
7f1f2e296000-7f1f2e4f4000 rw-p 00000000 00:00 0 
7f1f2e4f4000-7f1f2e527000 ---p 00000000 00:00 0 
7f1f2e527000-7f1f2e567000 rw-p 00000000 00:00 0 
7f1f2e567000-7f1f2e8e8000 ---p 00000000 00:00 0 
7f1f2e8e8000-7f1f2e8f0000 r-xp 00000000 103:06 1840353                   /usr/lib/jvm/java-8-openjdk-amd64/jre/lib/amd64/libzip.so
7f1f2e8f0000-7f1f2eaef000 ---p 00008000 103:06 1840353                   /usr/lib/jvm/java-8-openjdk-amd64/jre/lib/amd64/libzip.so
7f1f2eaef000-7f1f2eaf0000 r--p 00007000 103:06 1840353                   /usr/lib/jvm/java-8-openjdk-amd64/jre/lib/amd64/libzip.so
7f1f2eaf0000-7f1f2eaf1000 rw-p 00008000 103:06 1840353                   /usr/lib/jvm/java-8-openjdk-amd64/jre/lib/amd64/libzip.so
7f1f2eaf1000-7f1f2eafc000 r-xp 00000000 103:06 2883680                   /lib/x86_64-linux-gnu/libnss_files-2.23.so
7f1f2eafc000-7f1f2ecfb000 ---p 0000b000 103:06 2883680                   /lib/x86_64-linux-gnu/libnss_files-2.23.so
7f1f2ecfb000-7f1f2ecfc000 r--p 0000a000 103:06 2883680                   /lib/x86_64-linux-gnu/libnss_files-2.23.so
7f1f2ecfc000-7f1f2ecfd000 rw-p 0000b000 103:06 2883680                   /lib/x86_64-linux-gnu/libnss_files-2.23.so
7f1f2ecfd000-7f1f2ed03000 rw-p 00000000 00:00 0 
7f1f2ed03000-7f1f2ed0e000 r-xp 00000000 103:06 2888850                   /lib/x86_64-linux-gnu/libnss_nis-2.23.so
7f1f2ed0e000-7f1f2ef0d000 ---p 0000b000 103:06 2888850                   /lib/x86_64-linux-gnu/libnss_nis-2.23.so
7f1f2ef0d000-7f1f2ef0e000 r--p 0000a000 103:06 2888850                   /lib/x86_64-linux-gnu/libnss_nis-2.23.so
7f1f2ef0e000-7f1f2ef0f000 rw-p 0000b000 103:06 2888850                   /lib/x86_64-linux-gnu/libnss_nis-2.23.so
7f1f2ef0f000-7f1f2ef25000 r-xp 00000000 103:06 2888851                   /lib/x86_64-linux-gnu/libnsl-2.23.so
7f1f2ef25000-7f1f2f124000 ---p 00016000 103:06 2888851                   /lib/x86_64-linux-gnu/libnsl-2.23.so
7f1f2f124000-7f1f2f125000 r--p 00015000 103:06 2888851                   /lib/x86_64-linux-gnu/libnsl-2.23.so
7f1f2f125000-7f1f2f126000 rw-p 00016000 103:06 2888851                   /lib/x86_64-linux-gnu/libnsl-2.23.so
7f1f2f126000-7f1f2f128000 rw-p 00000000 00:00 0 
7f1f2f128000-7f1f2f130000 r-xp 00000000 103:06 2888853                   /lib/x86_64-linux-gnu/libnss_compat-2.23.so
7f1f2f130000-7f1f2f32f000 ---p 00008000 103:06 2888853                   /lib/x86_64-linux-gnu/libnss_compat-2.23.so
7f1f2f32f000-7f1f2f330000 r--p 00007000 103:06 2888853                   /lib/x86_64-linux-gnu/libnss_compat-2.23.so
7f1f2f330000-7f1f2f331000 rw-p 00008000 103:06 2888853                   /lib/x86_64-linux-gnu/libnss_compat-2.23.so
7f1f2f331000-7f1f2f35b000 r-xp 00000000 103:06 1840360                   /usr/lib/jvm/java-8-openjdk-amd64/jre/lib/amd64/libjava.so
7f1f2f35b000-7f1f2f55a000 ---p 0002a000 103:06 1840360                   /usr/lib/jvm/java-8-openjdk-amd64/jre/lib/amd64/libjava.so
7f1f2f55a000-7f1f2f55b000 r--p 00029000 103:06 1840360                   /usr/lib/jvm/java-8-openjdk-amd64/jre/lib/amd64/libjava.so
7f1f2f55b000-7f1f2f55d000 rw-p 0002a000 103:06 1840360                   /usr/lib/jvm/java-8-openjdk-amd64/jre/lib/amd64/libjava.so
7f1f2f55d000-7f1f2f56c000 r-xp 00000000 103:06 1840358                   /usr/lib/jvm/java-8-openjdk-amd64/jre/lib/amd64/libverify.so
7f1f2f56c000-7f1f2f76b000 ---p 0000f000 103:06 1840358                   /usr/lib/jvm/java-8-openjdk-amd64/jre/lib/amd64/libverify.so
7f1f2f76b000-7f1f2f76d000 r--p 0000e000 103:06 1840358                   /usr/lib/jvm/java-8-openjdk-amd64/jre/lib/amd64/libverify.so
7f1f2f76d000-7f1f2f76e000 rw-p 00010000 103:06 1840358                   /usr/lib/jvm/java-8-openjdk-amd64/jre/lib/amd64/libverify.so
7f1f2f76e000-7f1f2f775000 r-xp 00000000 103:06 2883679                   /lib/x86_64-linux-gnu/librt-2.23.so
7f1f2f775000-7f1f2f974000 ---p 00007000 103:06 2883679                   /lib/x86_64-linux-gnu/librt-2.23.so
7f1f2f974000-7f1f2f975000 r--p 00006000 103:06 2883679                   /lib/x86_64-linux-gnu/librt-2.23.so
7f1f2f975000-7f1f2f976000 rw-p 00007000 103:06 2883679                   /lib/x86_64-linux-gnu/librt-2.23.so
7f1f2f976000-7f1f2f98c000 r-xp 00000000 103:06 2889166                   /lib/x86_64-linux-gnu/libgcc_s.so.1
7f1f2f98c000-7f1f2fb8b000 ---p 00016000 103:06 2889166                   /lib/x86_64-linux-gnu/libgcc_s.so.1
7f1f2fb8b000-7f1f2fb8c000 rw-p 00015000 103:06 2889166                   /lib/x86_64-linux-gnu/libgcc_s.so.1
7f1f2fb8c000-7f1f2fc94000 r-xp 00000000 103:06 2888805                   /lib/x86_64-linux-gnu/libm-2.23.so
7f1f2fc94000-7f1f2fe93000 ---p 00108000 103:06 2888805                   /lib/x86_64-linux-gnu/libm-2.23.so
7f1f2fe93000-7f1f2fe94000 r--p 00107000 103:06 2888805                   /lib/x86_64-linux-gnu/libm-2.23.so
7f1f2fe94000-7f1f2fe95000 rw-p 00108000 103:06 2888805                   /lib/x86_64-linux-gnu/libm-2.23.so
7f1f2fe95000-7f1f30007000 r-xp 00000000 103:06 1846201                   /usr/lib/x86_64-linux-gnu/libstdc++.so.6.0.21
7f1f30007000-7f1f30207000 ---p 00172000 103:06 1846201                   /usr/lib/x86_64-linux-gnu/libstdc++.so.6.0.21
7f1f30207000-7f1f30211000 r--p 00172000 103:06 1846201                   /usr/lib/x86_64-linux-gnu/libstdc++.so.6.0.21
7f1f30211000-7f1f30213000 rw-p 0017c000 103:06 1846201                   /usr/lib/x86_64-linux-gnu/libstdc++.so.6.0.21
7f1f30213000-7f1f30217000 rw-p 00000000 00:00 0 
7f1f30217000-7f1f30f3d000 r-xp 00000000 103:06 1840377                   /usr/lib/jvm/java-8-openjdk-amd64/jre/lib/amd64/server/libjvm.so
7f1f30f3d000-7f1f3113c000 ---p 00d26000 103:06 1840377                   /usr/lib/jvm/java-8-openjdk-amd64/jre/lib/amd64/server/libjvm.so
7f1f3113c000-7f1f311d2000 r--p 00d25000 103:06 1840377                   /usr/lib/jvm/java-8-openjdk-amd64/jre/lib/amd64/server/libjvm.so
7f1f311d2000-7f1f311fb000 rw-p 00dbb000 103:06 1840377                   /usr/lib/jvm/java-8-openjdk-amd64/jre/lib/amd64/server/libjvm.so
7f1f311fb000-7f1f3122e000 rw-p 00000000 00:00 0 
7f1f3122e000-7f1f31246000 r-xp 00000000 103:06 2883671                   /lib/x86_64-linux-gnu/libpthread-2.23.so
7f1f31246000-7f1f31445000 ---p 00018000 103:06 2883671                   /lib/x86_64-linux-gnu/libpthread-2.23.so
7f1f31445000-7f1f31446000 r--p 00017000 103:06 2883671                   /lib/x86_64-linux-gnu/libpthread-2.23.so
7f1f31446000-7f1f31447000 rw-p 00018000 103:06 2883671                   /lib/x86_64-linux-gnu/libpthread-2.23.so
7f1f31447000-7f1f3144b000 rw-p 00000000 00:00 0 
7f1f3144b000-7f1f3144e000 r-xp 00000000 103:06 2883676                   /lib/x86_64-linux-gnu/libdl-2.23.so
7f1f3144e000-7f1f3164d000 ---p 00003000 103:06 2883676                   /lib/x86_64-linux-gnu/libdl-2.23.so
7f1f3164d000-7f1f3164e000 r--p 00002000 103:06 2883676                   /lib/x86_64-linux-gnu/libdl-2.23.so
7f1f3164e000-7f1f3164f000 rw-p 00003000 103:06 2883676                   /lib/x86_64-linux-gnu/libdl-2.23.so
7f1f3164f000-7f1f31668000 r-xp 00000000 103:06 2889319                   /lib/x86_64-linux-gnu/libz.so.1.2.8
7f1f31668000-7f1f31867000 ---p 00019000 103:06 2889319                   /lib/x86_64-linux-gnu/libz.so.1.2.8
7f1f31867000-7f1f31868000 r--p 00018000 103:06 2889319                   /lib/x86_64-linux-gnu/libz.so.1.2.8
7f1f31868000-7f1f31869000 rw-p 00019000 103:06 2889319                   /lib/x86_64-linux-gnu/libz.so.1.2.8
7f1f31869000-7f1f31a29000 r-xp 00000000 103:06 2888852                   /lib/x86_64-linux-gnu/libc-2.23.so
7f1f31a29000-7f1f31c29000 ---p 001c0000 103:06 2888852                   /lib/x86_64-linux-gnu/libc-2.23.so
7f1f31c29000-7f1f31c2d000 r--p 001c0000 103:06 2888852                   /lib/x86_64-linux-gnu/libc-2.23.so
7f1f31c2d000-7f1f31c2f000 rw-p 001c4000 103:06 2888852                   /lib/x86_64-linux-gnu/libc-2.23.so
7f1f31c2f000-7f1f31c33000 rw-p 00000000 00:00 0 
7f1f31c33000-7f1f31c41000 r-xp 00000000 103:06 1840366                   /usr/lib/jvm/java-8-openjdk-amd64/jre/lib/amd64/jli/libjli.so
7f1f31c41000-7f1f31e40000 ---p 0000e000 103:06 1840366                   /usr/lib/jvm/java-8-openjdk-amd64/jre/lib/amd64/jli/libjli.so
7f1f31e40000-7f1f31e41000 r--p 0000d000 103:06 1840366                   /usr/lib/jvm/java-8-openjdk-amd64/jre/lib/amd64/jli/libjli.so
7f1f31e41000-7f1f31e42000 rw-p 0000e000 103:06 1840366                   /usr/lib/jvm/java-8-openjdk-amd64/jre/lib/amd64/jli/libjli.so
7f1f31e42000-7f1f31e68000 r-xp 00000000 103:06 2883681                   /lib/x86_64-linux-gnu/ld-2.23.so
7f1f31e6d000-7f1f31e73000 r--s 0003d000 103:06 1840337                   /usr/lib/jvm/java-8-openjdk-amd64/jre/lib/ext/sunjce_provider.jar
7f1f31e73000-7f1f31e7e000 r--s 00116000 103:06 1840333                   /usr/lib/jvm/java-8-openjdk-amd64/jre/lib/ext/localedata.jar
7f1f31e7e000-7f1f31e99000 r--s 00394000 103:06 1840329                   /usr/lib/jvm/java-8-openjdk-amd64/jre/lib/ext/cldrdata.jar
7f1f31e99000-7f1f31f41000 rw-p 00000000 00:00 0 
7f1f31f41000-7f1f31f44000 ---p 00000000 00:00 0 
7f1f31f44000-7f1f32046000 rw-p 00000000 00:00 0 
7f1f32048000-7f1f3204b000 r--s 0000f000 103:06 1840335                   /usr/lib/jvm/java-8-openjdk-amd64/jre/lib/ext/icedtea-sound.jar
7f1f3204b000-7f1f3204d000 r--s 00001000 103:06 1840336                   /usr/lib/jvm/java-8-openjdk-amd64/jre/lib/ext/dnsns.jar
7f1f3204d000-7f1f32051000 r--s 00040000 103:06 1840334                   /usr/lib/jvm/java-8-openjdk-amd64/jre/lib/ext/sunpkcs11.jar
7f1f32051000-7f1f32053000 r--s 00008000 103:06 1840328                   /usr/lib/jvm/java-8-openjdk-amd64/jre/lib/ext/sunec.jar
7f1f32053000-7f1f32054000 r--s 0000a000 103:06 1840332                   /usr/lib/jvm/java-8-openjdk-amd64/jre/lib/ext/jaccess.jar
7f1f32054000-7f1f32056000 r--s 00010000 103:06 1840330                   /usr/lib/jvm/java-8-openjdk-amd64/jre/lib/ext/zipfs.jar
7f1f32056000-7f1f3205c000 r--s 000d3000 103:06 1840315                   /usr/lib/jvm/java-8-openjdk-amd64/jre/lib/jfr.jar
7f1f3205c000-7f1f32064000 rw-s 00000000 103:06 3278871                   /tmp/hsperfdata_khuebc/26870
7f1f32064000-7f1f32065000 rw-p 00000000 00:00 0 
7f1f32065000-7f1f32066000 ---p 00000000 00:00 0 
7f1f32066000-7f1f32067000 rw-p 00000000 00:00 0 
7f1f32067000-7f1f32068000 r--p 00025000 103:06 2883681                   /lib/x86_64-linux-gnu/ld-2.23.so
7f1f32068000-7f1f32069000 rw-p 00026000 103:06 2883681                   /lib/x86_64-linux-gnu/ld-2.23.so
7f1f32069000-7f1f3206a000 rw-p 00000000 00:00 0 
7fffb0773000-7fffb0795000 rw-p 00000000 00:00 0                          [stack]
7fffb07d5000-7fffb07d8000 r--p 00000000 00:00 0                          [vvar]
7fffb07d8000-7fffb07da000 r-xp 00000000 00:00 0                          [vdso]
ffffffffff600000-ffffffffff601000 r-xp 00000000 00:00 0                  [vsyscall]

VM Arguments:
java_command: myIcfg.jar j /home/khuebc/malware/Interprocedural-CFG/ICFGCreator/GeneratedDotFiles/VirusShare_73b65e53b89ff83b9dbf5fc3badbc503.jar.dot /home/khuebc/malware/Interprocedural-CFG/ICFGCreator/GeneratedDotFiles/VirusShare_73b65e53b89ff83b9dbf5fc3badbc503.jar
java_class_path (initial): myIcfg.jar
Launcher Type: SUN_STANDARD

Environment Variables:
JAVA_HOME=/usr/lib/jvm/java-8-openjdk-amd64
PATH=/home/khuebc/bin:/home/khuebc/.local/bin:/usr/local/sbin:/usr/local/bin:/usr/sbin:/usr/bin:/sbin:/bin:/usr/games:/usr/local/games:/snap/bin:/home/khuebc/bin:/usr/lib/jvm/java-1.8.0-openjdk-amd64/bin
SHELL=/bin/bash
DISPLAY=:0

Signal Handlers:
SIGSEGV: [libjvm.so+0xb1f1b0], sa_mask[0]=11111111011111111101111111111110, sa_flags=SA_RESTART|SA_SIGINFO
SIGBUS: [libjvm.so+0xb1f1b0], sa_mask[0]=11111111011111111101111111111110, sa_flags=SA_RESTART|SA_SIGINFO
SIGFPE: [libjvm.so+0x956cf0], sa_mask[0]=11111111011111111101111111111110, sa_flags=SA_RESTART|SA_SIGINFO
SIGPIPE: [libjvm.so+0x956cf0], sa_mask[0]=11111111011111111101111111111110, sa_flags=SA_RESTART|SA_SIGINFO
SIGXFSZ: [libjvm.so+0x956cf0], sa_mask[0]=11111111011111111101111111111110, sa_flags=SA_RESTART|SA_SIGINFO
SIGILL: [libjvm.so+0x956cf0], sa_mask[0]=11111111011111111101111111111110, sa_flags=SA_RESTART|SA_SIGINFO
SIGUSR1: SIG_DFL, sa_mask[0]=00000000000000000000000000000000, sa_flags=none
SIGUSR2: [libjvm.so+0x956ba0], sa_mask[0]=00000000000000000000000000000000, sa_flags=SA_RESTART|SA_SIGINFO
SIGHUP: [libjvm.so+0x957230], sa_mask[0]=11111111011111111101111111111110, sa_flags=SA_RESTART|SA_SIGINFO
SIGINT: [libjvm.so+0x957230], sa_mask[0]=11111111011111111101111111111110, sa_flags=SA_RESTART|SA_SIGINFO
SIGTERM: [libjvm.so+0x957230], sa_mask[0]=11111111011111111101111111111110, sa_flags=SA_RESTART|SA_SIGINFO
SIGQUIT: [libjvm.so+0x957230], sa_mask[0]=11111111011111111101111111111110, sa_flags=SA_RESTART|SA_SIGINFO


---------------  S Y S T E M  ---------------

OS:DISTRIB_ID=Ubuntu
DISTRIB_RELEASE=16.04
DISTRIB_CODENAME=xenial
DISTRIB_DESCRIPTION="Ubuntu 16.04.7 LTS"

uname:Linux 4.15.0-142-generic #146~16.04.1-Ubuntu SMP Tue Apr 13 09:27:15 UTC 2021 x86_64
libc:glibc 2.23 NPTL 2.23 
rlimit: STACK 8192k, CORE 0k, NPROC 62276, NOFILE 1048576, AS infinity
load average:7,72 6,96 8,25

/proc/meminfo:
MemTotal:       16139036 kB
MemFree:          139844 kB
MemAvailable:      50200 kB
Buffers:            4756 kB
Cached:          2575136 kB
SwapCached:            0 kB
Active:         13157084 kB
Inactive:        2379216 kB
Active(anon):   13122544 kB
Inactive(anon):  2343928 kB
Active(file):      34540 kB
Inactive(file):    35288 kB
Unevictable:         144 kB
Mlocked:             144 kB
SwapTotal:             0 kB
SwapFree:              0 kB
Dirty:               112 kB
Writeback:         12272 kB
AnonPages:      12957404 kB
Mapped:          1240440 kB
Shmem:           2509212 kB
Slab:             210844 kB
SReclaimable:      97288 kB
SUnreclaim:       113556 kB
KernelStack:       21520 kB
PageTables:       116688 kB
NFS_Unstable:          0 kB
Bounce:                0 kB
WritebackTmp:          0 kB
CommitLimit:     8069516 kB
Committed_AS:   26865868 kB
VmallocTotal:   34359738367 kB
VmallocUsed:           0 kB
VmallocChunk:          0 kB
HardwareCorrupted:     0 kB
AnonHugePages:         0 kB
ShmemHugePages:        0 kB
ShmemPmdMapped:        0 kB
CmaTotal:              0 kB
CmaFree:               0 kB
HugePages_Total:       0
HugePages_Free:        0
HugePages_Rsvd:        0
HugePages_Surp:        0
Hugepagesize:       2048 kB
DirectMap4k:      848724 kB
DirectMap2M:    15575040 kB
DirectMap1G:           0 kB

container (cgroup) information:
container_type: cgroupv1
cpu_cpuset_cpus: 0-7
cpu_memory_nodes: 0
active_processor_count: 8
cpu_quota: -1
cpu_period: 100000
cpu_shares: -1
memory_limit_in_bytes: -1
memory_and_swap_limit_in_bytes: -2
memory_soft_limit_in_bytes: -1
memory_usage_in_bytes: 15910707200
memory_max_usage_in_bytes: 25247744


CPU:total 8 (initial active 8) (4 cores per cpu, 2 threads per core) family 6 model 142 stepping 12, cmov, cx8, fxsr, mmx, sse, sse2, sse3, ssse3, sse4.1, sse4.2, popcnt, avx, avx2, aes, clmul, erms, 3dnowpref, lzcnt, ht, tsc, tscinvbit, bmi1, bmi2, adx

/proc/cpuinfo:
processor	: 0
vendor_id	: GenuineIntel
cpu family	: 6
model		: 142
model name	: Intel(R) Core(TM) i7-8565U CPU @ 1.80GHz
stepping	: 12
microcode	: 0xea
cpu MHz		: 2299.992
cache size	: 8192 KB
physical id	: 0
siblings	: 8
core id		: 0
cpu cores	: 4
apicid		: 0
initial apicid	: 0
fpu		: yes
fpu_exception	: yes
cpuid level	: 22
wp		: yes
flags		: fpu vme de pse tsc msr pae mce cx8 apic sep mtrr pge mca cmov pat pse36 clflush dts acpi mmx fxsr sse sse2 ss ht tm pbe syscall nx pdpe1gb rdtscp lm constant_tsc art arch_perfmon pebs bts rep_good nopl xtopology nonstop_tsc cpuid aperfmperf pni pclmulqdq dtes64 monitor ds_cpl vmx est tm2 ssse3 sdbg fma cx16 xtpr pdcm pcid sse4_1 sse4_2 x2apic movbe popcnt tsc_deadline_timer aes xsave avx f16c rdrand lahf_lm abm 3dnowprefetch cpuid_fault epb invpcid_single ssbd ibrs ibpb stibp ibrs_enhanced tpr_shadow vnmi flexpriority ept vpid fsgsbase tsc_adjust bmi1 avx2 smep bmi2 erms invpcid mpx rdseed adx smap clflushopt intel_pt xsaveopt xsavec xgetbv1 xsaves dtherm ida arat pln pts hwp hwp_notify hwp_act_window hwp_epp md_clear flush_l1d arch_capabilities
bugs		: spectre_v1 spectre_v2 spec_store_bypass swapgs itlb_multihit srbds
bogomips	: 3999.93
clflush size	: 64
cache_alignment	: 64
address sizes	: 39 bits physical, 48 bits virtual
power management:

processor	: 1
vendor_id	: GenuineIntel
cpu family	: 6
model		: 142
model name	: Intel(R) Core(TM) i7-8565U CPU @ 1.80GHz
stepping	: 12
microcode	: 0xea
cpu MHz		: 2299.998
cache size	: 8192 KB
physical id	: 0
siblings	: 8
core id		: 1
cpu cores	: 4
apicid		: 2
initial apicid	: 2
fpu		: yes
fpu_exception	: yes
cpuid level	: 22
wp		: yes
flags		: fpu vme de pse tsc msr pae mce cx8 apic sep mtrr pge mca cmov pat pse36 clflush dts acpi mmx fxsr sse sse2 ss ht tm pbe syscall nx pdpe1gb rdtscp lm constant_tsc art arch_perfmon pebs bts rep_good nopl xtopology nonstop_tsc cpuid aperfmperf pni pclmulqdq dtes64 monitor ds_cpl vmx est tm2 ssse3 sdbg fma cx16 xtpr pdcm pcid sse4_1 sse4_2 x2apic movbe popcnt tsc_deadline_timer aes xsave avx f16c rdrand lahf_lm abm 3dnowprefetch cpuid_fault epb invpcid_single ssbd ibrs ibpb stibp ibrs_enhanced tpr_shadow vnmi flexpriority ept vpid fsgsbase tsc_adjust bmi1 avx2 smep bmi2 erms invpcid mpx rdseed adx smap clflushopt intel_pt xsaveopt xsavec xgetbv1 xsaves dtherm ida arat pln pts hwp hwp_notify hwp_act_window hwp_epp md_clear flush_l1d arch_capabilities
bugs		: spectre_v1 spectre_v2 spec_store_bypass swapgs itlb_multihit srbds
bogomips	: 3999.93
clflush size	: 64
cache_alignment	: 64
address sizes	: 39 bits physical, 48 bits virtual
power management:

processor	: 2
vendor_id	: GenuineIntel
cpu family	: 6
model		: 142
model name	: Intel(R) Core(TM) i7-8565U CPU @ 1.80GHz
stepping	: 12
microcode	: 0xea
cpu MHz		: 2299.996
cache size	: 8192 KB
physical id	: 0
siblings	: 8
core id		: 2
cpu cores	: 4
apicid		: 4
initial apicid	: 4
fpu		: yes
fpu_exception	: yes
cpuid level	: 22
wp		: yes
flags		: fpu vme de pse tsc msr pae mce cx8 apic sep mtrr pge mca cmov pat pse36 clflush dts acpi mmx fxsr sse sse2 ss ht tm pbe syscall nx pdpe1gb rdtscp lm constant_tsc art arch_perfmon pebs bts rep_good nopl xtopology nonstop_tsc cpuid aperfmperf pni pclmulqdq dtes64 monitor ds_cpl vmx est tm2 ssse3 sdbg fma cx16 xtpr pdcm pcid sse4_1 sse4_2 x2apic movbe popcnt tsc_deadline_timer aes xsave avx f16c rdrand lahf_lm abm 3dnowprefetch cpuid_fault epb invpcid_single ssbd ibrs ibpb stibp ibrs_enhanced tpr_shadow vnmi flexpriority ept vpid fsgsbase tsc_adjust bmi1 avx2 smep bmi2 erms invpcid mpx rdseed adx smap clflushopt intel_pt xsaveopt xsavec xgetbv1 xsaves dtherm ida arat pln pts hwp hwp_notify hwp_act_window hwp_epp md_clear flush_l1d arch_capabilities
bugs		: spectre_v1 spectre_v2 spec_store_bypass swapgs itlb_multihit srbds
bogomips	: 3999.93
clflush size	: 64
cache_alignment	: 64
address sizes	: 39 bits physical, 48 bits virtual
power management:

processor	: 3
vendor_id	: GenuineIntel
cpu family	: 6
model		: 142
model name	: Intel(R) Core(TM) i7-8565U CPU @ 1.80GHz
stepping	: 12
microcode	: 0xea
cpu MHz		: 2299.998
cache size	: 8192 KB
physical id	: 0
siblings	: 8
core id		: 3
cpu cores	: 4
apicid		: 6
initial apicid	: 6
fpu		: yes
fpu_exception	: yes
cpuid level	: 22
wp		: yes
flags		: fpu vme de pse tsc msr pae mce cx8 apic sep mtrr pge mca cmov pat pse36 clflush dts acpi mmx fxsr sse sse2 ss ht tm pbe syscall nx pdpe1gb rdtscp lm constant_tsc art arch_perfmon pebs bts rep_good nopl xtopology nonstop_tsc cpuid aperfmperf pni pclmulqdq dtes64 monitor ds_cpl vmx est tm2 ssse3 sdbg fma cx16 xtpr pdcm pcid sse4_1 sse4_2 x2apic movbe popcnt tsc_deadline_timer aes xsave avx f16c rdrand lahf_lm abm 3dnowprefetch cpuid_fault epb invpcid_single ssbd ibrs ibpb stibp ibrs_enhanced tpr_shadow vnmi flexpriority ept vpid fsgsbase tsc_adjust bmi1 avx2 smep bmi2 erms invpcid mpx rdseed adx smap clflushopt intel_pt xsaveopt xsavec xgetbv1 xsaves dtherm ida arat pln pts hwp hwp_notify hwp_act_window hwp_epp md_clear flush_l1d arch_capabilities
bugs		: spectre_v1 spectre_v2 spec_store_bypass swapgs itlb_multihit srbds
bogomips	: 3999.93
clflush size	: 64
cache_alignment	: 64
address sizes	: 39 bits physical, 48 bits virtual
power management:

processor	: 4
vendor_id	: GenuineIntel
cpu family	: 6
model		: 142
model name	: Intel(R) Core(TM) i7-8565U CPU @ 1.80GHz
stepping	: 12
microcode	: 0xea
cpu MHz		: 2300.001
cache size	: 8192 KB
physical id	: 0
siblings	: 8
core id		: 0
cpu cores	: 4
apicid		: 1
initial apicid	: 1
fpu		: yes
fpu_exception	: yes
cpuid level	: 22
wp		: yes
flags		: fpu vme de pse tsc msr pae mce cx8 apic sep mtrr pge mca cmov pat pse36 clflush dts acpi mmx fxsr sse sse2 ss ht tm pbe syscall nx pdpe1gb rdtscp lm constant_tsc art arch_perfmon pebs bts rep_good nopl xtopology nonstop_tsc cpuid aperfmperf pni pclmulqdq dtes64 monitor ds_cpl vmx est tm2 ssse3 sdbg fma cx16 xtpr pdcm pcid sse4_1 sse4_2 x2apic movbe popcnt tsc_deadline_timer aes xsave avx f16c rdrand lahf_lm abm 3dnowprefetch cpuid_fault epb invpcid_single ssbd ibrs ibpb stibp ibrs_enhanced tpr_shadow vnmi flexpriority ept vpid fsgsbase tsc_adjust bmi1 avx2 smep bmi2 erms invpcid mpx rdseed adx smap clflushopt intel_pt xsaveopt xsavec xgetbv1 xsaves dtherm ida arat pln pts hwp hwp_notify hwp_act_window hwp_epp md_clear flush_l1d arch_capabilities
bugs		: spectre_v1 spectre_v2 spec_store_bypass swapgs itlb_multihit srbds
bogomips	: 3999.93
clflush size	: 64
cache_alignment	: 64
address sizes	: 39 bits physical, 48 bits virtual
power management:

processor	: 5
vendor_id	: GenuineIntel
cpu family	: 6
model		: 142
model name	: Intel(R) Core(TM) i7-8565U CPU @ 1.80GHz
stepping	: 12
microcode	: 0xea
cpu MHz		: 2299.994
cache size	: 8192 KB
physical id	: 0
siblings	: 8
core id		: 1
cpu cores	: 4
apicid		: 3
initial apicid	: 3
fpu		: yes
fpu_exception	: yes
cpuid level	: 22
wp		: yes
flags		: fpu vme de pse tsc msr pae mce cx8 apic sep mtrr pge mca cmov pat pse36 clflush dts acpi mmx fxsr sse sse2 ss ht tm pbe syscall nx pdpe1gb rdtscp lm constant_tsc art arch_perfmon pebs bts rep_good nopl xtopology nonstop_tsc cpuid aperfmperf pni pclmulqdq dtes64 monitor ds_cpl vmx est tm2 ssse3 sdbg fma cx16 xtpr pdcm pcid sse4_1 sse4_2 x2apic movbe popcnt tsc_deadline_timer aes xsave avx f16c rdrand lahf_lm abm 3dnowprefetch cpuid_fault epb invpcid_single ssbd ibrs ibpb stibp ibrs_enhanced tpr_shadow vnmi flexpriority ept vpid fsgsbase tsc_adjust bmi1 avx2 smep bmi2 erms invpcid mpx rdseed adx smap clflushopt intel_pt xsaveopt xsavec xgetbv1 xsaves dtherm ida arat pln pts hwp hwp_notify hwp_act_window hwp_epp md_clear flush_l1d arch_capabilities
bugs		: spectre_v1 spectre_v2 spec_store_bypass swapgs itlb_multihit srbds
bogomips	: 3999.93
clflush size	: 64
cache_alignment	: 64
address sizes	: 39 bits physical, 48 bits virtual
power management:

processor	: 6
vendor_id	: GenuineIntel
cpu family	: 6
model		: 142
model name	: Intel(R) Core(TM) i7-8565U CPU @ 1.80GHz
stepping	: 12
microcode	: 0xea
cpu MHz		: 2299.998
cache size	: 8192 KB
physical id	: 0
siblings	: 8
core id		: 2
cpu cores	: 4
apicid		: 5
initial apicid	: 5
fpu		: yes
fpu_exception	: yes
cpuid level	: 22
wp		: yes
flags		: fpu vme de pse tsc msr pae mce cx8 apic sep mtrr pge mca cmov pat pse36 clflush dts acpi mmx fxsr sse sse2 ss ht tm pbe syscall nx pdpe1gb rdtscp lm constant_tsc art arch_perfmon pebs bts rep_good nopl xtopology nonstop_tsc cpuid aperfmperf pni pclmulqdq dtes64 monitor ds_cpl vmx est tm2 ssse3 sdbg fma cx16 xtpr pdcm pcid sse4_1 sse4_2 x2apic movbe popcnt tsc_deadline_timer aes xsave avx f16c rdrand lahf_lm abm 3dnowprefetch cpuid_fault epb invpcid_single ssbd ibrs ibpb stibp ibrs_enhanced tpr_shadow vnmi flexpriority ept vpid fsgsbase tsc_adjust bmi1 avx2 smep bmi2 erms invpcid mpx rdseed adx smap clflushopt intel_pt xsaveopt xsavec xgetbv1 xsaves dtherm ida arat pln pts hwp hwp_notify hwp_act_window hwp_epp md_clear flush_l1d arch_capabilities
bugs		: spectre_v1 spectre_v2 spec_store_bypass swapgs itlb_multihit srbds
bogomips	: 3999.93
clflush size	: 64
cache_alignment	: 64
address sizes	: 39 bits physical, 48 bits virtual
power management:

processor	: 7
vendor_id	: GenuineIntel
cpu family	: 6
model		: 142
model name	: Intel(R) Core(TM) i7-8565U CPU @ 1.80GHz
stepping	: 12
microcode	: 0xea
cpu MHz		: 2299.997
cache size	: 8192 KB
physical id	: 0
siblings	: 8
core id		: 3
cpu cores	: 4
apicid		: 7
initial apicid	: 7
fpu		: yes
fpu_exception	: yes
cpuid level	: 22
wp		: yes
flags		: fpu vme de pse tsc msr pae mce cx8 apic sep mtrr pge mca cmov pat pse36 clflush dts acpi mmx fxsr sse sse2 ss ht tm pbe syscall nx pdpe1gb rdtscp lm constant_tsc art arch_perfmon pebs bts rep_good nopl xtopology nonstop_tsc cpuid aperfmperf pni pclmulqdq dtes64 monitor ds_cpl vmx est tm2 ssse3 sdbg fma cx16 xtpr pdcm pcid sse4_1 sse4_2 x2apic movbe popcnt tsc_deadline_timer aes xsave avx f16c rdrand lahf_lm abm 3dnowprefetch cpuid_fault epb invpcid_single ssbd ibrs ibpb stibp ibrs_enhanced tpr_shadow vnmi flexpriority ept vpid fsgsbase tsc_adjust bmi1 avx2 smep bmi2 erms invpcid mpx rdseed adx smap clflushopt intel_pt xsaveopt xsavec xgetbv1 xsaves dtherm ida arat pln pts hwp hwp_notify hwp_act_window hwp_epp md_clear flush_l1d arch_capabilities
bugs		: spectre_v1 spectre_v2 spec_store_bypass swapgs itlb_multihit srbds
bogomips	: 3999.93
clflush size	: 64
cache_alignment	: 64
address sizes	: 39 bits physical, 48 bits virtual
power management:



Memory: 4k page, physical 16139036k(140220k free), swap 0k(0k free)

vm_info: OpenJDK 64-Bit Server VM (25.292-b10) for linux-amd64 JRE (1.8.0_292-8u292-b10-0ubuntu1~16.04.1-b10), built on Apr 21 2021 12:47:35 by "buildd" with gcc 5.4.0 20160609

time: Wed Jun 30 01:12:59 2021
timezone: +07
elapsed time: 42.313249 seconds (0d 0h 0m 42s)

